[0.028s] Invoking command in '/home/yucheng/mpc_motion_control_projects/mpc_ws/build/mpc_car_control': CMAKE_PREFIX_PATH=${CMAKE_PREFIX_PATH}:/opt/ros/foxy /usr/local/bin/cmake /home/yucheng/mpc_motion_control_projects/mpc_ws/src/mpc_car_control -DCMAKE_INSTALL_PREFIX=/home/yucheng/mpc_motion_control_projects/mpc_ws/install/mpc_car_control
[0.033s] [0mCMake Deprecation Warning at CMakeLists.txt:1 (cmake_minimum_required):
[0.033s]   Compatibility with CMake < 3.10 will be removed from a future version of
[0.033s]   CMake.
[0.033s] 
[0.033s]   Update the VERSION argument <min> value.  Or, use the <min>...<max> syntax
[0.034s]   to tell CMake that the project requires at least <min> but has been updated
[0.034s]   to work with policies introduced by <max> or earlier.
[0.034s] 
[0.034s] [0m
[0.045s] -- Found ament_cmake: 0.9.12 (/opt/ros/foxy/share/ament_cmake/cmake)
[0.046s] [33mCMake Warning (dev) at /opt/ros/foxy/share/ament_cmake_core/cmake/core/python.cmake:22 (find_package):
[0.046s]   Policy CMP0148 is not set: The FindPythonInterp and FindPythonLibs modules
[0.046s]   are removed.  Run "cmake --help-policy CMP0148" for policy details.  Use
[0.047s]   the cmake_policy command to set the policy and suppress this warning.
[0.047s] 
[0.047s] Call Stack (most recent call first):
[0.047s]   /opt/ros/foxy/share/ament_cmake_core/cmake/core/all.cmake:53 (include)
[0.047s]   /opt/ros/foxy/share/ament_cmake_core/cmake/ament_cmake_core-extras.cmake:17 (include)
[0.047s]   /opt/ros/foxy/share/ament_cmake_core/cmake/ament_cmake_coreConfig.cmake:41 (include)
[0.047s]   /opt/ros/foxy/share/ament_cmake/cmake/ament_cmake_export_dependencies-extras.cmake:15 (find_package)
[0.047s]   /opt/ros/foxy/share/ament_cmake/cmake/ament_cmakeConfig.cmake:41 (include)
[0.047s]   CMakeLists.txt:19 (find_package)
[0.047s] This warning is for project developers.  Use -Wno-dev to suppress it.
[0.048s] [0m
[0.067s] -- Found PythonInterp: /usr/bin/python3 (found suitable version "3.8.10", minimum required is "3")
[0.067s] -- Using PYTHON_EXECUTABLE: /usr/bin/python3
[0.245s] -- Override CMake install command with custom implementation using symlinks instead of copying resources
[0.253s] -- Found rclcpp: 2.4.3 (/opt/ros/foxy/share/rclcpp/cmake)
[0.286s] -- Using all available rosidl_typesupport_c: rosidl_typesupport_fastrtps_c;rosidl_typesupport_introspection_c
[0.289s] -- Found rosidl_adapter: 1.3.1 (/opt/ros/foxy/share/rosidl_adapter/cmake)
[0.404s] -- Using all available rosidl_typesupport_cpp: rosidl_typesupport_fastrtps_cpp;rosidl_typesupport_introspection_cpp
[0.451s] -- Found rmw_implementation_cmake: 1.0.4 (/opt/ros/foxy/share/rmw_implementation_cmake/cmake)
[0.453s] -- Using RMW implementation 'rmw_fastrtps_cpp' as default
[0.575s] -- Found visualization_msgs: 2.0.5 (/opt/ros/foxy/share/visualization_msgs/cmake)
[0.681s] -- Found tf2: 0.13.14 (/opt/ros/foxy/share/tf2/cmake)
[0.689s] -- Found tf2_ros: 0.13.14 (/opt/ros/foxy/share/tf2_ros/cmake)
[0.980s] -- Found tf2_geometry_msgs: 0.13.14 (/opt/ros/foxy/share/tf2_geometry_msgs/cmake)
[0.985s] -- Found eigen3_cmake_module: 0.1.1 (/opt/ros/foxy/share/eigen3_cmake_module/cmake)
[1.009s] -- Found ament_lint_auto: 0.9.8 (/opt/ros/foxy/share/ament_lint_auto/cmake)
[1.067s] -- Found rosidl_default_generators: 1.0.1 (/opt/ros/foxy/share/rosidl_default_generators/cmake)
[1.079s] [33mCMake Warning (dev) at /opt/ros/foxy/share/rosidl_adapter/cmake/rosidl_adapt_interfaces.cmake:40 (find_package):
[1.079s]   Policy CMP0148 is not set: The FindPythonInterp and FindPythonLibs modules
[1.079s]   are removed.  Run "cmake --help-policy CMP0148" for policy details.  Use
[1.079s]   the cmake_policy command to set the policy and suppress this warning.
[1.079s] 
[1.079s] Call Stack (most recent call first):
[1.079s]   /opt/ros/foxy/share/rosidl_cmake/cmake/rosidl_generate_interfaces.cmake:130 (rosidl_adapt_interfaces)
[1.079s]   CMakeLists.txt:44 (rosidl_generate_interfaces)
[1.080s] This warning is for project developers.  Use -Wno-dev to suppress it.
[1.080s] [0m
[1.099s] -- Found PythonInterp: /usr/bin/python3 (found version "3.8.10")
[1.232s] -- Found ament_cmake_ros: 0.9.2 (/opt/ros/foxy/share/ament_cmake_ros/cmake)
[1.465s] -- Using all available rosidl_typesupport_c: rosidl_typesupport_fastrtps_c;rosidl_typesupport_introspection_c
[1.557s] -- Using all available rosidl_typesupport_cpp: rosidl_typesupport_fastrtps_cpp;rosidl_typesupport_introspection_cpp
[1.561s] [33mCMake Warning (dev) at /opt/ros/foxy/share/rosidl_generator_py/cmake/rosidl_generator_py_generate_interfaces.cmake:20 (find_package):
[1.561s]   Policy CMP0148 is not set: The FindPythonInterp and FindPythonLibs modules
[1.561s]   are removed.  Run "cmake --help-policy CMP0148" for policy details.  Use
[1.561s]   the cmake_policy command to set the policy and suppress this warning.
[1.561s] 
[1.561s] Call Stack (most recent call first):
[1.561s]   /opt/ros/foxy/share/ament_cmake_core/cmake/core/ament_execute_extensions.cmake:48 (include)
[1.561s]   /opt/ros/foxy/share/rosidl_cmake/cmake/rosidl_generate_interfaces.cmake:286 (ament_execute_extensions)
[1.561s]   CMakeLists.txt:44 (rosidl_generate_interfaces)
[1.561s] This warning is for project developers.  Use -Wno-dev to suppress it.
[1.561s] [0m
[1.580s] -- Found PythonInterp: /usr/bin/python3 (found suitable version "3.8.10", minimum required is "3.5")
[1.580s] -- Found python_cmake_module: 0.8.1 (/opt/ros/foxy/share/python_cmake_module/cmake)
[1.581s] [33mCMake Warning (dev) at /opt/ros/foxy/share/python_cmake_module/cmake/Modules/FindPythonExtra.cmake:45 (find_package):
[1.581s]   Policy CMP0148 is not set: The FindPythonInterp and FindPythonLibs modules
[1.581s]   are removed.  Run "cmake --help-policy CMP0148" for policy details.  Use
[1.581s]   the cmake_policy command to set the policy and suppress this warning.
[1.581s] 
[1.581s] Call Stack (most recent call first):
[1.581s]   /opt/ros/foxy/share/rosidl_generator_py/cmake/rosidl_generator_py_generate_interfaces.cmake:23 (find_package)
[1.581s]   /opt/ros/foxy/share/ament_cmake_core/cmake/core/ament_execute_extensions.cmake:48 (include)
[1.581s]   /opt/ros/foxy/share/rosidl_cmake/cmake/rosidl_generate_interfaces.cmake:286 (ament_execute_extensions)
[1.581s]   CMakeLists.txt:44 (rosidl_generate_interfaces)
[1.581s] This warning is for project developers.  Use -Wno-dev to suppress it.
[1.582s] [0m
[1.600s] [33mCMake Warning (dev) at /opt/ros/foxy/share/python_cmake_module/cmake/Modules/FindPythonExtra.cmake:133 (find_package):
[1.600s]   Policy CMP0148 is not set: The FindPythonInterp and FindPythonLibs modules
[1.601s]   are removed.  Run "cmake --help-policy CMP0148" for policy details.  Use
[1.601s]   the cmake_policy command to set the policy and suppress this warning.
[1.601s] 
[1.601s] Call Stack (most recent call first):
[1.601s]   /opt/ros/foxy/share/rosidl_generator_py/cmake/rosidl_generator_py_generate_interfaces.cmake:23 (find_package)
[1.601s]   /opt/ros/foxy/share/ament_cmake_core/cmake/core/ament_execute_extensions.cmake:48 (include)
[1.601s]   /opt/ros/foxy/share/rosidl_cmake/cmake/rosidl_generate_interfaces.cmake:286 (ament_execute_extensions)
[1.601s]   CMakeLists.txt:44 (rosidl_generate_interfaces)
[1.601s] This warning is for project developers.  Use -Wno-dev to suppress it.
[1.601s] [0m
[1.602s] -- Using PYTHON_EXECUTABLE: /usr/bin/python3
[1.602s] -- Using PYTHON_INCLUDE_DIRS: /usr/include/python3.8
[1.602s] -- Using PYTHON_LIBRARIES: /usr/lib/x86_64-linux-gnu/libpython3.8.so
[1.669s] -- Added test 'copyright' to check source files copyright and LICENSE
[1.671s] -- Added test 'cppcheck' to perform static code analysis on C / C++ code
[1.672s] -- Configured cppcheck include dirs: 
[1.672s] -- Configured cppcheck exclude dirs and/or files: 
[1.673s] -- Added test 'cpplint' to check C / C++ code against the Google style
[1.673s] -- Configured cpplint exclude dirs and/or files: 
[1.674s] -- Added test 'flake8' to check Python code syntax and style conventions
[1.674s] -- Added test 'lint_cmake' to check CMake code style
[1.674s] -- Added test 'pep257' to check Python code against some of the style conventions in PEP 257
[1.676s] -- Added test 'uncrustify' to check C / C++ code style
[1.676s] -- Configured uncrustify additional arguments: 
[1.676s] -- Added test 'xmllint' to check XML markup files
[1.681s] -- Configuring done (1.6s)
[1.781s] -- Generating done (0.1s)
[1.781s] -- Build files have been written to: /home/yucheng/mpc_motion_control_projects/mpc_ws/build/mpc_car_control
[1.791s] Invoked command in '/home/yucheng/mpc_motion_control_projects/mpc_ws/build/mpc_car_control' returned '0': CMAKE_PREFIX_PATH=${CMAKE_PREFIX_PATH}:/opt/ros/foxy /usr/local/bin/cmake /home/yucheng/mpc_motion_control_projects/mpc_ws/src/mpc_car_control -DCMAKE_INSTALL_PREFIX=/home/yucheng/mpc_motion_control_projects/mpc_ws/install/mpc_car_control
[1.794s] Invoking command in '/home/yucheng/mpc_motion_control_projects/mpc_ws/build/mpc_car_control': CMAKE_PREFIX_PATH=${CMAKE_PREFIX_PATH}:/opt/ros/foxy /usr/local/bin/cmake --build /home/yucheng/mpc_motion_control_projects/mpc_ws/build/mpc_car_control -- -j12 -l12
[1.829s] [  1%] Built target mpc_car_control__cpp
[1.834s] [ 10%] Built target mpc_car_control__rosidl_generator_c
[1.848s] [ 19%] Built target mpc_car_control__rosidl_typesupport_cpp
[1.851s] [ 37%] Built target mpc_car_control__rosidl_typesupport_introspection_cpp
[1.851s] [ 37%] Built target mpc_car_control__rosidl_typesupport_fastrtps_cpp
[1.852s] [ 46%] Built target mpc_car_control__rosidl_typesupport_c
[1.853s] [ 55%] Built target mpc_car_control__rosidl_typesupport_introspection_c
[1.870s] [ 64%] Built target mpc_car_control__rosidl_typesupport_fastrtps_c
[1.881s] [ 64%] Built target mpc_car_control
[1.896s] [ 66%] Built target mpc_car_control__py
[1.905s] [ 68%] Built target pid_controller_node
[1.905s] [ 71%] Built target vehicle_interface_node
[1.907s] [ 74%] Built target vehicle_model_node
[1.907s] [ 77%] Built target scenario_generator_node
[1.907s] [ 77%] [32mBuilding CXX object CMakeFiles/control_allocator_node.dir/src/control_allocator_node.cpp.o[0m
[1.908s] [ 80%] Built target visualization_node
[1.908s] [ 83%] Built target mpc_controller_node
[1.918s] [ 90%] Built target mpc_car_control__python
[1.931s] [ 97%] Built target mpc_car_control__rosidl_typesupport_introspection_c__pyext
[1.931s] [ 98%] Built target mpc_car_control__rosidl_typesupport_c__pyext
[1.931s] [ 98%] Built target mpc_car_control__rosidl_typesupport_fastrtps_c__pyext
[7.928s] [100%] [32m[1mLinking CXX executable control_allocator_node[0m
[8.222s] [100%] Built target control_allocator_node
[8.237s] Invoked command in '/home/yucheng/mpc_motion_control_projects/mpc_ws/build/mpc_car_control' returned '0': CMAKE_PREFIX_PATH=${CMAKE_PREFIX_PATH}:/opt/ros/foxy /usr/local/bin/cmake --build /home/yucheng/mpc_motion_control_projects/mpc_ws/build/mpc_car_control -- -j12 -l12
[8.372s] Invoking command in '/home/yucheng/mpc_motion_control_projects/mpc_ws/build/mpc_car_control': CMAKE_PREFIX_PATH=${CMAKE_PREFIX_PATH}:/opt/ros/foxy /usr/local/bin/cmake --install /home/yucheng/mpc_motion_control_projects/mpc_ws/build/mpc_car_control
[8.375s] -- Install configuration: ""
[8.375s] -- Execute custom install script
[8.376s] -- Up-to-date symlink: /home/yucheng/mpc_motion_control_projects/mpc_ws/install/mpc_car_control/share/ament_index/resource_index/rosidl_interfaces/mpc_car_control
[8.376s] -- Up-to-date symlink: /home/yucheng/mpc_motion_control_projects/mpc_ws/install/mpc_car_control/include/mpc_car_control/msg/actuator_command.h
[8.376s] -- Up-to-date symlink: /home/yucheng/mpc_motion_control_projects/mpc_ws/install/mpc_car_control/include/mpc_car_control/msg/control_command_body.h
[8.376s] -- Up-to-date symlink: /home/yucheng/mpc_motion_control_projects/mpc_ws/install/mpc_car_control/include/mpc_car_control/msg/detail/actuator_command__functions.h
[8.377s] -- Up-to-date symlink: /home/yucheng/mpc_motion_control_projects/mpc_ws/install/mpc_car_control/include/mpc_car_control/msg/detail/actuator_command__struct.h
[8.377s] -- Up-to-date symlink: /home/yucheng/mpc_motion_control_projects/mpc_ws/install/mpc_car_control/include/mpc_car_control/msg/detail/actuator_command__type_support.h
[8.377s] -- Up-to-date symlink: /home/yucheng/mpc_motion_control_projects/mpc_ws/install/mpc_car_control/include/mpc_car_control/msg/detail/control_command_body__functions.h
[8.377s] -- Up-to-date symlink: /home/yucheng/mpc_motion_control_projects/mpc_ws/install/mpc_car_control/include/mpc_car_control/msg/detail/control_command_body__struct.h
[8.377s] -- Up-to-date symlink: /home/yucheng/mpc_motion_control_projects/mpc_ws/install/mpc_car_control/include/mpc_car_control/msg/detail/control_command_body__type_support.h
[8.377s] -- Up-to-date symlink: /home/yucheng/mpc_motion_control_projects/mpc_ws/install/mpc_car_control/include/mpc_car_control/msg/detail/reference_trajectory__functions.h
[8.377s] -- Up-to-date symlink: /home/yucheng/mpc_motion_control_projects/mpc_ws/install/mpc_car_control/include/mpc_car_control/msg/detail/reference_trajectory__struct.h
[8.378s] -- Up-to-date symlink: /home/yucheng/mpc_motion_control_projects/mpc_ws/install/mpc_car_control/include/mpc_car_control/msg/detail/reference_trajectory__type_support.h
[8.378s] -- Up-to-date symlink: /home/yucheng/mpc_motion_control_projects/mpc_ws/install/mpc_car_control/include/mpc_car_control/msg/detail/vehicle_state__functions.h
[8.378s] -- Up-to-date symlink: /home/yucheng/mpc_motion_control_projects/mpc_ws/install/mpc_car_control/include/mpc_car_control/msg/detail/vehicle_state__struct.h
[8.378s] -- Up-to-date symlink: /home/yucheng/mpc_motion_control_projects/mpc_ws/install/mpc_car_control/include/mpc_car_control/msg/detail/vehicle_state__type_support.h
[8.378s] -- Up-to-date symlink: /home/yucheng/mpc_motion_control_projects/mpc_ws/install/mpc_car_control/include/mpc_car_control/msg/detail/wheel_ground_heights__functions.h
[8.378s] -- Up-to-date symlink: /home/yucheng/mpc_motion_control_projects/mpc_ws/install/mpc_car_control/include/mpc_car_control/msg/detail/wheel_ground_heights__struct.h
[8.378s] -- Up-to-date symlink: /home/yucheng/mpc_motion_control_projects/mpc_ws/install/mpc_car_control/include/mpc_car_control/msg/detail/wheel_ground_heights__type_support.h
[8.378s] -- Up-to-date symlink: /home/yucheng/mpc_motion_control_projects/mpc_ws/install/mpc_car_control/include/mpc_car_control/msg/reference_trajectory.h
[8.379s] -- Up-to-date symlink: /home/yucheng/mpc_motion_control_projects/mpc_ws/install/mpc_car_control/include/mpc_car_control/msg/rosidl_generator_c__visibility_control.h
[8.379s] -- Up-to-date symlink: /home/yucheng/mpc_motion_control_projects/mpc_ws/install/mpc_car_control/include/mpc_car_control/msg/vehicle_state.h
[8.379s] -- Up-to-date symlink: /home/yucheng/mpc_motion_control_projects/mpc_ws/install/mpc_car_control/include/mpc_car_control/msg/wheel_ground_heights.h
[8.379s] -- Up-to-date symlink: /home/yucheng/mpc_motion_control_projects/mpc_ws/install/mpc_car_control/share/mpc_car_control/environment/library_path.sh
[8.379s] -- Up-to-date symlink: /home/yucheng/mpc_motion_control_projects/mpc_ws/install/mpc_car_control/share/mpc_car_control/environment/library_path.dsv
[8.379s] -- Up-to-date symlink: /home/yucheng/mpc_motion_control_projects/mpc_ws/install/mpc_car_control/include/mpc_car_control/msg/detail/actuator_command__rosidl_typesupport_fastrtps_c.h
[8.380s] -- Up-to-date symlink: /home/yucheng/mpc_motion_control_projects/mpc_ws/install/mpc_car_control/include/mpc_car_control/msg/detail/control_command_body__rosidl_typesupport_fastrtps_c.h
[8.380s] -- Up-to-date symlink: /home/yucheng/mpc_motion_control_projects/mpc_ws/install/mpc_car_control/include/mpc_car_control/msg/detail/reference_trajectory__rosidl_typesupport_fastrtps_c.h
[8.380s] -- Up-to-date symlink: /home/yucheng/mpc_motion_control_projects/mpc_ws/install/mpc_car_control/include/mpc_car_control/msg/detail/vehicle_state__rosidl_typesupport_fastrtps_c.h
[8.380s] -- Up-to-date symlink: /home/yucheng/mpc_motion_control_projects/mpc_ws/install/mpc_car_control/include/mpc_car_control/msg/detail/wheel_ground_heights__rosidl_typesupport_fastrtps_c.h
[8.380s] -- Up-to-date symlink: /home/yucheng/mpc_motion_control_projects/mpc_ws/install/mpc_car_control/include/mpc_car_control/msg/rosidl_typesupport_fastrtps_c__visibility_control.h
[8.380s] -- Up-to-date symlink: /home/yucheng/mpc_motion_control_projects/mpc_ws/install/mpc_car_control/lib/libmpc_car_control__rosidl_typesupport_fastrtps_c.so
[8.381s] -- Up-to-date symlink: /home/yucheng/mpc_motion_control_projects/mpc_ws/install/mpc_car_control/include/mpc_car_control/msg/detail/actuator_command__rosidl_typesupport_fastrtps_cpp.hpp
[8.381s] -- Up-to-date symlink: /home/yucheng/mpc_motion_control_projects/mpc_ws/install/mpc_car_control/include/mpc_car_control/msg/detail/control_command_body__rosidl_typesupport_fastrtps_cpp.hpp
[8.381s] -- Up-to-date symlink: /home/yucheng/mpc_motion_control_projects/mpc_ws/install/mpc_car_control/include/mpc_car_control/msg/detail/reference_trajectory__rosidl_typesupport_fastrtps_cpp.hpp
[8.381s] -- Up-to-date symlink: /home/yucheng/mpc_motion_control_projects/mpc_ws/install/mpc_car_control/include/mpc_car_control/msg/detail/vehicle_state__rosidl_typesupport_fastrtps_cpp.hpp
[8.382s] -- Up-to-date symlink: /home/yucheng/mpc_motion_control_projects/mpc_ws/install/mpc_car_control/include/mpc_car_control/msg/detail/wheel_ground_heights__rosidl_typesupport_fastrtps_cpp.hpp
[8.382s] -- Up-to-date symlink: /home/yucheng/mpc_motion_control_projects/mpc_ws/install/mpc_car_control/include/mpc_car_control/msg/rosidl_typesupport_fastrtps_cpp__visibility_control.h
[8.382s] -- Up-to-date symlink: /home/yucheng/mpc_motion_control_projects/mpc_ws/install/mpc_car_control/lib/libmpc_car_control__rosidl_typesupport_fastrtps_cpp.so
[8.382s] -- Up-to-date symlink: /home/yucheng/mpc_motion_control_projects/mpc_ws/install/mpc_car_control/include/mpc_car_control/msg/detail/actuator_command__rosidl_typesupport_introspection_c.h
[8.382s] -- Up-to-date symlink: /home/yucheng/mpc_motion_control_projects/mpc_ws/install/mpc_car_control/include/mpc_car_control/msg/detail/control_command_body__rosidl_typesupport_introspection_c.h
[8.383s] -- Up-to-date symlink: /home/yucheng/mpc_motion_control_projects/mpc_ws/install/mpc_car_control/include/mpc_car_control/msg/detail/reference_trajectory__rosidl_typesupport_introspection_c.h
[8.383s] -- Up-to-date symlink: /home/yucheng/mpc_motion_control_projects/mpc_ws/install/mpc_car_control/include/mpc_car_control/msg/detail/vehicle_state__rosidl_typesupport_introspection_c.h
[8.383s] -- Up-to-date symlink: /home/yucheng/mpc_motion_control_projects/mpc_ws/install/mpc_car_control/include/mpc_car_control/msg/detail/wheel_ground_heights__rosidl_typesupport_introspection_c.h
[8.383s] -- Up-to-date symlink: /home/yucheng/mpc_motion_control_projects/mpc_ws/install/mpc_car_control/include/mpc_car_control/msg/rosidl_typesupport_introspection_c__visibility_control.h
[8.384s] -- Up-to-date symlink: /home/yucheng/mpc_motion_control_projects/mpc_ws/install/mpc_car_control/include/mpc_car_control/msg/actuator_command.hpp
[8.384s] -- Up-to-date symlink: /home/yucheng/mpc_motion_control_projects/mpc_ws/install/mpc_car_control/include/mpc_car_control/msg/control_command_body.hpp
[8.384s] -- Up-to-date symlink: /home/yucheng/mpc_motion_control_projects/mpc_ws/install/mpc_car_control/include/mpc_car_control/msg/detail/actuator_command__builder.hpp
[8.384s] -- Up-to-date symlink: /home/yucheng/mpc_motion_control_projects/mpc_ws/install/mpc_car_control/include/mpc_car_control/msg/detail/actuator_command__struct.hpp
[8.385s] -- Up-to-date symlink: /home/yucheng/mpc_motion_control_projects/mpc_ws/install/mpc_car_control/include/mpc_car_control/msg/detail/actuator_command__traits.hpp
[8.385s] -- Up-to-date symlink: /home/yucheng/mpc_motion_control_projects/mpc_ws/install/mpc_car_control/include/mpc_car_control/msg/detail/actuator_command__type_support.hpp
[8.385s] -- Up-to-date symlink: /home/yucheng/mpc_motion_control_projects/mpc_ws/install/mpc_car_control/include/mpc_car_control/msg/detail/control_command_body__builder.hpp
[8.385s] -- Up-to-date symlink: /home/yucheng/mpc_motion_control_projects/mpc_ws/install/mpc_car_control/include/mpc_car_control/msg/detail/control_command_body__struct.hpp
[8.385s] -- Up-to-date symlink: /home/yucheng/mpc_motion_control_projects/mpc_ws/install/mpc_car_control/include/mpc_car_control/msg/detail/control_command_body__traits.hpp
[8.385s] -- Up-to-date symlink: /home/yucheng/mpc_motion_control_projects/mpc_ws/install/mpc_car_control/include/mpc_car_control/msg/detail/control_command_body__type_support.hpp
[8.386s] -- Up-to-date symlink: /home/yucheng/mpc_motion_control_projects/mpc_ws/install/mpc_car_control/include/mpc_car_control/msg/detail/reference_trajectory__builder.hpp
[8.386s] -- Up-to-date symlink: /home/yucheng/mpc_motion_control_projects/mpc_ws/install/mpc_car_control/include/mpc_car_control/msg/detail/reference_trajectory__struct.hpp
[8.386s] -- Up-to-date symlink: /home/yucheng/mpc_motion_control_projects/mpc_ws/install/mpc_car_control/include/mpc_car_control/msg/detail/reference_trajectory__traits.hpp
[8.386s] -- Up-to-date symlink: /home/yucheng/mpc_motion_control_projects/mpc_ws/install/mpc_car_control/include/mpc_car_control/msg/detail/reference_trajectory__type_support.hpp
[8.386s] -- Up-to-date symlink: /home/yucheng/mpc_motion_control_projects/mpc_ws/install/mpc_car_control/include/mpc_car_control/msg/detail/vehicle_state__builder.hpp
[8.386s] -- Up-to-date symlink: /home/yucheng/mpc_motion_control_projects/mpc_ws/install/mpc_car_control/include/mpc_car_control/msg/detail/vehicle_state__struct.hpp
[8.387s] -- Up-to-date symlink: /home/yucheng/mpc_motion_control_projects/mpc_ws/install/mpc_car_control/include/mpc_car_control/msg/detail/vehicle_state__traits.hpp
[8.387s] -- Up-to-date symlink: /home/yucheng/mpc_motion_control_projects/mpc_ws/install/mpc_car_control/include/mpc_car_control/msg/detail/vehicle_state__type_support.hpp
[8.387s] -- Up-to-date symlink: /home/yucheng/mpc_motion_control_projects/mpc_ws/install/mpc_car_control/include/mpc_car_control/msg/detail/wheel_ground_heights__builder.hpp
[8.387s] -- Up-to-date symlink: /home/yucheng/mpc_motion_control_projects/mpc_ws/install/mpc_car_control/include/mpc_car_control/msg/detail/wheel_ground_heights__struct.hpp
[8.387s] -- Up-to-date symlink: /home/yucheng/mpc_motion_control_projects/mpc_ws/install/mpc_car_control/include/mpc_car_control/msg/detail/wheel_ground_heights__traits.hpp
[8.387s] -- Up-to-date symlink: /home/yucheng/mpc_motion_control_projects/mpc_ws/install/mpc_car_control/include/mpc_car_control/msg/detail/wheel_ground_heights__type_support.hpp
[8.388s] -- Up-to-date symlink: /home/yucheng/mpc_motion_control_projects/mpc_ws/install/mpc_car_control/include/mpc_car_control/msg/reference_trajectory.hpp
[8.388s] -- Up-to-date symlink: /home/yucheng/mpc_motion_control_projects/mpc_ws/install/mpc_car_control/include/mpc_car_control/msg/rosidl_generator_cpp__visibility_control.hpp
[8.388s] -- Up-to-date symlink: /home/yucheng/mpc_motion_control_projects/mpc_ws/install/mpc_car_control/include/mpc_car_control/msg/vehicle_state.hpp
[8.388s] -- Up-to-date symlink: /home/yucheng/mpc_motion_control_projects/mpc_ws/install/mpc_car_control/include/mpc_car_control/msg/wheel_ground_heights.hpp
[8.389s] -- Up-to-date symlink: /home/yucheng/mpc_motion_control_projects/mpc_ws/install/mpc_car_control/include/mpc_car_control/msg/detail/actuator_command__rosidl_typesupport_introspection_cpp.hpp
[8.389s] -- Up-to-date symlink: /home/yucheng/mpc_motion_control_projects/mpc_ws/install/mpc_car_control/include/mpc_car_control/msg/detail/control_command_body__rosidl_typesupport_introspection_cpp.hpp
[8.389s] -- Up-to-date symlink: /home/yucheng/mpc_motion_control_projects/mpc_ws/install/mpc_car_control/include/mpc_car_control/msg/detail/reference_trajectory__rosidl_typesupport_introspection_cpp.hpp
[8.389s] -- Up-to-date symlink: /home/yucheng/mpc_motion_control_projects/mpc_ws/install/mpc_car_control/include/mpc_car_control/msg/detail/vehicle_state__rosidl_typesupport_introspection_cpp.hpp
[8.389s] -- Up-to-date symlink: /home/yucheng/mpc_motion_control_projects/mpc_ws/install/mpc_car_control/include/mpc_car_control/msg/detail/wheel_ground_heights__rosidl_typesupport_introspection_cpp.hpp
[8.390s] -- Up-to-date symlink: /home/yucheng/mpc_motion_control_projects/mpc_ws/install/mpc_car_control/share/mpc_car_control/environment/pythonpath.sh
[8.390s] -- Up-to-date symlink: /home/yucheng/mpc_motion_control_projects/mpc_ws/install/mpc_car_control/share/mpc_car_control/environment/pythonpath.dsv
[8.390s] -- Up-to-date symlink: /home/yucheng/mpc_motion_control_projects/mpc_ws/install/mpc_car_control/lib/python3.8/site-packages/mpc_car_control/__init__.py
[8.391s] -- Up-to-date symlink: /home/yucheng/mpc_motion_control_projects/mpc_ws/install/mpc_car_control/lib/python3.8/site-packages/mpc_car_control/msg/__init__.py
[8.391s] -- Up-to-date symlink: /home/yucheng/mpc_motion_control_projects/mpc_ws/install/mpc_car_control/lib/python3.8/site-packages/mpc_car_control/msg/_actuator_command.py
[8.391s] -- Up-to-date symlink: /home/yucheng/mpc_motion_control_projects/mpc_ws/install/mpc_car_control/lib/python3.8/site-packages/mpc_car_control/msg/_control_command_body.py
[8.391s] -- Up-to-date symlink: /home/yucheng/mpc_motion_control_projects/mpc_ws/install/mpc_car_control/lib/python3.8/site-packages/mpc_car_control/msg/_reference_trajectory.py
[8.391s] -- Up-to-date symlink: /home/yucheng/mpc_motion_control_projects/mpc_ws/install/mpc_car_control/lib/python3.8/site-packages/mpc_car_control/msg/_vehicle_state.py
[8.391s] -- Up-to-date symlink: /home/yucheng/mpc_motion_control_projects/mpc_ws/install/mpc_car_control/lib/python3.8/site-packages/mpc_car_control/msg/_wheel_ground_heights.py
[8.392s] -- Up-to-date symlink: /home/yucheng/mpc_motion_control_projects/mpc_ws/install/mpc_car_control/lib/python3.8/site-packages/mpc_car_control/mpc_car_control_s__rosidl_typesupport_fastrtps_c.cpython-38-x86_64-linux-gnu.so
[8.392s] -- Up-to-date symlink: /home/yucheng/mpc_motion_control_projects/mpc_ws/install/mpc_car_control/lib/python3.8/site-packages/mpc_car_control/mpc_car_control_s__rosidl_typesupport_introspection_c.cpython-38-x86_64-linux-gnu.so
[8.392s] -- Up-to-date symlink: /home/yucheng/mpc_motion_control_projects/mpc_ws/install/mpc_car_control/lib/python3.8/site-packages/mpc_car_control/mpc_car_control_s__rosidl_typesupport_c.cpython-38-x86_64-linux-gnu.so
[8.392s] -- Up-to-date symlink: /home/yucheng/mpc_motion_control_projects/mpc_ws/install/mpc_car_control/lib/libmpc_car_control__python.so
[8.392s] -- Up-to-date symlink: /home/yucheng/mpc_motion_control_projects/mpc_ws/install/mpc_car_control/share/mpc_car_control/msg/VehicleState.idl
[8.393s] -- Up-to-date symlink: /home/yucheng/mpc_motion_control_projects/mpc_ws/install/mpc_car_control/share/mpc_car_control/msg/ReferenceTrajectory.idl
[8.393s] -- Up-to-date symlink: /home/yucheng/mpc_motion_control_projects/mpc_ws/install/mpc_car_control/share/mpc_car_control/msg/ControlCommandBody.idl
[8.393s] -- Up-to-date symlink: /home/yucheng/mpc_motion_control_projects/mpc_ws/install/mpc_car_control/share/mpc_car_control/msg/ActuatorCommand.idl
[8.393s] -- Up-to-date symlink: /home/yucheng/mpc_motion_control_projects/mpc_ws/install/mpc_car_control/share/mpc_car_control/msg/WheelGroundHeights.idl
[8.393s] -- Up-to-date symlink: /home/yucheng/mpc_motion_control_projects/mpc_ws/install/mpc_car_control/share/mpc_car_control/msg/VehicleState.msg
[8.394s] -- Up-to-date symlink: /home/yucheng/mpc_motion_control_projects/mpc_ws/install/mpc_car_control/share/mpc_car_control/msg/ReferenceTrajectory.msg
[8.394s] -- Up-to-date symlink: /home/yucheng/mpc_motion_control_projects/mpc_ws/install/mpc_car_control/share/mpc_car_control/msg/ControlCommandBody.msg
[8.394s] -- Up-to-date symlink: /home/yucheng/mpc_motion_control_projects/mpc_ws/install/mpc_car_control/share/mpc_car_control/msg/ActuatorCommand.msg
[8.394s] -- Up-to-date symlink: /home/yucheng/mpc_motion_control_projects/mpc_ws/install/mpc_car_control/share/mpc_car_control/msg/WheelGroundHeights.msg
[8.394s] -- Up-to-date symlink: /home/yucheng/mpc_motion_control_projects/mpc_ws/install/mpc_car_control/lib/mpc_car_control/scenario_generator_node
[8.395s] -- Up-to-date symlink: /home/yucheng/mpc_motion_control_projects/mpc_ws/install/mpc_car_control/lib/mpc_car_control/mpc_controller_node
[8.395s] -- Up-to-date symlink: /home/yucheng/mpc_motion_control_projects/mpc_ws/install/mpc_car_control/lib/mpc_car_control/control_allocator_node
[8.395s] -- Up-to-date symlink: /home/yucheng/mpc_motion_control_projects/mpc_ws/install/mpc_car_control/lib/mpc_car_control/pid_controller_node
[8.395s] -- Up-to-date symlink: /home/yucheng/mpc_motion_control_projects/mpc_ws/install/mpc_car_control/lib/mpc_car_control/vehicle_interface_node
[8.395s] -- Up-to-date symlink: /home/yucheng/mpc_motion_control_projects/mpc_ws/install/mpc_car_control/lib/mpc_car_control/visualization_node
[8.396s] -- Up-to-date symlink: /home/yucheng/mpc_motion_control_projects/mpc_ws/install/mpc_car_control/lib/mpc_car_control/vehicle_model_node
[8.396s] -- Symlinking: /home/yucheng/mpc_motion_control_projects/mpc_ws/install/mpc_car_control/share/mpc_car_control/launch/__pycache__/mpc_system.launch.cpython-38.pyc
[8.400s] -- Up-to-date symlink: /home/yucheng/mpc_motion_control_projects/mpc_ws/install/mpc_car_control/share/mpc_car_control/launch/default.rviz
[8.400s] -- Up-to-date symlink: /home/yucheng/mpc_motion_control_projects/mpc_ws/install/mpc_car_control/share/mpc_car_control/launch/mpc_system.launch.py
[8.400s] -- Up-to-date symlink: /home/yucheng/mpc_motion_control_projects/mpc_ws/install/mpc_car_control/share/ament_index/resource_index/package_run_dependencies/mpc_car_control
[8.400s] -- Up-to-date symlink: /home/yucheng/mpc_motion_control_projects/mpc_ws/install/mpc_car_control/share/ament_index/resource_index/parent_prefix_path/mpc_car_control
[8.400s] -- Up-to-date symlink: /home/yucheng/mpc_motion_control_projects/mpc_ws/install/mpc_car_control/share/mpc_car_control/environment/ament_prefix_path.sh
[8.400s] -- Up-to-date symlink: /home/yucheng/mpc_motion_control_projects/mpc_ws/install/mpc_car_control/share/mpc_car_control/environment/ament_prefix_path.dsv
[8.401s] -- Up-to-date symlink: /home/yucheng/mpc_motion_control_projects/mpc_ws/install/mpc_car_control/share/mpc_car_control/environment/path.sh
[8.401s] -- Up-to-date symlink: /home/yucheng/mpc_motion_control_projects/mpc_ws/install/mpc_car_control/share/mpc_car_control/environment/path.dsv
[8.401s] -- Up-to-date symlink: /home/yucheng/mpc_motion_control_projects/mpc_ws/install/mpc_car_control/share/mpc_car_control/local_setup.bash
[8.401s] -- Up-to-date symlink: /home/yucheng/mpc_motion_control_projects/mpc_ws/install/mpc_car_control/share/mpc_car_control/local_setup.sh
[8.401s] -- Up-to-date symlink: /home/yucheng/mpc_motion_control_projects/mpc_ws/install/mpc_car_control/share/mpc_car_control/local_setup.zsh
[8.401s] -- Up-to-date symlink: /home/yucheng/mpc_motion_control_projects/mpc_ws/install/mpc_car_control/share/mpc_car_control/local_setup.dsv
[8.401s] -- Symlinking: /home/yucheng/mpc_motion_control_projects/mpc_ws/install/mpc_car_control/share/mpc_car_control/package.dsv
[8.405s] -- Up-to-date symlink: /home/yucheng/mpc_motion_control_projects/mpc_ws/install/mpc_car_control/share/ament_index/resource_index/packages/mpc_car_control
[8.405s] -- Up-to-date symlink: /home/yucheng/mpc_motion_control_projects/mpc_ws/install/mpc_car_control/share/mpc_car_control/cmake/rosidl_cmake-extras.cmake
[8.405s] -- Up-to-date symlink: /home/yucheng/mpc_motion_control_projects/mpc_ws/install/mpc_car_control/share/mpc_car_control/cmake/ament_cmake_export_dependencies-extras.cmake
[8.406s] -- Up-to-date symlink: /home/yucheng/mpc_motion_control_projects/mpc_ws/install/mpc_car_control/share/mpc_car_control/cmake/ament_cmake_export_libraries-extras.cmake
[8.406s] -- Up-to-date symlink: /home/yucheng/mpc_motion_control_projects/mpc_ws/install/mpc_car_control/share/mpc_car_control/cmake/ament_cmake_export_targets-extras.cmake
[8.406s] -- Up-to-date symlink: /home/yucheng/mpc_motion_control_projects/mpc_ws/install/mpc_car_control/share/mpc_car_control/cmake/ament_cmake_export_include_directories-extras.cmake
[8.406s] -- Up-to-date symlink: /home/yucheng/mpc_motion_control_projects/mpc_ws/install/mpc_car_control/share/mpc_car_control/cmake/rosidl_cmake_export_typesupport_libraries-extras.cmake
[8.406s] -- Up-to-date symlink: /home/yucheng/mpc_motion_control_projects/mpc_ws/install/mpc_car_control/share/mpc_car_control/cmake/rosidl_cmake_export_typesupport_targets-extras.cmake
[8.406s] -- Up-to-date symlink: /home/yucheng/mpc_motion_control_projects/mpc_ws/install/mpc_car_control/share/mpc_car_control/cmake/mpc_car_controlConfig.cmake
[8.406s] -- Up-to-date symlink: /home/yucheng/mpc_motion_control_projects/mpc_ws/install/mpc_car_control/share/mpc_car_control/cmake/mpc_car_controlConfig-version.cmake
[8.407s] -- Up-to-date symlink: /home/yucheng/mpc_motion_control_projects/mpc_ws/install/mpc_car_control/share/mpc_car_control/package.xml
[8.407s] -- Up-to-date: /home/yucheng/mpc_motion_control_projects/mpc_ws/install/mpc_car_control/lib/libmpc_car_control__rosidl_generator_c.so
[8.407s] -- Up-to-date: /home/yucheng/mpc_motion_control_projects/mpc_ws/install/mpc_car_control/lib/libmpc_car_control__rosidl_typesupport_introspection_c.so
[8.408s] -- Up-to-date: /home/yucheng/mpc_motion_control_projects/mpc_ws/install/mpc_car_control/lib/libmpc_car_control__rosidl_typesupport_c.so
[8.408s] -- Up-to-date: /home/yucheng/mpc_motion_control_projects/mpc_ws/install/mpc_car_control/lib/libmpc_car_control__rosidl_typesupport_introspection_cpp.so
[8.408s] -- Up-to-date: /home/yucheng/mpc_motion_control_projects/mpc_ws/install/mpc_car_control/lib/libmpc_car_control__rosidl_typesupport_cpp.so
[8.439s] Compiling '/home/yucheng/mpc_motion_control_projects/mpc_ws/install/mpc_car_control/lib/python3.8/site-packages/mpc_car_control/__init__.py'...
[8.443s] -- Up-to-date: /home/yucheng/mpc_motion_control_projects/mpc_ws/install/mpc_car_control/share/mpc_car_control/cmake/mpc_car_control__rosidl_generator_cExport.cmake
[8.444s] -- Up-to-date: /home/yucheng/mpc_motion_control_projects/mpc_ws/install/mpc_car_control/share/mpc_car_control/cmake/mpc_car_control__rosidl_generator_cExport-noconfig.cmake
[8.444s] -- Up-to-date: /home/yucheng/mpc_motion_control_projects/mpc_ws/install/mpc_car_control/share/mpc_car_control/cmake/mpc_car_control__rosidl_typesupport_introspection_cExport.cmake
[8.444s] -- Up-to-date: /home/yucheng/mpc_motion_control_projects/mpc_ws/install/mpc_car_control/share/mpc_car_control/cmake/mpc_car_control__rosidl_typesupport_introspection_cExport-noconfig.cmake
[8.444s] -- Up-to-date: /home/yucheng/mpc_motion_control_projects/mpc_ws/install/mpc_car_control/share/mpc_car_control/cmake/mpc_car_control__rosidl_typesupport_cExport.cmake
[8.444s] -- Up-to-date: /home/yucheng/mpc_motion_control_projects/mpc_ws/install/mpc_car_control/share/mpc_car_control/cmake/mpc_car_control__rosidl_typesupport_cExport-noconfig.cmake
[8.444s] -- Up-to-date: /home/yucheng/mpc_motion_control_projects/mpc_ws/install/mpc_car_control/share/mpc_car_control/cmake/mpc_car_control__rosidl_generator_cppExport.cmake
[8.444s] -- Up-to-date: /home/yucheng/mpc_motion_control_projects/mpc_ws/install/mpc_car_control/share/mpc_car_control/cmake/mpc_car_control__rosidl_typesupport_introspection_cppExport.cmake
[8.445s] -- Up-to-date: /home/yucheng/mpc_motion_control_projects/mpc_ws/install/mpc_car_control/share/mpc_car_control/cmake/mpc_car_control__rosidl_typesupport_introspection_cppExport-noconfig.cmake
[8.445s] -- Up-to-date: /home/yucheng/mpc_motion_control_projects/mpc_ws/install/mpc_car_control/share/mpc_car_control/cmake/mpc_car_control__rosidl_typesupport_cppExport.cmake
[8.445s] -- Up-to-date: /home/yucheng/mpc_motion_control_projects/mpc_ws/install/mpc_car_control/share/mpc_car_control/cmake/mpc_car_control__rosidl_typesupport_cppExport-noconfig.cmake
[8.449s] Invoked command in '/home/yucheng/mpc_motion_control_projects/mpc_ws/build/mpc_car_control' returned '0': CMAKE_PREFIX_PATH=${CMAKE_PREFIX_PATH}:/opt/ros/foxy /usr/local/bin/cmake --install /home/yucheng/mpc_motion_control_projects/mpc_ws/build/mpc_car_control
