[  1%] Built target mpc_car_control__cpp
[ 10%] Built target mpc_car_control__rosidl_generator_c
[ 19%] Built target mpc_car_control__rosidl_typesupport_c
[ 33%] Built target mpc_car_control__rosidl_typesupport_introspection_c
[ 46%] Built target mpc_car_control__rosidl_typesupport_introspection_cpp
[ 46%] Built target mpc_car_control__rosidl_typesupport_cpp
[ 55%] Built target mpc_car_control__rosidl_typesupport_fastrtps_cpp
[ 64%] Built target mpc_car_control__rosidl_typesupport_fastrtps_c
[ 64%] Built target mpc_car_control
[ 66%] Built target mpc_car_control__py
[ 68%] Built target visualization_node
[ 71%] Built target pid_controller_node
[ 74%] Built target vehicle_interface_node
[ 76%] Built target control_allocator_node
[ 79%] Built target scenario_generator_node
[ 81%] Built target vehicle_model_node
[ 83%] [32mBuilding CXX object CMakeFiles/mpc_controller_node.dir/src/mpc_controller_node.cpp.o[0m
[ 90%] Built target mpc_car_control__python
[ 98%] Built target mpc_car_control__rosidl_typesupport_introspection_c__pyext
[ 98%] Built target mpc_car_control__rosidl_typesupport_c__pyext
[ 98%] Built target mpc_car_control__rosidl_typesupport_fastrtps_c__pyext
[01m[K/home/yucheng/mpc_motion_control_projects/mpc_ws/src/mpc_car_control/src/mpc_controller_node.cpp:[m[K In member function ‘[01m[Kvoid MPCControllerNode::get_linearized_matrices(const VectorXd&, Eigen::MatrixXd&, Eigen::MatrixXd&)[m[K’:
[01m[K/home/yucheng/mpc_motion_control_projects/mpc_ws/src/mpc_car_control/src/mpc_controller_node.cpp:143:25:[m[K [01;31m[Kerror: [m[K‘[01m[KIxx_[m[K’ was not declared in this scope
  143 |     B(10, 3) = 1000.0 / [01;31m[KIxx_[m[K;
      |                         [01;31m[K^~~~[m[K
[01m[K/home/yucheng/mpc_motion_control_projects/mpc_ws/src/mpc_car_control/src/mpc_controller_node.cpp:146:25:[m[K [01;31m[Kerror: [m[K‘[01m[KIyy_[m[K’ was not declared in this scope
  146 |     B(11, 4) = 1000.0 / [01;31m[KIyy_[m[K;
      |                         [01;31m[K^~~~[m[K
make[2]: *** [CMakeFiles/mpc_controller_node.dir/build.make:79：CMakeFiles/mpc_controller_node.dir/src/mpc_controller_node.cpp.o] 错误 1
make[1]: *** [CMakeFiles/Makefile2:725：CMakeFiles/mpc_controller_node.dir/all] 错误 2
make: *** [Makefile:146：all] 错误 2
