[0.004s] Invoking command in '/home/yucheng/mpc_motion_control_projects/mpc_ws/build/mpc_car_control': CMAKE_PREFIX_PATH=${CMAKE_PREFIX_PATH}:/opt/ros/jazzy DEBUGINFOD_URLS=https://debuginfod.ubuntu.com /usr/bin/cmake /home/yucheng/mpc_motion_control_projects/mpc_ws/src/mpc_car_control -DAMENT_CMAKE_SYMLINK_INSTALL=1 -DCMAKE_INSTALL_PREFIX=/home/yucheng/mpc_motion_control_projects/mpc_ws/install/mpc_car_control
[0.039s] -- The C compiler identification is GNU 13.3.0
[0.071s] -- The CXX compiler identification is GNU 13.3.0
[0.081s] -- Detecting C compiler ABI info
[0.131s] -- Detecting C compiler ABI info - done
[0.137s] -- Check for working C compiler: /usr/bin/cc - skipped
[0.137s] -- Detecting C compile features
[0.137s] -- Detecting C compile features - done
[0.143s] -- Detecting CXX compiler ABI info
[0.196s] -- Detecting CXX compiler ABI info - done
[0.202s] -- Check for working CXX compiler: /usr/bin/c++ - skipped
[0.202s] -- Detecting CXX compile features
[0.202s] -- Detecting CXX compile features - done
[0.204s] -- Found ament_cmake: 2.5.4 (/opt/ros/jazzy/share/ament_cmake/cmake)
[0.285s] -- Found Python3: /usr/bin/python3 (found version "3.12.3") found components: Interpreter 
[0.328s] -- Override CMake install command with custom implementation using symlinks instead of copying resources
[0.345s] -- Found rclcpp: 28.1.12 (/opt/ros/jazzy/share/rclcpp/cmake)
[0.365s] -- Found rosidl_generator_c: 4.6.6 (/opt/ros/jazzy/share/rosidl_generator_c/cmake)
[0.372s] -- Found rosidl_generator_cpp: 4.6.6 (/opt/ros/jazzy/share/rosidl_generator_cpp/cmake)
[0.380s] -- Using all available rosidl_typesupport_c: rosidl_typesupport_fastrtps_c;rosidl_typesupport_introspection_c
[0.390s] -- Using all available rosidl_typesupport_cpp: rosidl_typesupport_fastrtps_cpp;rosidl_typesupport_introspection_cpp
[0.424s] -- Found rmw_implementation_cmake: 7.3.2 (/opt/ros/jazzy/share/rmw_implementation_cmake/cmake)
[0.424s] -- Found rmw_fastrtps_cpp: 8.4.3 (/opt/ros/jazzy/share/rmw_fastrtps_cpp/cmake)
[0.464s] -- Found OpenSSL: /usr/lib/x86_64-linux-gnu/libcrypto.so (found version "3.0.13")  
[0.473s] -- Found FastRTPS: /opt/ros/jazzy/include (Required is at least version "2.13") 
[0.485s] -- Using RMW implementation 'rmw_fastrtps_cpp' as default
[0.518s] -- Found std_msgs: 5.3.6 (/opt/ros/jazzy/share/std_msgs/cmake)
[0.524s] -- Found visualization_msgs: 5.3.6 (/opt/ros/jazzy/share/visualization_msgs/cmake)
[0.559s] -- Found tf2: 0.36.14 (/opt/ros/jazzy/share/tf2/cmake)
[0.561s] -- Found tf2_ros: 0.36.14 (/opt/ros/jazzy/share/tf2_ros/cmake)
[0.618s] -- Found tf2_geometry_msgs: 0.36.14 (/opt/ros/jazzy/share/tf2_geometry_msgs/cmake)
[0.624s] -- Found eigen3_cmake_module: 0.3.0 (/opt/ros/jazzy/share/eigen3_cmake_module/cmake)
[0.625s] -- Found Eigen3: TRUE (found version "3.4.0") 
[0.625s] -- Ensuring Eigen3 include directory is part of orocos-kdl CMake target
[0.627s] -- Found ament_lint_auto: 0.17.3 (/opt/ros/jazzy/share/ament_lint_auto/cmake)
[0.681s] -- Found rosidl_default_generators: 1.6.0 (/opt/ros/jazzy/share/rosidl_default_generators/cmake)
[0.686s] -- Found rosidl_adapter: 4.6.6 (/opt/ros/jazzy/share/rosidl_adapter/cmake)
[0.997s] -- Found ament_cmake_ros: 0.12.0 (/opt/ros/jazzy/share/ament_cmake_ros/cmake)
[1.476s] -- Using all available rosidl_typesupport_c: rosidl_typesupport_fastrtps_c;rosidl_typesupport_introspection_c
[1.662s] -- Using all available rosidl_typesupport_cpp: rosidl_typesupport_fastrtps_cpp;rosidl_typesupport_introspection_cpp
[1.664s] -- Found python_cmake_module: 0.11.1 (/opt/ros/jazzy/share/python_cmake_module/cmake)
[1.744s] -- Found PythonExtra: /usr/bin/python3  
[1.988s] -- Found Python3: /usr/bin/python3 (found version "3.12.3") found components: Interpreter Development NumPy Development.Module Development.Embed 
[2.020s] [0mCMake Deprecation Warning at /opt/ros/jazzy/share/rosidl_cmake/cmake/rosidl_target_interfaces.cmake:32 (message):
[2.021s]   Use rosidl_get_typesupport_target() and target_link_libraries() instead of
[2.021s]   rosidl_target_interfaces().  i.e:
[2.021s] 
[2.021s]     rosidl_get_typesupport_target(cpp_typesupport_target "${PROJECT_NAME}" "rosidl_typesupport_cpp")
[2.021s]     target_link_libraries(${PROJECT_NAME}_node "${cpp_typesupport_target}")
[2.021s] 
[2.021s] Call Stack (most recent call first):
[2.021s]   CMakeLists.txt:55 (rosidl_target_interfaces)
[2.021s] 
[2.021s] [0m
[2.021s] [0mCMake Deprecation Warning at /opt/ros/jazzy/share/rosidl_cmake/cmake/rosidl_target_interfaces.cmake:32 (message):
[2.021s]   Use rosidl_get_typesupport_target() and target_link_libraries() instead of
[2.021s]   rosidl_target_interfaces().  i.e:
[2.021s] 
[2.021s]     rosidl_get_typesupport_target(cpp_typesupport_target "${PROJECT_NAME}" "rosidl_typesupport_cpp")
[2.021s]     target_link_libraries(${PROJECT_NAME}_node "${cpp_typesupport_target}")
[2.021s] 
[2.021s] Call Stack (most recent call first):
[2.021s]   CMakeLists.txt:64 (rosidl_target_interfaces)
[2.021s] 
[2.021s] [0m
[2.022s] [0mCMake Deprecation Warning at /opt/ros/jazzy/share/rosidl_cmake/cmake/rosidl_target_interfaces.cmake:32 (message):
[2.022s]   Use rosidl_get_typesupport_target() and target_link_libraries() instead of
[2.022s]   rosidl_target_interfaces().  i.e:
[2.022s] 
[2.022s]     rosidl_get_typesupport_target(cpp_typesupport_target "${PROJECT_NAME}" "rosidl_typesupport_cpp")
[2.022s]     target_link_libraries(${PROJECT_NAME}_node "${cpp_typesupport_target}")
[2.022s] 
[2.022s] Call Stack (most recent call first):
[2.022s]   CMakeLists.txt:73 (rosidl_target_interfaces)
[2.022s] 
[2.022s] [0m
[2.023s] [0mCMake Deprecation Warning at /opt/ros/jazzy/share/rosidl_cmake/cmake/rosidl_target_interfaces.cmake:32 (message):
[2.023s]   Use rosidl_get_typesupport_target() and target_link_libraries() instead of
[2.023s]   rosidl_target_interfaces().  i.e:
[2.023s] 
[2.023s]     rosidl_get_typesupport_target(cpp_typesupport_target "${PROJECT_NAME}" "rosidl_typesupport_cpp")
[2.023s]     target_link_libraries(${PROJECT_NAME}_node "${cpp_typesupport_target}")
[2.023s] 
[2.023s] Call Stack (most recent call first):
[2.023s]   CMakeLists.txt:78 (rosidl_target_interfaces)
[2.023s] 
[2.023s] [0m
[2.023s] [0mCMake Deprecation Warning at /opt/ros/jazzy/share/rosidl_cmake/cmake/rosidl_target_interfaces.cmake:32 (message):
[2.023s]   Use rosidl_get_typesupport_target() and target_link_libraries() instead of
[2.023s]   rosidl_target_interfaces().  i.e:
[2.023s] 
[2.023s]     rosidl_get_typesupport_target(cpp_typesupport_target "${PROJECT_NAME}" "rosidl_typesupport_cpp")
[2.023s]     target_link_libraries(${PROJECT_NAME}_node "${cpp_typesupport_target}")
[2.023s] 
[2.023s] Call Stack (most recent call first):
[2.024s]   CMakeLists.txt:83 (rosidl_target_interfaces)
[2.024s] 
[2.024s] [0m
[2.024s] [0mCMake Deprecation Warning at /opt/ros/jazzy/share/rosidl_cmake/cmake/rosidl_target_interfaces.cmake:32 (message):
[2.024s]   Use rosidl_get_typesupport_target() and target_link_libraries() instead of
[2.024s]   rosidl_target_interfaces().  i.e:
[2.024s] 
[2.024s]     rosidl_get_typesupport_target(cpp_typesupport_target "${PROJECT_NAME}" "rosidl_typesupport_cpp")
[2.024s]     target_link_libraries(${PROJECT_NAME}_node "${cpp_typesupport_target}")
[2.024s] 
[2.024s] Call Stack (most recent call first):
[2.024s]   CMakeLists.txt:95 (rosidl_target_interfaces)
[2.024s] 
[2.024s] [0m
[2.024s] [0mCMake Deprecation Warning at /opt/ros/jazzy/share/rosidl_cmake/cmake/rosidl_target_interfaces.cmake:32 (message):
[2.024s]   Use rosidl_get_typesupport_target() and target_link_libraries() instead of
[2.024s]   rosidl_target_interfaces().  i.e:
[2.024s] 
[2.024s]     rosidl_get_typesupport_target(cpp_typesupport_target "${PROJECT_NAME}" "rosidl_typesupport_cpp")
[2.024s]     target_link_libraries(${PROJECT_NAME}_node "${cpp_typesupport_target}")
[2.024s] 
[2.024s] Call Stack (most recent call first):
[2.025s]   CMakeLists.txt:100 (rosidl_target_interfaces)
[2.025s] 
[2.025s] [0m
[2.026s] -- Added test 'copyright' to check source files copyright and LICENSE
[2.027s] -- Added test 'cppcheck' to perform static code analysis on C / C++ code
[2.028s] -- Configured cppcheck include dirs: 
[2.028s] -- Configured cppcheck exclude dirs and/or files: 
[2.028s] -- Added test 'cpplint' to check C / C++ code against the Google style
[2.028s] -- Configured cpplint exclude dirs and/or files: 
[2.029s] -- Added test 'flake8' to check Python code syntax and style conventions
[2.029s] -- Configured 'flake8' exclude dirs and/or files: 
[2.029s] -- Added test 'lint_cmake' to check CMake code style
[2.029s] -- Added test 'pep257' to check Python code against some of the docstring style conventions in PEP 257
[2.030s] -- Added test 'uncrustify' to check C / C++ code style
[2.030s] -- Configured uncrustify additional arguments: 
[2.030s] -- Added test 'xmllint' to check XML markup files
[2.033s] -- Configuring done (2.0s)
[2.072s] -- Generating done (0.0s)
[2.082s] -- Build files have been written to: /home/yucheng/mpc_motion_control_projects/mpc_ws/build/mpc_car_control
[2.091s] Invoked command in '/home/yucheng/mpc_motion_control_projects/mpc_ws/build/mpc_car_control' returned '0': CMAKE_PREFIX_PATH=${CMAKE_PREFIX_PATH}:/opt/ros/jazzy DEBUGINFOD_URLS=https://debuginfod.ubuntu.com /usr/bin/cmake /home/yucheng/mpc_motion_control_projects/mpc_ws/src/mpc_car_control -DAMENT_CMAKE_SYMLINK_INSTALL=1 -DCMAKE_INSTALL_PREFIX=/home/yucheng/mpc_motion_control_projects/mpc_ws/install/mpc_car_control
[2.093s] Invoking command in '/home/yucheng/mpc_motion_control_projects/mpc_ws/build/mpc_car_control': CMAKE_PREFIX_PATH=${CMAKE_PREFIX_PATH}:/opt/ros/jazzy DEBUGINFOD_URLS=https://debuginfod.ubuntu.com /usr/bin/cmake --build /home/yucheng/mpc_motion_control_projects/mpc_ws/build/mpc_car_control -- -j24 -l24
[2.126s] [  1%] [34m[1mGenerating type hashes for ROS interfaces[0m
[2.130s] [  1%] Built target ament_cmake_python_symlink_mpc_car_control
[2.228s] running egg_info
[2.229s] creating mpc_car_control.egg-info
[2.235s] writing mpc_car_control.egg-info/PKG-INFO
[2.236s] writing dependency_links to mpc_car_control.egg-info/dependency_links.txt
[2.236s] writing top-level names to mpc_car_control.egg-info/top_level.txt
[2.236s] writing manifest file 'mpc_car_control.egg-info/SOURCES.txt'
[2.249s] [  1%] Built target mpc_car_control__rosidl_generator_type_description
[2.254s] reading manifest file 'mpc_car_control.egg-info/SOURCES.txt'
[2.255s] writing manifest file 'mpc_car_control.egg-info/SOURCES.txt'
[2.255s] [  2%] [34m[1mGenerating C code for ROS interfaces[0m
[2.261s] [  3%] [34m[1mGenerating C++ code for ROS interfaces[0m
[2.269s] [  3%] Built target ament_cmake_python_build_mpc_car_control_egg
[2.443s] [  3%] Built target mpc_car_control__cpp
[2.472s] [  4%] [32mBuilding C object CMakeFiles/mpc_car_control__rosidl_generator_c.dir/rosidl_generator_c/mpc_car_control/msg/detail/vehicle_state__description.c.o[0m
[2.472s] [  7%] [32mBuilding C object CMakeFiles/mpc_car_control__rosidl_generator_c.dir/rosidl_generator_c/mpc_car_control/msg/detail/reference_trajectory__functions.c.o[0m
[2.472s] [  7%] [32mBuilding C object CMakeFiles/mpc_car_control__rosidl_generator_c.dir/rosidl_generator_c/mpc_car_control/msg/detail/vehicle_state__type_support.c.o[0m
[2.472s] [  7%] [32mBuilding C object CMakeFiles/mpc_car_control__rosidl_generator_c.dir/rosidl_generator_c/mpc_car_control/msg/detail/vehicle_state__functions.c.o[0m
[2.472s] [  9%] [32mBuilding C object CMakeFiles/mpc_car_control__rosidl_generator_c.dir/rosidl_generator_c/mpc_car_control/msg/detail/reference_trajectory__description.c.o[0m
[2.472s] [ 10%] [32mBuilding C object CMakeFiles/mpc_car_control__rosidl_generator_c.dir/rosidl_generator_c/mpc_car_control/msg/detail/control_command_body__description.c.o[0m
[2.472s] [ 11%] [32mBuilding C object CMakeFiles/mpc_car_control__rosidl_generator_c.dir/rosidl_generator_c/mpc_car_control/msg/detail/reference_trajectory__type_support.c.o[0m
[2.472s] [ 12%] [32mBuilding C object CMakeFiles/mpc_car_control__rosidl_generator_c.dir/rosidl_generator_c/mpc_car_control/msg/detail/actuator_command__type_support.c.o[0m
[2.472s] [ 14%] [32mBuilding C object CMakeFiles/mpc_car_control__rosidl_generator_c.dir/rosidl_generator_c/mpc_car_control/msg/detail/actuator_command__functions.c.o[0m
[2.473s] [ 14%] [32mBuilding C object CMakeFiles/mpc_car_control__rosidl_generator_c.dir/rosidl_generator_c/mpc_car_control/msg/detail/control_command_body__type_support.c.o[0m
[2.473s] [ 15%] [32mBuilding C object CMakeFiles/mpc_car_control__rosidl_generator_c.dir/rosidl_generator_c/mpc_car_control/msg/detail/actuator_command__description.c.o[0m
[2.473s] [ 18%] [32mBuilding C object CMakeFiles/mpc_car_control__rosidl_generator_c.dir/rosidl_generator_c/mpc_car_control/msg/detail/wheel_ground_heights__description.c.o[0m
[2.473s] [ 18%] [32mBuilding C object CMakeFiles/mpc_car_control__rosidl_generator_c.dir/rosidl_generator_c/mpc_car_control/msg/detail/control_command_body__functions.c.o[0m
[2.473s] [ 19%] [32mBuilding C object CMakeFiles/mpc_car_control__rosidl_generator_c.dir/rosidl_generator_c/mpc_car_control/msg/detail/wheel_ground_heights__functions.c.o[0m
[2.473s] [ 20%] [32mBuilding C object CMakeFiles/mpc_car_control__rosidl_generator_c.dir/rosidl_generator_c/mpc_car_control/msg/detail/wheel_ground_heights__type_support.c.o[0m
[2.502s] [ 21%] [32m[1mLinking C shared library libmpc_car_control__rosidl_generator_c.so[0m
[2.526s] [ 21%] Built target mpc_car_control__rosidl_generator_c
[2.532s] [ 28%] [34m[1mGenerating C type support dispatch for ROS interfaces[0m
[2.533s] [ 28%] [34m[1mGenerating C++ type support dispatch for ROS interfaces[0m
[2.533s] [ 28%] [34m[1mGenerating C introspection for ROS interfaces[0m
[2.533s] [ 28%] [34m[1mGenerating C++ type support for eProsima Fast-RTPS[0m
[2.533s] [ 28%] [34m[1mGenerating C type support for eProsima Fast-RTPS[0m
[2.533s] [ 28%] [34m[1mGenerating C++ introspection for ROS interfaces[0m
[2.677s] [ 29%] [32mBuilding CXX object CMakeFiles/mpc_car_control__rosidl_typesupport_cpp.dir/rosidl_typesupport_cpp/mpc_car_control/msg/vehicle_state__type_support.cpp.o[0m
[2.677s] [ 31%] [32mBuilding CXX object CMakeFiles/mpc_car_control__rosidl_typesupport_cpp.dir/rosidl_typesupport_cpp/mpc_car_control/msg/actuator_command__type_support.cpp.o[0m
[2.677s] [ 31%] [32mBuilding CXX object CMakeFiles/mpc_car_control__rosidl_typesupport_cpp.dir/rosidl_typesupport_cpp/mpc_car_control/msg/reference_trajectory__type_support.cpp.o[0m
[2.677s] [ 34%] [32mBuilding CXX object CMakeFiles/mpc_car_control__rosidl_typesupport_cpp.dir/rosidl_typesupport_cpp/mpc_car_control/msg/control_command_body__type_support.cpp.o[0m
[2.678s] [ 34%] [32mBuilding CXX object CMakeFiles/mpc_car_control__rosidl_typesupport_cpp.dir/rosidl_typesupport_cpp/mpc_car_control/msg/wheel_ground_heights__type_support.cpp.o[0m
[2.682s] [ 35%] [32mBuilding CXX object CMakeFiles/mpc_car_control__rosidl_typesupport_c.dir/rosidl_typesupport_c/mpc_car_control/msg/vehicle_state__type_support.cpp.o[0m
[2.682s] [ 36%] [32mBuilding CXX object CMakeFiles/mpc_car_control__rosidl_typesupport_c.dir/rosidl_typesupport_c/mpc_car_control/msg/control_command_body__type_support.cpp.o[0m
[2.683s] [ 37%] [32mBuilding CXX object CMakeFiles/mpc_car_control__rosidl_typesupport_c.dir/rosidl_typesupport_c/mpc_car_control/msg/actuator_command__type_support.cpp.o[0m
[2.683s] [ 38%] [32mBuilding CXX object CMakeFiles/mpc_car_control__rosidl_typesupport_c.dir/rosidl_typesupport_c/mpc_car_control/msg/reference_trajectory__type_support.cpp.o[0m
[2.684s] [ 39%] [32mBuilding CXX object CMakeFiles/mpc_car_control__rosidl_typesupport_c.dir/rosidl_typesupport_c/mpc_car_control/msg/wheel_ground_heights__type_support.cpp.o[0m
[2.693s] [ 40%] [32mBuilding CXX object CMakeFiles/mpc_car_control__rosidl_typesupport_introspection_cpp.dir/rosidl_typesupport_introspection_cpp/mpc_car_control/msg/detail/actuator_command__type_support.cpp.o[0m
[2.694s] [ 43%] [32mBuilding CXX object CMakeFiles/mpc_car_control__rosidl_typesupport_introspection_cpp.dir/rosidl_typesupport_introspection_cpp/mpc_car_control/msg/detail/vehicle_state__type_support.cpp.o[0m
[2.694s] [ 43%] [32mBuilding CXX object CMakeFiles/mpc_car_control__rosidl_typesupport_introspection_cpp.dir/rosidl_typesupport_introspection_cpp/mpc_car_control/msg/detail/reference_trajectory__type_support.cpp.o[0m
[2.694s] [ 44%] [32mBuilding CXX object CMakeFiles/mpc_car_control__rosidl_typesupport_introspection_cpp.dir/rosidl_typesupport_introspection_cpp/mpc_car_control/msg/detail/control_command_body__type_support.cpp.o[0m
[2.695s] [ 45%] [32mBuilding CXX object CMakeFiles/mpc_car_control__rosidl_typesupport_introspection_cpp.dir/rosidl_typesupport_introspection_cpp/mpc_car_control/msg/detail/wheel_ground_heights__type_support.cpp.o[0m
[2.704s] [ 47%] [32mBuilding C object CMakeFiles/mpc_car_control__rosidl_typesupport_introspection_c.dir/rosidl_typesupport_introspection_c/mpc_car_control/msg/detail/reference_trajectory__type_support.c.o[0m
[2.704s] [ 47%] [32mBuilding C object CMakeFiles/mpc_car_control__rosidl_typesupport_introspection_c.dir/rosidl_typesupport_introspection_c/mpc_car_control/msg/detail/vehicle_state__type_support.c.o[0m
[2.704s] [ 50%] [32mBuilding C object CMakeFiles/mpc_car_control__rosidl_typesupport_introspection_c.dir/rosidl_typesupport_introspection_c/mpc_car_control/msg/detail/control_command_body__type_support.c.o[0m
[2.704s] [ 50%] [32mBuilding C object CMakeFiles/mpc_car_control__rosidl_typesupport_introspection_c.dir/rosidl_typesupport_introspection_c/mpc_car_control/msg/detail/wheel_ground_heights__type_support.c.o[0m
[2.704s] [ 51%] [32mBuilding C object CMakeFiles/mpc_car_control__rosidl_typesupport_introspection_c.dir/rosidl_typesupport_introspection_c/mpc_car_control/msg/detail/actuator_command__type_support.c.o[0m
[2.708s] [ 52%] [32m[1mLinking CXX shared library libmpc_car_control__rosidl_typesupport_c.so[0m
[2.730s] [ 53%] [32m[1mLinking C shared library libmpc_car_control__rosidl_typesupport_introspection_c.so[0m
[2.735s] [ 55%] [32mBuilding CXX object CMakeFiles/mpc_car_control__rosidl_typesupport_fastrtps_cpp.dir/rosidl_typesupport_fastrtps_cpp/mpc_car_control/msg/detail/dds_fastrtps/reference_trajectory__type_support.cpp.o[0m
[2.735s] [ 55%] [32mBuilding CXX object CMakeFiles/mpc_car_control__rosidl_typesupport_fastrtps_cpp.dir/rosidl_typesupport_fastrtps_cpp/mpc_car_control/msg/detail/dds_fastrtps/vehicle_state__type_support.cpp.o[0m
[2.736s] [ 55%] Built target mpc_car_control__rosidl_typesupport_c
[2.736s] [ 56%] [32mBuilding CXX object CMakeFiles/mpc_car_control__rosidl_typesupport_fastrtps_cpp.dir/rosidl_typesupport_fastrtps_cpp/mpc_car_control/msg/detail/dds_fastrtps/control_command_body__type_support.cpp.o[0m
[2.736s] [ 57%] [32mBuilding CXX object CMakeFiles/mpc_car_control__rosidl_typesupport_fastrtps_cpp.dir/rosidl_typesupport_fastrtps_cpp/mpc_car_control/msg/detail/dds_fastrtps/actuator_command__type_support.cpp.o[0m
[2.737s] [ 59%] [32mBuilding CXX object CMakeFiles/mpc_car_control__rosidl_typesupport_fastrtps_cpp.dir/rosidl_typesupport_fastrtps_cpp/mpc_car_control/msg/detail/dds_fastrtps/wheel_ground_heights__type_support.cpp.o[0m
[2.742s] [ 60%] [32mBuilding CXX object CMakeFiles/mpc_car_control__rosidl_typesupport_fastrtps_c.dir/rosidl_typesupport_fastrtps_c/mpc_car_control/msg/detail/vehicle_state__type_support_c.cpp.o[0m
[2.742s] [ 62%] [32mBuilding CXX object CMakeFiles/mpc_car_control__rosidl_typesupport_fastrtps_c.dir/rosidl_typesupport_fastrtps_c/mpc_car_control/msg/detail/reference_trajectory__type_support_c.cpp.o[0m
[2.742s] [ 62%] [32mBuilding CXX object CMakeFiles/mpc_car_control__rosidl_typesupport_fastrtps_c.dir/rosidl_typesupport_fastrtps_c/mpc_car_control/msg/detail/control_command_body__type_support_c.cpp.o[0m
[2.743s] [ 63%] [32mBuilding CXX object CMakeFiles/mpc_car_control__rosidl_typesupport_fastrtps_c.dir/rosidl_typesupport_fastrtps_c/mpc_car_control/msg/detail/wheel_ground_heights__type_support_c.cpp.o[0m
[2.744s] [ 64%] [32mBuilding CXX object CMakeFiles/mpc_car_control__rosidl_typesupport_fastrtps_c.dir/rosidl_typesupport_fastrtps_c/mpc_car_control/msg/detail/actuator_command__type_support_c.cpp.o[0m
[2.754s] [ 64%] Built target mpc_car_control__rosidl_typesupport_introspection_c
[2.833s] [ 65%] [32m[1mLinking CXX shared library libmpc_car_control__rosidl_typesupport_cpp.so[0m
[2.863s] [ 65%] Built target mpc_car_control__rosidl_typesupport_cpp
[2.879s] [ 67%] [32m[1mLinking CXX shared library libmpc_car_control__rosidl_typesupport_introspection_cpp.so[0m
[2.934s] [ 67%] Built target mpc_car_control__rosidl_typesupport_introspection_cpp
[3.003s] [ 68%] [32m[1mLinking CXX shared library libmpc_car_control__rosidl_typesupport_fastrtps_c.so[0m
[3.005s] [ 69%] [32m[1mLinking CXX shared library libmpc_car_control__rosidl_typesupport_fastrtps_cpp.so[0m
[3.033s] [ 69%] Built target mpc_car_control__rosidl_typesupport_fastrtps_c
[3.048s] [ 69%] Built target mpc_car_control__rosidl_typesupport_fastrtps_cpp
[3.059s] [ 69%] Built target mpc_car_control
[3.070s] [ 75%] [32mBuilding CXX object CMakeFiles/mpc_controller_node.dir/src/mpc_controller_node.cpp.o[0m
[3.070s] [ 75%] [32mBuilding CXX object CMakeFiles/control_allocator_node.dir/src/control_allocator_node.cpp.o[0m
[3.070s] [ 75%] [32mBuilding CXX object CMakeFiles/pid_controller_node.dir/src/pid_controller_node.cpp.o[0m
[3.070s] [ 75%] [32mBuilding CXX object CMakeFiles/scenario_generator_node.dir/src/scenario_generator_node.cpp.o[0m
[3.070s] [ 76%] [34m[1mGenerating Python code for ROS interfaces[0m
[3.071s] [ 76%] [32mBuilding CXX object CMakeFiles/visualization_node.dir/src/visualization_node.cpp.o[0m
[3.071s] [ 78%] [32mBuilding CXX object CMakeFiles/vehicle_model_node.dir/src/vehicle_model_node.cpp.o[0m
[3.071s] [ 78%] [32mBuilding CXX object CMakeFiles/vehicle_interface_node.dir/src/vehicle_interface_node.cpp.o[0m
[3.345s] [ 78%] Built target mpc_car_control__py
[3.359s] [ 79%] [32mBuilding C object CMakeFiles/mpc_car_control__rosidl_generator_py.dir/rosidl_generator_py/mpc_car_control/msg/_vehicle_state_s.c.o[0m
[3.359s] [ 80%] [32mBuilding C object CMakeFiles/mpc_car_control__rosidl_generator_py.dir/rosidl_generator_py/mpc_car_control/msg/_reference_trajectory_s.c.o[0m
[3.360s] [ 82%] [32mBuilding C object CMakeFiles/mpc_car_control__rosidl_generator_py.dir/rosidl_generator_py/mpc_car_control/msg/_actuator_command_s.c.o[0m
[3.360s] [ 82%] [32mBuilding C object CMakeFiles/mpc_car_control__rosidl_generator_py.dir/rosidl_generator_py/mpc_car_control/msg/_control_command_body_s.c.o[0m
[3.361s] [ 84%] [32mBuilding C object CMakeFiles/mpc_car_control__rosidl_generator_py.dir/rosidl_generator_py/mpc_car_control/msg/_wheel_ground_heights_s.c.o[0m
[3.445s] [ 85%] [32m[1mLinking C shared library libmpc_car_control__rosidl_generator_py.so[0m
[3.476s] [ 85%] Built target mpc_car_control__rosidl_generator_py
[3.489s] [ 88%] [32mBuilding C object CMakeFiles/mpc_car_control_s__rosidl_typesupport_fastrtps_c.dir/rosidl_generator_py/mpc_car_control/_mpc_car_control_s.ep.rosidl_typesupport_fastrtps_c.c.o[0m
[3.489s] [ 88%] [32mBuilding C object CMakeFiles/mpc_car_control_s__rosidl_typesupport_introspection_c.dir/rosidl_generator_py/mpc_car_control/_mpc_car_control_s.ep.rosidl_typesupport_introspection_c.c.o[0m
[3.489s] [ 88%] [32mBuilding C object CMakeFiles/mpc_car_control_s__rosidl_typesupport_c.dir/rosidl_generator_py/mpc_car_control/_mpc_car_control_s.ep.rosidl_typesupport_c.c.o[0m
[3.553s] [ 89%] [32m[1mLinking C shared module rosidl_generator_py/mpc_car_control/mpc_car_control_s__rosidl_typesupport_fastrtps_c.so[0m
[3.553s] [ 92%] [32m[1mLinking C shared module rosidl_generator_py/mpc_car_control/mpc_car_control_s__rosidl_typesupport_introspection_c.so[0m
[3.553s] [ 92%] [32m[1mLinking C shared module rosidl_generator_py/mpc_car_control/mpc_car_control_s__rosidl_typesupport_c.so[0m
[3.574s] [ 92%] Built target mpc_car_control_s__rosidl_typesupport_introspection_c
[3.574s] [ 92%] Built target mpc_car_control_s__rosidl_typesupport_fastrtps_c
[3.574s] [ 92%] Built target mpc_car_control_s__rosidl_typesupport_c
[4.174s] In file included from [01m[K/opt/ros/jazzy/include/rclcpp/rclcpp/logging.hpp:24[m[K,
[4.174s]                  from [01m[K/opt/ros/jazzy/include/rclcpp/rclcpp/copy_all_parameter_values.hpp:27[m[K,
[4.174s]                  from [01m[K/opt/ros/jazzy/include/rclcpp/rclcpp/rclcpp.hpp:171[m[K,
[4.174s]                  from [01m[K/home/yucheng/mpc_motion_control_projects/mpc_ws/src/mpc_car_control/src/control_allocator_node.cpp:8[m[K:
[4.174s] [01m[K/home/yucheng/mpc_motion_control_projects/mpc_ws/src/mpc_car_control/src/control_allocator_node.cpp:[m[K In member function ‘[01m[Kvoid ControlAllocatorNode::[01;32m[Kcmd_callback[m[K(mpc_car_control::msg::ControlCommandBody_<std::allocator<void> >::SharedPtr)[m[K’:
[4.174s] [01m[K/home/yucheng/mpc_motion_control_projects/mpc_ws/src/mpc_car_control/src/control_allocator_node.cpp:224:22:[m[K [01;31m[Kerror: [m[K‘[01m[KT_per_wheel_base[m[K’ was not declared in this scope
[4.174s]   224 |             msg->mz, [01;31m[KT_per_wheel_base[m[K, T_diff, T_left, T_right);
[4.174s]       |                      [01;31m[K^~~~~~~~~~~~~~~~[m[K
[4.178s] [01m[K/home/yucheng/mpc_motion_control_projects/mpc_ws/src/mpc_car_control/src/control_allocator_node.cpp:224:40:[m[K [01;31m[Kerror: [m[K‘[01m[KT_diff[m[K’ was not declared in this scope
[4.178s]   224 |             msg->mz, T_per_wheel_base, [01;31m[KT_diff[m[K, T_left, T_right);
[4.178s]       |                                        [01;31m[K^~~~~~[m[K
[4.192s] [01m[K/home/yucheng/mpc_motion_control_projects/mpc_ws/src/mpc_car_control/src/vehicle_model_node.cpp:[m[K In member function ‘[01m[Kvoid VehicleModelNode::[01;32m[Ksim_loop[m[K()[m[K’:
[4.192s] [01m[K/home/yucheng/mpc_motion_control_projects/mpc_ws/src/mpc_car_control/src/vehicle_model_node.cpp:280:14:[m[K [01;35m[Kwarning: [m[Kvariable ‘[01m[Kuse_direct_torque[m[K’ set but not used [[01;35m[K]8;;https://gcc.gnu.org/onlinedocs/gcc/Warning-Options.html#index-Wunused-but-set-variable-Wunused-but-set-variable]8;;[m[K]
[4.192s]   280 |         bool [01;35m[Kuse_direct_torque[m[K = false;
[4.192s]       |              [01;35m[K^~~~~~~~~~~~~~~~~[m[K
[5.707s] gmake[2]: *** [CMakeFiles/control_allocator_node.dir/build.make:76：CMakeFiles/control_allocator_node.dir/src/control_allocator_node.cpp.o] 错误 1
[5.707s] gmake[1]: *** [CMakeFiles/Makefile2:696：CMakeFiles/control_allocator_node.dir/all] 错误 2
[5.707s] gmake[1]: *** 正在等待未完成的任务....
[7.933s] [ 93%] [32m[1mLinking CXX executable scenario_generator_node[0m
[8.145s] [ 93%] Built target scenario_generator_node
[8.207s] [ 94%] [32m[1mLinking CXX executable pid_controller_node[0m
[8.218s] [ 95%] [32m[1mLinking CXX executable vehicle_interface_node[0m
[8.412s] [ 95%] Built target pid_controller_node
[8.421s] [ 95%] Built target vehicle_interface_node
[9.244s] [ 96%] [32m[1mLinking CXX executable visualization_node[0m
[9.504s] [ 96%] Built target visualization_node
[9.511s] [ 97%] [32m[1mLinking CXX executable vehicle_model_node[0m
[9.741s] [ 97%] Built target vehicle_model_node
[11.163s] [ 98%] [32m[1mLinking CXX executable mpc_controller_node[0m
[11.400s] [ 98%] Built target mpc_controller_node
[11.401s] gmake: *** [Makefile:146：all] 错误 2
[11.404s] Invoked command in '/home/yucheng/mpc_motion_control_projects/mpc_ws/build/mpc_car_control' returned '2': CMAKE_PREFIX_PATH=${CMAKE_PREFIX_PATH}:/opt/ros/jazzy DEBUGINFOD_URLS=https://debuginfod.ubuntu.com /usr/bin/cmake --build /home/yucheng/mpc_motion_control_projects/mpc_ws/build/mpc_car_control -- -j24 -l24
