[  1%] Built target mpc_car_control__cpp
[ 10%] Built target mpc_car_control__rosidl_generator_c
[ 32%] Built target mpc_car_control__rosidl_typesupport_cpp
[ 32%] Built target mpc_car_control__rosidl_typesupport_c
[ 38%] Built target mpc_car_control__rosidl_typesupport_introspection_cpp
[ 50%] Built target mpc_car_control__rosidl_typesupport_introspection_c
[ 57%] Built target mpc_car_control__rosidl_typesupport_fastrtps_cpp
[ 66%] Built target mpc_car_control__rosidl_typesupport_fastrtps_c
[ 66%] Built target mpc_car_control
[ 68%] Built target mpc_car_control__py
[ 70%] [32mBuilding CXX object CMakeFiles/scenario_generator_node.dir/src/scenario_generator_node.cpp.o[0m
[ 72%] Built target mpc_controller_node
[ 74%] Built target vehicle_interface_node
[ 77%] Built target control_allocator_node
[ 80%] Built target visualization_node
[ 82%] Built target vehicle_model_node
[ 90%] Built target mpc_car_control__python
[ 98%] Built target mpc_car_control__rosidl_typesupport_fastrtps_c__pyext
[ 98%] Built target mpc_car_control__rosidl_typesupport_introspection_c__pyext
[ 98%] Built target mpc_car_control__rosidl_typesupport_c__pyext
[100%] [32m[1mLinking CXX executable scenario_generator_node[0m
