[  1%] Built target mpc_car_control__cpp
[ 10%] Built target mpc_car_control__rosidl_generator_c
[ 19%] Built target mpc_car_control__rosidl_typesupport_c
[ 28%] Built target mpc_car_control__rosidl_typesupport_cpp
[ 37%] Built target mpc_car_control__rosidl_typesupport_introspection_c
[ 46%] Built target mpc_car_control__rosidl_typesupport_fastrtps_cpp
[ 55%] Built target mpc_car_control__rosidl_typesupport_introspection_cpp
[ 64%] Built target mpc_car_control__rosidl_typesupport_fastrtps_c
[ 64%] Built target mpc_car_control
[ 66%] Built target mpc_car_control__py
[ 68%] Built target vehicle_model_node
[ 71%] Built target pid_controller_node
[ 75%] Built target control_allocator_node
[ 75%] [32mBuilding CXX object CMakeFiles/mpc_controller_node.dir/src/mpc_controller_node.cpp.o[0m
[ 80%] Built target visualization_node
[ 80%] Built target scenario_generator_node
[ 83%] Built target vehicle_interface_node
[ 90%] Built target mpc_car_control__python
[ 96%] Built target mpc_car_control__rosidl_typesupport_introspection_c__pyext
[ 96%] Built target mpc_car_control__rosidl_typesupport_fastrtps_c__pyext
[ 98%] Built target mpc_car_control__rosidl_typesupport_c__pyext
[01m[K/home/yucheng/mpc_motion_control_projects/mpc_ws/src/mpc_car_control/src/mpc_controller_node.cpp:[m[K In member function ‘[01m[Kvoid MPCControllerNode::control_loop()[m[K’:
[01m[K/home/yucheng/mpc_motion_control_projects/mpc_ws/src/mpc_car_control/src/mpc_controller_node.cpp:270:26:[m[K [01;31m[Kerror: [m[K‘[01m[Kc_psi[m[K’ was not declared in this scope
  270 |     double Fx_b = Fx_g * [01;31m[Kc_psi[m[K + Fy_g * s_psi;
      |                          [01;31m[K^~~~~[m[K
[01m[K/home/yucheng/mpc_motion_control_projects/mpc_ws/src/mpc_car_control/src/mpc_controller_node.cpp:270:41:[m[K [01;31m[Kerror: [m[K‘[01m[Ks_psi[m[K’ was not declared in this scope
  270 |     double Fx_b = Fx_g * c_psi + Fy_g * [01;31m[Ks_psi[m[K;
      |                                         [01;31m[K^~~~~[m[K
make[2]: *** [CMakeFiles/mpc_controller_node.dir/build.make:79：CMakeFiles/mpc_controller_node.dir/src/mpc_controller_node.cpp.o] 错误 1
make[1]: *** [CMakeFiles/Makefile2:725：CMakeFiles/mpc_controller_node.dir/all] 错误 2
make: *** [Makefile:146：all] 错误 2
