[  1%] Built target mpc_car_control__rosidl_generator_type_description
[  1%] Built target ament_cmake_python_symlink_mpc_car_control
[  2%] Built target mpc_car_control__cpp
[ 21%] Built target mpc_car_control__rosidl_generator_c
[ 54%] Built target mpc_car_control__rosidl_typesupport_cpp
[ 54%] Built target mpc_car_control__rosidl_typesupport_introspection_c
[ 54%] Built target mpc_car_control__rosidl_typesupport_c
[ 54%] Built target mpc_car_control__rosidl_typesupport_fastrtps_c
[ 61%] Built target mpc_car_control__rosidl_typesupport_fastrtps_cpp
[ 69%] Built target mpc_car_control__rosidl_typesupport_introspection_cpp
[ 84%] Built target scenario_generator_node
[ 84%] Built target vehicle_model_node
[ 84%] Built target vehicle_interface_node
[ 84%] Built target pid_controller_node
[ 84%] Built target control_allocator_node
[ 84%] Built target visualization_node
[ 84%] [32mBuilding CXX object CMakeFiles/mpc_controller_node.dir/src/mpc_controller_node.cpp.o[0m
[ 84%] Built target mpc_car_control
[ 85%] Built target mpc_car_control__py
[ 92%] Built target mpc_car_control__rosidl_generator_py
[ 98%] Built target mpc_car_control_s__rosidl_typesupport_introspection_c
[ 98%] Built target mpc_car_control_s__rosidl_typesupport_c
[ 98%] Built target mpc_car_control_s__rosidl_typesupport_fastrtps_c
running egg_info
writing mpc_car_control.egg-info/PKG-INFO
writing dependency_links to mpc_car_control.egg-info/dependency_links.txt
writing top-level names to mpc_car_control.egg-info/top_level.txt
reading manifest file 'mpc_car_control.egg-info/SOURCES.txt'
writing manifest file 'mpc_car_control.egg-info/SOURCES.txt'
[ 98%] Built target ament_cmake_python_build_mpc_car_control_egg
[01m[K/home/yucheng/mpc_motion_control_projects/mpc_ws/src/mpc_car_control/src/mpc_controller_node.cpp:[m[K In member function ‘[01m[Kvoid MPCControllerNode::[01;32m[Kcontrol_loop[m[K()[m[K’:
[01m[K/home/yucheng/mpc_motion_control_projects/mpc_ws/src/mpc_car_control/src/mpc_controller_node.cpp:336:21:[m[K [01;31m[Kerror: [m[Kredeclaration of ‘[01m[KEigen::VectorXd R_diag[m[K’
  336 |     Eigen::VectorXd [01;31m[KR_diag[m[K(nu_);
      |                     [01;31m[K^~~~~~[m[K
[01m[K/home/yucheng/mpc_motion_control_projects/mpc_ws/src/mpc_car_control/src/mpc_controller_node.cpp:323:21:[m[K [01;36m[Knote: [m[K‘[01m[KEigen::VectorXd R_diag[m[K’ previously declared here
  323 |     Eigen::VectorXd [01;36m[KR_diag[m[K(nu_);
      |                     [01;36m[K^~~~~~[m[K
[01m[K/home/yucheng/mpc_motion_control_projects/mpc_ws/src/mpc_car_control/src/mpc_controller_node.cpp:337:21:[m[K [01;31m[Kerror: [m[Kredeclaration of ‘[01m[KEigen::VectorXd R_rate_diag[m[K’
  337 |     Eigen::VectorXd [01;31m[KR_rate_diag[m[K(nu_);
      |                     [01;31m[K^~~~~~~~~~~[m[K
[01m[K/home/yucheng/mpc_motion_control_projects/mpc_ws/src/mpc_car_control/src/mpc_controller_node.cpp:324:21:[m[K [01;36m[Knote: [m[K‘[01m[KEigen::VectorXd R_rate_diag[m[K’ previously declared here
  324 |     Eigen::VectorXd [01;36m[KR_rate_diag[m[K(nu_);
      |                     [01;36m[K^~~~~~~~~~~[m[K
gmake[2]: *** [CMakeFiles/mpc_controller_node.dir/build.make:76：CMakeFiles/mpc_controller_node.dir/src/mpc_controller_node.cpp.o] 错误 1
gmake[1]: *** [CMakeFiles/Makefile2:665：CMakeFiles/mpc_controller_node.dir/all] 错误 2
gmake: *** [Makefile:146：all] 错误 2
