[  1%] Built target mpc_car_control__rosidl_generator_type_description
[  1%] Built target ament_cmake_python_symlink_mpc_car_control
[  2%] Built target mpc_car_control__cpp
[ 21%] Built target mpc_car_control__rosidl_generator_c
[ 54%] Built target mpc_car_control__rosidl_typesupport_cpp
[ 54%] Built target mpc_car_control__rosidl_typesupport_introspection_c
[ 54%] Built target mpc_car_control__rosidl_typesupport_c
[ 54%] Built target mpc_car_control__rosidl_typesupport_fastrtps_c
[ 61%] Built target mpc_car_control__rosidl_typesupport_fastrtps_cpp
[ 69%] Built target mpc_car_control__rosidl_typesupport_introspection_cpp
[ 84%] Built target scenario_generator_node
[ 84%] Built target vehicle_model_node
[ 84%] Built target vehicle_interface_node
[ 84%] Built target pid_controller_node
[ 84%] Built target control_allocator_node
[ 84%] Built target visualization_node
[ 84%] [32mBuilding CXX object CMakeFiles/mpc_controller_node.dir/src/mpc_controller_node.cpp.o[0m
[ 84%] Built target mpc_car_control
[ 85%] Built target mpc_car_control__py
[ 92%] Built target mpc_car_control__rosidl_generator_py
[ 98%] Built target mpc_car_control_s__rosidl_typesupport_introspection_c
[ 98%] Built target mpc_car_control_s__rosidl_typesupport_c
[ 98%] Built target mpc_car_control_s__rosidl_typesupport_fastrtps_c
running egg_info
writing mpc_car_control.egg-info/PKG-INFO
writing dependency_links to mpc_car_control.egg-info/dependency_links.txt
writing top-level names to mpc_car_control.egg-info/top_level.txt
reading manifest file 'mpc_car_control.egg-info/SOURCES.txt'
writing manifest file 'mpc_car_control.egg-info/SOURCES.txt'
[ 98%] Built target ament_cmake_python_build_mpc_car_control_egg
