[  1%] Built target mpc_car_control__cpp
[ 10%] Built target mpc_car_control__rosidl_generator_c
[ 25%] Built target mpc_car_control__rosidl_typesupport_cpp
[ 31%] Built target mpc_car_control__rosidl_typesupport_c
[ 37%] Built target mpc_car_control__rosidl_typesupport_introspection_cpp
[ 46%] Built target mpc_car_control__rosidl_typesupport_fastrtps_cpp
[ 55%] Built target mpc_car_control__rosidl_typesupport_introspection_c
[ 64%] Built target mpc_car_control__rosidl_typesupport_fastrtps_c
[ 64%] Built target mpc_car_control
[ 66%] Built target mpc_car_control__py
[ 67%] [32mBuilding CXX object CMakeFiles/control_allocator_node.dir/src/control_allocator_node.cpp.o[0m
[ 71%] Built target vehicle_model_node
[ 72%] Built target scenario_generator_node
[ 75%] Built target pid_controller_node
[ 77%] Built target visualization_node
[ 80%] Built target vehicle_interface_node
[ 81%] [32mBuilding CXX object CMakeFiles/mpc_controller_node.dir/src/mpc_controller_node.cpp.o[0m
[ 89%] Built target mpc_car_control__python
[ 92%] Built target mpc_car_control__rosidl_typesupport_introspection_c__pyext
[ 94%] Built target mpc_car_control__rosidl_typesupport_fastrtps_c__pyext
[ 97%] Built target mpc_car_control__rosidl_typesupport_c__pyext
[ 98%] [32m[1mLinking CXX executable control_allocator_node[0m
[ 98%] Built target control_allocator_node
