[0.028s] Invoking command in '/home/yucheng/mpc_motion_control_projects/mpc_ws/build/mpc_car_control': CMAKE_PREFIX_PATH=${CMAKE_PREFIX_PATH}:/opt/ros/foxy /usr/local/bin/cmake --build /home/yucheng/mpc_motion_control_projects/mpc_ws/build/mpc_car_control -- -j12 -l12
[0.057s] [  1%] Built target mpc_car_control__cpp
[0.060s] [ 10%] Built target mpc_car_control__rosidl_generator_c
[0.073s] [ 19%] Built target mpc_car_control__rosidl_typesupport_cpp
[0.074s] [ 37%] Built target mpc_car_control__rosidl_typesupport_fastrtps_cpp
[0.074s] [ 37%] Built target mpc_car_control__rosidl_typesupport_c
[0.074s] [ 46%] Built target mpc_car_control__rosidl_typesupport_introspection_cpp
[0.076s] [ 55%] Built target mpc_car_control__rosidl_typesupport_introspection_c
[0.088s] [ 64%] Built target mpc_car_control__rosidl_typesupport_fastrtps_c
[0.098s] [ 64%] Built target mpc_car_control
[0.112s] [ 66%] Built target mpc_car_control__py
[0.117s] [ 68%] Built target pid_controller_node
[0.118s] [ 74%] Built target control_allocator_node
[0.118s] [ 74%] Built target vehicle_interface_node
[0.118s] [ 76%] Built target vehicle_model_node
[0.118s] [ 79%] Built target scenario_generator_node
[0.120s] [ 81%] Built target visualization_node
[0.126s] [ 83%] [32mBuilding CXX object CMakeFiles/mpc_controller_node.dir/src/mpc_controller_node.cpp.o[0m
[0.128s] [ 90%] Built target mpc_car_control__python
[0.141s] [ 98%] Built target mpc_car_control__rosidl_typesupport_fastrtps_c__pyext
[0.141s] [ 98%] Built target mpc_car_control__rosidl_typesupport_c__pyext
[0.141s] [ 98%] Built target mpc_car_control__rosidl_typesupport_introspection_c__pyext
[1.696s] [01m[K/home/yucheng/mpc_motion_control_projects/mpc_ws/src/mpc_car_control/src/mpc_controller_node.cpp:331:46:[m[K [01;31m[Kerror: [m[K‘[01m[KTrajectory[m[K’ is not a member of ‘[01m[Kmpc_car_control::msg[m[K’
[1.696s]   331 |   rclcpp::Subscription<mpc_car_control::msg::[01;31m[KTrajectory[m[K>::SharedPtr
[1.696s]       |                                              [01;31m[K^~~~~~~~~~[m[K
[1.696s] [01m[K/home/yucheng/mpc_motion_control_projects/mpc_ws/src/mpc_car_control/src/mpc_controller_node.cpp:331:46:[m[K [01;31m[Kerror: [m[K‘[01m[KTrajectory[m[K’ is not a member of ‘[01m[Kmpc_car_control::msg[m[K’
[1.696s] [01m[K/home/yucheng/mpc_motion_control_projects/mpc_ws/src/mpc_car_control/src/mpc_controller_node.cpp:331:56:[m[K [01;31m[Kerror: [m[Ktemplate argument 1 is invalid
[1.696s]   331 |   rclcpp::Subscription<mpc_car_control::msg::Trajectory[01;31m[K>[m[K::SharedPtr
[1.696s]       |                                                        [01;31m[K^[m[K
[1.696s] [01m[K/home/yucheng/mpc_motion_control_projects/mpc_ws/src/mpc_car_control/src/mpc_controller_node.cpp:331:56:[m[K [01;31m[Kerror: [m[Ktemplate argument 3 is invalid
[1.696s] [01m[K/home/yucheng/mpc_motion_control_projects/mpc_ws/src/mpc_car_control/src/mpc_controller_node.cpp:331:59:[m[K [01;31m[Kerror: [m[Kexpected ‘[01m[K;[m[K’ at end of member declaration
[1.697s]   331 |   rclcpp::Subscription<mpc_car_control::msg::Trajectory>::[01;31m[KSharedPtr[m[K
[1.697s]       |                                                           [01;31m[K^~~~~~~~~[m[K
[1.697s]       |                                                                    [32m[K;[m[K
[1.700s] [01m[K/home/yucheng/mpc_motion_control_projects/mpc_ws/src/mpc_car_control/src/mpc_controller_node.cpp:332:7:[m[K [01;31m[Kerror: [m[K‘[01m[Ksubscription_traj_[m[K’ does not name a type
[1.700s]   332 |       [01;31m[Ksubscription_traj_[m[K;
[1.700s]       |       [01;31m[K^~~~~~~~~~~~~~~~~~[m[K
[1.712s] [01m[K/home/yucheng/mpc_motion_control_projects/mpc_ws/src/mpc_car_control/src/mpc_controller_node.cpp:337:25:[m[K [01;31m[Kerror: [m[K‘[01m[KTrajectory[m[K’ in namespace ‘[01m[Kmpc_car_control::msg[m[K’ does not name a type
[1.712s]   337 |   mpc_car_control::msg::[01;31m[KTrajectory[m[K current_trajectory_;
[1.712s]       |                         [01;31m[K^~~~~~~~~~[m[K
[1.712s] [01m[K/home/yucheng/mpc_motion_control_projects/mpc_ws/src/mpc_car_control/src/mpc_controller_node.cpp:342:16:[m[K [01;31m[Kerror: [m[Kredeclaration of ‘[01m[Kdouble MPCControllerNode::dt_[m[K’
[1.712s]   342 |   double dt_ = [01;31m[K0.01[m[K; // 100Hz
[1.712s]       |                [01;31m[K^~~~[m[K
[1.712s] [01m[K/home/yucheng/mpc_motion_control_projects/mpc_ws/src/mpc_car_control/src/mpc_controller_node.cpp:60:16:[m[K [01;36m[Knote: [m[Kprevious declaration ‘[01m[Kconst double MPCControllerNode::dt_[m[K’
[1.712s]    60 |   const double [01;36m[Kdt_[m[K = 0.01; // Time step (100Hz)
[1.712s]       |                [01;36m[K^~~[m[K
[1.712s] [01m[K/home/yucheng/mpc_motion_control_projects/mpc_ws/src/mpc_car_control/src/mpc_controller_node.cpp:343:12:[m[K [01;31m[Kerror: [m[Kredeclaration of ‘[01m[Kint MPCControllerNode::N_[m[K’
[1.712s]   343 |   int N_ = [01;31m[K50[m[K;       // 0.5s Horizon
[1.712s]       |            [01;31m[K^~[m[K
[1.712s] [01m[K/home/yucheng/mpc_motion_control_projects/mpc_ws/src/mpc_car_control/src/mpc_controller_node.cpp:59:13:[m[K [01;36m[Knote: [m[Kprevious declaration ‘[01m[Kconst int MPCControllerNode::N_[m[K’
[1.713s]    59 |   const int [01;36m[KN_[m[K = 50;       // Prediction Horizon (0.5s at 100Hz)
[1.713s]       |             [01;36m[K^~[m[K
[1.713s] [01m[K/home/yucheng/mpc_motion_control_projects/mpc_ws/src/mpc_car_control/src/mpc_controller_node.cpp:344:15:[m[K [01;31m[Kerror: [m[Kredeclaration of ‘[01m[Kdouble MPCControllerNode::m_[m[K’
[1.713s]   344 |   double m_ = [01;31m[K1412.0[m[K;
[1.713s]       |               [01;31m[K^~~~~~[m[K
[1.713s] [01m[K/home/yucheng/mpc_motion_control_projects/mpc_ws/src/mpc_car_control/src/mpc_controller_node.cpp:50:16:[m[K [01;36m[Knote: [m[Kprevious declaration ‘[01m[Kconst double MPCControllerNode::m_[m[K’
[1.713s]    50 |   const double [01;36m[Km_[m[K = 1412.0;
[1.713s]       |                [01;36m[K^~[m[K
[1.713s] [01m[K/home/yucheng/mpc_motion_control_projects/mpc_ws/src/mpc_car_control/src/mpc_controller_node.cpp:345:16:[m[K [01;31m[Kerror: [m[Kredeclaration of ‘[01m[Kdouble MPCControllerNode::Iz_[m[K’
[1.713s]   345 |   double Iz_ = [01;31m[K1536.7[m[K;
[1.713s]       |                [01;31m[K^~~~~~[m[K
[1.713s] [01m[K/home/yucheng/mpc_motion_control_projects/mpc_ws/src/mpc_car_control/src/mpc_controller_node.cpp:51:16:[m[K [01;36m[Knote: [m[Kprevious declaration ‘[01m[Kconst double MPCControllerNode::Iz_[m[K’
[1.713s]    51 |   const double [01;36m[KIz_[m[K = 1536.7;
[1.713s]       |                [01;36m[K^~~[m[K
[1.713s] [01m[K/home/yucheng/mpc_motion_control_projects/mpc_ws/src/mpc_car_control/src/mpc_controller_node.cpp:346:16:[m[K [01;31m[Kerror: [m[Kredeclaration of ‘[01m[Kdouble MPCControllerNode::lf_[m[K’
[1.713s]   346 |   double lf_ = [01;31m[K1.015[m[K;
[1.713s]       |                [01;31m[K^~~~~[m[K
[1.713s] [01m[K/home/yucheng/mpc_motion_control_projects/mpc_ws/src/mpc_car_control/src/mpc_controller_node.cpp:52:16:[m[K [01;36m[Knote: [m[Kprevious declaration ‘[01m[Kconst double MPCControllerNode::lf_[m[K’
[1.714s]    52 |   const double [01;36m[Klf_[m[K = 1.015;
[1.714s]       |                [01;36m[K^~~[m[K
[1.714s] [01m[K/home/yucheng/mpc_motion_control_projects/mpc_ws/src/mpc_car_control/src/mpc_controller_node.cpp:347:16:[m[K [01;31m[Kerror: [m[Kredeclaration of ‘[01m[Kdouble MPCControllerNode::lr_[m[K’
[1.714s]   347 |   double lr_ = [01;31m[K1.895[m[K;
[1.714s]       |                [01;31m[K^~~~~[m[K
[1.714s] [01m[K/home/yucheng/mpc_motion_control_projects/mpc_ws/src/mpc_car_control/src/mpc_controller_node.cpp:53:16:[m[K [01;36m[Knote: [m[Kprevious declaration ‘[01m[Kconst double MPCControllerNode::lr_[m[K’
[1.714s]    53 |   const double [01;36m[Klr_[m[K = 1.9;
[1.714s]       |                [01;36m[K^~~[m[K
[1.714s] [01m[K/home/yucheng/mpc_motion_control_projects/mpc_ws/src/mpc_car_control/src/mpc_controller_node.cpp:348:17:[m[K [01;31m[Kerror: [m[Kredeclaration of ‘[01m[Kdouble MPCControllerNode::Car_[m[K’
[1.714s]   348 |   double Car_ = [01;31m[K60000.0[m[K; // N/rad
[1.714s]       |                 [01;31m[K^~~~~~~[m[K
[1.714s] [01m[K/home/yucheng/mpc_motion_control_projects/mpc_ws/src/mpc_car_control/src/mpc_controller_node.cpp:55:16:[m[K [01;36m[Knote: [m[Kprevious declaration ‘[01m[Kconst double MPCControllerNode::Car_[m[K’
[1.714s]    55 |   const double [01;36m[KCar_[m[K = 50000.0;
[1.714s]       |                [01;36m[K^~~~[m[K
[1.729s] [01m[K/home/yucheng/mpc_motion_control_projects/mpc_ws/src/mpc_car_control/src/mpc_controller_node.cpp:360:13:[m[K [01;31m[Kerror: [m[Kredeclaration of ‘[01m[Kint MPCControllerNode::nx_[m[K’
[1.729s]   360 |   int nx_ = [01;31m[K6[m[K;
[1.729s]       |             [01;31m[K^[m[K
[1.729s] [01m[K/home/yucheng/mpc_motion_control_projects/mpc_ws/src/mpc_car_control/src/mpc_controller_node.cpp:61:13:[m[K [01;36m[Knote: [m[Kprevious declaration ‘[01m[Kconst int MPCControllerNode::nx_[m[K’
[1.729s]    61 |   const int [01;36m[Knx_[m[K = 6;       // [x, y, psi, vx, vy, wz]
[1.729s]       |             [01;36m[K^~~[m[K
[1.729s] [01m[K/home/yucheng/mpc_motion_control_projects/mpc_ws/src/mpc_car_control/src/mpc_controller_node.cpp:361:13:[m[K [01;31m[Kerror: [m[Kredeclaration of ‘[01m[Kint MPCControllerNode::nu_[m[K’
[1.729s]   361 |   int nu_ = [01;31m[K2[m[K;
[1.729s]       |             [01;31m[K^[m[K
[1.729s] [01m[K/home/yucheng/mpc_motion_control_projects/mpc_ws/src/mpc_car_control/src/mpc_controller_node.cpp:62:13:[m[K [01;36m[Knote: [m[Kprevious declaration ‘[01m[Kconst int MPCControllerNode::nu_[m[K’
[1.729s]    62 |   const int [01;36m[Knu_[m[K = 2;       // [accel, delta]
[1.729s]       |             [01;36m[K^~~[m[K
[1.733s] [01m[K/home/yucheng/mpc_motion_control_projects/mpc_ws/src/mpc_car_control/src/mpc_controller_node.cpp:[m[K In constructor ‘[01m[KMPCControllerNode::MPCControllerNode()[m[K’:
[1.733s] [01m[K/home/yucheng/mpc_motion_control_projects/mpc_ws/src/mpc_car_control/src/mpc_controller_node.cpp:23:5:[m[K [01;31m[Kerror: [m[K‘[01m[Ksubscription_traj_[m[K’ was not declared in this scope; did you mean ‘[01m[Ksubscription_state_[m[K’?
[1.734s]    23 |     [01;31m[Ksubscription_traj_[m[K =
[1.734s]       |     [01;31m[K^~~~~~~~~~~~~~~~~~[m[K
[1.734s]       |     [32m[Ksubscription_state_[m[K
[1.951s] [01m[K/home/yucheng/mpc_motion_control_projects/mpc_ws/src/mpc_car_control/src/mpc_controller_node.cpp:[m[K In member function ‘[01m[Kvoid MPCControllerNode::traj_callback(mpc_car_control::msg::ReferenceTrajectory_<std::allocator<void> >::SharedPtr)[m[K’:
[1.951s] [01m[K/home/yucheng/mpc_motion_control_projects/mpc_ws/src/mpc_car_control/src/mpc_controller_node.cpp:66:5:[m[K [01;31m[Kerror: [m[K‘[01m[Kcurrent_trajectory_[m[K’ was not declared in this scope
[1.952s]    66 |     [01;31m[Kcurrent_trajectory_[m[K = *msg;
[1.952s]       |     [01;31m[K^~~~~~~~~~~~~~~~~~~[m[K
[1.959s] [01m[K/home/yucheng/mpc_motion_control_projects/mpc_ws/src/mpc_car_control/src/mpc_controller_node.cpp:[m[K In member function ‘[01m[Kvoid MPCControllerNode::control_loop()[m[K’:
[1.959s] [01m[K/home/yucheng/mpc_motion_control_projects/mpc_ws/src/mpc_car_control/src/mpc_controller_node.cpp:125:29:[m[K [01;31m[Kerror: [m[K‘[01m[Kcurrent_trajectory_[m[K’ was not declared in this scope
[1.959s]   125 |     if (!state_received_ || [01;31m[Kcurrent_trajectory_[m[K.points.empty()) {
[1.959s]       |                             [01;31m[K^~~~~~~~~~~~~~~~~~~[m[K
[1.965s] [01m[K/home/yucheng/mpc_motion_control_projects/mpc_ws/src/mpc_car_control/src/mpc_controller_node.cpp:138:28:[m[K [01;31m[Kerror: [m[K‘[01m[Kcurrent_trajectory_[m[K’ was not declared in this scope
[1.965s]   138 |     for (size_t i = 0; i < [01;31m[Kcurrent_trajectory_[m[K.points.size(); ++i) {
[1.965s]       |                            [01;31m[K^~~~~~~~~~~~~~~~~~~[m[K
[1.970s] [01m[K/home/yucheng/mpc_motion_control_projects/mpc_ws/src/mpc_car_control/src/mpc_controller_node.cpp:150:35:[m[K [01;31m[Kerror: [m[K‘[01m[Kcurrent_trajectory_[m[K’ was not declared in this scope
[1.970s]   150 |         std::min(closest_idx + 5, [01;31m[Kcurrent_trajectory_[m[K.points.size() - 1);
[1.970s]       |                                   [01;31m[K^~~~~~~~~~~~~~~~~~~[m[K
[5.049s] make[2]: *** [CMakeFiles/mpc_controller_node.dir/build.make:79：CMakeFiles/mpc_controller_node.dir/src/mpc_controller_node.cpp.o] 错误 1
[5.049s] make[1]: *** [CMakeFiles/Makefile2:725：CMakeFiles/mpc_controller_node.dir/all] 错误 2
[5.050s] make: *** [Makefile:146：all] 错误 2
[5.051s] Invoked command in '/home/yucheng/mpc_motion_control_projects/mpc_ws/build/mpc_car_control' returned '2': CMAKE_PREFIX_PATH=${CMAKE_PREFIX_PATH}:/opt/ros/foxy /usr/local/bin/cmake --build /home/yucheng/mpc_motion_control_projects/mpc_ws/build/mpc_car_control -- -j12 -l12
