[0.508s] DEBUG:colcon:Command line arguments: ['/home/yucheng/.local/bin/colcon', 'build', '--packages-select', 'mpc_car_control']
[0.508s] DEBUG:colcon:Parsed command line arguments: Namespace(allow_overriding=[], ament_cmake_args=None, base_paths=['.'], build_base='build', catkin_cmake_args=None, catkin_skip_building_tests=False, cmake_args=None, cmake_clean_cache=False, cmake_clean_first=False, cmake_force_configure=False, cmake_target=None, cmake_target_skip_unavailable=False, continue_on_error=False, event_handlers=None, executor='parallel', ignore_user_meta=False, install_base='install', log_base=None, log_level=None, main=<bound method BuildVerb.main of <colcon_core.verb.build.BuildVerb object at 0x7fa1e08be970>>, merge_install=False, metas=['./colcon.meta'], packages_above=None, packages_above_and_dependencies=None, packages_above_depth=None, packages_end=None, packages_ignore=None, packages_ignore_regex=None, packages_select=['mpc_car_control'], packages_select_build_failed=False, packages_select_by_dep=None, packages_select_regex=None, packages_select_test_failures=False, packages_skip=None, packages_skip_build_finished=False, packages_skip_by_dep=None, packages_skip_regex=None, packages_skip_test_passed=False, packages_skip_up_to=None, packages_start=None, packages_up_to=None, packages_up_to_regex=None, parallel_workers=12, paths=None, symlink_install=False, test_result_base=None, verb_extension=<colcon_core.verb.build.BuildVerb object at 0x7fa1e08be970>, verb_name='build', verb_parser=<colcon_defaults.argument_parser.defaults.DefaultArgumentsDecorator object at 0x7fa1e08bef40>)
[0.539s] Level 1:colcon.colcon_core.package_discovery:discover_packages(colcon_meta) check parameters
[0.540s] Level 1:colcon.colcon_core.package_discovery:discover_packages(recursive) check parameters
[0.540s] Level 1:colcon.colcon_core.package_discovery:discover_packages(ignore) check parameters
[0.540s] Level 1:colcon.colcon_core.package_discovery:discover_packages(path) check parameters
[0.540s] Level 1:colcon.colcon_core.package_discovery:discover_packages(colcon_meta) discover
[0.540s] Level 1:colcon.colcon_core.package_discovery:discover_packages(recursive) discover
[0.540s] INFO:colcon.colcon_core.package_discovery:Crawling recursively for packages in '/home/yucheng/mpc_motion_control_projects/mpc_ws'
[0.540s] Level 1:colcon.colcon_core.package_identification:_identify(.) by extensions ['ignore', 'ignore_ament_install']
[0.540s] Level 1:colcon.colcon_core.package_identification:_identify(.) by extension 'ignore'
[0.540s] Level 1:colcon.colcon_core.package_identification:_identify(.) by extension 'ignore_ament_install'
[0.540s] Level 1:colcon.colcon_core.package_identification:_identify(.) by extensions ['colcon_pkg']
[0.540s] Level 1:colcon.colcon_core.package_identification:_identify(.) by extension 'colcon_pkg'
[0.540s] Level 1:colcon.colcon_core.package_identification:_identify(.) by extensions ['colcon_meta']
[0.541s] Level 1:colcon.colcon_core.package_identification:_identify(.) by extension 'colcon_meta'
[0.541s] Level 1:colcon.colcon_core.package_identification:_identify(.) by extensions ['ros']
[0.541s] Level 1:colcon.colcon_core.package_identification:_identify(.) by extension 'ros'
[0.552s] Level 1:colcon.colcon_core.package_identification:_identify(.) by extensions ['cmake', 'python']
[0.552s] Level 1:colcon.colcon_core.package_identification:_identify(.) by extension 'cmake'
[0.552s] Level 1:colcon.colcon_core.package_identification:_identify(.) by extension 'python'
[0.552s] Level 1:colcon.colcon_core.package_identification:_identify(.) by extensions ['python_setup_py']
[0.552s] Level 1:colcon.colcon_core.package_identification:_identify(.) by extension 'python_setup_py'
[0.552s] Level 1:colcon.colcon_core.package_identification:_identify(build) by extensions ['ignore', 'ignore_ament_install']
[0.552s] Level 1:colcon.colcon_core.package_identification:_identify(build) by extension 'ignore'
[0.552s] Level 1:colcon.colcon_core.package_identification:_identify(build) ignored
[0.552s] Level 1:colcon.colcon_core.package_identification:_identify(install) by extensions ['ignore', 'ignore_ament_install']
[0.552s] Level 1:colcon.colcon_core.package_identification:_identify(install) by extension 'ignore'
[0.552s] Level 1:colcon.colcon_core.package_identification:_identify(install) ignored
[0.553s] Level 1:colcon.colcon_core.package_identification:_identify(log) by extensions ['ignore', 'ignore_ament_install']
[0.553s] Level 1:colcon.colcon_core.package_identification:_identify(log) by extension 'ignore'
[0.553s] Level 1:colcon.colcon_core.package_identification:_identify(log) ignored
[0.553s] Level 1:colcon.colcon_core.package_identification:_identify(src) by extensions ['ignore', 'ignore_ament_install']
[0.553s] Level 1:colcon.colcon_core.package_identification:_identify(src) by extension 'ignore'
[0.553s] Level 1:colcon.colcon_core.package_identification:_identify(src) by extension 'ignore_ament_install'
[0.553s] Level 1:colcon.colcon_core.package_identification:_identify(src) by extensions ['colcon_pkg']
[0.553s] Level 1:colcon.colcon_core.package_identification:_identify(src) by extension 'colcon_pkg'
[0.553s] Level 1:colcon.colcon_core.package_identification:_identify(src) by extensions ['colcon_meta']
[0.553s] Level 1:colcon.colcon_core.package_identification:_identify(src) by extension 'colcon_meta'
[0.553s] Level 1:colcon.colcon_core.package_identification:_identify(src) by extensions ['ros']
[0.553s] Level 1:colcon.colcon_core.package_identification:_identify(src) by extension 'ros'
[0.553s] Level 1:colcon.colcon_core.package_identification:_identify(src) by extensions ['cmake', 'python']
[0.553s] Level 1:colcon.colcon_core.package_identification:_identify(src) by extension 'cmake'
[0.553s] Level 1:colcon.colcon_core.package_identification:_identify(src) by extension 'python'
[0.553s] Level 1:colcon.colcon_core.package_identification:_identify(src) by extensions ['python_setup_py']
[0.553s] Level 1:colcon.colcon_core.package_identification:_identify(src) by extension 'python_setup_py'
[0.553s] Level 1:colcon.colcon_core.package_identification:_identify(src/mpc_car_control) by extensions ['ignore', 'ignore_ament_install']
[0.554s] Level 1:colcon.colcon_core.package_identification:_identify(src/mpc_car_control) by extension 'ignore'
[0.554s] Level 1:colcon.colcon_core.package_identification:_identify(src/mpc_car_control) by extension 'ignore_ament_install'
[0.554s] Level 1:colcon.colcon_core.package_identification:_identify(src/mpc_car_control) by extensions ['colcon_pkg']
[0.554s] Level 1:colcon.colcon_core.package_identification:_identify(src/mpc_car_control) by extension 'colcon_pkg'
[0.554s] Level 1:colcon.colcon_core.package_identification:_identify(src/mpc_car_control) by extensions ['colcon_meta']
[0.554s] Level 1:colcon.colcon_core.package_identification:_identify(src/mpc_car_control) by extension 'colcon_meta'
[0.554s] Level 1:colcon.colcon_core.package_identification:_identify(src/mpc_car_control) by extensions ['ros']
[0.554s] Level 1:colcon.colcon_core.package_identification:_identify(src/mpc_car_control) by extension 'ros'
[0.556s] DEBUG:colcon.colcon_core.package_identification:Package 'src/mpc_car_control' with type 'ros.ament_cmake' and name 'mpc_car_control'
[0.556s] Level 1:colcon.colcon_core.package_discovery:discover_packages(recursive) using defaults
[0.557s] Level 1:colcon.colcon_core.package_discovery:discover_packages(ignore) discover
[0.557s] Level 1:colcon.colcon_core.package_discovery:discover_packages(ignore) using defaults
[0.557s] Level 1:colcon.colcon_core.package_discovery:discover_packages(path) discover
[0.557s] Level 1:colcon.colcon_core.package_discovery:discover_packages(path) using defaults
[0.588s] Level 1:colcon.colcon_core.package_discovery:discover_packages(prefix_path) check parameters
[0.589s] Level 1:colcon.colcon_core.package_discovery:discover_packages(prefix_path) discover
[0.596s] DEBUG:colcon.colcon_installed_package_information.package_discovery:Found 1 installed packages in /home/yucheng/mpc_motion_control_projects/mpc_ws/install
[0.601s] DEBUG:colcon.colcon_installed_package_information.package_discovery:Found 256 installed packages in /opt/ros/foxy
[0.603s] Level 1:colcon.colcon_core.package_discovery:discover_packages(prefix_path) using defaults
[0.671s] Level 5:colcon.colcon_core.verb:set package 'mpc_car_control' build argument 'cmake_args' from command line to 'None'
[0.671s] Level 5:colcon.colcon_core.verb:set package 'mpc_car_control' build argument 'cmake_target' from command line to 'None'
[0.671s] Level 5:colcon.colcon_core.verb:set package 'mpc_car_control' build argument 'cmake_target_skip_unavailable' from command line to 'False'
[0.671s] Level 5:colcon.colcon_core.verb:set package 'mpc_car_control' build argument 'cmake_clean_cache' from command line to 'False'
[0.671s] Level 5:colcon.colcon_core.verb:set package 'mpc_car_control' build argument 'cmake_clean_first' from command line to 'False'
[0.671s] Level 5:colcon.colcon_core.verb:set package 'mpc_car_control' build argument 'cmake_force_configure' from command line to 'False'
[0.671s] Level 5:colcon.colcon_core.verb:set package 'mpc_car_control' build argument 'ament_cmake_args' from command line to 'None'
[0.672s] Level 5:colcon.colcon_core.verb:set package 'mpc_car_control' build argument 'catkin_cmake_args' from command line to 'None'
[0.672s] Level 5:colcon.colcon_core.verb:set package 'mpc_car_control' build argument 'catkin_skip_building_tests' from command line to 'False'
[0.672s] DEBUG:colcon.colcon_core.verb:Building package 'mpc_car_control' with the following arguments: {'ament_cmake_args': None, 'build_base': '/home/yucheng/mpc_motion_control_projects/mpc_ws/build/mpc_car_control', 'catkin_cmake_args': None, 'catkin_skip_building_tests': False, 'cmake_args': None, 'cmake_clean_cache': False, 'cmake_clean_first': False, 'cmake_force_configure': False, 'cmake_target': None, 'cmake_target_skip_unavailable': False, 'install_base': '/home/yucheng/mpc_motion_control_projects/mpc_ws/install/mpc_car_control', 'merge_install': False, 'path': '/home/yucheng/mpc_motion_control_projects/mpc_ws/src/mpc_car_control', 'symlink_install': False, 'test_result_base': None}
[0.673s] INFO:colcon.colcon_core.executor:Executing jobs using 'parallel' executor
[0.686s] DEBUG:colcon.colcon_parallel_executor.executor.parallel:run_until_complete
[0.686s] INFO:colcon.colcon_ros.task.ament_cmake.build:Building ROS package in '/home/yucheng/mpc_motion_control_projects/mpc_ws/src/mpc_car_control' with build type 'ament_cmake'
[0.686s] INFO:colcon.colcon_cmake.task.cmake.build:Building CMake package in '/home/yucheng/mpc_motion_control_projects/mpc_ws/src/mpc_car_control'
[0.695s] INFO:colcon.colcon_core.plugin_system:Skipping extension 'colcon_core.shell.bat': Not used on non-Windows systems
[0.695s] INFO:colcon.colcon_core.shell:Skip shell extension 'powershell' for command environment: Not usable outside of PowerShell
[0.695s] DEBUG:colcon.colcon_core.shell:Skip shell extension 'dsv' for command environment
[0.716s] DEBUG:colcon.colcon_core.event_handler.log_command:Invoking command in '/home/yucheng/mpc_motion_control_projects/mpc_ws/build/mpc_car_control': CMAKE_PREFIX_PATH=${CMAKE_PREFIX_PATH}:/opt/ros/foxy /usr/local/bin/cmake --build /home/yucheng/mpc_motion_control_projects/mpc_ws/build/mpc_car_control -- -j12 -l12
[10.797s] DEBUG:colcon.colcon_core.event_handler.log_command:Invoked command in '/home/yucheng/mpc_motion_control_projects/mpc_ws/build/mpc_car_control' returned '0': CMAKE_PREFIX_PATH=${CMAKE_PREFIX_PATH}:/opt/ros/foxy /usr/local/bin/cmake --build /home/yucheng/mpc_motion_control_projects/mpc_ws/build/mpc_car_control -- -j12 -l12
[10.928s] DEBUG:colcon.colcon_core.event_handler.log_command:Invoking command in '/home/yucheng/mpc_motion_control_projects/mpc_ws/build/mpc_car_control': CMAKE_PREFIX_PATH=${CMAKE_PREFIX_PATH}:/opt/ros/foxy /usr/local/bin/cmake --install /home/yucheng/mpc_motion_control_projects/mpc_ws/build/mpc_car_control
[11.012s] Level 1:colcon.colcon_core.environment:create_environment_scripts_only(mpc_car_control)
[11.013s] DEBUG:colcon.colcon_core.event_handler.log_command:Invoked command in '/home/yucheng/mpc_motion_control_projects/mpc_ws/build/mpc_car_control' returned '0': CMAKE_PREFIX_PATH=${CMAKE_PREFIX_PATH}:/opt/ros/foxy /usr/local/bin/cmake --install /home/yucheng/mpc_motion_control_projects/mpc_ws/build/mpc_car_control
[11.022s] Level 1:colcon.colcon_core.environment:checking '/home/yucheng/mpc_motion_control_projects/mpc_ws/install/mpc_car_control' for CMake module files
[11.022s] Level 1:colcon.colcon_core.environment:checking '/home/yucheng/mpc_motion_control_projects/mpc_ws/install/mpc_car_control' for CMake config files
[11.023s] Level 1:colcon.colcon_core.shell:create_environment_hook('mpc_car_control', 'cmake_prefix_path')
[11.028s] INFO:colcon.colcon_core.shell:Creating environment hook '/home/yucheng/mpc_motion_control_projects/mpc_ws/install/mpc_car_control/share/mpc_car_control/hook/cmake_prefix_path.ps1'
[11.029s] INFO:colcon.colcon_core.shell:Creating environment descriptor '/home/yucheng/mpc_motion_control_projects/mpc_ws/install/mpc_car_control/share/mpc_car_control/hook/cmake_prefix_path.dsv'
[11.029s] INFO:colcon.colcon_core.shell:Creating environment hook '/home/yucheng/mpc_motion_control_projects/mpc_ws/install/mpc_car_control/share/mpc_car_control/hook/cmake_prefix_path.sh'
[11.030s] Level 1:colcon.colcon_core.environment:checking '/home/yucheng/mpc_motion_control_projects/mpc_ws/install/mpc_car_control/lib'
[11.030s] Level 1:colcon.colcon_core.shell:create_environment_hook('mpc_car_control', 'ld_library_path_lib')
[11.035s] INFO:colcon.colcon_core.shell:Creating environment hook '/home/yucheng/mpc_motion_control_projects/mpc_ws/install/mpc_car_control/share/mpc_car_control/hook/ld_library_path_lib.ps1'
[11.035s] INFO:colcon.colcon_core.shell:Creating environment descriptor '/home/yucheng/mpc_motion_control_projects/mpc_ws/install/mpc_car_control/share/mpc_car_control/hook/ld_library_path_lib.dsv'
[11.036s] INFO:colcon.colcon_core.shell:Creating environment hook '/home/yucheng/mpc_motion_control_projects/mpc_ws/install/mpc_car_control/share/mpc_car_control/hook/ld_library_path_lib.sh'
[11.036s] Level 1:colcon.colcon_core.environment:checking '/home/yucheng/mpc_motion_control_projects/mpc_ws/install/mpc_car_control/bin'
[11.036s] Level 1:colcon.colcon_core.environment:checking '/home/yucheng/mpc_motion_control_projects/mpc_ws/install/mpc_car_control/lib/pkgconfig/mpc_car_control.pc'
[11.036s] Level 1:colcon.colcon_core.environment:checking '/home/yucheng/mpc_motion_control_projects/mpc_ws/install/mpc_car_control/lib/python3.8/site-packages'
[11.036s] Level 1:colcon.colcon_core.shell:create_environment_hook('mpc_car_control', 'pythonpath')
[11.041s] INFO:colcon.colcon_core.shell:Creating environment hook '/home/yucheng/mpc_motion_control_projects/mpc_ws/install/mpc_car_control/share/mpc_car_control/hook/pythonpath.ps1'
[11.042s] INFO:colcon.colcon_core.shell:Creating environment descriptor '/home/yucheng/mpc_motion_control_projects/mpc_ws/install/mpc_car_control/share/mpc_car_control/hook/pythonpath.dsv'
[11.042s] INFO:colcon.colcon_core.shell:Creating environment hook '/home/yucheng/mpc_motion_control_projects/mpc_ws/install/mpc_car_control/share/mpc_car_control/hook/pythonpath.sh'
[11.043s] Level 1:colcon.colcon_core.environment:checking '/home/yucheng/mpc_motion_control_projects/mpc_ws/install/mpc_car_control/bin'
[11.047s] INFO:colcon.colcon_core.shell:Creating package script '/home/yucheng/mpc_motion_control_projects/mpc_ws/install/mpc_car_control/share/mpc_car_control/package.ps1'
[11.048s] INFO:colcon.colcon_core.shell:Creating package descriptor '/home/yucheng/mpc_motion_control_projects/mpc_ws/install/mpc_car_control/share/mpc_car_control/package.dsv'
[11.049s] INFO:colcon.colcon_core.shell:Creating package script '/home/yucheng/mpc_motion_control_projects/mpc_ws/install/mpc_car_control/share/mpc_car_control/package.sh'
[11.049s] INFO:colcon.colcon_core.shell:Creating package script '/home/yucheng/mpc_motion_control_projects/mpc_ws/install/mpc_car_control/share/mpc_car_control/package.bash'
[11.050s] INFO:colcon.colcon_core.shell:Creating package script '/home/yucheng/mpc_motion_control_projects/mpc_ws/install/mpc_car_control/share/mpc_car_control/package.zsh'
[11.051s] Level 1:colcon.colcon_core.environment:create_file_with_runtime_dependencies(/home/yucheng/mpc_motion_control_projects/mpc_ws/install/mpc_car_control/share/colcon-core/packages/mpc_car_control)
[11.175s] Level 1:colcon.colcon_core.environment:create_environment_scripts_only(mpc_car_control)
[11.182s] Level 1:colcon.colcon_core.environment:checking '/home/yucheng/mpc_motion_control_projects/mpc_ws/install/mpc_car_control' for CMake module files
[11.182s] Level 1:colcon.colcon_core.environment:checking '/home/yucheng/mpc_motion_control_projects/mpc_ws/install/mpc_car_control' for CMake config files
[11.183s] Level 1:colcon.colcon_core.shell:create_environment_hook('mpc_car_control', 'cmake_prefix_path')
[11.188s] INFO:colcon.colcon_core.shell:Creating environment hook '/home/yucheng/mpc_motion_control_projects/mpc_ws/install/mpc_car_control/share/mpc_car_control/hook/cmake_prefix_path.ps1'
[11.188s] INFO:colcon.colcon_core.shell:Creating environment descriptor '/home/yucheng/mpc_motion_control_projects/mpc_ws/install/mpc_car_control/share/mpc_car_control/hook/cmake_prefix_path.dsv'
[11.189s] INFO:colcon.colcon_core.shell:Creating environment hook '/home/yucheng/mpc_motion_control_projects/mpc_ws/install/mpc_car_control/share/mpc_car_control/hook/cmake_prefix_path.sh'
[11.189s] Level 1:colcon.colcon_core.environment:checking '/home/yucheng/mpc_motion_control_projects/mpc_ws/install/mpc_car_control/lib'
[11.189s] Level 1:colcon.colcon_core.shell:create_environment_hook('mpc_car_control', 'ld_library_path_lib')
[11.194s] INFO:colcon.colcon_core.shell:Creating environment hook '/home/yucheng/mpc_motion_control_projects/mpc_ws/install/mpc_car_control/share/mpc_car_control/hook/ld_library_path_lib.ps1'
[11.194s] INFO:colcon.colcon_core.shell:Creating environment descriptor '/home/yucheng/mpc_motion_control_projects/mpc_ws/install/mpc_car_control/share/mpc_car_control/hook/ld_library_path_lib.dsv'
[11.195s] INFO:colcon.colcon_core.shell:Creating environment hook '/home/yucheng/mpc_motion_control_projects/mpc_ws/install/mpc_car_control/share/mpc_car_control/hook/ld_library_path_lib.sh'
[11.195s] Level 1:colcon.colcon_core.environment:checking '/home/yucheng/mpc_motion_control_projects/mpc_ws/install/mpc_car_control/bin'
[11.195s] Level 1:colcon.colcon_core.environment:checking '/home/yucheng/mpc_motion_control_projects/mpc_ws/install/mpc_car_control/lib/pkgconfig/mpc_car_control.pc'
[11.195s] Level 1:colcon.colcon_core.environment:checking '/home/yucheng/mpc_motion_control_projects/mpc_ws/install/mpc_car_control/lib/python3.8/site-packages'
[11.195s] Level 1:colcon.colcon_core.shell:create_environment_hook('mpc_car_control', 'pythonpath')
[11.200s] INFO:colcon.colcon_core.shell:Creating environment hook '/home/yucheng/mpc_motion_control_projects/mpc_ws/install/mpc_car_control/share/mpc_car_control/hook/pythonpath.ps1'
[11.201s] INFO:colcon.colcon_core.shell:Creating environment descriptor '/home/yucheng/mpc_motion_control_projects/mpc_ws/install/mpc_car_control/share/mpc_car_control/hook/pythonpath.dsv'
[11.201s] INFO:colcon.colcon_core.shell:Creating environment hook '/home/yucheng/mpc_motion_control_projects/mpc_ws/install/mpc_car_control/share/mpc_car_control/hook/pythonpath.sh'
[11.201s] Level 1:colcon.colcon_core.environment:checking '/home/yucheng/mpc_motion_control_projects/mpc_ws/install/mpc_car_control/bin'
[11.208s] INFO:colcon.colcon_core.shell:Creating package script '/home/yucheng/mpc_motion_control_projects/mpc_ws/install/mpc_car_control/share/mpc_car_control/package.ps1'
[11.209s] INFO:colcon.colcon_core.shell:Creating package descriptor '/home/yucheng/mpc_motion_control_projects/mpc_ws/install/mpc_car_control/share/mpc_car_control/package.dsv'
[11.209s] INFO:colcon.colcon_core.shell:Creating package script '/home/yucheng/mpc_motion_control_projects/mpc_ws/install/mpc_car_control/share/mpc_car_control/package.sh'
[11.210s] INFO:colcon.colcon_core.shell:Creating package script '/home/yucheng/mpc_motion_control_projects/mpc_ws/install/mpc_car_control/share/mpc_car_control/package.bash'
[11.210s] INFO:colcon.colcon_core.shell:Creating package script '/home/yucheng/mpc_motion_control_projects/mpc_ws/install/mpc_car_control/share/mpc_car_control/package.zsh'
[11.211s] Level 1:colcon.colcon_core.environment:create_file_with_runtime_dependencies(/home/yucheng/mpc_motion_control_projects/mpc_ws/install/mpc_car_control/share/colcon-core/packages/mpc_car_control)
[11.211s] DEBUG:colcon.colcon_parallel_executor.executor.parallel:closing loop
[11.211s] DEBUG:colcon.colcon_parallel_executor.executor.parallel:loop closed
[11.212s] DEBUG:colcon.colcon_parallel_executor.executor.parallel:run_until_complete finished with '0'
[11.212s] DEBUG:colcon.colcon_core.event_reactor:joining thread
[11.221s] INFO:colcon.colcon_core.plugin_system:Skipping extension 'colcon_notification.desktop_notification.terminal_notifier': Not used on non-Darwin systems
[11.221s] INFO:colcon.colcon_core.plugin_system:Skipping extension 'colcon_notification.desktop_notification.win32': Not used on non-Windows systems
[11.221s] INFO:colcon.colcon_notification.desktop_notification:Sending desktop notification using 'notify2'
[11.232s] DEBUG:colcon.colcon_core.event_reactor:joined thread
[11.237s] INFO:colcon.colcon_core.shell:Creating prefix script '/home/yucheng/mpc_motion_control_projects/mpc_ws/install/local_setup.ps1'
[11.238s] INFO:colcon.colcon_core.shell:Creating prefix util module '/home/yucheng/mpc_motion_control_projects/mpc_ws/install/_local_setup_util_ps1.py'
[11.239s] INFO:colcon.colcon_core.shell:Creating prefix chain script '/home/yucheng/mpc_motion_control_projects/mpc_ws/install/setup.ps1'
[11.244s] INFO:colcon.colcon_core.shell:Creating prefix script '/home/yucheng/mpc_motion_control_projects/mpc_ws/install/local_setup.sh'
[11.244s] INFO:colcon.colcon_core.shell:Creating prefix util module '/home/yucheng/mpc_motion_control_projects/mpc_ws/install/_local_setup_util_sh.py'
[11.244s] INFO:colcon.colcon_core.shell:Creating prefix chain script '/home/yucheng/mpc_motion_control_projects/mpc_ws/install/setup.sh'
[11.249s] INFO:colcon.colcon_core.shell:Creating prefix script '/home/yucheng/mpc_motion_control_projects/mpc_ws/install/local_setup.bash'
[11.249s] INFO:colcon.colcon_core.shell:Creating prefix chain script '/home/yucheng/mpc_motion_control_projects/mpc_ws/install/setup.bash'
[11.254s] INFO:colcon.colcon_core.shell:Creating prefix script '/home/yucheng/mpc_motion_control_projects/mpc_ws/install/local_setup.zsh'
[11.254s] INFO:colcon.colcon_core.shell:Creating prefix chain script '/home/yucheng/mpc_motion_control_projects/mpc_ws/install/setup.zsh'
