[0.028s] Invoking command in '/home/yucheng/mpc_motion_control_projects/mpc_ws/build/mpc_car_control': CMAKE_PREFIX_PATH=${CMAKE_PREFIX_PATH}:/opt/ros/foxy /usr/local/bin/cmake --build /home/yucheng/mpc_motion_control_projects/mpc_ws/build/mpc_car_control -- -j12 -l12
[0.041s] [0mCMake Deprecation Warning at CMakeLists.txt:1 (cmake_minimum_required):
[0.041s]   Compatibility with CMake < 3.10 will be removed from a future version of
[0.041s]   CMake.
[0.041s] 
[0.041s]   Update the VERSION argument <min> value.  Or, use the <min>...<max> syntax
[0.041s]   to tell CMake that the project requires at least <min> but has been updated
[0.041s]   to work with policies introduced by <max> or earlier.
[0.041s] 
[0.041s] [0m
[0.051s] -- Found ament_cmake: 0.9.12 (/opt/ros/foxy/share/ament_cmake/cmake)
[0.052s] [33mCMake Warning (dev) at /opt/ros/foxy/share/ament_cmake_core/cmake/core/python.cmake:22 (find_package):
[0.052s]   Policy CMP0148 is not set: The FindPythonInterp and FindPythonLibs modules
[0.052s]   are removed.  Run "cmake --help-policy CMP0148" for policy details.  Use
[0.052s]   the cmake_policy command to set the policy and suppress this warning.
[0.052s] 
[0.052s] Call Stack (most recent call first):
[0.052s]   /opt/ros/foxy/share/ament_cmake_core/cmake/core/all.cmake:53 (include)
[0.053s]   /opt/ros/foxy/share/ament_cmake_core/cmake/ament_cmake_core-extras.cmake:17 (include)
[0.053s]   /opt/ros/foxy/share/ament_cmake_core/cmake/ament_cmake_coreConfig.cmake:41 (include)
[0.053s]   /opt/ros/foxy/share/ament_cmake/cmake/ament_cmake_export_dependencies-extras.cmake:15 (find_package)
[0.053s]   /opt/ros/foxy/share/ament_cmake/cmake/ament_cmakeConfig.cmake:41 (include)
[0.053s]   CMakeLists.txt:19 (find_package)
[0.053s] This warning is for project developers.  Use -Wno-dev to suppress it.
[0.053s] [0m
[0.070s] -- Found PythonInterp: /usr/bin/python3 (found suitable version "3.8.10", minimum required is "3")
[0.070s] -- Using PYTHON_EXECUTABLE: /usr/bin/python3
[0.273s] -- Found rclcpp: 2.4.3 (/opt/ros/foxy/share/rclcpp/cmake)
[0.317s] -- Using all available rosidl_typesupport_c: rosidl_typesupport_fastrtps_c;rosidl_typesupport_introspection_c
[0.320s] -- Found rosidl_adapter: 1.3.1 (/opt/ros/foxy/share/rosidl_adapter/cmake)
[0.437s] -- Using all available rosidl_typesupport_cpp: rosidl_typesupport_fastrtps_cpp;rosidl_typesupport_introspection_cpp
[0.480s] -- Found rmw_implementation_cmake: 1.0.4 (/opt/ros/foxy/share/rmw_implementation_cmake/cmake)
[0.482s] -- Using RMW implementation 'rmw_fastrtps_cpp' as default
[0.602s] -- Found visualization_msgs: 2.0.5 (/opt/ros/foxy/share/visualization_msgs/cmake)
[0.700s] -- Found tf2: 0.13.14 (/opt/ros/foxy/share/tf2/cmake)
[0.708s] -- Found tf2_ros: 0.13.14 (/opt/ros/foxy/share/tf2_ros/cmake)
[0.986s] -- Found tf2_geometry_msgs: 0.13.14 (/opt/ros/foxy/share/tf2_geometry_msgs/cmake)
[0.991s] -- Found eigen3_cmake_module: 0.1.1 (/opt/ros/foxy/share/eigen3_cmake_module/cmake)
[1.014s] -- Found ament_lint_auto: 0.9.8 (/opt/ros/foxy/share/ament_lint_auto/cmake)
[1.070s] -- Found rosidl_default_generators: 1.0.1 (/opt/ros/foxy/share/rosidl_default_generators/cmake)
[1.080s] [33mCMake Warning (dev) at /opt/ros/foxy/share/rosidl_adapter/cmake/rosidl_adapt_interfaces.cmake:40 (find_package):
[1.080s]   Policy CMP0148 is not set: The FindPythonInterp and FindPythonLibs modules
[1.080s]   are removed.  Run "cmake --help-policy CMP0148" for policy details.  Use
[1.080s]   the cmake_policy command to set the policy and suppress this warning.
[1.080s] 
[1.080s] Call Stack (most recent call first):
[1.080s]   /opt/ros/foxy/share/rosidl_cmake/cmake/rosidl_generate_interfaces.cmake:130 (rosidl_adapt_interfaces)
[1.080s]   CMakeLists.txt:41 (rosidl_generate_interfaces)
[1.080s] This warning is for project developers.  Use -Wno-dev to suppress it.
[1.080s] [0m
[1.098s] -- Found PythonInterp: /usr/bin/python3 (found version "3.8.10")
[1.223s] -- Found ament_cmake_ros: 0.9.2 (/opt/ros/foxy/share/ament_cmake_ros/cmake)
[1.433s] -- Using all available rosidl_typesupport_c: rosidl_typesupport_fastrtps_c;rosidl_typesupport_introspection_c
[1.521s] -- Using all available rosidl_typesupport_cpp: rosidl_typesupport_fastrtps_cpp;rosidl_typesupport_introspection_cpp
[1.524s] [33mCMake Warning (dev) at /opt/ros/foxy/share/rosidl_generator_py/cmake/rosidl_generator_py_generate_interfaces.cmake:20 (find_package):
[1.524s]   Policy CMP0148 is not set: The FindPythonInterp and FindPythonLibs modules
[1.524s]   are removed.  Run "cmake --help-policy CMP0148" for policy details.  Use
[1.525s]   the cmake_policy command to set the policy and suppress this warning.
[1.525s] 
[1.525s] Call Stack (most recent call first):
[1.525s]   /opt/ros/foxy/share/ament_cmake_core/cmake/core/ament_execute_extensions.cmake:48 (include)
[1.525s]   /opt/ros/foxy/share/rosidl_cmake/cmake/rosidl_generate_interfaces.cmake:286 (ament_execute_extensions)
[1.525s]   CMakeLists.txt:41 (rosidl_generate_interfaces)
[1.525s] This warning is for project developers.  Use -Wno-dev to suppress it.
[1.525s] [0m
[1.544s] -- Found PythonInterp: /usr/bin/python3 (found suitable version "3.8.10", minimum required is "3.5")
[1.544s] -- Found python_cmake_module: 0.8.1 (/opt/ros/foxy/share/python_cmake_module/cmake)
[1.544s] [33mCMake Warning (dev) at /opt/ros/foxy/share/python_cmake_module/cmake/Modules/FindPythonExtra.cmake:45 (find_package):
[1.544s]   Policy CMP0148 is not set: The FindPythonInterp and FindPythonLibs modules
[1.544s]   are removed.  Run "cmake --help-policy CMP0148" for policy details.  Use
[1.545s]   the cmake_policy command to set the policy and suppress this warning.
[1.545s] 
[1.545s] Call Stack (most recent call first):
[1.545s]   /opt/ros/foxy/share/rosidl_generator_py/cmake/rosidl_generator_py_generate_interfaces.cmake:23 (find_package)
[1.545s]   /opt/ros/foxy/share/ament_cmake_core/cmake/core/ament_execute_extensions.cmake:48 (include)
[1.545s]   /opt/ros/foxy/share/rosidl_cmake/cmake/rosidl_generate_interfaces.cmake:286 (ament_execute_extensions)
[1.545s]   CMakeLists.txt:41 (rosidl_generate_interfaces)
[1.545s] This warning is for project developers.  Use -Wno-dev to suppress it.
[1.545s] [0m
[1.563s] [33mCMake Warning (dev) at /opt/ros/foxy/share/python_cmake_module/cmake/Modules/FindPythonExtra.cmake:133 (find_package):
[1.563s]   Policy CMP0148 is not set: The FindPythonInterp and FindPythonLibs modules
[1.564s]   are removed.  Run "cmake --help-policy CMP0148" for policy details.  Use
[1.564s]   the cmake_policy command to set the policy and suppress this warning.
[1.564s] 
[1.564s] Call Stack (most recent call first):
[1.564s]   /opt/ros/foxy/share/rosidl_generator_py/cmake/rosidl_generator_py_generate_interfaces.cmake:23 (find_package)
[1.564s]   /opt/ros/foxy/share/ament_cmake_core/cmake/core/ament_execute_extensions.cmake:48 (include)
[1.564s]   /opt/ros/foxy/share/rosidl_cmake/cmake/rosidl_generate_interfaces.cmake:286 (ament_execute_extensions)
[1.564s]   CMakeLists.txt:41 (rosidl_generate_interfaces)
[1.564s] This warning is for project developers.  Use -Wno-dev to suppress it.
[1.564s] [0m
[1.565s] -- Using PYTHON_EXECUTABLE: /usr/bin/python3
[1.565s] -- Using PYTHON_INCLUDE_DIRS: /usr/include/python3.8
[1.565s] -- Using PYTHON_LIBRARIES: /usr/lib/x86_64-linux-gnu/libpython3.8.so
[1.610s] [31mCMake Error at /opt/ros/foxy/share/ament_cmake_target_dependencies/cmake/ament_target_dependencies.cmake:77 (message):
[1.611s]   ament_target_dependencies() the passed package name 'mpc_car_control' was
[1.611s]   not found before
[1.611s] Call Stack (most recent call first):
[1.611s]   CMakeLists.txt:79 (ament_target_dependencies)
[1.611s] 
[1.611s] [0m
[1.611s] -- Configuring incomplete, errors occurred!
[1.620s] make: *** [Makefile:1829：cmake_check_build_system] 错误 1
[1.622s] Invoked command in '/home/yucheng/mpc_motion_control_projects/mpc_ws/build/mpc_car_control' returned '2': CMAKE_PREFIX_PATH=${CMAKE_PREFIX_PATH}:/opt/ros/foxy /usr/local/bin/cmake --build /home/yucheng/mpc_motion_control_projects/mpc_ws/build/mpc_car_control -- -j12 -l12
