[0.044s] DEBUG:colcon:Command line arguments: ['/usr/bin/colcon', 'build', '--packages-select', 'mpc_car_control']
[0.045s] DEBUG:colcon:Parsed command line arguments: Namespace(log_base=None, log_level=None, verb_name='build', build_base='build', install_base='install', merge_install=False, symlink_install=False, test_result_base=None, continue_on_error=False, executor='parallel', parallel_workers=24, event_handlers=None, ignore_user_meta=False, metas=['./colcon.meta'], base_paths=['.'], packages_ignore=None, packages_ignore_regex=None, paths=None, packages_up_to=None, packages_up_to_regex=None, packages_above=None, packages_above_and_dependencies=None, packages_above_depth=None, packages_select_by_dep=None, packages_skip_by_dep=None, packages_skip_up_to=None, packages_select_build_failed=False, packages_skip_build_finished=False, packages_select_test_failures=False, packages_skip_test_passed=False, packages_select=['mpc_car_control'], packages_skip=None, packages_select_regex=None, packages_skip_regex=None, packages_start=None, packages_end=None, allow_overriding=[], cmake_args=None, cmake_target=None, cmake_target_skip_unavailable=False, cmake_clean_cache=False, cmake_clean_first=False, cmake_force_configure=False, ament_cmake_args=None, catkin_cmake_args=None, catkin_skip_building_tests=False, verb_parser=<colcon_defaults.argument_parser.defaults.DefaultArgumentsDecorator object at 0x76ccf58694c0>, verb_extension=<colcon_core.verb.build.BuildVerb object at 0x76ccf6204aa0>, main=<bound method BuildVerb.main of <colcon_core.verb.build.BuildVerb object at 0x76ccf6204aa0>>)
[0.062s] Level 1:colcon.colcon_core.package_discovery:discover_packages(colcon_meta) check parameters
[0.062s] Level 1:colcon.colcon_core.package_discovery:discover_packages(recursive) check parameters
[0.062s] Level 1:colcon.colcon_core.package_discovery:discover_packages(ignore) check parameters
[0.062s] Level 1:colcon.colcon_core.package_discovery:discover_packages(path) check parameters
[0.062s] Level 1:colcon.colcon_core.package_discovery:discover_packages(colcon_meta) discover
[0.062s] Level 1:colcon.colcon_core.package_discovery:discover_packages(recursive) discover
[0.062s] INFO:colcon.colcon_core.package_discovery:Crawling recursively for packages in '/home/yucheng/mpc_motion_control_projects/mpc_ws'
[0.062s] Level 1:colcon.colcon_core.package_identification:_identify(.) by extensions ['ignore', 'ignore_ament_install']
[0.062s] Level 1:colcon.colcon_core.package_identification:_identify(.) by extension 'ignore'
[0.062s] Level 1:colcon.colcon_core.package_identification:_identify(.) by extension 'ignore_ament_install'
[0.062s] Level 1:colcon.colcon_core.package_identification:_identify(.) by extensions ['colcon_pkg']
[0.062s] Level 1:colcon.colcon_core.package_identification:_identify(.) by extension 'colcon_pkg'
[0.062s] Level 1:colcon.colcon_core.package_identification:_identify(.) by extensions ['colcon_meta']
[0.062s] Level 1:colcon.colcon_core.package_identification:_identify(.) by extension 'colcon_meta'
[0.062s] Level 1:colcon.colcon_core.package_identification:_identify(.) by extensions ['ros']
[0.062s] Level 1:colcon.colcon_core.package_identification:_identify(.) by extension 'ros'
[0.074s] Level 1:colcon.colcon_core.package_identification:_identify(.) by extensions ['cmake', 'python']
[0.074s] Level 1:colcon.colcon_core.package_identification:_identify(.) by extension 'cmake'
[0.074s] Level 1:colcon.colcon_core.package_identification:_identify(.) by extension 'python'
[0.074s] Level 1:colcon.colcon_core.package_identification:_identify(.) by extensions ['python_setup_py']
[0.074s] Level 1:colcon.colcon_core.package_identification:_identify(.) by extension 'python_setup_py'
[0.074s] Level 1:colcon.colcon_core.package_identification:_identify(build) by extensions ['ignore', 'ignore_ament_install']
[0.074s] Level 1:colcon.colcon_core.package_identification:_identify(build) by extension 'ignore'
[0.074s] Level 1:colcon.colcon_core.package_identification:_identify(build) ignored
[0.074s] Level 1:colcon.colcon_core.package_identification:_identify(install) by extensions ['ignore', 'ignore_ament_install']
[0.074s] Level 1:colcon.colcon_core.package_identification:_identify(install) by extension 'ignore'
[0.074s] Level 1:colcon.colcon_core.package_identification:_identify(install) ignored
[0.074s] Level 1:colcon.colcon_core.package_identification:_identify(log) by extensions ['ignore', 'ignore_ament_install']
[0.075s] Level 1:colcon.colcon_core.package_identification:_identify(log) by extension 'ignore'
[0.075s] Level 1:colcon.colcon_core.package_identification:_identify(log) ignored
[0.075s] Level 1:colcon.colcon_core.package_identification:_identify(src) by extensions ['ignore', 'ignore_ament_install']
[0.075s] Level 1:colcon.colcon_core.package_identification:_identify(src) by extension 'ignore'
[0.075s] Level 1:colcon.colcon_core.package_identification:_identify(src) by extension 'ignore_ament_install'
[0.075s] Level 1:colcon.colcon_core.package_identification:_identify(src) by extensions ['colcon_pkg']
[0.075s] Level 1:colcon.colcon_core.package_identification:_identify(src) by extension 'colcon_pkg'
[0.075s] Level 1:colcon.colcon_core.package_identification:_identify(src) by extensions ['colcon_meta']
[0.075s] Level 1:colcon.colcon_core.package_identification:_identify(src) by extension 'colcon_meta'
[0.075s] Level 1:colcon.colcon_core.package_identification:_identify(src) by extensions ['ros']
[0.075s] Level 1:colcon.colcon_core.package_identification:_identify(src) by extension 'ros'
[0.075s] Level 1:colcon.colcon_core.package_identification:_identify(src) by extensions ['cmake', 'python']
[0.075s] Level 1:colcon.colcon_core.package_identification:_identify(src) by extension 'cmake'
[0.075s] Level 1:colcon.colcon_core.package_identification:_identify(src) by extension 'python'
[0.075s] Level 1:colcon.colcon_core.package_identification:_identify(src) by extensions ['python_setup_py']
[0.075s] Level 1:colcon.colcon_core.package_identification:_identify(src) by extension 'python_setup_py'
[0.075s] Level 1:colcon.colcon_core.package_identification:_identify(src/mpc_car_control) by extensions ['ignore', 'ignore_ament_install']
[0.075s] Level 1:colcon.colcon_core.package_identification:_identify(src/mpc_car_control) by extension 'ignore'
[0.075s] Level 1:colcon.colcon_core.package_identification:_identify(src/mpc_car_control) by extension 'ignore_ament_install'
[0.075s] Level 1:colcon.colcon_core.package_identification:_identify(src/mpc_car_control) by extensions ['colcon_pkg']
[0.075s] Level 1:colcon.colcon_core.package_identification:_identify(src/mpc_car_control) by extension 'colcon_pkg'
[0.075s] Level 1:colcon.colcon_core.package_identification:_identify(src/mpc_car_control) by extensions ['colcon_meta']
[0.075s] Level 1:colcon.colcon_core.package_identification:_identify(src/mpc_car_control) by extension 'colcon_meta'
[0.075s] Level 1:colcon.colcon_core.package_identification:_identify(src/mpc_car_control) by extensions ['ros']
[0.075s] Level 1:colcon.colcon_core.package_identification:_identify(src/mpc_car_control) by extension 'ros'
[0.077s] DEBUG:colcon.colcon_core.package_identification:Package 'src/mpc_car_control' with type 'ros.ament_cmake' and name 'mpc_car_control'
[0.077s] Level 1:colcon.colcon_core.package_discovery:discover_packages(recursive) using defaults
[0.077s] Level 1:colcon.colcon_core.package_discovery:discover_packages(ignore) discover
[0.077s] Level 1:colcon.colcon_core.package_discovery:discover_packages(ignore) using defaults
[0.077s] Level 1:colcon.colcon_core.package_discovery:discover_packages(path) discover
[0.077s] Level 1:colcon.colcon_core.package_discovery:discover_packages(path) using defaults
[0.085s] Level 1:colcon.colcon_core.package_discovery:discover_packages(prefix_path) check parameters
[0.085s] Level 1:colcon.colcon_core.package_discovery:discover_packages(prefix_path) discover
[0.086s] DEBUG:colcon.colcon_installed_package_information.package_discovery:Found 285 installed packages in /opt/ros/jazzy
[0.086s] Level 1:colcon.colcon_core.package_discovery:discover_packages(prefix_path) using defaults
[0.102s] Level 5:colcon.colcon_core.verb:set package 'mpc_car_control' build argument 'cmake_args' from command line to 'None'
[0.102s] Level 5:colcon.colcon_core.verb:set package 'mpc_car_control' build argument 'cmake_target' from command line to 'None'
[0.102s] Level 5:colcon.colcon_core.verb:set package 'mpc_car_control' build argument 'cmake_target_skip_unavailable' from command line to 'False'
[0.102s] Level 5:colcon.colcon_core.verb:set package 'mpc_car_control' build argument 'cmake_clean_cache' from command line to 'False'
[0.102s] Level 5:colcon.colcon_core.verb:set package 'mpc_car_control' build argument 'cmake_clean_first' from command line to 'False'
[0.102s] Level 5:colcon.colcon_core.verb:set package 'mpc_car_control' build argument 'cmake_force_configure' from command line to 'False'
[0.102s] Level 5:colcon.colcon_core.verb:set package 'mpc_car_control' build argument 'ament_cmake_args' from command line to 'None'
[0.102s] Level 5:colcon.colcon_core.verb:set package 'mpc_car_control' build argument 'catkin_cmake_args' from command line to 'None'
[0.102s] Level 5:colcon.colcon_core.verb:set package 'mpc_car_control' build argument 'catkin_skip_building_tests' from command line to 'False'
[0.102s] DEBUG:colcon.colcon_core.verb:Building package 'mpc_car_control' with the following arguments: {'ament_cmake_args': None, 'build_base': '/home/yucheng/mpc_motion_control_projects/mpc_ws/build/mpc_car_control', 'catkin_cmake_args': None, 'catkin_skip_building_tests': False, 'cmake_args': None, 'cmake_clean_cache': False, 'cmake_clean_first': False, 'cmake_force_configure': False, 'cmake_target': None, 'cmake_target_skip_unavailable': False, 'install_base': '/home/yucheng/mpc_motion_control_projects/mpc_ws/install/mpc_car_control', 'merge_install': False, 'path': '/home/yucheng/mpc_motion_control_projects/mpc_ws/src/mpc_car_control', 'symlink_install': False, 'test_result_base': None}
[0.102s] INFO:colcon.colcon_core.executor:Executing jobs using 'parallel' executor
[0.102s] DEBUG:colcon.colcon_parallel_executor.executor.parallel:run_until_complete
[0.102s] INFO:colcon.colcon_ros.task.ament_cmake.build:Building ROS package in '/home/yucheng/mpc_motion_control_projects/mpc_ws/src/mpc_car_control' with build type 'ament_cmake'
[0.103s] INFO:colcon.colcon_cmake.task.cmake.build:Building CMake package in '/home/yucheng/mpc_motion_control_projects/mpc_ws/src/mpc_car_control'
[0.104s] INFO:colcon.colcon_core.plugin_system:Skipping extension 'colcon_core.shell.bat': Not used on non-Windows systems
[0.104s] INFO:colcon.colcon_core.shell:Skip shell extension 'powershell' for command environment: Not usable outside of PowerShell
[0.104s] DEBUG:colcon.colcon_core.shell:Skip shell extension 'dsv' for command environment
[0.108s] DEBUG:colcon.colcon_core.event_handler.log_command:Invoking command in '/home/yucheng/mpc_motion_control_projects/mpc_ws/build/mpc_car_control': CMAKE_PREFIX_PATH=${CMAKE_PREFIX_PATH}:/opt/ros/jazzy DEBUGINFOD_URLS=https://debuginfod.ubuntu.com /usr/bin/cmake --build /home/yucheng/mpc_motion_control_projects/mpc_ws/build/mpc_car_control -- -j24 -l24
[4.273s] Level 1:colcon.colcon_core.environment:create_environment_scripts_only(mpc_car_control)
[4.273s] DEBUG:colcon.colcon_core.event_handler.log_command:Invoked command in '/home/yucheng/mpc_motion_control_projects/mpc_ws/build/mpc_car_control' returned '2': CMAKE_PREFIX_PATH=${CMAKE_PREFIX_PATH}:/opt/ros/jazzy DEBUGINFOD_URLS=https://debuginfod.ubuntu.com /usr/bin/cmake --build /home/yucheng/mpc_motion_control_projects/mpc_ws/build/mpc_car_control -- -j24 -l24
[4.275s] Level 1:colcon.colcon_core.environment:checking '/home/yucheng/mpc_motion_control_projects/mpc_ws/install/mpc_car_control' for CMake module files
[4.276s] Level 1:colcon.colcon_core.environment:checking '/home/yucheng/mpc_motion_control_projects/mpc_ws/install/mpc_car_control' for CMake config files
[4.276s] Level 1:colcon.colcon_core.shell:create_environment_hook('mpc_car_control', 'cmake_prefix_path')
[4.276s] INFO:colcon.colcon_core.shell:Creating environment hook '/home/yucheng/mpc_motion_control_projects/mpc_ws/install/mpc_car_control/share/mpc_car_control/hook/cmake_prefix_path.ps1'
[4.277s] INFO:colcon.colcon_core.shell:Creating environment descriptor '/home/yucheng/mpc_motion_control_projects/mpc_ws/install/mpc_car_control/share/mpc_car_control/hook/cmake_prefix_path.dsv'
[4.277s] INFO:colcon.colcon_core.shell:Creating environment hook '/home/yucheng/mpc_motion_control_projects/mpc_ws/install/mpc_car_control/share/mpc_car_control/hook/cmake_prefix_path.sh'
[4.277s] Level 1:colcon.colcon_core.environment:checking '/home/yucheng/mpc_motion_control_projects/mpc_ws/install/mpc_car_control/lib'
[4.277s] Level 1:colcon.colcon_core.shell:create_environment_hook('mpc_car_control', 'ld_library_path_lib')
[4.278s] INFO:colcon.colcon_core.shell:Creating environment hook '/home/yucheng/mpc_motion_control_projects/mpc_ws/install/mpc_car_control/share/mpc_car_control/hook/ld_library_path_lib.ps1'
[4.278s] INFO:colcon.colcon_core.shell:Creating environment descriptor '/home/yucheng/mpc_motion_control_projects/mpc_ws/install/mpc_car_control/share/mpc_car_control/hook/ld_library_path_lib.dsv'
[4.278s] INFO:colcon.colcon_core.shell:Creating environment hook '/home/yucheng/mpc_motion_control_projects/mpc_ws/install/mpc_car_control/share/mpc_car_control/hook/ld_library_path_lib.sh'
[4.278s] Level 1:colcon.colcon_core.environment:checking '/home/yucheng/mpc_motion_control_projects/mpc_ws/install/mpc_car_control/bin'
[4.278s] Level 1:colcon.colcon_core.environment:checking '/home/yucheng/mpc_motion_control_projects/mpc_ws/install/mpc_car_control/lib/pkgconfig/mpc_car_control.pc'
[4.278s] Level 1:colcon.colcon_core.environment:checking '/home/yucheng/mpc_motion_control_projects/mpc_ws/install/mpc_car_control/lib/python3.12/site-packages'
[4.278s] Level 1:colcon.colcon_core.shell:create_environment_hook('mpc_car_control', 'pythonpath')
[4.279s] INFO:colcon.colcon_core.shell:Creating environment hook '/home/yucheng/mpc_motion_control_projects/mpc_ws/install/mpc_car_control/share/mpc_car_control/hook/pythonpath.ps1'
[4.279s] INFO:colcon.colcon_core.shell:Creating environment descriptor '/home/yucheng/mpc_motion_control_projects/mpc_ws/install/mpc_car_control/share/mpc_car_control/hook/pythonpath.dsv'
[4.279s] INFO:colcon.colcon_core.shell:Creating environment hook '/home/yucheng/mpc_motion_control_projects/mpc_ws/install/mpc_car_control/share/mpc_car_control/hook/pythonpath.sh'
[4.279s] Level 1:colcon.colcon_core.environment:checking '/home/yucheng/mpc_motion_control_projects/mpc_ws/install/mpc_car_control/bin'
[4.279s] INFO:colcon.colcon_core.shell:Creating package script '/home/yucheng/mpc_motion_control_projects/mpc_ws/install/mpc_car_control/share/mpc_car_control/package.ps1'
[4.280s] INFO:colcon.colcon_core.shell:Creating package descriptor '/home/yucheng/mpc_motion_control_projects/mpc_ws/install/mpc_car_control/share/mpc_car_control/package.dsv'
[4.280s] INFO:colcon.colcon_core.shell:Creating package script '/home/yucheng/mpc_motion_control_projects/mpc_ws/install/mpc_car_control/share/mpc_car_control/package.sh'
[4.280s] INFO:colcon.colcon_core.shell:Creating package script '/home/yucheng/mpc_motion_control_projects/mpc_ws/install/mpc_car_control/share/mpc_car_control/package.bash'
[4.281s] INFO:colcon.colcon_core.shell:Creating package script '/home/yucheng/mpc_motion_control_projects/mpc_ws/install/mpc_car_control/share/mpc_car_control/package.zsh'
[4.281s] Level 1:colcon.colcon_core.environment:create_file_with_runtime_dependencies(/home/yucheng/mpc_motion_control_projects/mpc_ws/install/mpc_car_control/share/colcon-core/packages/mpc_car_control)
[4.292s] DEBUG:colcon.colcon_parallel_executor.executor.parallel:closing loop
[4.292s] DEBUG:colcon.colcon_parallel_executor.executor.parallel:loop closed
[4.292s] DEBUG:colcon.colcon_parallel_executor.executor.parallel:run_until_complete finished with '2'
[4.292s] DEBUG:colcon.colcon_core.event_reactor:joining thread
[4.296s] INFO:colcon.colcon_core.plugin_system:Skipping extension 'colcon_notification.desktop_notification.terminal_notifier': Not used on non-Darwin systems
[4.296s] INFO:colcon.colcon_core.plugin_system:Skipping extension 'colcon_notification.desktop_notification.win32': Not used on non-Windows systems
[4.296s] INFO:colcon.colcon_notification.desktop_notification:Sending desktop notification using 'notify2'
[4.306s] DEBUG:colcon.colcon_core.event_reactor:joined thread
[4.306s] INFO:colcon.colcon_core.shell:Creating prefix script '/home/yucheng/mpc_motion_control_projects/mpc_ws/install/local_setup.ps1'
[4.307s] INFO:colcon.colcon_core.shell:Creating prefix util module '/home/yucheng/mpc_motion_control_projects/mpc_ws/install/_local_setup_util_ps1.py'
[4.307s] INFO:colcon.colcon_core.shell:Creating prefix chain script '/home/yucheng/mpc_motion_control_projects/mpc_ws/install/setup.ps1'
[4.308s] INFO:colcon.colcon_core.shell:Creating prefix script '/home/yucheng/mpc_motion_control_projects/mpc_ws/install/local_setup.sh'
[4.308s] INFO:colcon.colcon_core.shell:Creating prefix util module '/home/yucheng/mpc_motion_control_projects/mpc_ws/install/_local_setup_util_sh.py'
[4.308s] INFO:colcon.colcon_core.shell:Creating prefix chain script '/home/yucheng/mpc_motion_control_projects/mpc_ws/install/setup.sh'
[4.309s] INFO:colcon.colcon_core.shell:Creating prefix script '/home/yucheng/mpc_motion_control_projects/mpc_ws/install/local_setup.bash'
[4.309s] INFO:colcon.colcon_core.shell:Creating prefix chain script '/home/yucheng/mpc_motion_control_projects/mpc_ws/install/setup.bash'
[4.309s] INFO:colcon.colcon_core.shell:Creating prefix script '/home/yucheng/mpc_motion_control_projects/mpc_ws/install/local_setup.zsh'
[4.310s] INFO:colcon.colcon_core.shell:Creating prefix chain script '/home/yucheng/mpc_motion_control_projects/mpc_ws/install/setup.zsh'
