[  1%] Built target mpc_car_control__cpp
[ 10%] Built target mpc_car_control__rosidl_generator_c
[ 20%] Built target mpc_car_control__rosidl_typesupport_c
[ 29%] Built target mpc_car_control__rosidl_typesupport_cpp
[ 38%] Built target mpc_car_control__rosidl_typesupport_introspection_c
[ 57%] Built target mpc_car_control__rosidl_typesupport_fastrtps_cpp
[ 57%] Built target mpc_car_control__rosidl_typesupport_introspection_cpp
[ 66%] Built target mpc_car_control__rosidl_typesupport_fastrtps_c
[ 66%] Built target mpc_car_control
[ 68%] Built target mpc_car_control__py
[ 70%] Built target vehicle_interface_node
[ 73%] Built target control_allocator_node
[ 76%] Built target mpc_controller_node
[ 81%] Built target visualization_node
[ 81%] Built target vehicle_model_node
[ 82%] [32m[1mLinking CXX executable scenario_generator_node[0m
[ 90%] Built target mpc_car_control__python
[ 98%] Built target mpc_car_control__rosidl_typesupport_fastrtps_c__pyext
[ 98%] Built target mpc_car_control__rosidl_typesupport_c__pyext
[ 98%] Built target mpc_car_control__rosidl_typesupport_introspection_c__pyext
/usr/bin/ld: CMakeFiles/scenario_generator_node.dir/src/scenario_generator_node.cpp.o: in function `rclcpp::Publisher<visualization_msgs::msg::MarkerArray_<std::allocator<void> >, std::allocator<void> >::Publisher(rclcpp::node_interfaces::NodeBaseInterface*, std::__cxx11::basic_string<char, std::char_traits<char>, std::allocator<char> > const&, rclcpp::QoS const&, rclcpp::PublisherOptionsWithAllocator<std::allocator<void> > const&)':
scenario_generator_node.cpp:(.text._ZN6rclcpp9PublisherIN18visualization_msgs3msg12MarkerArray_ISaIvEEES4_EC2EPNS_15node_interfaces17NodeBaseInterfaceERKNSt7__cxx1112basic_stringIcSt11char_traitsIcESaIcEEERKNS_3QoSERKNS_29PublisherOptionsWithAllocatorIS4_EE[_ZN6rclcpp9PublisherIN18visualization_msgs3msg12MarkerArray_ISaIvEEES4_EC5EPNS_15node_interfaces17NodeBaseInterfaceERKNSt7__cxx1112basic_stringIcSt11char_traitsIcESaIcEEERKNS_3QoSERKNS_29PublisherOptionsWithAllocatorIS4_EE]+0x6e): undefined reference to `rosidl_message_type_support_t const* rosidl_typesupport_cpp::get_message_type_support_handle<visualization_msgs::msg::MarkerArray_<std::allocator<void> > >()'
collect2: error: ld returned 1 exit status
make[2]: *** [CMakeFiles/scenario_generator_node.dir/build.make:153：scenario_generator_node] 错误 1
make[1]: *** [CMakeFiles/Makefile2:689：CMakeFiles/scenario_generator_node.dir/all] 错误 2
make: *** [Makefile:146：all] 错误 2
