[0.027s] Invoking command in '/home/yucheng/mpc_motion_control_projects/mpc_ws/build/mpc_car_control': CMAKE_PREFIX_PATH=${CMAKE_PREFIX_PATH}:/opt/ros/foxy /usr/local/bin/cmake --build /home/yucheng/mpc_motion_control_projects/mpc_ws/build/mpc_car_control -- -j12 -l12
[0.042s] [0mCMake Deprecation Warning at CMakeLists.txt:1 (cmake_minimum_required):
[0.042s]   Compatibility with CMake < 3.10 will be removed from a future version of
[0.042s]   CMake.
[0.042s] 
[0.042s]   Update the VERSION argument <min> value.  Or, use the <min>...<max> syntax
[0.042s]   to tell CMake that the project requires at least <min> but has been updated
[0.042s]   to work with policies introduced by <max> or earlier.
[0.042s] 
[0.043s] [0m
[0.052s] -- Found ament_cmake: 0.9.12 (/opt/ros/foxy/share/ament_cmake/cmake)
[0.054s] [33mCMake Warning (dev) at /opt/ros/foxy/share/ament_cmake_core/cmake/core/python.cmake:22 (find_package):
[0.054s]   Policy CMP0148 is not set: The FindPythonInterp and FindPythonLibs modules
[0.054s]   are removed.  Run "cmake --help-policy CMP0148" for policy details.  Use
[0.054s]   the cmake_policy command to set the policy and suppress this warning.
[0.054s] 
[0.054s] Call Stack (most recent call first):
[0.054s]   /opt/ros/foxy/share/ament_cmake_core/cmake/core/all.cmake:53 (include)
[0.054s]   /opt/ros/foxy/share/ament_cmake_core/cmake/ament_cmake_core-extras.cmake:17 (include)
[0.054s]   /opt/ros/foxy/share/ament_cmake_core/cmake/ament_cmake_coreConfig.cmake:41 (include)
[0.054s]   /opt/ros/foxy/share/ament_cmake/cmake/ament_cmake_export_dependencies-extras.cmake:15 (find_package)
[0.054s]   /opt/ros/foxy/share/ament_cmake/cmake/ament_cmakeConfig.cmake:41 (include)
[0.054s]   CMakeLists.txt:19 (find_package)
[0.054s] This warning is for project developers.  Use -Wno-dev to suppress it.
[0.054s] [0m
[0.072s] -- Found PythonInterp: /usr/bin/python3 (found suitable version "3.8.10", minimum required is "3")
[0.072s] -- Using PYTHON_EXECUTABLE: /usr/bin/python3
[0.256s] -- Found rclcpp: 2.4.3 (/opt/ros/foxy/share/rclcpp/cmake)
[0.286s] -- Using all available rosidl_typesupport_c: rosidl_typesupport_fastrtps_c;rosidl_typesupport_introspection_c
[0.289s] -- Found rosidl_adapter: 1.3.1 (/opt/ros/foxy/share/rosidl_adapter/cmake)
[0.416s] -- Using all available rosidl_typesupport_cpp: rosidl_typesupport_fastrtps_cpp;rosidl_typesupport_introspection_cpp
[0.461s] -- Found rmw_implementation_cmake: 1.0.4 (/opt/ros/foxy/share/rmw_implementation_cmake/cmake)
[0.463s] -- Using RMW implementation 'rmw_fastrtps_cpp' as default
[0.606s] -- Found visualization_msgs: 2.0.5 (/opt/ros/foxy/share/visualization_msgs/cmake)
[0.723s] -- Found tf2: 0.13.14 (/opt/ros/foxy/share/tf2/cmake)
[0.731s] -- Found tf2_ros: 0.13.14 (/opt/ros/foxy/share/tf2_ros/cmake)
[1.023s] -- Found tf2_geometry_msgs: 0.13.14 (/opt/ros/foxy/share/tf2_geometry_msgs/cmake)
[1.029s] -- Found eigen3_cmake_module: 0.1.1 (/opt/ros/foxy/share/eigen3_cmake_module/cmake)
[1.052s] -- Found ament_lint_auto: 0.9.8 (/opt/ros/foxy/share/ament_lint_auto/cmake)
[1.108s] -- Found rosidl_default_generators: 1.0.1 (/opt/ros/foxy/share/rosidl_default_generators/cmake)
[1.118s] [33mCMake Warning (dev) at /opt/ros/foxy/share/rosidl_adapter/cmake/rosidl_adapt_interfaces.cmake:40 (find_package):
[1.118s]   Policy CMP0148 is not set: The FindPythonInterp and FindPythonLibs modules
[1.118s]   are removed.  Run "cmake --help-policy CMP0148" for policy details.  Use
[1.118s]   the cmake_policy command to set the policy and suppress this warning.
[1.118s] 
[1.118s] Call Stack (most recent call first):
[1.118s]   /opt/ros/foxy/share/rosidl_cmake/cmake/rosidl_generate_interfaces.cmake:130 (rosidl_adapt_interfaces)
[1.118s]   CMakeLists.txt:41 (rosidl_generate_interfaces)
[1.118s] This warning is for project developers.  Use -Wno-dev to suppress it.
[1.118s] [0m
[1.137s] -- Found PythonInterp: /usr/bin/python3 (found version "3.8.10")
[1.277s] -- Found ament_cmake_ros: 0.9.2 (/opt/ros/foxy/share/ament_cmake_ros/cmake)
[1.500s] -- Using all available rosidl_typesupport_c: rosidl_typesupport_fastrtps_c;rosidl_typesupport_introspection_c
[1.597s] -- Using all available rosidl_typesupport_cpp: rosidl_typesupport_fastrtps_cpp;rosidl_typesupport_introspection_cpp
[1.601s] [33mCMake Warning (dev) at /opt/ros/foxy/share/rosidl_generator_py/cmake/rosidl_generator_py_generate_interfaces.cmake:20 (find_package):
[1.601s]   Policy CMP0148 is not set: The FindPythonInterp and FindPythonLibs modules
[1.601s]   are removed.  Run "cmake --help-policy CMP0148" for policy details.  Use
[1.601s]   the cmake_policy command to set the policy and suppress this warning.
[1.601s] 
[1.601s] Call Stack (most recent call first):
[1.601s]   /opt/ros/foxy/share/ament_cmake_core/cmake/core/ament_execute_extensions.cmake:48 (include)
[1.601s]   /opt/ros/foxy/share/rosidl_cmake/cmake/rosidl_generate_interfaces.cmake:286 (ament_execute_extensions)
[1.601s]   CMakeLists.txt:41 (rosidl_generate_interfaces)
[1.601s] This warning is for project developers.  Use -Wno-dev to suppress it.
[1.602s] [0m
[1.624s] -- Found PythonInterp: /usr/bin/python3 (found suitable version "3.8.10", minimum required is "3.5")
[1.624s] -- Found python_cmake_module: 0.8.1 (/opt/ros/foxy/share/python_cmake_module/cmake)
[1.625s] [33mCMake Warning (dev) at /opt/ros/foxy/share/python_cmake_module/cmake/Modules/FindPythonExtra.cmake:45 (find_package):
[1.625s]   Policy CMP0148 is not set: The FindPythonInterp and FindPythonLibs modules
[1.625s]   are removed.  Run "cmake --help-policy CMP0148" for policy details.  Use
[1.625s]   the cmake_policy command to set the policy and suppress this warning.
[1.625s] 
[1.625s] Call Stack (most recent call first):
[1.625s]   /opt/ros/foxy/share/rosidl_generator_py/cmake/rosidl_generator_py_generate_interfaces.cmake:23 (find_package)
[1.625s]   /opt/ros/foxy/share/ament_cmake_core/cmake/core/ament_execute_extensions.cmake:48 (include)
[1.625s]   /opt/ros/foxy/share/rosidl_cmake/cmake/rosidl_generate_interfaces.cmake:286 (ament_execute_extensions)
[1.625s]   CMakeLists.txt:41 (rosidl_generate_interfaces)
[1.625s] This warning is for project developers.  Use -Wno-dev to suppress it.
[1.626s] [0m
[1.645s] [33mCMake Warning (dev) at /opt/ros/foxy/share/python_cmake_module/cmake/Modules/FindPythonExtra.cmake:133 (find_package):
[1.645s]   Policy CMP0148 is not set: The FindPythonInterp and FindPythonLibs modules
[1.645s]   are removed.  Run "cmake --help-policy CMP0148" for policy details.  Use
[1.645s]   the cmake_policy command to set the policy and suppress this warning.
[1.645s] 
[1.645s] Call Stack (most recent call first):
[1.645s]   /opt/ros/foxy/share/rosidl_generator_py/cmake/rosidl_generator_py_generate_interfaces.cmake:23 (find_package)
[1.645s]   /opt/ros/foxy/share/ament_cmake_core/cmake/core/ament_execute_extensions.cmake:48 (include)
[1.645s]   /opt/ros/foxy/share/rosidl_cmake/cmake/rosidl_generate_interfaces.cmake:286 (ament_execute_extensions)
[1.645s]   CMakeLists.txt:41 (rosidl_generate_interfaces)
[1.645s] This warning is for project developers.  Use -Wno-dev to suppress it.
[1.645s] [0m
[1.646s] -- Using PYTHON_EXECUTABLE: /usr/bin/python3
[1.646s] -- Using PYTHON_INCLUDE_DIRS: /usr/include/python3.8
[1.646s] -- Using PYTHON_LIBRARIES: /usr/lib/x86_64-linux-gnu/libpython3.8.so
[1.694s] [31mCMake Error at /opt/ros/foxy/share/ament_cmake_target_dependencies/cmake/ament_target_dependencies.cmake:77 (message):
[1.694s]   ament_target_dependencies() the passed package name 'mpc_car_control' was
[1.694s]   not found before
[1.694s] Call Stack (most recent call first):
[1.694s]   CMakeLists.txt:79 (ament_target_dependencies)
[1.694s] 
[1.695s] [0m
[1.695s] -- Configuring incomplete, errors occurred!
[1.701s] make: *** [Makefile:1829：cmake_check_build_system] 错误 1
[1.702s] Invoked command in '/home/yucheng/mpc_motion_control_projects/mpc_ws/build/mpc_car_control' returned '2': CMAKE_PREFIX_PATH=${CMAKE_PREFIX_PATH}:/opt/ros/foxy /usr/local/bin/cmake --build /home/yucheng/mpc_motion_control_projects/mpc_ws/build/mpc_car_control -- -j12 -l12
