[0.029s] Invoking command in '/home/yucheng/mpc_motion_control_projects/mpc_ws/build/mpc_car_control': CMAKE_PREFIX_PATH=${CMAKE_PREFIX_PATH}:/opt/ros/foxy /usr/local/bin/cmake --build /home/yucheng/mpc_motion_control_projects/mpc_ws/build/mpc_car_control -- -j12 -l12
[0.043s] [0mCMake Deprecation Warning at CMakeLists.txt:1 (cmake_minimum_required):
[0.043s]   Compatibility with CMake < 3.10 will be removed from a future version of
[0.043s]   CMake.
[0.043s] 
[0.043s]   Update the VERSION argument <min> value.  Or, use the <min>...<max> syntax
[0.043s]   to tell CMake that the project requires at least <min> but has been updated
[0.043s]   to work with policies introduced by <max> or earlier.
[0.043s] 
[0.043s] [0m
[0.053s] -- Found ament_cmake: 0.9.12 (/opt/ros/foxy/share/ament_cmake/cmake)
[0.055s] [33mCMake Warning (dev) at /opt/ros/foxy/share/ament_cmake_core/cmake/core/python.cmake:22 (find_package):
[0.055s]   Policy CMP0148 is not set: The FindPythonInterp and FindPythonLibs modules
[0.055s]   are removed.  Run "cmake --help-policy CMP0148" for policy details.  Use
[0.055s]   the cmake_policy command to set the policy and suppress this warning.
[0.055s] 
[0.055s] Call Stack (most recent call first):
[0.055s]   /opt/ros/foxy/share/ament_cmake_core/cmake/core/all.cmake:53 (include)
[0.055s]   /opt/ros/foxy/share/ament_cmake_core/cmake/ament_cmake_core-extras.cmake:17 (include)
[0.055s]   /opt/ros/foxy/share/ament_cmake_core/cmake/ament_cmake_coreConfig.cmake:41 (include)
[0.055s]   /opt/ros/foxy/share/ament_cmake/cmake/ament_cmake_export_dependencies-extras.cmake:15 (find_package)
[0.055s]   /opt/ros/foxy/share/ament_cmake/cmake/ament_cmakeConfig.cmake:41 (include)
[0.055s]   CMakeLists.txt:19 (find_package)
[0.055s] This warning is for project developers.  Use -Wno-dev to suppress it.
[0.056s] [0m
[0.073s] -- Found PythonInterp: /usr/bin/python3 (found suitable version "3.8.10", minimum required is "3")
[0.073s] -- Using PYTHON_EXECUTABLE: /usr/bin/python3
[0.255s] -- Found rclcpp: 2.4.3 (/opt/ros/foxy/share/rclcpp/cmake)
[0.285s] -- Using all available rosidl_typesupport_c: rosidl_typesupport_fastrtps_c;rosidl_typesupport_introspection_c
[0.289s] -- Found rosidl_adapter: 1.3.1 (/opt/ros/foxy/share/rosidl_adapter/cmake)
[0.404s] -- Using all available rosidl_typesupport_cpp: rosidl_typesupport_fastrtps_cpp;rosidl_typesupport_introspection_cpp
[0.454s] -- Found rmw_implementation_cmake: 1.0.4 (/opt/ros/foxy/share/rmw_implementation_cmake/cmake)
[0.455s] -- Using RMW implementation 'rmw_fastrtps_cpp' as default
[0.583s] -- Found visualization_msgs: 2.0.5 (/opt/ros/foxy/share/visualization_msgs/cmake)
[0.686s] -- Found tf2: 0.13.14 (/opt/ros/foxy/share/tf2/cmake)
[0.694s] -- Found tf2_ros: 0.13.14 (/opt/ros/foxy/share/tf2_ros/cmake)
[0.984s] -- Found tf2_geometry_msgs: 0.13.14 (/opt/ros/foxy/share/tf2_geometry_msgs/cmake)
[0.989s] -- Found eigen3_cmake_module: 0.1.1 (/opt/ros/foxy/share/eigen3_cmake_module/cmake)
[1.012s] -- Found ament_lint_auto: 0.9.8 (/opt/ros/foxy/share/ament_lint_auto/cmake)
[1.069s] -- Found rosidl_default_generators: 1.0.1 (/opt/ros/foxy/share/rosidl_default_generators/cmake)
[1.078s] [33mCMake Warning (dev) at /opt/ros/foxy/share/rosidl_adapter/cmake/rosidl_adapt_interfaces.cmake:40 (find_package):
[1.078s]   Policy CMP0148 is not set: The FindPythonInterp and FindPythonLibs modules
[1.078s]   are removed.  Run "cmake --help-policy CMP0148" for policy details.  Use
[1.078s]   the cmake_policy command to set the policy and suppress this warning.
[1.078s] 
[1.078s] Call Stack (most recent call first):
[1.078s]   /opt/ros/foxy/share/rosidl_cmake/cmake/rosidl_generate_interfaces.cmake:130 (rosidl_adapt_interfaces)
[1.078s]   CMakeLists.txt:41 (rosidl_generate_interfaces)
[1.078s] This warning is for project developers.  Use -Wno-dev to suppress it.
[1.079s] [0m
[1.097s] -- Found PythonInterp: /usr/bin/python3 (found version "3.8.10")
[1.223s] -- Found ament_cmake_ros: 0.9.2 (/opt/ros/foxy/share/ament_cmake_ros/cmake)
[1.436s] -- Using all available rosidl_typesupport_c: rosidl_typesupport_fastrtps_c;rosidl_typesupport_introspection_c
[1.524s] -- Using all available rosidl_typesupport_cpp: rosidl_typesupport_fastrtps_cpp;rosidl_typesupport_introspection_cpp
[1.528s] [33mCMake Warning (dev) at /opt/ros/foxy/share/rosidl_generator_py/cmake/rosidl_generator_py_generate_interfaces.cmake:20 (find_package):
[1.528s]   Policy CMP0148 is not set: The FindPythonInterp and FindPythonLibs modules
[1.528s]   are removed.  Run "cmake --help-policy CMP0148" for policy details.  Use
[1.528s]   the cmake_policy command to set the policy and suppress this warning.
[1.528s] 
[1.528s] Call Stack (most recent call first):
[1.528s]   /opt/ros/foxy/share/ament_cmake_core/cmake/core/ament_execute_extensions.cmake:48 (include)
[1.528s]   /opt/ros/foxy/share/rosidl_cmake/cmake/rosidl_generate_interfaces.cmake:286 (ament_execute_extensions)
[1.528s]   CMakeLists.txt:41 (rosidl_generate_interfaces)
[1.529s] This warning is for project developers.  Use -Wno-dev to suppress it.
[1.529s] [0m
[1.548s] -- Found PythonInterp: /usr/bin/python3 (found suitable version "3.8.10", minimum required is "3.5")
[1.548s] -- Found python_cmake_module: 0.8.1 (/opt/ros/foxy/share/python_cmake_module/cmake)
[1.548s] [33mCMake Warning (dev) at /opt/ros/foxy/share/python_cmake_module/cmake/Modules/FindPythonExtra.cmake:45 (find_package):
[1.549s]   Policy CMP0148 is not set: The FindPythonInterp and FindPythonLibs modules
[1.549s]   are removed.  Run "cmake --help-policy CMP0148" for policy details.  Use
[1.549s]   the cmake_policy command to set the policy and suppress this warning.
[1.549s] 
[1.549s] Call Stack (most recent call first):
[1.549s]   /opt/ros/foxy/share/rosidl_generator_py/cmake/rosidl_generator_py_generate_interfaces.cmake:23 (find_package)
[1.549s]   /opt/ros/foxy/share/ament_cmake_core/cmake/core/ament_execute_extensions.cmake:48 (include)
[1.549s]   /opt/ros/foxy/share/rosidl_cmake/cmake/rosidl_generate_interfaces.cmake:286 (ament_execute_extensions)
[1.549s]   CMakeLists.txt:41 (rosidl_generate_interfaces)
[1.549s] This warning is for project developers.  Use -Wno-dev to suppress it.
[1.549s] [0m
[1.568s] [33mCMake Warning (dev) at /opt/ros/foxy/share/python_cmake_module/cmake/Modules/FindPythonExtra.cmake:133 (find_package):
[1.568s]   Policy CMP0148 is not set: The FindPythonInterp and FindPythonLibs modules
[1.568s]   are removed.  Run "cmake --help-policy CMP0148" for policy details.  Use
[1.568s]   the cmake_policy command to set the policy and suppress this warning.
[1.568s] 
[1.568s] Call Stack (most recent call first):
[1.568s]   /opt/ros/foxy/share/rosidl_generator_py/cmake/rosidl_generator_py_generate_interfaces.cmake:23 (find_package)
[1.568s]   /opt/ros/foxy/share/ament_cmake_core/cmake/core/ament_execute_extensions.cmake:48 (include)
[1.568s]   /opt/ros/foxy/share/rosidl_cmake/cmake/rosidl_generate_interfaces.cmake:286 (ament_execute_extensions)
[1.568s]   CMakeLists.txt:41 (rosidl_generate_interfaces)
[1.568s] This warning is for project developers.  Use -Wno-dev to suppress it.
[1.568s] [0m
[1.569s] -- Using PYTHON_EXECUTABLE: /usr/bin/python3
[1.569s] -- Using PYTHON_INCLUDE_DIRS: /usr/include/python3.8
[1.569s] -- Using PYTHON_LIBRARIES: /usr/lib/x86_64-linux-gnu/libpython3.8.so
[1.615s] [31mCMake Error at /opt/ros/foxy/share/ament_cmake_target_dependencies/cmake/ament_target_dependencies.cmake:77 (message):
[1.615s]   ament_target_dependencies() the passed package name 'mpc_car_control' was
[1.615s]   not found before
[1.615s] Call Stack (most recent call first):
[1.615s]   CMakeLists.txt:79 (ament_target_dependencies)
[1.615s] 
[1.615s] [0m
[1.615s] -- Configuring incomplete, errors occurred!
[1.622s] make: *** [Makefile:1829：cmake_check_build_system] 错误 1
[1.624s] Invoked command in '/home/yucheng/mpc_motion_control_projects/mpc_ws/build/mpc_car_control' returned '2': CMAKE_PREFIX_PATH=${CMAKE_PREFIX_PATH}:/opt/ros/foxy /usr/local/bin/cmake --build /home/yucheng/mpc_motion_control_projects/mpc_ws/build/mpc_car_control -- -j12 -l12
