[  1%] Built target mpc_car_control__cpp
[ 10%] Built target mpc_car_control__rosidl_generator_c
[ 30%] Built target mpc_car_control__rosidl_typesupport_c
[ 38%] Built target mpc_car_control__rosidl_typesupport_cpp
[ 38%] Built target mpc_car_control__rosidl_typesupport_introspection_c
[ 48%] Built target mpc_car_control__rosidl_typesupport_fastrtps_cpp
[ 57%] Built target mpc_car_control__rosidl_typesupport_introspection_cpp
[ 66%] Built target mpc_car_control__rosidl_typesupport_fastrtps_c
[ 66%] Built target mpc_car_control
[ 68%] Built target mpc_car_control__py
[ 70%] Built target control_allocator_node
[ 73%] Built target mpc_controller_node
[ 76%] Built target scenario_generator_node
[ 81%] Built target vehicle_model_node
[ 81%] Built target vehicle_interface_node
[ 82%] [32mBuilding CXX object CMakeFiles/visualization_node.dir/src/visualization_node.cpp.o[0m
[ 90%] Built target mpc_car_control__python
[ 98%] Built target mpc_car_control__rosidl_typesupport_introspection_c__pyext
[ 98%] Built target mpc_car_control__rosidl_typesupport_fastrtps_c__pyext
[ 98%] Built target mpc_car_control__rosidl_typesupport_c__pyext
