-- The C compiler identification is GNU 13.3.0
-- The CXX compiler identification is GNU 13.3.0
-- Detecting C compiler ABI info
-- Detecting C compiler ABI info - done
-- Check for working C compiler: /usr/bin/cc - skipped
-- Detecting C compile features
-- Detecting C compile features - done
-- Detecting CXX compiler ABI info
-- Detecting CXX compiler ABI info - done
-- Check for working CXX compiler: /usr/bin/c++ - skipped
-- Detecting CXX compile features
-- Detecting CXX compile features - done
-- Found ament_cmake: 2.5.4 (/opt/ros/jazzy/share/ament_cmake/cmake)
-- Found Python3: /usr/bin/python3 (found version "3.12.3") found components: Interpreter 
-- Override CMake install command with custom implementation using symlinks instead of copying resources
-- Found rclcpp: 28.1.12 (/opt/ros/jazzy/share/rclcpp/cmake)
-- Found rosidl_generator_c: 4.6.6 (/opt/ros/jazzy/share/rosidl_generator_c/cmake)
-- Found rosidl_generator_cpp: 4.6.6 (/opt/ros/jazzy/share/rosidl_generator_cpp/cmake)
-- Using all available rosidl_typesupport_c: rosidl_typesupport_fastrtps_c;rosidl_typesupport_introspection_c
-- Using all available rosidl_typesupport_cpp: rosidl_typesupport_fastrtps_cpp;rosidl_typesupport_introspection_cpp
-- Found rmw_implementation_cmake: 7.3.2 (/opt/ros/jazzy/share/rmw_implementation_cmake/cmake)
-- Found rmw_fastrtps_cpp: 8.4.3 (/opt/ros/jazzy/share/rmw_fastrtps_cpp/cmake)
-- Found OpenSSL: /usr/lib/x86_64-linux-gnu/libcrypto.so (found version "3.0.13")  
-- Found FastRTPS: /opt/ros/foxy/include (Required is at least version "2.13") 
-- Using RMW implementation 'rmw_fastrtps_cpp' as default
-- Found std_msgs: 5.3.6 (/opt/ros/jazzy/share/std_msgs/cmake)
-- Found visualization_msgs: 5.3.6 (/opt/ros/jazzy/share/visualization_msgs/cmake)
-- Found tf2: 0.36.14 (/opt/ros/jazzy/share/tf2/cmake)
-- Found tf2_ros: 0.36.14 (/opt/ros/jazzy/share/tf2_ros/cmake)
-- Found tf2_geometry_msgs: 0.36.14 (/opt/ros/jazzy/share/tf2_geometry_msgs/cmake)
-- Found eigen3_cmake_module: 0.3.0 (/opt/ros/jazzy/share/eigen3_cmake_module/cmake)
-- Found Eigen3: TRUE (found version "3.4.0") 
-- Ensuring Eigen3 include directory is part of orocos-kdl CMake target
-- Found ament_lint_auto: 0.17.3 (/opt/ros/jazzy/share/ament_lint_auto/cmake)
-- Found rosidl_default_generators: 1.6.0 (/opt/ros/jazzy/share/rosidl_default_generators/cmake)
-- Found rosidl_adapter: 4.6.6 (/opt/ros/jazzy/share/rosidl_adapter/cmake)
-- Found ament_cmake_ros: 0.12.0 (/opt/ros/jazzy/share/ament_cmake_ros/cmake)
-- Using all available rosidl_typesupport_c: rosidl_typesupport_fastrtps_c;rosidl_typesupport_introspection_c
-- Using all available rosidl_typesupport_cpp: rosidl_typesupport_fastrtps_cpp;rosidl_typesupport_introspection_cpp
-- Found python_cmake_module: 0.11.1 (/opt/ros/jazzy/share/python_cmake_module/cmake)
-- Found PythonExtra: /usr/bin/python3  
-- Found Python3: /usr/bin/python3 (found version "3.12.3") found components: Interpreter Development NumPy Development.Module Development.Embed 
-- Added test 'copyright' to check source files copyright and LICENSE
-- Added test 'cppcheck' to perform static code analysis on C / C++ code
-- Configured cppcheck include dirs: 
-- Configured cppcheck exclude dirs and/or files: 
-- Added test 'cpplint' to check C / C++ code against the Google style
-- Configured cpplint exclude dirs and/or files: 
-- Added test 'flake8' to check Python code syntax and style conventions
-- Configured 'flake8' exclude dirs and/or files: 
-- Added test 'lint_cmake' to check CMake code style
-- Added test 'pep257' to check Python code against some of the docstring style conventions in PEP 257
-- Added test 'uncrustify' to check C / C++ code style
-- Configured uncrustify additional arguments: 
-- Added test 'xmllint' to check XML markup files
-- Configuring done (2.3s)
-- Generating done (0.0s)
-- Build files have been written to: /home/yucheng/mpc_motion_control_projects/mpc_ws/build/mpc_car_control
[  1%] [34m[1mGenerating type hashes for ROS interfaces[0m
[  1%] Built target ament_cmake_python_symlink_mpc_car_control
running egg_info
creating mpc_car_control.egg-info
writing mpc_car_control.egg-info/PKG-INFO
writing dependency_links to mpc_car_control.egg-info/dependency_links.txt
writing top-level names to mpc_car_control.egg-info/top_level.txt
writing manifest file 'mpc_car_control.egg-info/SOURCES.txt'
reading manifest file 'mpc_car_control.egg-info/SOURCES.txt'
writing manifest file 'mpc_car_control.egg-info/SOURCES.txt'
[  1%] Built target mpc_car_control__rosidl_generator_type_description
[  2%] [34m[1mGenerating C code for ROS interfaces[0m
[  2%] Built target ament_cmake_python_build_mpc_car_control_egg
[  3%] [34m[1mGenerating C++ code for ROS interfaces[0m
[  3%] Built target mpc_car_control__cpp
[  4%] [32mBuilding C object CMakeFiles/mpc_car_control__rosidl_generator_c.dir/rosidl_generator_c/mpc_car_control/msg/detail/vehicle_state__description.c.o[0m
[  6%] [32mBuilding C object CMakeFiles/mpc_car_control__rosidl_generator_c.dir/rosidl_generator_c/mpc_car_control/msg/detail/vehicle_state__type_support.c.o[0m
[  6%] [32mBuilding C object CMakeFiles/mpc_car_control__rosidl_generator_c.dir/rosidl_generator_c/mpc_car_control/msg/detail/vehicle_state__functions.c.o[0m
[  7%] [32mBuilding C object CMakeFiles/mpc_car_control__rosidl_generator_c.dir/rosidl_generator_c/mpc_car_control/msg/detail/reference_trajectory__type_support.c.o[0m
[  9%] [32mBuilding C object CMakeFiles/mpc_car_control__rosidl_generator_c.dir/rosidl_generator_c/mpc_car_control/msg/detail/reference_trajectory__description.c.o[0m
[ 10%] [32mBuilding C object CMakeFiles/mpc_car_control__rosidl_generator_c.dir/rosidl_generator_c/mpc_car_control/msg/detail/reference_trajectory__functions.c.o[0m
[ 11%] [32mBuilding C object CMakeFiles/mpc_car_control__rosidl_generator_c.dir/rosidl_generator_c/mpc_car_control/msg/detail/control_command_body__functions.c.o[0m
[ 12%] [32mBuilding C object CMakeFiles/mpc_car_control__rosidl_generator_c.dir/rosidl_generator_c/mpc_car_control/msg/detail/control_command_body__description.c.o[0m
[ 13%] [32mBuilding C object CMakeFiles/mpc_car_control__rosidl_generator_c.dir/rosidl_generator_c/mpc_car_control/msg/detail/control_command_body__type_support.c.o[0m
[ 14%] [32mBuilding C object CMakeFiles/mpc_car_control__rosidl_generator_c.dir/rosidl_generator_c/mpc_car_control/msg/detail/wheel_ground_heights__description.c.o[0m
[ 15%] [32mBuilding C object CMakeFiles/mpc_car_control__rosidl_generator_c.dir/rosidl_generator_c/mpc_car_control/msg/detail/actuator_command__description.c.o[0m
[ 17%] [32mBuilding C object CMakeFiles/mpc_car_control__rosidl_generator_c.dir/rosidl_generator_c/mpc_car_control/msg/detail/actuator_command__functions.c.o[0m
[ 18%] [32mBuilding C object CMakeFiles/mpc_car_control__rosidl_generator_c.dir/rosidl_generator_c/mpc_car_control/msg/detail/actuator_command__type_support.c.o[0m
[ 19%] [32mBuilding C object CMakeFiles/mpc_car_control__rosidl_generator_c.dir/rosidl_generator_c/mpc_car_control/msg/detail/wheel_ground_heights__type_support.c.o[0m
[ 20%] [32mBuilding C object CMakeFiles/mpc_car_control__rosidl_generator_c.dir/rosidl_generator_c/mpc_car_control/msg/detail/wheel_ground_heights__functions.c.o[0m
[ 21%] [32m[1mLinking C shared library libmpc_car_control__rosidl_generator_c.so[0m
[ 21%] Built target mpc_car_control__rosidl_generator_c
[ 23%] [34m[1mGenerating C++ type support dispatch for ROS interfaces[0m
[ 23%] [34m[1mGenerating C type support for eProsima Fast-RTPS[0m
[ 28%] [34m[1mGenerating C++ introspection for ROS interfaces[0m
[ 28%] [34m[1mGenerating C introspection for ROS interfaces[0m
[ 28%] [34m[1mGenerating C type support dispatch for ROS interfaces[0m
[ 28%] [34m[1mGenerating C++ type support for eProsima Fast-RTPS[0m
[ 32%] [32mBuilding CXX object CMakeFiles/mpc_car_control__rosidl_typesupport_c.dir/rosidl_typesupport_c/mpc_car_control/msg/control_command_body__type_support.cpp.o[0m
[ 32%] [32mBuilding CXX object CMakeFiles/mpc_car_control__rosidl_typesupport_c.dir/rosidl_typesupport_c/mpc_car_control/msg/vehicle_state__type_support.cpp.o[0m
[ 32%] [32mBuilding CXX object CMakeFiles/mpc_car_control__rosidl_typesupport_c.dir/rosidl_typesupport_c/mpc_car_control/msg/actuator_command__type_support.cpp.o[0m
[ 32%] [32mBuilding CXX object CMakeFiles/mpc_car_control__rosidl_typesupport_c.dir/rosidl_typesupport_c/mpc_car_control/msg/reference_trajectory__type_support.cpp.o[0m
[ 34%] [32mBuilding CXX object CMakeFiles/mpc_car_control__rosidl_typesupport_c.dir/rosidl_typesupport_c/mpc_car_control/msg/wheel_ground_heights__type_support.cpp.o[0m
[ 38%] [32mBuilding CXX object CMakeFiles/mpc_car_control__rosidl_typesupport_cpp.dir/rosidl_typesupport_cpp/mpc_car_control/msg/actuator_command__type_support.cpp.o[0m
[ 38%] [32mBuilding CXX object CMakeFiles/mpc_car_control__rosidl_typesupport_cpp.dir/rosidl_typesupport_cpp/mpc_car_control/msg/reference_trajectory__type_support.cpp.o[0m
[ 38%] [32mBuilding CXX object CMakeFiles/mpc_car_control__rosidl_typesupport_cpp.dir/rosidl_typesupport_cpp/mpc_car_control/msg/vehicle_state__type_support.cpp.o[0m
[ 38%] [32mBuilding CXX object CMakeFiles/mpc_car_control__rosidl_typesupport_cpp.dir/rosidl_typesupport_cpp/mpc_car_control/msg/control_command_body__type_support.cpp.o[0m
[ 39%] [32mBuilding CXX object CMakeFiles/mpc_car_control__rosidl_typesupport_cpp.dir/rosidl_typesupport_cpp/mpc_car_control/msg/wheel_ground_heights__type_support.cpp.o[0m
[ 40%] [32mBuilding CXX object CMakeFiles/mpc_car_control__rosidl_typesupport_introspection_cpp.dir/rosidl_typesupport_introspection_cpp/mpc_car_control/msg/detail/control_command_body__type_support.cpp.o[0m
[ 43%] [32mBuilding CXX object CMakeFiles/mpc_car_control__rosidl_typesupport_introspection_cpp.dir/rosidl_typesupport_introspection_cpp/mpc_car_control/msg/detail/reference_trajectory__type_support.cpp.o[0m
[ 43%] [32mBuilding CXX object CMakeFiles/mpc_car_control__rosidl_typesupport_introspection_cpp.dir/rosidl_typesupport_introspection_cpp/mpc_car_control/msg/detail/vehicle_state__type_support.cpp.o[0m
[ 44%] [32mBuilding CXX object CMakeFiles/mpc_car_control__rosidl_typesupport_introspection_cpp.dir/rosidl_typesupport_introspection_cpp/mpc_car_control/msg/detail/wheel_ground_heights__type_support.cpp.o[0m
[ 45%] [32mBuilding CXX object CMakeFiles/mpc_car_control__rosidl_typesupport_introspection_cpp.dir/rosidl_typesupport_introspection_cpp/mpc_car_control/msg/detail/actuator_command__type_support.cpp.o[0m
[ 48%] [32mBuilding C object CMakeFiles/mpc_car_control__rosidl_typesupport_introspection_c.dir/rosidl_typesupport_introspection_c/mpc_car_control/msg/detail/vehicle_state__type_support.c.o[0m
[ 48%] [32mBuilding C object CMakeFiles/mpc_car_control__rosidl_typesupport_introspection_c.dir/rosidl_typesupport_introspection_c/mpc_car_control/msg/detail/control_command_body__type_support.c.o[0m
[ 48%] [32mBuilding C object CMakeFiles/mpc_car_control__rosidl_typesupport_introspection_c.dir/rosidl_typesupport_introspection_c/mpc_car_control/msg/detail/actuator_command__type_support.c.o[0m
[ 50%] [32mBuilding C object CMakeFiles/mpc_car_control__rosidl_typesupport_introspection_c.dir/rosidl_typesupport_introspection_c/mpc_car_control/msg/detail/wheel_ground_heights__type_support.c.o[0m
[ 51%] [32mBuilding C object CMakeFiles/mpc_car_control__rosidl_typesupport_introspection_c.dir/rosidl_typesupport_introspection_c/mpc_car_control/msg/detail/reference_trajectory__type_support.c.o[0m
[ 52%] [32m[1mLinking CXX shared library libmpc_car_control__rosidl_typesupport_c.so[0m
[ 52%] Built target mpc_car_control__rosidl_typesupport_c
[ 53%] [32m[1mLinking C shared library libmpc_car_control__rosidl_typesupport_introspection_c.so[0m
[ 54%] [32mBuilding CXX object CMakeFiles/mpc_car_control__rosidl_typesupport_fastrtps_cpp.dir/rosidl_typesupport_fastrtps_cpp/mpc_car_control/msg/detail/dds_fastrtps/control_command_body__type_support.cpp.o[0m
[ 55%] [32mBuilding CXX object CMakeFiles/mpc_car_control__rosidl_typesupport_fastrtps_cpp.dir/rosidl_typesupport_fastrtps_cpp/mpc_car_control/msg/detail/dds_fastrtps/actuator_command__type_support.cpp.o[0m
[ 56%] [32mBuilding CXX object CMakeFiles/mpc_car_control__rosidl_typesupport_fastrtps_cpp.dir/rosidl_typesupport_fastrtps_cpp/mpc_car_control/msg/detail/dds_fastrtps/reference_trajectory__type_support.cpp.o[0m
[ 59%] [32mBuilding CXX object CMakeFiles/mpc_car_control__rosidl_typesupport_fastrtps_cpp.dir/rosidl_typesupport_fastrtps_cpp/mpc_car_control/msg/detail/dds_fastrtps/wheel_ground_heights__type_support.cpp.o[0m
[ 59%] [32mBuilding CXX object CMakeFiles/mpc_car_control__rosidl_typesupport_fastrtps_cpp.dir/rosidl_typesupport_fastrtps_cpp/mpc_car_control/msg/detail/dds_fastrtps/vehicle_state__type_support.cpp.o[0m
[ 60%] [32mBuilding CXX object CMakeFiles/mpc_car_control__rosidl_typesupport_fastrtps_c.dir/rosidl_typesupport_fastrtps_c/mpc_car_control/msg/detail/reference_trajectory__type_support_c.cpp.o[0m
[ 62%] [32mBuilding CXX object CMakeFiles/mpc_car_control__rosidl_typesupport_fastrtps_c.dir/rosidl_typesupport_fastrtps_c/mpc_car_control/msg/detail/vehicle_state__type_support_c.cpp.o[0m
[ 62%] [32mBuilding CXX object CMakeFiles/mpc_car_control__rosidl_typesupport_fastrtps_c.dir/rosidl_typesupport_fastrtps_c/mpc_car_control/msg/detail/actuator_command__type_support_c.cpp.o[0m
[ 63%] [32mBuilding CXX object CMakeFiles/mpc_car_control__rosidl_typesupport_fastrtps_c.dir/rosidl_typesupport_fastrtps_c/mpc_car_control/msg/detail/control_command_body__type_support_c.cpp.o[0m
[ 64%] [32mBuilding CXX object CMakeFiles/mpc_car_control__rosidl_typesupport_fastrtps_c.dir/rosidl_typesupport_fastrtps_c/mpc_car_control/msg/detail/wheel_ground_heights__type_support_c.cpp.o[0m
[ 64%] Built target mpc_car_control__rosidl_typesupport_introspection_c
[ 65%] [32m[1mLinking CXX shared library libmpc_car_control__rosidl_typesupport_cpp.so[0m
[ 65%] Built target mpc_car_control__rosidl_typesupport_cpp
[ 67%] [32m[1mLinking CXX shared library libmpc_car_control__rosidl_typesupport_introspection_cpp.so[0m
[ 67%] Built target mpc_car_control__rosidl_typesupport_introspection_cpp
[ 69%] [32m[1mLinking CXX shared library libmpc_car_control__rosidl_typesupport_fastrtps_c.so[0m
[ 69%] [32m[1mLinking CXX shared library libmpc_car_control__rosidl_typesupport_fastrtps_cpp.so[0m
[ 69%] Built target mpc_car_control__rosidl_typesupport_fastrtps_c
[ 69%] Built target mpc_car_control__rosidl_typesupport_fastrtps_cpp
[ 69%] Built target mpc_car_control
[ 70%] [34m[1mGenerating Python code for ROS interfaces[0m
[ 73%] [32mBuilding CXX object CMakeFiles/pid_controller_node.dir/src/pid_controller_node.cpp.o[0m
[ 73%] [32mBuilding CXX object CMakeFiles/control_allocator_node.dir/src/control_allocator_node.cpp.o[0m
[ 73%] [32mBuilding CXX object CMakeFiles/vehicle_interface_node.dir/src/vehicle_interface_node.cpp.o[0m
[ 75%] [32mBuilding CXX object CMakeFiles/vehicle_model_node.dir/src/vehicle_model_node.cpp.o[0m
[ 76%] [32mBuilding CXX object CMakeFiles/scenario_generator_node.dir/src/scenario_generator_node.cpp.o[0m
[ 77%] [32mBuilding CXX object CMakeFiles/visualization_node.dir/src/visualization_node.cpp.o[0m
[ 78%] [32mBuilding CXX object CMakeFiles/mpc_controller_node.dir/src/mpc_controller_node.cpp.o[0m
[ 78%] Built target mpc_car_control__py
[ 79%] [32mBuilding C object CMakeFiles/mpc_car_control__rosidl_generator_py.dir/rosidl_generator_py/mpc_car_control/msg/_vehicle_state_s.c.o[0m
[ 80%] [32mBuilding C object CMakeFiles/mpc_car_control__rosidl_generator_py.dir/rosidl_generator_py/mpc_car_control/msg/_reference_trajectory_s.c.o[0m
[ 81%] [32mBuilding C object CMakeFiles/mpc_car_control__rosidl_generator_py.dir/rosidl_generator_py/mpc_car_control/msg/_control_command_body_s.c.o[0m
[ 82%] [32mBuilding C object CMakeFiles/mpc_car_control__rosidl_generator_py.dir/rosidl_generator_py/mpc_car_control/msg/_actuator_command_s.c.o[0m
[ 84%] [32mBuilding C object CMakeFiles/mpc_car_control__rosidl_generator_py.dir/rosidl_generator_py/mpc_car_control/msg/_wheel_ground_heights_s.c.o[0m
[ 85%] [32m[1mLinking C shared library libmpc_car_control__rosidl_generator_py.so[0m
[ 85%] Built target mpc_car_control__rosidl_generator_py
[ 88%] [32mBuilding C object CMakeFiles/mpc_car_control_s__rosidl_typesupport_introspection_c.dir/rosidl_generator_py/mpc_car_control/_mpc_car_control_s.ep.rosidl_typesupport_introspection_c.c.o[0m
[ 88%] [32mBuilding C object CMakeFiles/mpc_car_control_s__rosidl_typesupport_fastrtps_c.dir/rosidl_generator_py/mpc_car_control/_mpc_car_control_s.ep.rosidl_typesupport_fastrtps_c.c.o[0m
[ 88%] [32mBuilding C object CMakeFiles/mpc_car_control_s__rosidl_typesupport_c.dir/rosidl_generator_py/mpc_car_control/_mpc_car_control_s.ep.rosidl_typesupport_c.c.o[0m
[ 92%] [32m[1mLinking C shared module rosidl_generator_py/mpc_car_control/mpc_car_control_s__rosidl_typesupport_introspection_c.so[0m
[ 92%] [32m[1mLinking C shared module rosidl_generator_py/mpc_car_control/mpc_car_control_s__rosidl_typesupport_c.so[0m
[ 92%] [32m[1mLinking C shared module rosidl_generator_py/mpc_car_control/mpc_car_control_s__rosidl_typesupport_fastrtps_c.so[0m
[ 92%] Built target mpc_car_control_s__rosidl_typesupport_c
[ 92%] Built target mpc_car_control_s__rosidl_typesupport_introspection_c
[ 92%] Built target mpc_car_control_s__rosidl_typesupport_fastrtps_c
[ 93%] [32m[1mLinking CXX executable scenario_generator_node[0m
[ 94%] [32m[1mLinking CXX executable vehicle_interface_node[0m
[ 95%] [32m[1mLinking CXX executable control_allocator_node[0m
[ 96%] [32m[1mLinking CXX executable pid_controller_node[0m
[ 96%] Built target scenario_generator_node
[ 96%] Built target vehicle_interface_node
[ 96%] Built target control_allocator_node
[ 96%] Built target pid_controller_node
[ 97%] [32m[1mLinking CXX executable visualization_node[0m
[ 98%] [32m[1mLinking CXX executable vehicle_model_node[0m
[ 98%] Built target visualization_node
[ 98%] Built target vehicle_model_node
[100%] [32m[1mLinking CXX executable mpc_controller_node[0m
[100%] Built target mpc_controller_node
-- Install configuration: ""
-- Execute custom install script
-- Up-to-date symlink: /home/yucheng/mpc_motion_control_projects/mpc_ws/install/mpc_car_control/share/ament_index/resource_index/rosidl_interfaces/mpc_car_control
-- Symlinking: /home/yucheng/mpc_motion_control_projects/mpc_ws/install/mpc_car_control/share/mpc_car_control/msg/VehicleState.json
-- Symlinking: /home/yucheng/mpc_motion_control_projects/mpc_ws/install/mpc_car_control/share/mpc_car_control/msg/ReferenceTrajectory.json
-- Symlinking: /home/yucheng/mpc_motion_control_projects/mpc_ws/install/mpc_car_control/share/mpc_car_control/msg/ControlCommandBody.json
-- Symlinking: /home/yucheng/mpc_motion_control_projects/mpc_ws/install/mpc_car_control/share/mpc_car_control/msg/ActuatorCommand.json
-- Symlinking: /home/yucheng/mpc_motion_control_projects/mpc_ws/install/mpc_car_control/share/mpc_car_control/msg/WheelGroundHeights.json
-- Symlinking: /home/yucheng/mpc_motion_control_projects/mpc_ws/install/mpc_car_control/include/mpc_car_control/mpc_car_control/msg/actuator_command.h
-- Symlinking: /home/yucheng/mpc_motion_control_projects/mpc_ws/install/mpc_car_control/include/mpc_car_control/mpc_car_control/msg/control_command_body.h
-- Symlinking: /home/yucheng/mpc_motion_control_projects/mpc_ws/install/mpc_car_control/include/mpc_car_control/mpc_car_control/msg/detail/actuator_command__functions.h
-- Symlinking: /home/yucheng/mpc_motion_control_projects/mpc_ws/install/mpc_car_control/include/mpc_car_control/mpc_car_control/msg/detail/actuator_command__struct.h
-- Symlinking: /home/yucheng/mpc_motion_control_projects/mpc_ws/install/mpc_car_control/include/mpc_car_control/mpc_car_control/msg/detail/actuator_command__type_support.h
-- Symlinking: /home/yucheng/mpc_motion_control_projects/mpc_ws/install/mpc_car_control/include/mpc_car_control/mpc_car_control/msg/detail/control_command_body__functions.h
-- Symlinking: /home/yucheng/mpc_motion_control_projects/mpc_ws/install/mpc_car_control/include/mpc_car_control/mpc_car_control/msg/detail/control_command_body__struct.h
-- Symlinking: /home/yucheng/mpc_motion_control_projects/mpc_ws/install/mpc_car_control/include/mpc_car_control/mpc_car_control/msg/detail/control_command_body__type_support.h
-- Symlinking: /home/yucheng/mpc_motion_control_projects/mpc_ws/install/mpc_car_control/include/mpc_car_control/mpc_car_control/msg/detail/reference_trajectory__functions.h
-- Symlinking: /home/yucheng/mpc_motion_control_projects/mpc_ws/install/mpc_car_control/include/mpc_car_control/mpc_car_control/msg/detail/reference_trajectory__struct.h
-- Symlinking: /home/yucheng/mpc_motion_control_projects/mpc_ws/install/mpc_car_control/include/mpc_car_control/mpc_car_control/msg/detail/reference_trajectory__type_support.h
-- Symlinking: /home/yucheng/mpc_motion_control_projects/mpc_ws/install/mpc_car_control/include/mpc_car_control/mpc_car_control/msg/detail/vehicle_state__functions.h
-- Symlinking: /home/yucheng/mpc_motion_control_projects/mpc_ws/install/mpc_car_control/include/mpc_car_control/mpc_car_control/msg/detail/vehicle_state__struct.h
-- Symlinking: /home/yucheng/mpc_motion_control_projects/mpc_ws/install/mpc_car_control/include/mpc_car_control/mpc_car_control/msg/detail/vehicle_state__type_support.h
-- Symlinking: /home/yucheng/mpc_motion_control_projects/mpc_ws/install/mpc_car_control/include/mpc_car_control/mpc_car_control/msg/detail/wheel_ground_heights__functions.h
-- Symlinking: /home/yucheng/mpc_motion_control_projects/mpc_ws/install/mpc_car_control/include/mpc_car_control/mpc_car_control/msg/detail/wheel_ground_heights__struct.h
-- Symlinking: /home/yucheng/mpc_motion_control_projects/mpc_ws/install/mpc_car_control/include/mpc_car_control/mpc_car_control/msg/detail/wheel_ground_heights__type_support.h
-- Symlinking: /home/yucheng/mpc_motion_control_projects/mpc_ws/install/mpc_car_control/include/mpc_car_control/mpc_car_control/msg/reference_trajectory.h
-- Symlinking: /home/yucheng/mpc_motion_control_projects/mpc_ws/install/mpc_car_control/include/mpc_car_control/mpc_car_control/msg/rosidl_generator_c__visibility_control.h
-- Symlinking: /home/yucheng/mpc_motion_control_projects/mpc_ws/install/mpc_car_control/include/mpc_car_control/mpc_car_control/msg/vehicle_state.h
-- Symlinking: /home/yucheng/mpc_motion_control_projects/mpc_ws/install/mpc_car_control/include/mpc_car_control/mpc_car_control/msg/wheel_ground_heights.h
-- Symlinking: /home/yucheng/mpc_motion_control_projects/mpc_ws/install/mpc_car_control/share/mpc_car_control/environment/library_path.sh
-- Up-to-date symlink: /home/yucheng/mpc_motion_control_projects/mpc_ws/install/mpc_car_control/share/mpc_car_control/environment/library_path.dsv
-- Symlinking: /home/yucheng/mpc_motion_control_projects/mpc_ws/install/mpc_car_control/include/mpc_car_control/mpc_car_control/msg/detail/actuator_command__rosidl_typesupport_fastrtps_c.h
-- Symlinking: /home/yucheng/mpc_motion_control_projects/mpc_ws/install/mpc_car_control/include/mpc_car_control/mpc_car_control/msg/detail/control_command_body__rosidl_typesupport_fastrtps_c.h
-- Symlinking: /home/yucheng/mpc_motion_control_projects/mpc_ws/install/mpc_car_control/include/mpc_car_control/mpc_car_control/msg/detail/reference_trajectory__rosidl_typesupport_fastrtps_c.h
-- Symlinking: /home/yucheng/mpc_motion_control_projects/mpc_ws/install/mpc_car_control/include/mpc_car_control/mpc_car_control/msg/detail/vehicle_state__rosidl_typesupport_fastrtps_c.h
-- Symlinking: /home/yucheng/mpc_motion_control_projects/mpc_ws/install/mpc_car_control/include/mpc_car_control/mpc_car_control/msg/detail/wheel_ground_heights__rosidl_typesupport_fastrtps_c.h
-- Symlinking: /home/yucheng/mpc_motion_control_projects/mpc_ws/install/mpc_car_control/include/mpc_car_control/mpc_car_control/msg/rosidl_typesupport_fastrtps_c__visibility_control.h
-- Symlinking: /home/yucheng/mpc_motion_control_projects/mpc_ws/install/mpc_car_control/include/mpc_car_control/mpc_car_control/msg/actuator_command.hpp
-- Symlinking: /home/yucheng/mpc_motion_control_projects/mpc_ws/install/mpc_car_control/include/mpc_car_control/mpc_car_control/msg/control_command_body.hpp
-- Symlinking: /home/yucheng/mpc_motion_control_projects/mpc_ws/install/mpc_car_control/include/mpc_car_control/mpc_car_control/msg/detail/actuator_command__builder.hpp
-- Symlinking: /home/yucheng/mpc_motion_control_projects/mpc_ws/install/mpc_car_control/include/mpc_car_control/mpc_car_control/msg/detail/actuator_command__struct.hpp
-- Symlinking: /home/yucheng/mpc_motion_control_projects/mpc_ws/install/mpc_car_control/include/mpc_car_control/mpc_car_control/msg/detail/actuator_command__traits.hpp
-- Symlinking: /home/yucheng/mpc_motion_control_projects/mpc_ws/install/mpc_car_control/include/mpc_car_control/mpc_car_control/msg/detail/actuator_command__type_support.hpp
-- Symlinking: /home/yucheng/mpc_motion_control_projects/mpc_ws/install/mpc_car_control/include/mpc_car_control/mpc_car_control/msg/detail/control_command_body__builder.hpp
-- Symlinking: /home/yucheng/mpc_motion_control_projects/mpc_ws/install/mpc_car_control/include/mpc_car_control/mpc_car_control/msg/detail/control_command_body__struct.hpp
-- Symlinking: /home/yucheng/mpc_motion_control_projects/mpc_ws/install/mpc_car_control/include/mpc_car_control/mpc_car_control/msg/detail/control_command_body__traits.hpp
-- Symlinking: /home/yucheng/mpc_motion_control_projects/mpc_ws/install/mpc_car_control/include/mpc_car_control/mpc_car_control/msg/detail/control_command_body__type_support.hpp
-- Symlinking: /home/yucheng/mpc_motion_control_projects/mpc_ws/install/mpc_car_control/include/mpc_car_control/mpc_car_control/msg/detail/reference_trajectory__builder.hpp
-- Symlinking: /home/yucheng/mpc_motion_control_projects/mpc_ws/install/mpc_car_control/include/mpc_car_control/mpc_car_control/msg/detail/reference_trajectory__struct.hpp
-- Symlinking: /home/yucheng/mpc_motion_control_projects/mpc_ws/install/mpc_car_control/include/mpc_car_control/mpc_car_control/msg/detail/reference_trajectory__traits.hpp
-- Symlinking: /home/yucheng/mpc_motion_control_projects/mpc_ws/install/mpc_car_control/include/mpc_car_control/mpc_car_control/msg/detail/reference_trajectory__type_support.hpp
-- Symlinking: /home/yucheng/mpc_motion_control_projects/mpc_ws/install/mpc_car_control/include/mpc_car_control/mpc_car_control/msg/detail/vehicle_state__builder.hpp
-- Symlinking: /home/yucheng/mpc_motion_control_projects/mpc_ws/install/mpc_car_control/include/mpc_car_control/mpc_car_control/msg/detail/vehicle_state__struct.hpp
-- Symlinking: /home/yucheng/mpc_motion_control_projects/mpc_ws/install/mpc_car_control/include/mpc_car_control/mpc_car_control/msg/detail/vehicle_state__traits.hpp
-- Symlinking: /home/yucheng/mpc_motion_control_projects/mpc_ws/install/mpc_car_control/include/mpc_car_control/mpc_car_control/msg/detail/vehicle_state__type_support.hpp
-- Symlinking: /home/yucheng/mpc_motion_control_projects/mpc_ws/install/mpc_car_control/include/mpc_car_control/mpc_car_control/msg/detail/wheel_ground_heights__builder.hpp
-- Symlinking: /home/yucheng/mpc_motion_control_projects/mpc_ws/install/mpc_car_control/include/mpc_car_control/mpc_car_control/msg/detail/wheel_ground_heights__struct.hpp
-- Symlinking: /home/yucheng/mpc_motion_control_projects/mpc_ws/install/mpc_car_control/include/mpc_car_control/mpc_car_control/msg/detail/wheel_ground_heights__traits.hpp
-- Symlinking: /home/yucheng/mpc_motion_control_projects/mpc_ws/install/mpc_car_control/include/mpc_car_control/mpc_car_control/msg/detail/wheel_ground_heights__type_support.hpp
-- Symlinking: /home/yucheng/mpc_motion_control_projects/mpc_ws/install/mpc_car_control/include/mpc_car_control/mpc_car_control/msg/reference_trajectory.hpp
-- Symlinking: /home/yucheng/mpc_motion_control_projects/mpc_ws/install/mpc_car_control/include/mpc_car_control/mpc_car_control/msg/rosidl_generator_cpp__visibility_control.hpp
-- Symlinking: /home/yucheng/mpc_motion_control_projects/mpc_ws/install/mpc_car_control/include/mpc_car_control/mpc_car_control/msg/vehicle_state.hpp
-- Symlinking: /home/yucheng/mpc_motion_control_projects/mpc_ws/install/mpc_car_control/include/mpc_car_control/mpc_car_control/msg/wheel_ground_heights.hpp
-- Symlinking: /home/yucheng/mpc_motion_control_projects/mpc_ws/install/mpc_car_control/include/mpc_car_control/mpc_car_control/msg/detail/actuator_command__rosidl_typesupport_fastrtps_cpp.hpp
-- Symlinking: /home/yucheng/mpc_motion_control_projects/mpc_ws/install/mpc_car_control/include/mpc_car_control/mpc_car_control/msg/detail/control_command_body__rosidl_typesupport_fastrtps_cpp.hpp
-- Symlinking: /home/yucheng/mpc_motion_control_projects/mpc_ws/install/mpc_car_control/include/mpc_car_control/mpc_car_control/msg/detail/reference_trajectory__rosidl_typesupport_fastrtps_cpp.hpp
-- Symlinking: /home/yucheng/mpc_motion_control_projects/mpc_ws/install/mpc_car_control/include/mpc_car_control/mpc_car_control/msg/detail/vehicle_state__rosidl_typesupport_fastrtps_cpp.hpp
-- Symlinking: /home/yucheng/mpc_motion_control_projects/mpc_ws/install/mpc_car_control/include/mpc_car_control/mpc_car_control/msg/detail/wheel_ground_heights__rosidl_typesupport_fastrtps_cpp.hpp
-- Symlinking: /home/yucheng/mpc_motion_control_projects/mpc_ws/install/mpc_car_control/include/mpc_car_control/mpc_car_control/msg/rosidl_typesupport_fastrtps_cpp__visibility_control.h
-- Symlinking: /home/yucheng/mpc_motion_control_projects/mpc_ws/install/mpc_car_control/include/mpc_car_control/mpc_car_control/msg/detail/actuator_command__rosidl_typesupport_introspection_c.h
-- Symlinking: /home/yucheng/mpc_motion_control_projects/mpc_ws/install/mpc_car_control/include/mpc_car_control/mpc_car_control/msg/detail/control_command_body__rosidl_typesupport_introspection_c.h
-- Symlinking: /home/yucheng/mpc_motion_control_projects/mpc_ws/install/mpc_car_control/include/mpc_car_control/mpc_car_control/msg/detail/reference_trajectory__rosidl_typesupport_introspection_c.h
-- Symlinking: /home/yucheng/mpc_motion_control_projects/mpc_ws/install/mpc_car_control/include/mpc_car_control/mpc_car_control/msg/detail/vehicle_state__rosidl_typesupport_introspection_c.h
-- Symlinking: /home/yucheng/mpc_motion_control_projects/mpc_ws/install/mpc_car_control/include/mpc_car_control/mpc_car_control/msg/detail/wheel_ground_heights__rosidl_typesupport_introspection_c.h
-- Symlinking: /home/yucheng/mpc_motion_control_projects/mpc_ws/install/mpc_car_control/include/mpc_car_control/mpc_car_control/msg/rosidl_typesupport_introspection_c__visibility_control.h
-- Symlinking: /home/yucheng/mpc_motion_control_projects/mpc_ws/install/mpc_car_control/include/mpc_car_control/mpc_car_control/msg/detail/actuator_command__rosidl_typesupport_introspection_cpp.hpp
-- Symlinking: /home/yucheng/mpc_motion_control_projects/mpc_ws/install/mpc_car_control/include/mpc_car_control/mpc_car_control/msg/detail/control_command_body__rosidl_typesupport_introspection_cpp.hpp
-- Symlinking: /home/yucheng/mpc_motion_control_projects/mpc_ws/install/mpc_car_control/include/mpc_car_control/mpc_car_control/msg/detail/reference_trajectory__rosidl_typesupport_introspection_cpp.hpp
-- Symlinking: /home/yucheng/mpc_motion_control_projects/mpc_ws/install/mpc_car_control/include/mpc_car_control/mpc_car_control/msg/detail/vehicle_state__rosidl_typesupport_introspection_cpp.hpp
-- Symlinking: /home/yucheng/mpc_motion_control_projects/mpc_ws/install/mpc_car_control/include/mpc_car_control/mpc_car_control/msg/detail/wheel_ground_heights__rosidl_typesupport_introspection_cpp.hpp
-- Up-to-date symlink: /home/yucheng/mpc_motion_control_projects/mpc_ws/install/mpc_car_control/share/mpc_car_control/environment/pythonpath.sh
-- Up-to-date symlink: /home/yucheng/mpc_motion_control_projects/mpc_ws/install/mpc_car_control/share/mpc_car_control/environment/pythonpath.dsv
-- Symlinking: /home/yucheng/mpc_motion_control_projects/mpc_ws/install/mpc_car_control/lib/python3.8/site-packages/mpc_car_control-0.0.0-py3.12.egg-info/PKG-INFO
-- Symlinking: /home/yucheng/mpc_motion_control_projects/mpc_ws/install/mpc_car_control/lib/python3.8/site-packages/mpc_car_control-0.0.0-py3.12.egg-info/SOURCES.txt
-- Symlinking: /home/yucheng/mpc_motion_control_projects/mpc_ws/install/mpc_car_control/lib/python3.8/site-packages/mpc_car_control-0.0.0-py3.12.egg-info/dependency_links.txt
-- Symlinking: /home/yucheng/mpc_motion_control_projects/mpc_ws/install/mpc_car_control/lib/python3.8/site-packages/mpc_car_control-0.0.0-py3.12.egg-info/top_level.txt
-- Up-to-date symlink: /home/yucheng/mpc_motion_control_projects/mpc_ws/install/mpc_car_control/lib/python3.8/site-packages/mpc_car_control/__init__.py
-- Symlinking: /home/yucheng/mpc_motion_control_projects/mpc_ws/install/mpc_car_control/lib/python3.8/site-packages/mpc_car_control/_mpc_car_control_s.ep.rosidl_typesupport_c.c
-- Symlinking: /home/yucheng/mpc_motion_control_projects/mpc_ws/install/mpc_car_control/lib/python3.8/site-packages/mpc_car_control/_mpc_car_control_s.ep.rosidl_typesupport_fastrtps_c.c
-- Symlinking: /home/yucheng/mpc_motion_control_projects/mpc_ws/install/mpc_car_control/lib/python3.8/site-packages/mpc_car_control/_mpc_car_control_s.ep.rosidl_typesupport_introspection_c.c
-- Symlinking: /home/yucheng/mpc_motion_control_projects/mpc_ws/install/mpc_car_control/lib/python3.8/site-packages/mpc_car_control/libmpc_car_control__python.so
-- Up-to-date symlink: /home/yucheng/mpc_motion_control_projects/mpc_ws/install/mpc_car_control/lib/python3.8/site-packages/mpc_car_control/mpc_car_control_s__rosidl_typesupport_c.cpython-38-x86_64-linux-gnu.so
-- Symlinking: /home/yucheng/mpc_motion_control_projects/mpc_ws/install/mpc_car_control/lib/python3.8/site-packages/mpc_car_control/mpc_car_control_s__rosidl_typesupport_c.so
-- Up-to-date symlink: /home/yucheng/mpc_motion_control_projects/mpc_ws/install/mpc_car_control/lib/python3.8/site-packages/mpc_car_control/mpc_car_control_s__rosidl_typesupport_fastrtps_c.cpython-38-x86_64-linux-gnu.so
-- Symlinking: /home/yucheng/mpc_motion_control_projects/mpc_ws/install/mpc_car_control/lib/python3.8/site-packages/mpc_car_control/mpc_car_control_s__rosidl_typesupport_fastrtps_c.so
-- Up-to-date symlink: /home/yucheng/mpc_motion_control_projects/mpc_ws/install/mpc_car_control/lib/python3.8/site-packages/mpc_car_control/mpc_car_control_s__rosidl_typesupport_introspection_c.cpython-38-x86_64-linux-gnu.so
-- Symlinking: /home/yucheng/mpc_motion_control_projects/mpc_ws/install/mpc_car_control/lib/python3.8/site-packages/mpc_car_control/mpc_car_control_s__rosidl_typesupport_introspection_c.so
-- Up-to-date symlink: /home/yucheng/mpc_motion_control_projects/mpc_ws/install/mpc_car_control/lib/python3.8/site-packages/mpc_car_control/msg/__init__.py
-- Up-to-date symlink: /home/yucheng/mpc_motion_control_projects/mpc_ws/install/mpc_car_control/lib/python3.8/site-packages/mpc_car_control/msg/_actuator_command.py
-- Symlinking: /home/yucheng/mpc_motion_control_projects/mpc_ws/install/mpc_car_control/lib/python3.8/site-packages/mpc_car_control/msg/_actuator_command_s.c
-- Up-to-date symlink: /home/yucheng/mpc_motion_control_projects/mpc_ws/install/mpc_car_control/lib/python3.8/site-packages/mpc_car_control/msg/_control_command_body.py
-- Symlinking: /home/yucheng/mpc_motion_control_projects/mpc_ws/install/mpc_car_control/lib/python3.8/site-packages/mpc_car_control/msg/_control_command_body_s.c
-- Up-to-date symlink: /home/yucheng/mpc_motion_control_projects/mpc_ws/install/mpc_car_control/lib/python3.8/site-packages/mpc_car_control/msg/_reference_trajectory.py
-- Symlinking: /home/yucheng/mpc_motion_control_projects/mpc_ws/install/mpc_car_control/lib/python3.8/site-packages/mpc_car_control/msg/_reference_trajectory_s.c
-- Up-to-date symlink: /home/yucheng/mpc_motion_control_projects/mpc_ws/install/mpc_car_control/lib/python3.8/site-packages/mpc_car_control/msg/_vehicle_state.py
-- Symlinking: /home/yucheng/mpc_motion_control_projects/mpc_ws/install/mpc_car_control/lib/python3.8/site-packages/mpc_car_control/msg/_vehicle_state_s.c
-- Up-to-date symlink: /home/yucheng/mpc_motion_control_projects/mpc_ws/install/mpc_car_control/lib/python3.8/site-packages/mpc_car_control/msg/_wheel_ground_heights.py
-- Symlinking: /home/yucheng/mpc_motion_control_projects/mpc_ws/install/mpc_car_control/lib/python3.8/site-packages/mpc_car_control/msg/_wheel_ground_heights_s.c
-- Up-to-date symlink: /home/yucheng/mpc_motion_control_projects/mpc_ws/install/mpc_car_control/lib/python3.8/site-packages/mpc_car_control/mpc_car_control_s__rosidl_typesupport_fastrtps_c.so
-- Up-to-date symlink: /home/yucheng/mpc_motion_control_projects/mpc_ws/install/mpc_car_control/lib/python3.8/site-packages/mpc_car_control/mpc_car_control_s__rosidl_typesupport_introspection_c.so
-- Up-to-date symlink: /home/yucheng/mpc_motion_control_projects/mpc_ws/install/mpc_car_control/lib/python3.8/site-packages/mpc_car_control/mpc_car_control_s__rosidl_typesupport_c.so
-- Up-to-date symlink: /home/yucheng/mpc_motion_control_projects/mpc_ws/install/mpc_car_control/share/mpc_car_control/msg/VehicleState.idl
-- Up-to-date symlink: /home/yucheng/mpc_motion_control_projects/mpc_ws/install/mpc_car_control/share/mpc_car_control/msg/ReferenceTrajectory.idl
-- Up-to-date symlink: /home/yucheng/mpc_motion_control_projects/mpc_ws/install/mpc_car_control/share/mpc_car_control/msg/ControlCommandBody.idl
-- Up-to-date symlink: /home/yucheng/mpc_motion_control_projects/mpc_ws/install/mpc_car_control/share/mpc_car_control/msg/ActuatorCommand.idl
-- Up-to-date symlink: /home/yucheng/mpc_motion_control_projects/mpc_ws/install/mpc_car_control/share/mpc_car_control/msg/WheelGroundHeights.idl
-- Up-to-date symlink: /home/yucheng/mpc_motion_control_projects/mpc_ws/install/mpc_car_control/share/mpc_car_control/msg/VehicleState.msg
-- Up-to-date symlink: /home/yucheng/mpc_motion_control_projects/mpc_ws/install/mpc_car_control/share/mpc_car_control/msg/ReferenceTrajectory.msg
-- Up-to-date symlink: /home/yucheng/mpc_motion_control_projects/mpc_ws/install/mpc_car_control/share/mpc_car_control/msg/ControlCommandBody.msg
-- Up-to-date symlink: /home/yucheng/mpc_motion_control_projects/mpc_ws/install/mpc_car_control/share/mpc_car_control/msg/ActuatorCommand.msg
-- Up-to-date symlink: /home/yucheng/mpc_motion_control_projects/mpc_ws/install/mpc_car_control/share/mpc_car_control/msg/WheelGroundHeights.msg
-- Up-to-date symlink: /home/yucheng/mpc_motion_control_projects/mpc_ws/install/mpc_car_control/lib/mpc_car_control/scenario_generator_node
-- Up-to-date symlink: /home/yucheng/mpc_motion_control_projects/mpc_ws/install/mpc_car_control/lib/mpc_car_control/mpc_controller_node
-- Up-to-date symlink: /home/yucheng/mpc_motion_control_projects/mpc_ws/install/mpc_car_control/lib/mpc_car_control/control_allocator_node
-- Up-to-date symlink: /home/yucheng/mpc_motion_control_projects/mpc_ws/install/mpc_car_control/lib/mpc_car_control/pid_controller_node
-- Up-to-date symlink: /home/yucheng/mpc_motion_control_projects/mpc_ws/install/mpc_car_control/lib/mpc_car_control/vehicle_interface_node
-- Up-to-date symlink: /home/yucheng/mpc_motion_control_projects/mpc_ws/install/mpc_car_control/lib/mpc_car_control/visualization_node
-- Up-to-date symlink: /home/yucheng/mpc_motion_control_projects/mpc_ws/install/mpc_car_control/lib/mpc_car_control/vehicle_model_node
-- Symlinking: /home/yucheng/mpc_motion_control_projects/mpc_ws/install/mpc_car_control/share/mpc_car_control/launch/__pycache__/mpc_system.launch.cpython-38.pyc
-- Up-to-date symlink: /home/yucheng/mpc_motion_control_projects/mpc_ws/install/mpc_car_control/share/mpc_car_control/launch/default.rviz
-- Up-to-date symlink: /home/yucheng/mpc_motion_control_projects/mpc_ws/install/mpc_car_control/share/mpc_car_control/launch/mpc_system.launch.py
-- Up-to-date symlink: /home/yucheng/mpc_motion_control_projects/mpc_ws/install/mpc_car_control/share/ament_index/resource_index/package_run_dependencies/mpc_car_control
-- Up-to-date symlink: /home/yucheng/mpc_motion_control_projects/mpc_ws/install/mpc_car_control/share/ament_index/resource_index/parent_prefix_path/mpc_car_control
-- Symlinking: /home/yucheng/mpc_motion_control_projects/mpc_ws/install/mpc_car_control/share/mpc_car_control/environment/ament_prefix_path.sh
-- Up-to-date symlink: /home/yucheng/mpc_motion_control_projects/mpc_ws/install/mpc_car_control/share/mpc_car_control/environment/ament_prefix_path.dsv
-- Symlinking: /home/yucheng/mpc_motion_control_projects/mpc_ws/install/mpc_car_control/share/mpc_car_control/environment/path.sh
-- Up-to-date symlink: /home/yucheng/mpc_motion_control_projects/mpc_ws/install/mpc_car_control/share/mpc_car_control/environment/path.dsv
-- Up-to-date symlink: /home/yucheng/mpc_motion_control_projects/mpc_ws/install/mpc_car_control/share/mpc_car_control/local_setup.bash
-- Up-to-date symlink: /home/yucheng/mpc_motion_control_projects/mpc_ws/install/mpc_car_control/share/mpc_car_control/local_setup.sh
-- Up-to-date symlink: /home/yucheng/mpc_motion_control_projects/mpc_ws/install/mpc_car_control/share/mpc_car_control/local_setup.zsh
-- Up-to-date symlink: /home/yucheng/mpc_motion_control_projects/mpc_ws/install/mpc_car_control/share/mpc_car_control/local_setup.dsv
-- Symlinking: /home/yucheng/mpc_motion_control_projects/mpc_ws/install/mpc_car_control/share/mpc_car_control/package.dsv
-- Up-to-date symlink: /home/yucheng/mpc_motion_control_projects/mpc_ws/install/mpc_car_control/share/ament_index/resource_index/packages/mpc_car_control
-- Up-to-date symlink: /home/yucheng/mpc_motion_control_projects/mpc_ws/install/mpc_car_control/share/mpc_car_control/cmake/rosidl_cmake-extras.cmake
-- Up-to-date symlink: /home/yucheng/mpc_motion_control_projects/mpc_ws/install/mpc_car_control/share/mpc_car_control/cmake/ament_cmake_export_dependencies-extras.cmake
-- Up-to-date symlink: /home/yucheng/mpc_motion_control_projects/mpc_ws/install/mpc_car_control/share/mpc_car_control/cmake/ament_cmake_export_include_directories-extras.cmake
-- Up-to-date symlink: /home/yucheng/mpc_motion_control_projects/mpc_ws/install/mpc_car_control/share/mpc_car_control/cmake/ament_cmake_export_libraries-extras.cmake
-- Up-to-date symlink: /home/yucheng/mpc_motion_control_projects/mpc_ws/install/mpc_car_control/share/mpc_car_control/cmake/ament_cmake_export_targets-extras.cmake
-- Up-to-date symlink: /home/yucheng/mpc_motion_control_projects/mpc_ws/install/mpc_car_control/share/mpc_car_control/cmake/rosidl_cmake_export_typesupport_targets-extras.cmake
-- Up-to-date symlink: /home/yucheng/mpc_motion_control_projects/mpc_ws/install/mpc_car_control/share/mpc_car_control/cmake/rosidl_cmake_export_typesupport_libraries-extras.cmake
-- Up-to-date symlink: /home/yucheng/mpc_motion_control_projects/mpc_ws/install/mpc_car_control/share/mpc_car_control/cmake/mpc_car_controlConfig.cmake
-- Up-to-date symlink: /home/yucheng/mpc_motion_control_projects/mpc_ws/install/mpc_car_control/share/mpc_car_control/cmake/mpc_car_controlConfig-version.cmake
-- Up-to-date symlink: /home/yucheng/mpc_motion_control_projects/mpc_ws/install/mpc_car_control/share/mpc_car_control/package.xml
-- Installing: /home/yucheng/mpc_motion_control_projects/mpc_ws/install/mpc_car_control/lib/libmpc_car_control__rosidl_generator_c.so
-- Set non-toolchain portion of runtime path of "/home/yucheng/mpc_motion_control_projects/mpc_ws/install/mpc_car_control/lib/libmpc_car_control__rosidl_generator_c.so" to ""
-- Installing: /home/yucheng/mpc_motion_control_projects/mpc_ws/install/mpc_car_control/lib/libmpc_car_control__rosidl_typesupport_introspection_c.so
-- Set non-toolchain portion of runtime path of "/home/yucheng/mpc_motion_control_projects/mpc_ws/install/mpc_car_control/lib/libmpc_car_control__rosidl_typesupport_introspection_c.so" to ""
-- Installing: /home/yucheng/mpc_motion_control_projects/mpc_ws/install/mpc_car_control/lib/libmpc_car_control__rosidl_typesupport_c.so
-- Set non-toolchain portion of runtime path of "/home/yucheng/mpc_motion_control_projects/mpc_ws/install/mpc_car_control/lib/libmpc_car_control__rosidl_typesupport_c.so" to ""
-- Installing: /home/yucheng/mpc_motion_control_projects/mpc_ws/install/mpc_car_control/lib/libmpc_car_control__rosidl_typesupport_introspection_cpp.so
-- Set non-toolchain portion of runtime path of "/home/yucheng/mpc_motion_control_projects/mpc_ws/install/mpc_car_control/lib/libmpc_car_control__rosidl_typesupport_introspection_cpp.so" to ""
-- Installing: /home/yucheng/mpc_motion_control_projects/mpc_ws/install/mpc_car_control/lib/libmpc_car_control__rosidl_typesupport_cpp.so
-- Set non-toolchain portion of runtime path of "/home/yucheng/mpc_motion_control_projects/mpc_ws/install/mpc_car_control/lib/libmpc_car_control__rosidl_typesupport_cpp.so" to ""
Listing '/home/yucheng/mpc_motion_control_projects/mpc_ws/install/mpc_car_control/lib/python3.8/site-packages/mpc_car_control'...
Compiling '/home/yucheng/mpc_motion_control_projects/mpc_ws/install/mpc_car_control/lib/python3.8/site-packages/mpc_car_control/__init__.py'...
Listing '/home/yucheng/mpc_motion_control_projects/mpc_ws/install/mpc_car_control/lib/python3.8/site-packages/mpc_car_control/msg'...
Compiling '/home/yucheng/mpc_motion_control_projects/mpc_ws/install/mpc_car_control/lib/python3.8/site-packages/mpc_car_control/msg/__init__.py'...
Compiling '/home/yucheng/mpc_motion_control_projects/mpc_ws/install/mpc_car_control/lib/python3.8/site-packages/mpc_car_control/msg/_actuator_command.py'...
Compiling '/home/yucheng/mpc_motion_control_projects/mpc_ws/install/mpc_car_control/lib/python3.8/site-packages/mpc_car_control/msg/_control_command_body.py'...
Compiling '/home/yucheng/mpc_motion_control_projects/mpc_ws/install/mpc_car_control/lib/python3.8/site-packages/mpc_car_control/msg/_reference_trajectory.py'...
Compiling '/home/yucheng/mpc_motion_control_projects/mpc_ws/install/mpc_car_control/lib/python3.8/site-packages/mpc_car_control/msg/_vehicle_state.py'...
Compiling '/home/yucheng/mpc_motion_control_projects/mpc_ws/install/mpc_car_control/lib/python3.8/site-packages/mpc_car_control/msg/_wheel_ground_heights.py'...
-- Installing: /home/yucheng/mpc_motion_control_projects/mpc_ws/install/mpc_car_control/lib/libmpc_car_control__rosidl_generator_py.so
-- Set non-toolchain portion of runtime path of "/home/yucheng/mpc_motion_control_projects/mpc_ws/install/mpc_car_control/lib/libmpc_car_control__rosidl_generator_py.so" to ""
-- Installing: /home/yucheng/mpc_motion_control_projects/mpc_ws/install/mpc_car_control/share/mpc_car_control/cmake/export_mpc_car_control__rosidl_generator_cExport.cmake
-- Installing: /home/yucheng/mpc_motion_control_projects/mpc_ws/install/mpc_car_control/share/mpc_car_control/cmake/export_mpc_car_control__rosidl_generator_cExport-noconfig.cmake
-- Installing: /home/yucheng/mpc_motion_control_projects/mpc_ws/install/mpc_car_control/share/mpc_car_control/cmake/export_mpc_car_control__rosidl_typesupport_fastrtps_cExport.cmake
-- Installing: /home/yucheng/mpc_motion_control_projects/mpc_ws/install/mpc_car_control/share/mpc_car_control/cmake/export_mpc_car_control__rosidl_typesupport_fastrtps_cExport-noconfig.cmake
-- Installing: /home/yucheng/mpc_motion_control_projects/mpc_ws/install/mpc_car_control/share/mpc_car_control/cmake/export_mpc_car_control__rosidl_generator_cppExport.cmake
-- Installing: /home/yucheng/mpc_motion_control_projects/mpc_ws/install/mpc_car_control/share/mpc_car_control/cmake/export_mpc_car_control__rosidl_typesupport_fastrtps_cppExport.cmake
-- Installing: /home/yucheng/mpc_motion_control_projects/mpc_ws/install/mpc_car_control/share/mpc_car_control/cmake/export_mpc_car_control__rosidl_typesupport_fastrtps_cppExport-noconfig.cmake
-- Old export file "/home/yucheng/mpc_motion_control_projects/mpc_ws/install/mpc_car_control/share/mpc_car_control/cmake/mpc_car_control__rosidl_typesupport_introspection_cExport.cmake" will be replaced.  Removing files [/home/yucheng/mpc_motion_control_projects/mpc_ws/install/mpc_car_control/share/mpc_car_control/cmake/mpc_car_control__rosidl_typesupport_introspection_cExport-noconfig.cmake].
-- Installing: /home/yucheng/mpc_motion_control_projects/mpc_ws/install/mpc_car_control/share/mpc_car_control/cmake/mpc_car_control__rosidl_typesupport_introspection_cExport.cmake
-- Installing: /home/yucheng/mpc_motion_control_projects/mpc_ws/install/mpc_car_control/share/mpc_car_control/cmake/mpc_car_control__rosidl_typesupport_introspection_cExport-noconfig.cmake
-- Old export file "/home/yucheng/mpc_motion_control_projects/mpc_ws/install/mpc_car_control/share/mpc_car_control/cmake/mpc_car_control__rosidl_typesupport_cExport.cmake" will be replaced.  Removing files [/home/yucheng/mpc_motion_control_projects/mpc_ws/install/mpc_car_control/share/mpc_car_control/cmake/mpc_car_control__rosidl_typesupport_cExport-noconfig.cmake].
-- Installing: /home/yucheng/mpc_motion_control_projects/mpc_ws/install/mpc_car_control/share/mpc_car_control/cmake/mpc_car_control__rosidl_typesupport_cExport.cmake
-- Installing: /home/yucheng/mpc_motion_control_projects/mpc_ws/install/mpc_car_control/share/mpc_car_control/cmake/mpc_car_control__rosidl_typesupport_cExport-noconfig.cmake
-- Old export file "/home/yucheng/mpc_motion_control_projects/mpc_ws/install/mpc_car_control/share/mpc_car_control/cmake/mpc_car_control__rosidl_typesupport_introspection_cppExport.cmake" will be replaced.  Removing files [/home/yucheng/mpc_motion_control_projects/mpc_ws/install/mpc_car_control/share/mpc_car_control/cmake/mpc_car_control__rosidl_typesupport_introspection_cppExport-noconfig.cmake].
-- Installing: /home/yucheng/mpc_motion_control_projects/mpc_ws/install/mpc_car_control/share/mpc_car_control/cmake/mpc_car_control__rosidl_typesupport_introspection_cppExport.cmake
-- Installing: /home/yucheng/mpc_motion_control_projects/mpc_ws/install/mpc_car_control/share/mpc_car_control/cmake/mpc_car_control__rosidl_typesupport_introspection_cppExport-noconfig.cmake
-- Old export file "/home/yucheng/mpc_motion_control_projects/mpc_ws/install/mpc_car_control/share/mpc_car_control/cmake/mpc_car_control__rosidl_typesupport_cppExport.cmake" will be replaced.  Removing files [/home/yucheng/mpc_motion_control_projects/mpc_ws/install/mpc_car_control/share/mpc_car_control/cmake/mpc_car_control__rosidl_typesupport_cppExport-noconfig.cmake].
-- Installing: /home/yucheng/mpc_motion_control_projects/mpc_ws/install/mpc_car_control/share/mpc_car_control/cmake/mpc_car_control__rosidl_typesupport_cppExport.cmake
-- Installing: /home/yucheng/mpc_motion_control_projects/mpc_ws/install/mpc_car_control/share/mpc_car_control/cmake/mpc_car_control__rosidl_typesupport_cppExport-noconfig.cmake
-- Installing: /home/yucheng/mpc_motion_control_projects/mpc_ws/install/mpc_car_control/share/mpc_car_control/cmake/export_mpc_car_control__rosidl_generator_pyExport.cmake
-- Installing: /home/yucheng/mpc_motion_control_projects/mpc_ws/install/mpc_car_control/share/mpc_car_control/cmake/export_mpc_car_control__rosidl_generator_pyExport-noconfig.cmake
