[  1%] Built target mpc_car_control__cpp
[ 10%] Built target mpc_car_control__rosidl_generator_c
[ 28%] Built target mpc_car_control__rosidl_typesupport_introspection_cpp
[ 28%] Built target mpc_car_control__rosidl_typesupport_cpp
[ 37%] Built target mpc_car_control__rosidl_typesupport_c
[ 48%] Built target mpc_car_control__rosidl_typesupport_introspection_c
[ 55%] Built target mpc_car_control__rosidl_typesupport_fastrtps_cpp
[ 64%] Built target mpc_car_control__rosidl_typesupport_fastrtps_c
[ 64%] Built target mpc_car_control
[ 66%] Built target mpc_car_control__py
[ 70%] Built target pid_controller_node
[ 71%] Built target control_allocator_node
[ 75%] Built target scenario_generator_node
[ 76%] Built target visualization_node
[ 81%] Built target vehicle_interface_node
[ 81%] Built target vehicle_model_node
[ 83%] [32mBuilding CXX object CMakeFiles/mpc_controller_node.dir/src/mpc_controller_node.cpp.o[0m
[ 90%] Built target mpc_car_control__python
[ 98%] Built target mpc_car_control__rosidl_typesupport_introspection_c__pyext
[ 98%] Built target mpc_car_control__rosidl_typesupport_c__pyext
[ 98%] Built target mpc_car_control__rosidl_typesupport_fastrtps_c__pyext
[01m[K/home/yucheng/mpc_motion_control_projects/mpc_ws/src/mpc_car_control/src/mpc_controller_node.cpp:65:21:[m[K [01;31m[Kerror: [m[Kredeclaration of ‘[01m[Kconst double MPCControllerNode::m_[m[K’
   65 |   const double m_ = [01;31m[K1412.0[m[K;
      |                     [01;31m[K^~~~~~[m[K
[01m[K/home/yucheng/mpc_motion_control_projects/mpc_ws/src/mpc_car_control/src/mpc_controller_node.cpp:50:16:[m[K [01;36m[Knote: [m[Kprevious declaration ‘[01m[Kconst double MPCControllerNode::m_[m[K’
   50 |   const double [01;36m[Km_[m[K = 1412.0;
      |                [01;36m[K^~[m[K
[01m[K/home/yucheng/mpc_motion_control_projects/mpc_ws/src/mpc_car_control/src/mpc_controller_node.cpp:66:22:[m[K [01;31m[Kerror: [m[Kredeclaration of ‘[01m[Kconst double MPCControllerNode::Iz_[m[K’
   66 |   const double Iz_ = [01;31m[K1536.7[m[K;
      |                      [01;31m[K^~~~~~[m[K
[01m[K/home/yucheng/mpc_motion_control_projects/mpc_ws/src/mpc_car_control/src/mpc_controller_node.cpp:51:16:[m[K [01;36m[Knote: [m[Kprevious declaration ‘[01m[Kconst double MPCControllerNode::Iz_[m[K’
   51 |   const double [01;36m[KIz_[m[K = 1536.7;
      |                [01;36m[K^~~[m[K
[01m[K/home/yucheng/mpc_motion_control_projects/mpc_ws/src/mpc_car_control/src/mpc_controller_node.cpp:69:22:[m[K [01;31m[Kerror: [m[Kredeclaration of ‘[01m[Kconst double MPCControllerNode::lf_[m[K’
   69 |   const double lf_ = [01;31m[K1.015[m[K;
      |                      [01;31m[K^~~~~[m[K
[01m[K/home/yucheng/mpc_motion_control_projects/mpc_ws/src/mpc_car_control/src/mpc_controller_node.cpp:52:16:[m[K [01;36m[Knote: [m[Kprevious declaration ‘[01m[Kconst double MPCControllerNode::lf_[m[K’
   52 |   const double [01;36m[Klf_[m[K = 1.015;
      |                [01;36m[K^~~[m[K
[01m[K/home/yucheng/mpc_motion_control_projects/mpc_ws/src/mpc_car_control/src/mpc_controller_node.cpp:70:22:[m[K [01;31m[Kerror: [m[Kredeclaration of ‘[01m[Kconst double MPCControllerNode::lr_[m[K’
   70 |   const double lr_ = [01;31m[K1.9[m[K;
      |                      [01;31m[K^~~[m[K
[01m[K/home/yucheng/mpc_motion_control_projects/mpc_ws/src/mpc_car_control/src/mpc_controller_node.cpp:53:16:[m[K [01;36m[Knote: [m[Kprevious declaration ‘[01m[Kconst double MPCControllerNode::lr_[m[K’
   53 |   const double [01;36m[Klr_[m[K = 1.9;
      |                [01;36m[K^~~[m[K
[01m[K/home/yucheng/mpc_motion_control_projects/mpc_ws/src/mpc_car_control/src/mpc_controller_node.cpp:71:23:[m[K [01;31m[Kerror: [m[Kredeclaration of ‘[01m[Kconst double MPCControllerNode::Caf_[m[K’
   71 |   const double Caf_ = [01;31m[K60000.0[m[K;
      |                       [01;31m[K^~~~~~~[m[K
[01m[K/home/yucheng/mpc_motion_control_projects/mpc_ws/src/mpc_car_control/src/mpc_controller_node.cpp:54:16:[m[K [01;36m[Knote: [m[Kprevious declaration ‘[01m[Kconst double MPCControllerNode::Caf_[m[K’
   54 |   const double [01;36m[KCaf_[m[K = 60000.0;
      |                [01;36m[K^~~~[m[K
[01m[K/home/yucheng/mpc_motion_control_projects/mpc_ws/src/mpc_car_control/src/mpc_controller_node.cpp:72:23:[m[K [01;31m[Kerror: [m[Kredeclaration of ‘[01m[Kconst double MPCControllerNode::Car_[m[K’
   72 |   const double Car_ = [01;31m[K50000.0[m[K;
      |                       [01;31m[K^~~~~~~[m[K
[01m[K/home/yucheng/mpc_motion_control_projects/mpc_ws/src/mpc_car_control/src/mpc_controller_node.cpp:55:16:[m[K [01;36m[Knote: [m[Kprevious declaration ‘[01m[Kconst double MPCControllerNode::Car_[m[K’
   55 |   const double [01;36m[KCar_[m[K = 50000.0;
      |                [01;36m[K^~~~[m[K
[01m[K/home/yucheng/mpc_motion_control_projects/mpc_ws/src/mpc_car_control/src/mpc_controller_node.cpp:73:21:[m[K [01;31m[Kerror: [m[Kredeclaration of ‘[01m[Kconst double MPCControllerNode::g_[m[K’
   73 |   const double g_ = [01;31m[K9.81[m[K;
      |                     [01;31m[K^~~~[m[K
[01m[K/home/yucheng/mpc_motion_control_projects/mpc_ws/src/mpc_car_control/src/mpc_controller_node.cpp:56:16:[m[K [01;36m[Knote: [m[Kprevious declaration ‘[01m[Kconst double MPCControllerNode::g_[m[K’
   56 |   const double [01;36m[Kg_[m[K = 9.81;
      |                [01;36m[K^~[m[K
[01m[K/home/yucheng/mpc_motion_control_projects/mpc_ws/src/mpc_car_control/src/mpc_controller_node.cpp:[m[K In member function ‘[01m[Kvoid MPCControllerNode::get_linearized_matrices(const VectorXd&, Eigen::MatrixXd&, Eigen::MatrixXd&)[m[K’:
[01m[K/home/yucheng/mpc_motion_control_projects/mpc_ws/src/mpc_car_control/src/mpc_controller_node.cpp:97:12:[m[K [01;35m[Kwarning: [m[Kunused variable ‘[01m[Ktheta[m[K’ [[01;35m[K-Wunused-variable[m[K]
   97 |     double [01;35m[Ktheta[m[K = x_ref(8);
      |            [01;35m[K^~~~~[m[K
[01m[K/home/yucheng/mpc_motion_control_projects/mpc_ws/src/mpc_car_control/src/mpc_controller_node.cpp:98:12:[m[K [01;35m[Kwarning: [m[Kunused variable ‘[01m[Kphi[m[K’ [[01;35m[K-Wunused-variable[m[K]
   98 |     double [01;35m[Kphi[m[K = x_ref(7);
      |            [01;35m[K^~~[m[K
make[2]: *** [CMakeFiles/mpc_controller_node.dir/build.make:79：CMakeFiles/mpc_controller_node.dir/src/mpc_controller_node.cpp.o] 错误 1
make[1]: *** [CMakeFiles/Makefile2:725：CMakeFiles/mpc_controller_node.dir/all] 错误 2
make: *** [Makefile:146：all] 错误 2
