[0.031s] Invoking command in '/home/yucheng/mpc_motion_control_projects/mpc_ws/build/mpc_car_control': CMAKE_PREFIX_PATH=${CMAKE_PREFIX_PATH}:/opt/ros/foxy /usr/local/bin/cmake --build /home/yucheng/mpc_motion_control_projects/mpc_ws/build/mpc_car_control -- -j12 -l12
[0.064s] [  1%] Built target mpc_car_control__cpp
[0.066s] [ 10%] Built target mpc_car_control__rosidl_generator_c
[0.077s] [ 28%] Built target mpc_car_control__rosidl_typesupport_introspection_cpp
[0.078s] [ 28%] Built target mpc_car_control__rosidl_typesupport_cpp
[0.078s] [ 37%] Built target mpc_car_control__rosidl_typesupport_c
[0.078s] [ 48%] Built target mpc_car_control__rosidl_typesupport_introspection_c
[0.078s] [ 55%] Built target mpc_car_control__rosidl_typesupport_fastrtps_cpp
[0.092s] [ 64%] Built target mpc_car_control__rosidl_typesupport_fastrtps_c
[0.102s] [ 64%] Built target mpc_car_control
[0.116s] [ 66%] Built target mpc_car_control__py
[0.122s] [ 70%] Built target pid_controller_node
[0.122s] [ 71%] Built target control_allocator_node
[0.122s] [ 75%] Built target scenario_generator_node
[0.122s] [ 76%] Built target visualization_node
[0.123s] [ 81%] Built target vehicle_interface_node
[0.123s] [ 81%] Built target vehicle_model_node
[0.128s] [ 83%] [32mBuilding CXX object CMakeFiles/mpc_controller_node.dir/src/mpc_controller_node.cpp.o[0m
[0.133s] [ 90%] Built target mpc_car_control__python
[0.145s] [ 98%] Built target mpc_car_control__rosidl_typesupport_introspection_c__pyext
[0.145s] [ 98%] Built target mpc_car_control__rosidl_typesupport_c__pyext
[0.145s] [ 98%] Built target mpc_car_control__rosidl_typesupport_fastrtps_c__pyext
[1.783s] [01m[K/home/yucheng/mpc_motion_control_projects/mpc_ws/src/mpc_car_control/src/mpc_controller_node.cpp:65:21:[m[K [01;31m[Kerror: [m[Kredeclaration of ‘[01m[Kconst double MPCControllerNode::m_[m[K’
[1.783s]    65 |   const double m_ = [01;31m[K1412.0[m[K;
[1.783s]       |                     [01;31m[K^~~~~~[m[K
[1.784s] [01m[K/home/yucheng/mpc_motion_control_projects/mpc_ws/src/mpc_car_control/src/mpc_controller_node.cpp:50:16:[m[K [01;36m[Knote: [m[Kprevious declaration ‘[01m[Kconst double MPCControllerNode::m_[m[K’
[1.784s]    50 |   const double [01;36m[Km_[m[K = 1412.0;
[1.784s]       |                [01;36m[K^~[m[K
[1.784s] [01m[K/home/yucheng/mpc_motion_control_projects/mpc_ws/src/mpc_car_control/src/mpc_controller_node.cpp:66:22:[m[K [01;31m[Kerror: [m[Kredeclaration of ‘[01m[Kconst double MPCControllerNode::Iz_[m[K’
[1.784s]    66 |   const double Iz_ = [01;31m[K1536.7[m[K;
[1.784s]       |                      [01;31m[K^~~~~~[m[K
[1.784s] [01m[K/home/yucheng/mpc_motion_control_projects/mpc_ws/src/mpc_car_control/src/mpc_controller_node.cpp:51:16:[m[K [01;36m[Knote: [m[Kprevious declaration ‘[01m[Kconst double MPCControllerNode::Iz_[m[K’
[1.784s]    51 |   const double [01;36m[KIz_[m[K = 1536.7;
[1.784s]       |                [01;36m[K^~~[m[K
[1.784s] [01m[K/home/yucheng/mpc_motion_control_projects/mpc_ws/src/mpc_car_control/src/mpc_controller_node.cpp:69:22:[m[K [01;31m[Kerror: [m[Kredeclaration of ‘[01m[Kconst double MPCControllerNode::lf_[m[K’
[1.784s]    69 |   const double lf_ = [01;31m[K1.015[m[K;
[1.784s]       |                      [01;31m[K^~~~~[m[K
[1.784s] [01m[K/home/yucheng/mpc_motion_control_projects/mpc_ws/src/mpc_car_control/src/mpc_controller_node.cpp:52:16:[m[K [01;36m[Knote: [m[Kprevious declaration ‘[01m[Kconst double MPCControllerNode::lf_[m[K’
[1.784s]    52 |   const double [01;36m[Klf_[m[K = 1.015;
[1.784s]       |                [01;36m[K^~~[m[K
[1.784s] [01m[K/home/yucheng/mpc_motion_control_projects/mpc_ws/src/mpc_car_control/src/mpc_controller_node.cpp:70:22:[m[K [01;31m[Kerror: [m[Kredeclaration of ‘[01m[Kconst double MPCControllerNode::lr_[m[K’
[1.785s]    70 |   const double lr_ = [01;31m[K1.9[m[K;
[1.785s]       |                      [01;31m[K^~~[m[K
[1.785s] [01m[K/home/yucheng/mpc_motion_control_projects/mpc_ws/src/mpc_car_control/src/mpc_controller_node.cpp:53:16:[m[K [01;36m[Knote: [m[Kprevious declaration ‘[01m[Kconst double MPCControllerNode::lr_[m[K’
[1.785s]    53 |   const double [01;36m[Klr_[m[K = 1.9;
[1.785s]       |                [01;36m[K^~~[m[K
[1.785s] [01m[K/home/yucheng/mpc_motion_control_projects/mpc_ws/src/mpc_car_control/src/mpc_controller_node.cpp:71:23:[m[K [01;31m[Kerror: [m[Kredeclaration of ‘[01m[Kconst double MPCControllerNode::Caf_[m[K’
[1.785s]    71 |   const double Caf_ = [01;31m[K60000.0[m[K;
[1.785s]       |                       [01;31m[K^~~~~~~[m[K
[1.785s] [01m[K/home/yucheng/mpc_motion_control_projects/mpc_ws/src/mpc_car_control/src/mpc_controller_node.cpp:54:16:[m[K [01;36m[Knote: [m[Kprevious declaration ‘[01m[Kconst double MPCControllerNode::Caf_[m[K’
[1.785s]    54 |   const double [01;36m[KCaf_[m[K = 60000.0;
[1.785s]       |                [01;36m[K^~~~[m[K
[1.785s] [01m[K/home/yucheng/mpc_motion_control_projects/mpc_ws/src/mpc_car_control/src/mpc_controller_node.cpp:72:23:[m[K [01;31m[Kerror: [m[Kredeclaration of ‘[01m[Kconst double MPCControllerNode::Car_[m[K’
[1.785s]    72 |   const double Car_ = [01;31m[K50000.0[m[K;
[1.785s]       |                       [01;31m[K^~~~~~~[m[K
[1.785s] [01m[K/home/yucheng/mpc_motion_control_projects/mpc_ws/src/mpc_car_control/src/mpc_controller_node.cpp:55:16:[m[K [01;36m[Knote: [m[Kprevious declaration ‘[01m[Kconst double MPCControllerNode::Car_[m[K’
[1.786s]    55 |   const double [01;36m[KCar_[m[K = 50000.0;
[1.786s]       |                [01;36m[K^~~~[m[K
[1.786s] [01m[K/home/yucheng/mpc_motion_control_projects/mpc_ws/src/mpc_car_control/src/mpc_controller_node.cpp:73:21:[m[K [01;31m[Kerror: [m[Kredeclaration of ‘[01m[Kconst double MPCControllerNode::g_[m[K’
[1.786s]    73 |   const double g_ = [01;31m[K9.81[m[K;
[1.786s]       |                     [01;31m[K^~~~[m[K
[1.786s] [01m[K/home/yucheng/mpc_motion_control_projects/mpc_ws/src/mpc_car_control/src/mpc_controller_node.cpp:56:16:[m[K [01;36m[Knote: [m[Kprevious declaration ‘[01m[Kconst double MPCControllerNode::g_[m[K’
[1.786s]    56 |   const double [01;36m[Kg_[m[K = 9.81;
[1.786s]       |                [01;36m[K^~[m[K
[2.035s] [01m[K/home/yucheng/mpc_motion_control_projects/mpc_ws/src/mpc_car_control/src/mpc_controller_node.cpp:[m[K In member function ‘[01m[Kvoid MPCControllerNode::get_linearized_matrices(const VectorXd&, Eigen::MatrixXd&, Eigen::MatrixXd&)[m[K’:
[2.035s] [01m[K/home/yucheng/mpc_motion_control_projects/mpc_ws/src/mpc_car_control/src/mpc_controller_node.cpp:97:12:[m[K [01;35m[Kwarning: [m[Kunused variable ‘[01m[Ktheta[m[K’ [[01;35m[K-Wunused-variable[m[K]
[2.035s]    97 |     double [01;35m[Ktheta[m[K = x_ref(8);
[2.036s]       |            [01;35m[K^~~~~[m[K
[2.036s] [01m[K/home/yucheng/mpc_motion_control_projects/mpc_ws/src/mpc_car_control/src/mpc_controller_node.cpp:98:12:[m[K [01;35m[Kwarning: [m[Kunused variable ‘[01m[Kphi[m[K’ [[01;35m[K-Wunused-variable[m[K]
[2.036s]    98 |     double [01;35m[Kphi[m[K = x_ref(7);
[2.036s]       |            [01;35m[K^~~[m[K
[5.435s] make[2]: *** [CMakeFiles/mpc_controller_node.dir/build.make:79：CMakeFiles/mpc_controller_node.dir/src/mpc_controller_node.cpp.o] 错误 1
[5.435s] make[1]: *** [CMakeFiles/Makefile2:725：CMakeFiles/mpc_controller_node.dir/all] 错误 2
[5.435s] make: *** [Makefile:146：all] 错误 2
[5.437s] Invoked command in '/home/yucheng/mpc_motion_control_projects/mpc_ws/build/mpc_car_control' returned '2': CMAKE_PREFIX_PATH=${CMAKE_PREFIX_PATH}:/opt/ros/foxy /usr/local/bin/cmake --build /home/yucheng/mpc_motion_control_projects/mpc_ws/build/mpc_car_control -- -j12 -l12
