[0.026s] Invoking command in '/home/yucheng/mpc_motion_control_projects/mpc_ws/build/mpc_car_control': CMAKE_PREFIX_PATH=${CMAKE_PREFIX_PATH}:/opt/ros/foxy /usr/local/bin/cmake --build /home/yucheng/mpc_motion_control_projects/mpc_ws/build/mpc_car_control -- -j12 -l12
[0.060s] [  1%] Built target mpc_car_control__cpp
[0.061s] [ 10%] Built target mpc_car_control__rosidl_generator_c
[0.072s] [ 20%] Built target mpc_car_control__rosidl_typesupport_c
[0.073s] [ 38%] Built target mpc_car_control__rosidl_typesupport_cpp
[0.073s] [ 38%] Built target mpc_car_control__rosidl_typesupport_introspection_c
[0.074s] [ 49%] Built target mpc_car_control__rosidl_typesupport_fastrtps_cpp
[0.074s] [ 57%] Built target mpc_car_control__rosidl_typesupport_introspection_cpp
[0.087s] [ 66%] Built target mpc_car_control__rosidl_typesupport_fastrtps_c
[0.097s] [ 66%] Built target mpc_car_control
[0.108s] [ 68%] Built target mpc_car_control__py
[0.112s] [ 69%] [32mBuilding CXX object CMakeFiles/mpc_controller_node.dir/src/mpc_controller_node.cpp.o[0m
[0.112s] [ 72%] Built target scenario_generator_node
[0.115s] [ 74%] Built target vehicle_interface_node
[0.117s] [ 77%] Built target control_allocator_node
[0.120s] [ 80%] Built target visualization_node
[0.122s] [ 81%] [32mBuilding CXX object CMakeFiles/vehicle_model_node.dir/src/vehicle_model_node.cpp.o[0m
[0.124s] [ 89%] Built target mpc_car_control__python
[0.136s] [ 94%] Built target mpc_car_control__rosidl_typesupport_introspection_c__pyext
[0.137s] [ 94%] Built target mpc_car_control__rosidl_typesupport_c__pyext
[0.137s] [ 97%] Built target mpc_car_control__rosidl_typesupport_fastrtps_c__pyext
[1.327s] [01m[K/home/yucheng/mpc_motion_control_projects/mpc_ws/src/mpc_car_control/src/vehicle_model_node.cpp:[m[K In member function ‘[01m[Kvoid VehicleModelNode::sim_loop()[m[K’:
[1.327s] [01m[K/home/yucheng/mpc_motion_control_projects/mpc_ws/src/mpc_car_control/src/vehicle_model_node.cpp:211:31:[m[K [01;31m[Kerror: [m[K‘[01m[Kstruct VehicleParams[m[K’ has no member named ‘[01m[KC_alpha[m[K’
[1.327s]   211 |         double F_ty = params_.[01;31m[KC_alpha[m[K * alpha;
[1.327s]       |                               [01;31m[K^~~~~~~[m[K
[3.097s] make[2]: *** [CMakeFiles/vehicle_model_node.dir/build.make:79：CMakeFiles/vehicle_model_node.dir/src/vehicle_model_node.cpp.o] 错误 1
[3.097s] make[1]: *** [CMakeFiles/Makefile2:854：CMakeFiles/vehicle_model_node.dir/all] 错误 2
[3.097s] make[1]: *** 正在等待未完成的任务....
[6.107s] [ 98%] [32m[1mLinking CXX executable mpc_controller_node[0m
[6.401s] [ 98%] Built target mpc_controller_node
[6.402s] make: *** [Makefile:146：all] 错误 2
[6.403s] Invoked command in '/home/yucheng/mpc_motion_control_projects/mpc_ws/build/mpc_car_control' returned '2': CMAKE_PREFIX_PATH=${CMAKE_PREFIX_PATH}:/opt/ros/foxy /usr/local/bin/cmake --build /home/yucheng/mpc_motion_control_projects/mpc_ws/build/mpc_car_control -- -j12 -l12
