[0.558s] DEBUG:colcon:Command line arguments: ['/home/yucheng/.local/bin/colcon', 'build', '--symlink-install']
[0.558s] DEBUG:colcon:Parsed command line arguments: Namespace(allow_overriding=[], ament_cmake_args=None, base_paths=['.'], build_base='build', catkin_cmake_args=None, catkin_skip_building_tests=False, cmake_args=None, cmake_clean_cache=False, cmake_clean_first=False, cmake_force_configure=False, cmake_target=None, cmake_target_skip_unavailable=False, continue_on_error=False, event_handlers=None, executor='parallel', ignore_user_meta=False, install_base='install', log_base=None, log_level=None, main=<bound method BuildVerb.main of <colcon_core.verb.build.BuildVerb object at 0x7f27e31ca670>>, merge_install=False, metas=['./colcon.meta'], packages_above=None, packages_above_and_dependencies=None, packages_above_depth=None, packages_end=None, packages_ignore=None, packages_ignore_regex=None, packages_select=None, packages_select_build_failed=False, packages_select_by_dep=None, packages_select_regex=None, packages_select_test_failures=False, packages_skip=None, packages_skip_build_finished=False, packages_skip_by_dep=None, packages_skip_regex=None, packages_skip_test_passed=False, packages_skip_up_to=None, packages_start=None, packages_up_to=None, packages_up_to_regex=None, parallel_workers=12, paths=None, symlink_install=True, test_result_base=None, verb_extension=<colcon_core.verb.build.BuildVerb object at 0x7f27e31ca670>, verb_name='build', verb_parser=<colcon_defaults.argument_parser.defaults.DefaultArgumentsDecorator object at 0x7f27e31cac40>)
[0.589s] Level 1:colcon.colcon_core.package_discovery:discover_packages(colcon_meta) check parameters
[0.589s] Level 1:colcon.colcon_core.package_discovery:discover_packages(recursive) check parameters
[0.589s] Level 1:colcon.colcon_core.package_discovery:discover_packages(ignore) check parameters
[0.589s] Level 1:colcon.colcon_core.package_discovery:discover_packages(path) check parameters
[0.589s] Level 1:colcon.colcon_core.package_discovery:discover_packages(colcon_meta) discover
[0.589s] Level 1:colcon.colcon_core.package_discovery:discover_packages(recursive) discover
[0.589s] INFO:colcon.colcon_core.package_discovery:Crawling recursively for packages in '/home/yucheng/mpc_motion_control_projects/mpc_ws'
[0.589s] Level 1:colcon.colcon_core.package_identification:_identify(.) by extensions ['ignore', 'ignore_ament_install']
[0.589s] Level 1:colcon.colcon_core.package_identification:_identify(.) by extension 'ignore'
[0.589s] Level 1:colcon.colcon_core.package_identification:_identify(.) by extension 'ignore_ament_install'
[0.589s] Level 1:colcon.colcon_core.package_identification:_identify(.) by extensions ['colcon_pkg']
[0.589s] Level 1:colcon.colcon_core.package_identification:_identify(.) by extension 'colcon_pkg'
[0.589s] Level 1:colcon.colcon_core.package_identification:_identify(.) by extensions ['colcon_meta']
[0.589s] Level 1:colcon.colcon_core.package_identification:_identify(.) by extension 'colcon_meta'
[0.590s] Level 1:colcon.colcon_core.package_identification:_identify(.) by extensions ['ros']
[0.590s] Level 1:colcon.colcon_core.package_identification:_identify(.) by extension 'ros'
[0.607s] Level 1:colcon.colcon_core.package_identification:_identify(.) by extensions ['cmake', 'python']
[0.607s] Level 1:colcon.colcon_core.package_identification:_identify(.) by extension 'cmake'
[0.607s] Level 1:colcon.colcon_core.package_identification:_identify(.) by extension 'python'
[0.607s] Level 1:colcon.colcon_core.package_identification:_identify(.) by extensions ['python_setup_py']
[0.607s] Level 1:colcon.colcon_core.package_identification:_identify(.) by extension 'python_setup_py'
[0.607s] Level 1:colcon.colcon_core.package_identification:_identify(build) by extensions ['ignore', 'ignore_ament_install']
[0.607s] Level 1:colcon.colcon_core.package_identification:_identify(build) by extension 'ignore'
[0.608s] Level 1:colcon.colcon_core.package_identification:_identify(build) ignored
[0.608s] Level 1:colcon.colcon_core.package_identification:_identify(install) by extensions ['ignore', 'ignore_ament_install']
[0.608s] Level 1:colcon.colcon_core.package_identification:_identify(install) by extension 'ignore'
[0.608s] Level 1:colcon.colcon_core.package_identification:_identify(install) ignored
[0.608s] Level 1:colcon.colcon_core.package_identification:_identify(log) by extensions ['ignore', 'ignore_ament_install']
[0.608s] Level 1:colcon.colcon_core.package_identification:_identify(log) by extension 'ignore'
[0.608s] Level 1:colcon.colcon_core.package_identification:_identify(log) ignored
[0.608s] Level 1:colcon.colcon_core.package_identification:_identify(src) by extensions ['ignore', 'ignore_ament_install']
[0.609s] Level 1:colcon.colcon_core.package_identification:_identify(src) by extension 'ignore'
[0.609s] Level 1:colcon.colcon_core.package_identification:_identify(src) by extension 'ignore_ament_install'
[0.609s] Level 1:colcon.colcon_core.package_identification:_identify(src) by extensions ['colcon_pkg']
[0.609s] Level 1:colcon.colcon_core.package_identification:_identify(src) by extension 'colcon_pkg'
[0.609s] Level 1:colcon.colcon_core.package_identification:_identify(src) by extensions ['colcon_meta']
[0.609s] Level 1:colcon.colcon_core.package_identification:_identify(src) by extension 'colcon_meta'
[0.609s] Level 1:colcon.colcon_core.package_identification:_identify(src) by extensions ['ros']
[0.609s] Level 1:colcon.colcon_core.package_identification:_identify(src) by extension 'ros'
[0.609s] Level 1:colcon.colcon_core.package_identification:_identify(src) by extensions ['cmake', 'python']
[0.609s] Level 1:colcon.colcon_core.package_identification:_identify(src) by extension 'cmake'
[0.609s] Level 1:colcon.colcon_core.package_identification:_identify(src) by extension 'python'
[0.609s] Level 1:colcon.colcon_core.package_identification:_identify(src) by extensions ['python_setup_py']
[0.609s] Level 1:colcon.colcon_core.package_identification:_identify(src) by extension 'python_setup_py'
[0.610s] Level 1:colcon.colcon_core.package_identification:_identify(src/mpc_car_control) by extensions ['ignore', 'ignore_ament_install']
[0.610s] Level 1:colcon.colcon_core.package_identification:_identify(src/mpc_car_control) by extension 'ignore'
[0.610s] Level 1:colcon.colcon_core.package_identification:_identify(src/mpc_car_control) by extension 'ignore_ament_install'
[0.610s] Level 1:colcon.colcon_core.package_identification:_identify(src/mpc_car_control) by extensions ['colcon_pkg']
[0.610s] Level 1:colcon.colcon_core.package_identification:_identify(src/mpc_car_control) by extension 'colcon_pkg'
[0.610s] Level 1:colcon.colcon_core.package_identification:_identify(src/mpc_car_control) by extensions ['colcon_meta']
[0.610s] Level 1:colcon.colcon_core.package_identification:_identify(src/mpc_car_control) by extension 'colcon_meta'
[0.610s] Level 1:colcon.colcon_core.package_identification:_identify(src/mpc_car_control) by extensions ['ros']
[0.610s] Level 1:colcon.colcon_core.package_identification:_identify(src/mpc_car_control) by extension 'ros'
[0.615s] DEBUG:colcon.colcon_core.package_identification:Package 'src/mpc_car_control' with type 'ros.ament_cmake' and name 'mpc_car_control'
[0.615s] Level 1:colcon.colcon_core.package_discovery:discover_packages(recursive) using defaults
[0.615s] Level 1:colcon.colcon_core.package_discovery:discover_packages(ignore) discover
[0.615s] Level 1:colcon.colcon_core.package_discovery:discover_packages(ignore) using defaults
[0.615s] Level 1:colcon.colcon_core.package_discovery:discover_packages(path) discover
[0.615s] Level 1:colcon.colcon_core.package_discovery:discover_packages(path) using defaults
[0.663s] Level 1:colcon.colcon_core.package_discovery:discover_packages(prefix_path) check parameters
[0.663s] Level 1:colcon.colcon_core.package_discovery:discover_packages(prefix_path) discover
[0.671s] DEBUG:colcon.colcon_installed_package_information.package_discovery:Found 1 installed packages in /home/yucheng/mpc_motion_control_projects/mpc_ws/install
[0.676s] DEBUG:colcon.colcon_installed_package_information.package_discovery:Found 256 installed packages in /opt/ros/foxy
[0.677s] Level 1:colcon.colcon_core.package_discovery:discover_packages(prefix_path) using defaults
[0.739s] Level 5:colcon.colcon_core.verb:set package 'mpc_car_control' build argument 'cmake_args' from command line to 'None'
[0.739s] Level 5:colcon.colcon_core.verb:set package 'mpc_car_control' build argument 'cmake_target' from command line to 'None'
[0.739s] Level 5:colcon.colcon_core.verb:set package 'mpc_car_control' build argument 'cmake_target_skip_unavailable' from command line to 'False'
[0.739s] Level 5:colcon.colcon_core.verb:set package 'mpc_car_control' build argument 'cmake_clean_cache' from command line to 'False'
[0.739s] Level 5:colcon.colcon_core.verb:set package 'mpc_car_control' build argument 'cmake_clean_first' from command line to 'False'
[0.739s] Level 5:colcon.colcon_core.verb:set package 'mpc_car_control' build argument 'cmake_force_configure' from command line to 'False'
[0.739s] Level 5:colcon.colcon_core.verb:set package 'mpc_car_control' build argument 'ament_cmake_args' from command line to 'None'
[0.739s] Level 5:colcon.colcon_core.verb:set package 'mpc_car_control' build argument 'catkin_cmake_args' from command line to 'None'
[0.739s] Level 5:colcon.colcon_core.verb:set package 'mpc_car_control' build argument 'catkin_skip_building_tests' from command line to 'False'
[0.739s] DEBUG:colcon.colcon_core.verb:Building package 'mpc_car_control' with the following arguments: {'ament_cmake_args': None, 'build_base': '/home/yucheng/mpc_motion_control_projects/mpc_ws/build/mpc_car_control', 'catkin_cmake_args': None, 'catkin_skip_building_tests': False, 'cmake_args': None, 'cmake_clean_cache': False, 'cmake_clean_first': False, 'cmake_force_configure': False, 'cmake_target': None, 'cmake_target_skip_unavailable': False, 'install_base': '/home/yucheng/mpc_motion_control_projects/mpc_ws/install/mpc_car_control', 'merge_install': False, 'path': '/home/yucheng/mpc_motion_control_projects/mpc_ws/src/mpc_car_control', 'symlink_install': True, 'test_result_base': None}
[0.741s] INFO:colcon.colcon_core.executor:Executing jobs using 'parallel' executor
[0.752s] DEBUG:colcon.colcon_parallel_executor.executor.parallel:run_until_complete
[0.752s] INFO:colcon.colcon_ros.task.ament_cmake.build:Building ROS package in '/home/yucheng/mpc_motion_control_projects/mpc_ws/src/mpc_car_control' with build type 'ament_cmake'
[0.752s] INFO:colcon.colcon_cmake.task.cmake.build:Building CMake package in '/home/yucheng/mpc_motion_control_projects/mpc_ws/src/mpc_car_control'
[0.760s] INFO:colcon.colcon_core.plugin_system:Skipping extension 'colcon_core.shell.bat': Not used on non-Windows systems
[0.760s] INFO:colcon.colcon_core.shell:Skip shell extension 'powershell' for command environment: Not usable outside of PowerShell
[0.760s] DEBUG:colcon.colcon_core.shell:Skip shell extension 'dsv' for command environment
[0.780s] DEBUG:colcon.colcon_core.event_handler.log_command:Invoking command in '/home/yucheng/mpc_motion_control_projects/mpc_ws/build/mpc_car_control': CMAKE_PREFIX_PATH=${CMAKE_PREFIX_PATH}:/opt/ros/foxy /usr/local/bin/cmake --build /home/yucheng/mpc_motion_control_projects/mpc_ws/build/mpc_car_control -- -j12 -l12
[2.404s] DEBUG:colcon.colcon_core.event_handler.log_command:Invoked command in '/home/yucheng/mpc_motion_control_projects/mpc_ws/build/mpc_car_control' returned '2': CMAKE_PREFIX_PATH=${CMAKE_PREFIX_PATH}:/opt/ros/foxy /usr/local/bin/cmake --build /home/yucheng/mpc_motion_control_projects/mpc_ws/build/mpc_car_control -- -j12 -l12
[2.529s] Level 1:colcon.colcon_core.environment:create_environment_scripts_only(mpc_car_control)
[2.540s] Level 1:colcon.colcon_core.environment:checking '/home/yucheng/mpc_motion_control_projects/mpc_ws/install/mpc_car_control' for CMake module files
[2.541s] Level 1:colcon.colcon_core.environment:checking '/home/yucheng/mpc_motion_control_projects/mpc_ws/install/mpc_car_control' for CMake config files
[2.541s] Level 1:colcon.colcon_core.shell:create_environment_hook('mpc_car_control', 'cmake_prefix_path')
[2.546s] INFO:colcon.colcon_core.shell:Creating environment hook '/home/yucheng/mpc_motion_control_projects/mpc_ws/install/mpc_car_control/share/mpc_car_control/hook/cmake_prefix_path.ps1'
[2.547s] INFO:colcon.colcon_core.shell:Creating environment descriptor '/home/yucheng/mpc_motion_control_projects/mpc_ws/install/mpc_car_control/share/mpc_car_control/hook/cmake_prefix_path.dsv'
[2.547s] INFO:colcon.colcon_core.shell:Creating environment hook '/home/yucheng/mpc_motion_control_projects/mpc_ws/install/mpc_car_control/share/mpc_car_control/hook/cmake_prefix_path.sh'
[2.548s] Level 1:colcon.colcon_core.environment:checking '/home/yucheng/mpc_motion_control_projects/mpc_ws/install/mpc_car_control/lib'
[2.548s] Level 1:colcon.colcon_core.shell:create_environment_hook('mpc_car_control', 'ld_library_path_lib')
[2.553s] INFO:colcon.colcon_core.shell:Creating environment hook '/home/yucheng/mpc_motion_control_projects/mpc_ws/install/mpc_car_control/share/mpc_car_control/hook/ld_library_path_lib.ps1'
[2.554s] INFO:colcon.colcon_core.shell:Creating environment descriptor '/home/yucheng/mpc_motion_control_projects/mpc_ws/install/mpc_car_control/share/mpc_car_control/hook/ld_library_path_lib.dsv'
[2.554s] INFO:colcon.colcon_core.shell:Creating environment hook '/home/yucheng/mpc_motion_control_projects/mpc_ws/install/mpc_car_control/share/mpc_car_control/hook/ld_library_path_lib.sh'
[2.554s] Level 1:colcon.colcon_core.environment:checking '/home/yucheng/mpc_motion_control_projects/mpc_ws/install/mpc_car_control/bin'
[2.554s] Level 1:colcon.colcon_core.environment:checking '/home/yucheng/mpc_motion_control_projects/mpc_ws/install/mpc_car_control/lib/pkgconfig/mpc_car_control.pc'
[2.554s] Level 1:colcon.colcon_core.environment:checking '/home/yucheng/mpc_motion_control_projects/mpc_ws/install/mpc_car_control/lib/python3.8/site-packages'
[2.555s] Level 1:colcon.colcon_core.shell:create_environment_hook('mpc_car_control', 'pythonpath')
[2.559s] INFO:colcon.colcon_core.shell:Creating environment hook '/home/yucheng/mpc_motion_control_projects/mpc_ws/install/mpc_car_control/share/mpc_car_control/hook/pythonpath.ps1'
[2.560s] INFO:colcon.colcon_core.shell:Creating environment descriptor '/home/yucheng/mpc_motion_control_projects/mpc_ws/install/mpc_car_control/share/mpc_car_control/hook/pythonpath.dsv'
[2.560s] INFO:colcon.colcon_core.shell:Creating environment hook '/home/yucheng/mpc_motion_control_projects/mpc_ws/install/mpc_car_control/share/mpc_car_control/hook/pythonpath.sh'
[2.561s] Level 1:colcon.colcon_core.environment:checking '/home/yucheng/mpc_motion_control_projects/mpc_ws/install/mpc_car_control/bin'
[2.566s] INFO:colcon.colcon_core.shell:Creating package script '/home/yucheng/mpc_motion_control_projects/mpc_ws/install/mpc_car_control/share/mpc_car_control/package.ps1'
[2.567s] INFO:colcon.colcon_core.shell:Creating package descriptor '/home/yucheng/mpc_motion_control_projects/mpc_ws/install/mpc_car_control/share/mpc_car_control/package.dsv'
[2.567s] INFO:colcon.colcon_core.shell:Creating package script '/home/yucheng/mpc_motion_control_projects/mpc_ws/install/mpc_car_control/share/mpc_car_control/package.sh'
[2.568s] INFO:colcon.colcon_core.shell:Creating package script '/home/yucheng/mpc_motion_control_projects/mpc_ws/install/mpc_car_control/share/mpc_car_control/package.bash'
[2.569s] INFO:colcon.colcon_core.shell:Creating package script '/home/yucheng/mpc_motion_control_projects/mpc_ws/install/mpc_car_control/share/mpc_car_control/package.zsh'
[2.569s] Level 1:colcon.colcon_core.environment:create_file_with_runtime_dependencies(/home/yucheng/mpc_motion_control_projects/mpc_ws/install/mpc_car_control/share/colcon-core/packages/mpc_car_control)
[2.580s] DEBUG:colcon.colcon_parallel_executor.executor.parallel:closing loop
[2.580s] DEBUG:colcon.colcon_parallel_executor.executor.parallel:loop closed
[2.580s] DEBUG:colcon.colcon_parallel_executor.executor.parallel:run_until_complete finished with '2'
[2.580s] DEBUG:colcon.colcon_core.event_reactor:joining thread
[2.589s] INFO:colcon.colcon_core.plugin_system:Skipping extension 'colcon_notification.desktop_notification.terminal_notifier': Not used on non-Darwin systems
[2.589s] INFO:colcon.colcon_core.plugin_system:Skipping extension 'colcon_notification.desktop_notification.win32': Not used on non-Windows systems
[2.589s] INFO:colcon.colcon_notification.desktop_notification:Sending desktop notification using 'notify2'
[2.602s] DEBUG:colcon.colcon_core.event_reactor:joined thread
[2.607s] INFO:colcon.colcon_core.shell:Creating prefix script '/home/yucheng/mpc_motion_control_projects/mpc_ws/install/local_setup.ps1'
[2.608s] INFO:colcon.colcon_core.shell:Creating prefix util module '/home/yucheng/mpc_motion_control_projects/mpc_ws/install/_local_setup_util_ps1.py'
[2.609s] INFO:colcon.colcon_core.shell:Creating prefix chain script '/home/yucheng/mpc_motion_control_projects/mpc_ws/install/setup.ps1'
[2.613s] INFO:colcon.colcon_core.shell:Creating prefix script '/home/yucheng/mpc_motion_control_projects/mpc_ws/install/local_setup.sh'
[2.614s] INFO:colcon.colcon_core.shell:Creating prefix util module '/home/yucheng/mpc_motion_control_projects/mpc_ws/install/_local_setup_util_sh.py'
[2.614s] INFO:colcon.colcon_core.shell:Creating prefix chain script '/home/yucheng/mpc_motion_control_projects/mpc_ws/install/setup.sh'
[2.618s] INFO:colcon.colcon_core.shell:Creating prefix script '/home/yucheng/mpc_motion_control_projects/mpc_ws/install/local_setup.bash'
[2.619s] INFO:colcon.colcon_core.shell:Creating prefix chain script '/home/yucheng/mpc_motion_control_projects/mpc_ws/install/setup.bash'
[2.623s] INFO:colcon.colcon_core.shell:Creating prefix script '/home/yucheng/mpc_motion_control_projects/mpc_ws/install/local_setup.zsh'
[2.623s] INFO:colcon.colcon_core.shell:Creating prefix chain script '/home/yucheng/mpc_motion_control_projects/mpc_ws/install/setup.zsh'
