-- Found ament_cmake: 2.5.4 (/opt/ros/jazzy/share/ament_cmake/cmake)
-- Found Python3: /usr/bin/python3 (found version "3.12.3") found components: Interpreter 
-- Override CMake install command with custom implementation using symlinks instead of copying resources
-- Found rclcpp: 28.1.12 (/opt/ros/jazzy/share/rclcpp/cmake)
-- Found rosidl_generator_c: 4.6.6 (/opt/ros/jazzy/share/rosidl_generator_c/cmake)
-- Found rosidl_generator_cpp: 4.6.6 (/opt/ros/jazzy/share/rosidl_generator_cpp/cmake)
-- Using all available rosidl_typesupport_c: rosidl_typesupport_fastrtps_c;rosidl_typesupport_introspection_c
-- Using all available rosidl_typesupport_cpp: rosidl_typesupport_fastrtps_cpp;rosidl_typesupport_introspection_cpp
-- Found rmw_implementation_cmake: 7.3.2 (/opt/ros/jazzy/share/rmw_implementation_cmake/cmake)
-- Found rmw_fastrtps_cpp: 8.4.3 (/opt/ros/jazzy/share/rmw_fastrtps_cpp/cmake)
-- Using RMW implementation 'rmw_fastrtps_cpp' as default
-- Found std_msgs: 5.3.6 (/opt/ros/jazzy/share/std_msgs/cmake)
-- Found visualization_msgs: 5.3.6 (/opt/ros/jazzy/share/visualization_msgs/cmake)
-- Found tf2: 0.36.14 (/opt/ros/jazzy/share/tf2/cmake)
-- Found tf2_ros: 0.36.14 (/opt/ros/jazzy/share/tf2_ros/cmake)
-- Found tf2_geometry_msgs: 0.36.14 (/opt/ros/jazzy/share/tf2_geometry_msgs/cmake)
-- Found eigen3_cmake_module: 0.3.0 (/opt/ros/jazzy/share/eigen3_cmake_module/cmake)
-- Ensuring Eigen3 include directory is part of orocos-kdl CMake target
-- Found ament_lint_auto: 0.17.3 (/opt/ros/jazzy/share/ament_lint_auto/cmake)
-- Found rosidl_default_generators: 1.6.0 (/opt/ros/jazzy/share/rosidl_default_generators/cmake)
-- Found rosidl_adapter: 4.6.6 (/opt/ros/jazzy/share/rosidl_adapter/cmake)
-- Found ament_cmake_ros: 0.12.0 (/opt/ros/jazzy/share/ament_cmake_ros/cmake)
-- Using all available rosidl_typesupport_c: rosidl_typesupport_fastrtps_c;rosidl_typesupport_introspection_c
-- Using all available rosidl_typesupport_cpp: rosidl_typesupport_fastrtps_cpp;rosidl_typesupport_introspection_cpp
-- Found python_cmake_module: 0.11.1 (/opt/ros/jazzy/share/python_cmake_module/cmake)
-- Found Python3: /usr/bin/python3 (found version "3.12.3") found components: Interpreter Development NumPy Development.Module Development.Embed 
[0mCMake Deprecation Warning at /opt/ros/jazzy/share/rosidl_cmake/cmake/rosidl_target_interfaces.cmake:32 (message):
  Use rosidl_get_typesupport_target() and target_link_libraries() instead of
  rosidl_target_interfaces().  i.e:

    rosidl_get_typesupport_target(cpp_typesupport_target "${PROJECT_NAME}" "rosidl_typesupport_cpp")
    target_link_libraries(${PROJECT_NAME}_node "${cpp_typesupport_target}")

Call Stack (most recent call first):
  CMakeLists.txt:55 (rosidl_target_interfaces)

[0m
[0mCMake Deprecation Warning at /opt/ros/jazzy/share/rosidl_cmake/cmake/rosidl_target_interfaces.cmake:32 (message):
  Use rosidl_get_typesupport_target() and target_link_libraries() instead of
  rosidl_target_interfaces().  i.e:

    rosidl_get_typesupport_target(cpp_typesupport_target "${PROJECT_NAME}" "rosidl_typesupport_cpp")
    target_link_libraries(${PROJECT_NAME}_node "${cpp_typesupport_target}")

Call Stack (most recent call first):
  CMakeLists.txt:64 (rosidl_target_interfaces)

[0m
[0mCMake Deprecation Warning at /opt/ros/jazzy/share/rosidl_cmake/cmake/rosidl_target_interfaces.cmake:32 (message):
  Use rosidl_get_typesupport_target() and target_link_libraries() instead of
  rosidl_target_interfaces().  i.e:

    rosidl_get_typesupport_target(cpp_typesupport_target "${PROJECT_NAME}" "rosidl_typesupport_cpp")
    target_link_libraries(${PROJECT_NAME}_node "${cpp_typesupport_target}")

Call Stack (most recent call first):
  CMakeLists.txt:73 (rosidl_target_interfaces)

[0m
[0mCMake Deprecation Warning at /opt/ros/jazzy/share/rosidl_cmake/cmake/rosidl_target_interfaces.cmake:32 (message):
  Use rosidl_get_typesupport_target() and target_link_libraries() instead of
  rosidl_target_interfaces().  i.e:

    rosidl_get_typesupport_target(cpp_typesupport_target "${PROJECT_NAME}" "rosidl_typesupport_cpp")
    target_link_libraries(${PROJECT_NAME}_node "${cpp_typesupport_target}")

Call Stack (most recent call first):
  CMakeLists.txt:78 (rosidl_target_interfaces)

[0m
[0mCMake Deprecation Warning at /opt/ros/jazzy/share/rosidl_cmake/cmake/rosidl_target_interfaces.cmake:32 (message):
  Use rosidl_get_typesupport_target() and target_link_libraries() instead of
  rosidl_target_interfaces().  i.e:

    rosidl_get_typesupport_target(cpp_typesupport_target "${PROJECT_NAME}" "rosidl_typesupport_cpp")
    target_link_libraries(${PROJECT_NAME}_node "${cpp_typesupport_target}")

Call Stack (most recent call first):
  CMakeLists.txt:83 (rosidl_target_interfaces)

[0m
[0mCMake Deprecation Warning at /opt/ros/jazzy/share/rosidl_cmake/cmake/rosidl_target_interfaces.cmake:32 (message):
  Use rosidl_get_typesupport_target() and target_link_libraries() instead of
  rosidl_target_interfaces().  i.e:

    rosidl_get_typesupport_target(cpp_typesupport_target "${PROJECT_NAME}" "rosidl_typesupport_cpp")
    target_link_libraries(${PROJECT_NAME}_node "${cpp_typesupport_target}")

Call Stack (most recent call first):
  CMakeLists.txt:95 (rosidl_target_interfaces)

[0m
[0mCMake Deprecation Warning at /opt/ros/jazzy/share/rosidl_cmake/cmake/rosidl_target_interfaces.cmake:32 (message):
  Use rosidl_get_typesupport_target() and target_link_libraries() instead of
  rosidl_target_interfaces().  i.e:

    rosidl_get_typesupport_target(cpp_typesupport_target "${PROJECT_NAME}" "rosidl_typesupport_cpp")
    target_link_libraries(${PROJECT_NAME}_node "${cpp_typesupport_target}")

Call Stack (most recent call first):
  CMakeLists.txt:100 (rosidl_target_interfaces)

[0m
-- Added test 'copyright' to check source files copyright and LICENSE
-- Added test 'cppcheck' to perform static code analysis on C / C++ code
-- Configured cppcheck include dirs: 
-- Configured cppcheck exclude dirs and/or files: 
-- Added test 'cpplint' to check C / C++ code against the Google style
-- Configured cpplint exclude dirs and/or files: 
-- Added test 'flake8' to check Python code syntax and style conventions
-- Configured 'flake8' exclude dirs and/or files: 
-- Added test 'lint_cmake' to check CMake code style
-- Added test 'pep257' to check Python code against some of the docstring style conventions in PEP 257
-- Added test 'uncrustify' to check C / C++ code style
-- Configured uncrustify additional arguments: 
-- Added test 'xmllint' to check XML markup files
-- Configuring done (0.9s)
-- Generating done (0.0s)
-- Build files have been written to: /home/yucheng/mpc_motion_control_projects/mpc_ws/build/mpc_car_control
[  1%] [34m[1mGenerating type hashes for ROS interfaces[0m
[  1%] Built target ament_cmake_python_symlink_mpc_car_control
running egg_info
writing mpc_car_control.egg-info/PKG-INFO
writing dependency_links to mpc_car_control.egg-info/dependency_links.txt
writing top-level names to mpc_car_control.egg-info/top_level.txt
[  1%] Built target mpc_car_control__rosidl_generator_type_description
[  2%] [34m[1mGenerating C code for ROS interfaces[0m
reading manifest file 'mpc_car_control.egg-info/SOURCES.txt'
writing manifest file 'mpc_car_control.egg-info/SOURCES.txt'
[  3%] [34m[1mGenerating C++ code for ROS interfaces[0m
[  3%] Built target ament_cmake_python_build_mpc_car_control_egg
[  3%] Built target mpc_car_control__cpp
[  4%] [32mBuilding C object CMakeFiles/mpc_car_control__rosidl_generator_c.dir/rosidl_generator_c/mpc_car_control/msg/detail/vehicle_state__description.c.o[0m
[  5%] [32mBuilding C object CMakeFiles/mpc_car_control__rosidl_generator_c.dir/rosidl_generator_c/mpc_car_control/msg/detail/vehicle_state__functions.c.o[0m
[  6%] [32mBuilding C object CMakeFiles/mpc_car_control__rosidl_generator_c.dir/rosidl_generator_c/mpc_car_control/msg/detail/reference_trajectory__functions.c.o[0m
[  7%] [32mBuilding C object CMakeFiles/mpc_car_control__rosidl_generator_c.dir/rosidl_generator_c/mpc_car_control/msg/detail/actuator_command__description.c.o[0m
[  9%] [32mBuilding C object CMakeFiles/mpc_car_control__rosidl_generator_c.dir/rosidl_generator_c/mpc_car_control/msg/detail/control_command_body__description.c.o[0m
[ 11%] [32mBuilding C object CMakeFiles/mpc_car_control__rosidl_generator_c.dir/rosidl_generator_c/mpc_car_control/msg/detail/vehicle_state__type_support.c.o[0m
[ 11%] [32mBuilding C object CMakeFiles/mpc_car_control__rosidl_generator_c.dir/rosidl_generator_c/mpc_car_control/msg/detail/reference_trajectory__description.c.o[0m
[ 12%] [32mBuilding C object CMakeFiles/mpc_car_control__rosidl_generator_c.dir/rosidl_generator_c/mpc_car_control/msg/detail/control_command_body__functions.c.o[0m
[ 13%] [32mBuilding C object CMakeFiles/mpc_car_control__rosidl_generator_c.dir/rosidl_generator_c/mpc_car_control/msg/detail/reference_trajectory__type_support.c.o[0m
[ 14%] [32mBuilding C object CMakeFiles/mpc_car_control__rosidl_generator_c.dir/rosidl_generator_c/mpc_car_control/msg/detail/control_command_body__type_support.c.o[0m
[ 15%] [32mBuilding C object CMakeFiles/mpc_car_control__rosidl_generator_c.dir/rosidl_generator_c/mpc_car_control/msg/detail/actuator_command__functions.c.o[0m
[ 17%] [32mBuilding C object CMakeFiles/mpc_car_control__rosidl_generator_c.dir/rosidl_generator_c/mpc_car_control/msg/detail/actuator_command__type_support.c.o[0m
[ 18%] [32mBuilding C object CMakeFiles/mpc_car_control__rosidl_generator_c.dir/rosidl_generator_c/mpc_car_control/msg/detail/wheel_ground_heights__functions.c.o[0m
[ 19%] [32mBuilding C object CMakeFiles/mpc_car_control__rosidl_generator_c.dir/rosidl_generator_c/mpc_car_control/msg/detail/wheel_ground_heights__description.c.o[0m
[ 20%] [32mBuilding C object CMakeFiles/mpc_car_control__rosidl_generator_c.dir/rosidl_generator_c/mpc_car_control/msg/detail/wheel_ground_heights__type_support.c.o[0m
[ 21%] [32m[1mLinking C shared library libmpc_car_control__rosidl_generator_c.so[0m
[ 21%] Built target mpc_car_control__rosidl_generator_c
[ 23%] [34m[1mGenerating C++ type support dispatch for ROS interfaces[0m
[ 23%] [34m[1mGenerating C type support for eProsima Fast-RTPS[0m
[ 26%] [34m[1mGenerating C++ type support for eProsima Fast-RTPS[0m
[ 26%] [34m[1mGenerating C type support dispatch for ROS interfaces[0m
[ 27%] [34m[1mGenerating C introspection for ROS interfaces[0m
[ 28%] [34m[1mGenerating C++ introspection for ROS interfaces[0m
[ 29%] [32mBuilding CXX object CMakeFiles/mpc_car_control__rosidl_typesupport_c.dir/rosidl_typesupport_c/mpc_car_control/msg/vehicle_state__type_support.cpp.o[0m
[ 31%] [32mBuilding CXX object CMakeFiles/mpc_car_control__rosidl_typesupport_c.dir/rosidl_typesupport_c/mpc_car_control/msg/actuator_command__type_support.cpp.o[0m
[ 31%] [32mBuilding CXX object CMakeFiles/mpc_car_control__rosidl_typesupport_c.dir/rosidl_typesupport_c/mpc_car_control/msg/reference_trajectory__type_support.cpp.o[0m
[ 32%] [32mBuilding CXX object CMakeFiles/mpc_car_control__rosidl_typesupport_c.dir/rosidl_typesupport_c/mpc_car_control/msg/control_command_body__type_support.cpp.o[0m
[ 34%] [32mBuilding CXX object CMakeFiles/mpc_car_control__rosidl_typesupport_c.dir/rosidl_typesupport_c/mpc_car_control/msg/wheel_ground_heights__type_support.cpp.o[0m
[ 35%] [32mBuilding CXX object CMakeFiles/mpc_car_control__rosidl_typesupport_cpp.dir/rosidl_typesupport_cpp/mpc_car_control/msg/vehicle_state__type_support.cpp.o[0m
[ 36%] [32mBuilding CXX object CMakeFiles/mpc_car_control__rosidl_typesupport_cpp.dir/rosidl_typesupport_cpp/mpc_car_control/msg/control_command_body__type_support.cpp.o[0m
[ 37%] [32mBuilding CXX object CMakeFiles/mpc_car_control__rosidl_typesupport_cpp.dir/rosidl_typesupport_cpp/mpc_car_control/msg/reference_trajectory__type_support.cpp.o[0m
[ 38%] [32mBuilding CXX object CMakeFiles/mpc_car_control__rosidl_typesupport_cpp.dir/rosidl_typesupport_cpp/mpc_car_control/msg/actuator_command__type_support.cpp.o[0m
[ 39%] [32mBuilding CXX object CMakeFiles/mpc_car_control__rosidl_typesupport_cpp.dir/rosidl_typesupport_cpp/mpc_car_control/msg/wheel_ground_heights__type_support.cpp.o[0m
[ 40%] [32mBuilding C object CMakeFiles/mpc_car_control__rosidl_typesupport_introspection_c.dir/rosidl_typesupport_introspection_c/mpc_car_control/msg/detail/vehicle_state__type_support.c.o[0m
[ 42%] [32mBuilding C object CMakeFiles/mpc_car_control__rosidl_typesupport_introspection_c.dir/rosidl_typesupport_introspection_c/mpc_car_control/msg/detail/wheel_ground_heights__type_support.c.o[0m
[ 44%] [32mBuilding C object CMakeFiles/mpc_car_control__rosidl_typesupport_introspection_c.dir/rosidl_typesupport_introspection_c/mpc_car_control/msg/detail/reference_trajectory__type_support.c.o[0m
[ 44%] [32mBuilding C object CMakeFiles/mpc_car_control__rosidl_typesupport_introspection_c.dir/rosidl_typesupport_introspection_c/mpc_car_control/msg/detail/control_command_body__type_support.c.o[0m
[ 45%] [32mBuilding C object CMakeFiles/mpc_car_control__rosidl_typesupport_introspection_c.dir/rosidl_typesupport_introspection_c/mpc_car_control/msg/detail/actuator_command__type_support.c.o[0m
[ 52%] [32mBuilding CXX object CMakeFiles/mpc_car_control__rosidl_typesupport_introspection_cpp.dir/rosidl_typesupport_introspection_cpp/mpc_car_control/msg/detail/wheel_ground_heights__type_support.cpp.o[0m
[ 52%] [32mBuilding CXX object CMakeFiles/mpc_car_control__rosidl_typesupport_introspection_cpp.dir/rosidl_typesupport_introspection_cpp/mpc_car_control/msg/detail/control_command_body__type_support.cpp.o[0m
[ 52%] [32mBuilding CXX object CMakeFiles/mpc_car_control__rosidl_typesupport_introspection_cpp.dir/rosidl_typesupport_introspection_cpp/mpc_car_control/msg/detail/actuator_command__type_support.cpp.o[0m
[ 52%] [32mBuilding CXX object CMakeFiles/mpc_car_control__rosidl_typesupport_introspection_cpp.dir/rosidl_typesupport_introspection_cpp/mpc_car_control/msg/detail/reference_trajectory__type_support.cpp.o[0m
[ 52%] [32mBuilding CXX object CMakeFiles/mpc_car_control__rosidl_typesupport_introspection_cpp.dir/rosidl_typesupport_introspection_cpp/mpc_car_control/msg/detail/vehicle_state__type_support.cpp.o[0m
[ 52%] [32m[1mLinking CXX shared library libmpc_car_control__rosidl_typesupport_c.so[0m
[ 53%] [32m[1mLinking C shared library libmpc_car_control__rosidl_typesupport_introspection_c.so[0m
[ 53%] Built target mpc_car_control__rosidl_typesupport_c
[ 54%] [32mBuilding CXX object CMakeFiles/mpc_car_control__rosidl_typesupport_fastrtps_cpp.dir/rosidl_typesupport_fastrtps_cpp/mpc_car_control/msg/detail/dds_fastrtps/vehicle_state__type_support.cpp.o[0m
[ 55%] [32mBuilding CXX object CMakeFiles/mpc_car_control__rosidl_typesupport_fastrtps_cpp.dir/rosidl_typesupport_fastrtps_cpp/mpc_car_control/msg/detail/dds_fastrtps/control_command_body__type_support.cpp.o[0m
[ 56%] [32mBuilding CXX object CMakeFiles/mpc_car_control__rosidl_typesupport_fastrtps_cpp.dir/rosidl_typesupport_fastrtps_cpp/mpc_car_control/msg/detail/dds_fastrtps/actuator_command__type_support.cpp.o[0m
[ 57%] [32mBuilding CXX object CMakeFiles/mpc_car_control__rosidl_typesupport_fastrtps_cpp.dir/rosidl_typesupport_fastrtps_cpp/mpc_car_control/msg/detail/dds_fastrtps/reference_trajectory__type_support.cpp.o[0m
[ 59%] [32mBuilding CXX object CMakeFiles/mpc_car_control__rosidl_typesupport_fastrtps_cpp.dir/rosidl_typesupport_fastrtps_cpp/mpc_car_control/msg/detail/dds_fastrtps/wheel_ground_heights__type_support.cpp.o[0m
[ 64%] [32mBuilding CXX object CMakeFiles/mpc_car_control__rosidl_typesupport_fastrtps_c.dir/rosidl_typesupport_fastrtps_c/mpc_car_control/msg/detail/wheel_ground_heights__type_support_c.cpp.o[0m
[ 64%] [32mBuilding CXX object CMakeFiles/mpc_car_control__rosidl_typesupport_fastrtps_c.dir/rosidl_typesupport_fastrtps_c/mpc_car_control/msg/detail/actuator_command__type_support_c.cpp.o[0m
[ 64%] [32mBuilding CXX object CMakeFiles/mpc_car_control__rosidl_typesupport_fastrtps_c.dir/rosidl_typesupport_fastrtps_c/mpc_car_control/msg/detail/reference_trajectory__type_support_c.cpp.o[0m
[ 64%] [32mBuilding CXX object CMakeFiles/mpc_car_control__rosidl_typesupport_fastrtps_c.dir/rosidl_typesupport_fastrtps_c/mpc_car_control/msg/detail/vehicle_state__type_support_c.cpp.o[0m
[ 64%] [32mBuilding CXX object CMakeFiles/mpc_car_control__rosidl_typesupport_fastrtps_c.dir/rosidl_typesupport_fastrtps_c/mpc_car_control/msg/detail/control_command_body__type_support_c.cpp.o[0m
[ 64%] Built target mpc_car_control__rosidl_typesupport_introspection_c
[ 65%] [32m[1mLinking CXX shared library libmpc_car_control__rosidl_typesupport_cpp.so[0m
[ 65%] Built target mpc_car_control__rosidl_typesupport_cpp
[ 67%] [32m[1mLinking CXX shared library libmpc_car_control__rosidl_typesupport_introspection_cpp.so[0m
[ 67%] Built target mpc_car_control__rosidl_typesupport_introspection_cpp
[ 68%] [32m[1mLinking CXX shared library libmpc_car_control__rosidl_typesupport_fastrtps_c.so[0m
[ 69%] [32m[1mLinking CXX shared library libmpc_car_control__rosidl_typesupport_fastrtps_cpp.so[0m
[ 69%] Built target mpc_car_control__rosidl_typesupport_fastrtps_c
[ 69%] Built target mpc_car_control__rosidl_typesupport_fastrtps_cpp
[ 69%] Built target mpc_car_control
[ 70%] [34m[1mGenerating Python code for ROS interfaces[0m
[ 77%] [32mBuilding CXX object CMakeFiles/vehicle_interface_node.dir/src/vehicle_interface_node.cpp.o[0m
[ 77%] [32mBuilding CXX object CMakeFiles/pid_controller_node.dir/src/pid_controller_node.cpp.o[0m
[ 77%] [32mBuilding CXX object CMakeFiles/scenario_generator_node.dir/src/scenario_generator_node.cpp.o[0m
[ 77%] [32mBuilding CXX object CMakeFiles/vehicle_model_node.dir/src/vehicle_model_node.cpp.o[0m
[ 77%] [32mBuilding CXX object CMakeFiles/control_allocator_node.dir/src/control_allocator_node.cpp.o[0m
[ 77%] [32mBuilding CXX object CMakeFiles/visualization_node.dir/src/visualization_node.cpp.o[0m
[ 78%] [32mBuilding CXX object CMakeFiles/mpc_controller_node.dir/src/mpc_controller_node.cpp.o[0m
[ 78%] Built target mpc_car_control__py
[ 84%] [32mBuilding C object CMakeFiles/mpc_car_control__rosidl_generator_py.dir/rosidl_generator_py/mpc_car_control/msg/_actuator_command_s.c.o[0m
[ 84%] [32mBuilding C object CMakeFiles/mpc_car_control__rosidl_generator_py.dir/rosidl_generator_py/mpc_car_control/msg/_control_command_body_s.c.o[0m
[ 84%] [32mBuilding C object CMakeFiles/mpc_car_control__rosidl_generator_py.dir/rosidl_generator_py/mpc_car_control/msg/_wheel_ground_heights_s.c.o[0m
[ 84%] [32mBuilding C object CMakeFiles/mpc_car_control__rosidl_generator_py.dir/rosidl_generator_py/mpc_car_control/msg/_reference_trajectory_s.c.o[0m
[ 84%] [32mBuilding C object CMakeFiles/mpc_car_control__rosidl_generator_py.dir/rosidl_generator_py/mpc_car_control/msg/_vehicle_state_s.c.o[0m
[ 85%] [32m[1mLinking C shared library libmpc_car_control__rosidl_generator_py.so[0m
[ 85%] Built target mpc_car_control__rosidl_generator_py
[ 88%] [32mBuilding C object CMakeFiles/mpc_car_control_s__rosidl_typesupport_introspection_c.dir/rosidl_generator_py/mpc_car_control/_mpc_car_control_s.ep.rosidl_typesupport_introspection_c.c.o[0m
[ 88%] [32mBuilding C object CMakeFiles/mpc_car_control_s__rosidl_typesupport_fastrtps_c.dir/rosidl_generator_py/mpc_car_control/_mpc_car_control_s.ep.rosidl_typesupport_fastrtps_c.c.o[0m
[ 88%] [32mBuilding C object CMakeFiles/mpc_car_control_s__rosidl_typesupport_c.dir/rosidl_generator_py/mpc_car_control/_mpc_car_control_s.ep.rosidl_typesupport_c.c.o[0m
[ 92%] [32m[1mLinking C shared module rosidl_generator_py/mpc_car_control/mpc_car_control_s__rosidl_typesupport_introspection_c.so[0m
[ 92%] [32m[1mLinking C shared module rosidl_generator_py/mpc_car_control/mpc_car_control_s__rosidl_typesupport_fastrtps_c.so[0m
[ 92%] [32m[1mLinking C shared module rosidl_generator_py/mpc_car_control/mpc_car_control_s__rosidl_typesupport_c.so[0m
[ 92%] Built target mpc_car_control_s__rosidl_typesupport_introspection_c
[ 92%] Built target mpc_car_control_s__rosidl_typesupport_c
[ 92%] Built target mpc_car_control_s__rosidl_typesupport_fastrtps_c
In file included from [01m[K/opt/ros/jazzy/include/rclcpp/rclcpp/logging.hpp:24[m[K,
                 from [01m[K/opt/ros/jazzy/include/rclcpp/rclcpp/copy_all_parameter_values.hpp:27[m[K,
                 from [01m[K/opt/ros/jazzy/include/rclcpp/rclcpp/rclcpp.hpp:171[m[K,
                 from [01m[K/home/yucheng/mpc_motion_control_projects/mpc_ws/src/mpc_car_control/src/control_allocator_node.cpp:8[m[K:
[01m[K/home/yucheng/mpc_motion_control_projects/mpc_ws/src/mpc_car_control/src/control_allocator_node.cpp:[m[K In member function ‘[01m[Kvoid ControlAllocatorNode::[01;32m[Kcmd_callback[m[K(mpc_car_control::msg::ControlCommandBody_<std::allocator<void> >::SharedPtr)[m[K’:
[01m[K/home/yucheng/mpc_motion_control_projects/mpc_ws/src/mpc_car_control/src/control_allocator_node.cpp:224:22:[m[K [01;31m[Kerror: [m[K‘[01m[KT_per_wheel_base[m[K’ was not declared in this scope
  224 |             msg->mz, [01;31m[KT_per_wheel_base[m[K, T_diff, T_left, T_right);
      |                      [01;31m[K^~~~~~~~~~~~~~~~[m[K
[01m[K/home/yucheng/mpc_motion_control_projects/mpc_ws/src/mpc_car_control/src/control_allocator_node.cpp:224:40:[m[K [01;31m[Kerror: [m[K‘[01m[KT_diff[m[K’ was not declared in this scope
  224 |             msg->mz, T_per_wheel_base, [01;31m[KT_diff[m[K, T_left, T_right);
      |                                        [01;31m[K^~~~~~[m[K
[01m[K/home/yucheng/mpc_motion_control_projects/mpc_ws/src/mpc_car_control/src/vehicle_model_node.cpp:[m[K In member function ‘[01m[Kvoid VehicleModelNode::[01;32m[Ksim_loop[m[K()[m[K’:
[01m[K/home/yucheng/mpc_motion_control_projects/mpc_ws/src/mpc_car_control/src/vehicle_model_node.cpp:280:14:[m[K [01;35m[Kwarning: [m[Kvariable ‘[01m[Kuse_direct_torque[m[K’ set but not used [[01;35m[K]8;;https://gcc.gnu.org/onlinedocs/gcc/Warning-Options.html#index-Wunused-but-set-variable-Wunused-but-set-variable]8;;[m[K]
  280 |         bool [01;35m[Kuse_direct_torque[m[K = false;
      |              [01;35m[K^~~~~~~~~~~~~~~~~[m[K
make[2]: *** [CMakeFiles/control_allocator_node.dir/build.make:76：CMakeFiles/control_allocator_node.dir/src/control_allocator_node.cpp.o] 错误 1
make[1]: *** [CMakeFiles/Makefile2:696：CMakeFiles/control_allocator_node.dir/all] 错误 2
make[1]: *** 正在等待未完成的任务....
[ 93%] [32m[1mLinking CXX executable scenario_generator_node[0m
[ 93%] Built target scenario_generator_node
[ 94%] [32m[1mLinking CXX executable pid_controller_node[0m
[ 95%] [32m[1mLinking CXX executable vehicle_interface_node[0m
[ 95%] Built target vehicle_interface_node
[ 95%] Built target pid_controller_node
[ 96%] [32m[1mLinking CXX executable visualization_node[0m
[ 97%] [32m[1mLinking CXX executable vehicle_model_node[0m
[ 97%] Built target visualization_node
[ 97%] Built target vehicle_model_node
[ 98%] [32m[1mLinking CXX executable mpc_controller_node[0m
[ 98%] Built target mpc_controller_node
make: *** [Makefile:146：all] 错误 2
