[0.004s] Invoking command in '/home/yucheng/mpc_motion_control_projects/mpc_ws/build/mpc_car_control': CMAKE_PREFIX_PATH=${CMAKE_PREFIX_PATH}:/opt/ros/jazzy DEBUGINFOD_URLS=https://debuginfod.ubuntu.com /usr/bin/cmake --build /home/yucheng/mpc_motion_control_projects/mpc_ws/build/mpc_car_control -- -j24 -l24
[0.023s] -- Found ament_cmake: 2.5.4 (/opt/ros/jazzy/share/ament_cmake/cmake)
[0.039s] -- Found Python3: /usr/bin/python3 (found version "3.12.3") found components: Interpreter 
[0.080s] -- Override CMake install command with custom implementation using symlinks instead of copying resources
[0.084s] -- Found rclcpp: 28.1.12 (/opt/ros/jazzy/share/rclcpp/cmake)
[0.099s] -- Found rosidl_generator_c: 4.6.6 (/opt/ros/jazzy/share/rosidl_generator_c/cmake)
[0.104s] -- Found rosidl_generator_cpp: 4.6.6 (/opt/ros/jazzy/share/rosidl_generator_cpp/cmake)
[0.111s] -- Using all available rosidl_typesupport_c: rosidl_typesupport_fastrtps_c;rosidl_typesupport_introspection_c
[0.118s] -- Using all available rosidl_typesupport_cpp: rosidl_typesupport_fastrtps_cpp;rosidl_typesupport_introspection_cpp
[0.150s] -- Found rmw_implementation_cmake: 7.3.2 (/opt/ros/jazzy/share/rmw_implementation_cmake/cmake)
[0.150s] -- Found rmw_fastrtps_cpp: 8.4.3 (/opt/ros/jazzy/share/rmw_fastrtps_cpp/cmake)
[0.180s] -- Using RMW implementation 'rmw_fastrtps_cpp' as default
[0.209s] -- Found std_msgs: 5.3.6 (/opt/ros/jazzy/share/std_msgs/cmake)
[0.215s] -- Found visualization_msgs: 5.3.6 (/opt/ros/jazzy/share/visualization_msgs/cmake)
[0.248s] -- Found tf2: 0.36.14 (/opt/ros/jazzy/share/tf2/cmake)
[0.250s] -- Found tf2_ros: 0.36.14 (/opt/ros/jazzy/share/tf2_ros/cmake)
[0.300s] -- Found tf2_geometry_msgs: 0.36.14 (/opt/ros/jazzy/share/tf2_geometry_msgs/cmake)
[0.301s] -- Found eigen3_cmake_module: 0.3.0 (/opt/ros/jazzy/share/eigen3_cmake_module/cmake)
[0.302s] -- Ensuring Eigen3 include directory is part of orocos-kdl CMake target
[0.303s] -- Found ament_lint_auto: 0.17.3 (/opt/ros/jazzy/share/ament_lint_auto/cmake)
[0.355s] -- Found rosidl_default_generators: 1.6.0 (/opt/ros/jazzy/share/rosidl_default_generators/cmake)
[0.358s] -- Found rosidl_adapter: 4.6.6 (/opt/ros/jazzy/share/rosidl_adapter/cmake)
[0.481s] -- Found ament_cmake_ros: 0.12.0 (/opt/ros/jazzy/share/ament_cmake_ros/cmake)
[0.649s] -- Using all available rosidl_typesupport_c: rosidl_typesupport_fastrtps_c;rosidl_typesupport_introspection_c
[0.714s] -- Using all available rosidl_typesupport_cpp: rosidl_typesupport_fastrtps_cpp;rosidl_typesupport_introspection_cpp
[0.715s] -- Found python_cmake_module: 0.11.1 (/opt/ros/jazzy/share/python_cmake_module/cmake)
[0.859s] -- Found Python3: /usr/bin/python3 (found version "3.12.3") found components: Interpreter Development NumPy Development.Module Development.Embed 
[0.877s] [0mCMake Deprecation Warning at /opt/ros/jazzy/share/rosidl_cmake/cmake/rosidl_target_interfaces.cmake:32 (message):
[0.877s]   Use rosidl_get_typesupport_target() and target_link_libraries() instead of
[0.877s]   rosidl_target_interfaces().  i.e:
[0.877s] 
[0.877s]     rosidl_get_typesupport_target(cpp_typesupport_target "${PROJECT_NAME}" "rosidl_typesupport_cpp")
[0.877s]     target_link_libraries(${PROJECT_NAME}_node "${cpp_typesupport_target}")
[0.877s] 
[0.877s] Call Stack (most recent call first):
[0.877s]   CMakeLists.txt:55 (rosidl_target_interfaces)
[0.877s] 
[0.877s] [0m
[0.877s] [0mCMake Deprecation Warning at /opt/ros/jazzy/share/rosidl_cmake/cmake/rosidl_target_interfaces.cmake:32 (message):
[0.878s]   Use rosidl_get_typesupport_target() and target_link_libraries() instead of
[0.878s]   rosidl_target_interfaces().  i.e:
[0.878s] 
[0.878s]     rosidl_get_typesupport_target(cpp_typesupport_target "${PROJECT_NAME}" "rosidl_typesupport_cpp")
[0.878s]     target_link_libraries(${PROJECT_NAME}_node "${cpp_typesupport_target}")
[0.878s] 
[0.878s] Call Stack (most recent call first):
[0.878s]   CMakeLists.txt:64 (rosidl_target_interfaces)
[0.878s] 
[0.878s] [0m
[0.878s] [0mCMake Deprecation Warning at /opt/ros/jazzy/share/rosidl_cmake/cmake/rosidl_target_interfaces.cmake:32 (message):
[0.878s]   Use rosidl_get_typesupport_target() and target_link_libraries() instead of
[0.878s]   rosidl_target_interfaces().  i.e:
[0.878s] 
[0.878s]     rosidl_get_typesupport_target(cpp_typesupport_target "${PROJECT_NAME}" "rosidl_typesupport_cpp")
[0.878s]     target_link_libraries(${PROJECT_NAME}_node "${cpp_typesupport_target}")
[0.878s] 
[0.878s] Call Stack (most recent call first):
[0.878s]   CMakeLists.txt:73 (rosidl_target_interfaces)
[0.879s] 
[0.879s] [0m
[0.879s] [0mCMake Deprecation Warning at /opt/ros/jazzy/share/rosidl_cmake/cmake/rosidl_target_interfaces.cmake:32 (message):
[0.879s]   Use rosidl_get_typesupport_target() and target_link_libraries() instead of
[0.879s]   rosidl_target_interfaces().  i.e:
[0.879s] 
[0.879s]     rosidl_get_typesupport_target(cpp_typesupport_target "${PROJECT_NAME}" "rosidl_typesupport_cpp")
[0.879s]     target_link_libraries(${PROJECT_NAME}_node "${cpp_typesupport_target}")
[0.879s] 
[0.879s] Call Stack (most recent call first):
[0.879s]   CMakeLists.txt:78 (rosidl_target_interfaces)
[0.879s] 
[0.879s] [0m
[0.879s] [0mCMake Deprecation Warning at /opt/ros/jazzy/share/rosidl_cmake/cmake/rosidl_target_interfaces.cmake:32 (message):
[0.879s]   Use rosidl_get_typesupport_target() and target_link_libraries() instead of
[0.879s]   rosidl_target_interfaces().  i.e:
[0.879s] 
[0.879s]     rosidl_get_typesupport_target(cpp_typesupport_target "${PROJECT_NAME}" "rosidl_typesupport_cpp")
[0.879s]     target_link_libraries(${PROJECT_NAME}_node "${cpp_typesupport_target}")
[0.879s] 
[0.879s] Call Stack (most recent call first):
[0.879s]   CMakeLists.txt:83 (rosidl_target_interfaces)
[0.879s] 
[0.879s] [0m
[0.879s] [0mCMake Deprecation Warning at /opt/ros/jazzy/share/rosidl_cmake/cmake/rosidl_target_interfaces.cmake:32 (message):
[0.879s]   Use rosidl_get_typesupport_target() and target_link_libraries() instead of
[0.879s]   rosidl_target_interfaces().  i.e:
[0.879s] 
[0.879s]     rosidl_get_typesupport_target(cpp_typesupport_target "${PROJECT_NAME}" "rosidl_typesupport_cpp")
[0.880s]     target_link_libraries(${PROJECT_NAME}_node "${cpp_typesupport_target}")
[0.880s] 
[0.880s] Call Stack (most recent call first):
[0.880s]   CMakeLists.txt:95 (rosidl_target_interfaces)
[0.880s] 
[0.880s] [0m
[0.880s] [0mCMake Deprecation Warning at /opt/ros/jazzy/share/rosidl_cmake/cmake/rosidl_target_interfaces.cmake:32 (message):
[0.880s]   Use rosidl_get_typesupport_target() and target_link_libraries() instead of
[0.880s]   rosidl_target_interfaces().  i.e:
[0.880s] 
[0.880s]     rosidl_get_typesupport_target(cpp_typesupport_target "${PROJECT_NAME}" "rosidl_typesupport_cpp")
[0.880s]     target_link_libraries(${PROJECT_NAME}_node "${cpp_typesupport_target}")
[0.880s] 
[0.880s] Call Stack (most recent call first):
[0.880s]   CMakeLists.txt:100 (rosidl_target_interfaces)
[0.880s] 
[0.880s] [0m
[0.881s] -- Added test 'copyright' to check source files copyright and LICENSE
[0.882s] -- Added test 'cppcheck' to perform static code analysis on C / C++ code
[0.882s] -- Configured cppcheck include dirs: 
[0.882s] -- Configured cppcheck exclude dirs and/or files: 
[0.882s] -- Added test 'cpplint' to check C / C++ code against the Google style
[0.882s] -- Configured cpplint exclude dirs and/or files: 
[0.883s] -- Added test 'flake8' to check Python code syntax and style conventions
[0.883s] -- Configured 'flake8' exclude dirs and/or files: 
[0.883s] -- Added test 'lint_cmake' to check CMake code style
[0.883s] -- Added test 'pep257' to check Python code against some of the docstring style conventions in PEP 257
[0.883s] -- Added test 'uncrustify' to check C / C++ code style
[0.883s] -- Configured uncrustify additional arguments: 
[0.883s] -- Added test 'xmllint' to check XML markup files
[0.885s] -- Configuring done (0.9s)
[0.920s] -- Generating done (0.0s)
[0.930s] -- Build files have been written to: /home/yucheng/mpc_motion_control_projects/mpc_ws/build/mpc_car_control
[0.956s] [  1%] [34m[1mGenerating type hashes for ROS interfaces[0m
[0.959s] [  1%] Built target ament_cmake_python_symlink_mpc_car_control
[1.062s] running egg_info
[1.069s] writing mpc_car_control.egg-info/PKG-INFO
[1.069s] writing dependency_links to mpc_car_control.egg-info/dependency_links.txt
[1.069s] writing top-level names to mpc_car_control.egg-info/top_level.txt
[1.079s] [  1%] Built target mpc_car_control__rosidl_generator_type_description
[1.085s] [  2%] [34m[1mGenerating C code for ROS interfaces[0m
[1.088s] reading manifest file 'mpc_car_control.egg-info/SOURCES.txt'
[1.088s] writing manifest file 'mpc_car_control.egg-info/SOURCES.txt'
[1.090s] [  3%] [34m[1mGenerating C++ code for ROS interfaces[0m
[1.103s] [  3%] Built target ament_cmake_python_build_mpc_car_control_egg
[1.276s] [  3%] Built target mpc_car_control__cpp
[1.304s] [  4%] [32mBuilding C object CMakeFiles/mpc_car_control__rosidl_generator_c.dir/rosidl_generator_c/mpc_car_control/msg/detail/vehicle_state__description.c.o[0m
[1.304s] [  5%] [32mBuilding C object CMakeFiles/mpc_car_control__rosidl_generator_c.dir/rosidl_generator_c/mpc_car_control/msg/detail/vehicle_state__functions.c.o[0m
[1.304s] [  6%] [32mBuilding C object CMakeFiles/mpc_car_control__rosidl_generator_c.dir/rosidl_generator_c/mpc_car_control/msg/detail/reference_trajectory__functions.c.o[0m
[1.304s] [  7%] [32mBuilding C object CMakeFiles/mpc_car_control__rosidl_generator_c.dir/rosidl_generator_c/mpc_car_control/msg/detail/actuator_command__description.c.o[0m
[1.305s] [  9%] [32mBuilding C object CMakeFiles/mpc_car_control__rosidl_generator_c.dir/rosidl_generator_c/mpc_car_control/msg/detail/control_command_body__description.c.o[0m
[1.305s] [ 11%] [32mBuilding C object CMakeFiles/mpc_car_control__rosidl_generator_c.dir/rosidl_generator_c/mpc_car_control/msg/detail/vehicle_state__type_support.c.o[0m
[1.305s] [ 11%] [32mBuilding C object CMakeFiles/mpc_car_control__rosidl_generator_c.dir/rosidl_generator_c/mpc_car_control/msg/detail/reference_trajectory__description.c.o[0m
[1.305s] [ 12%] [32mBuilding C object CMakeFiles/mpc_car_control__rosidl_generator_c.dir/rosidl_generator_c/mpc_car_control/msg/detail/control_command_body__functions.c.o[0m
[1.305s] [ 13%] [32mBuilding C object CMakeFiles/mpc_car_control__rosidl_generator_c.dir/rosidl_generator_c/mpc_car_control/msg/detail/reference_trajectory__type_support.c.o[0m
[1.306s] [ 14%] [32mBuilding C object CMakeFiles/mpc_car_control__rosidl_generator_c.dir/rosidl_generator_c/mpc_car_control/msg/detail/control_command_body__type_support.c.o[0m
[1.306s] [ 15%] [32mBuilding C object CMakeFiles/mpc_car_control__rosidl_generator_c.dir/rosidl_generator_c/mpc_car_control/msg/detail/actuator_command__functions.c.o[0m
[1.306s] [ 17%] [32mBuilding C object CMakeFiles/mpc_car_control__rosidl_generator_c.dir/rosidl_generator_c/mpc_car_control/msg/detail/actuator_command__type_support.c.o[0m
[1.307s] [ 18%] [32mBuilding C object CMakeFiles/mpc_car_control__rosidl_generator_c.dir/rosidl_generator_c/mpc_car_control/msg/detail/wheel_ground_heights__functions.c.o[0m
[1.307s] [ 19%] [32mBuilding C object CMakeFiles/mpc_car_control__rosidl_generator_c.dir/rosidl_generator_c/mpc_car_control/msg/detail/wheel_ground_heights__description.c.o[0m
[1.307s] [ 20%] [32mBuilding C object CMakeFiles/mpc_car_control__rosidl_generator_c.dir/rosidl_generator_c/mpc_car_control/msg/detail/wheel_ground_heights__type_support.c.o[0m
[1.342s] [ 21%] [32m[1mLinking C shared library libmpc_car_control__rosidl_generator_c.so[0m
[1.365s] [ 21%] Built target mpc_car_control__rosidl_generator_c
[1.371s] [ 23%] [34m[1mGenerating C++ type support dispatch for ROS interfaces[0m
[1.371s] [ 23%] [34m[1mGenerating C type support for eProsima Fast-RTPS[0m
[1.371s] [ 26%] [34m[1mGenerating C++ type support for eProsima Fast-RTPS[0m
[1.371s] [ 26%] [34m[1mGenerating C type support dispatch for ROS interfaces[0m
[1.371s] [ 27%] [34m[1mGenerating C introspection for ROS interfaces[0m
[1.371s] [ 28%] [34m[1mGenerating C++ introspection for ROS interfaces[0m
[1.516s] [ 29%] [32mBuilding CXX object CMakeFiles/mpc_car_control__rosidl_typesupport_c.dir/rosidl_typesupport_c/mpc_car_control/msg/vehicle_state__type_support.cpp.o[0m
[1.517s] [ 31%] [32mBuilding CXX object CMakeFiles/mpc_car_control__rosidl_typesupport_c.dir/rosidl_typesupport_c/mpc_car_control/msg/actuator_command__type_support.cpp.o[0m
[1.517s] [ 31%] [32mBuilding CXX object CMakeFiles/mpc_car_control__rosidl_typesupport_c.dir/rosidl_typesupport_c/mpc_car_control/msg/reference_trajectory__type_support.cpp.o[0m
[1.517s] [ 32%] [32mBuilding CXX object CMakeFiles/mpc_car_control__rosidl_typesupport_c.dir/rosidl_typesupport_c/mpc_car_control/msg/control_command_body__type_support.cpp.o[0m
[1.518s] [ 34%] [32mBuilding CXX object CMakeFiles/mpc_car_control__rosidl_typesupport_c.dir/rosidl_typesupport_c/mpc_car_control/msg/wheel_ground_heights__type_support.cpp.o[0m
[1.522s] [ 35%] [32mBuilding CXX object CMakeFiles/mpc_car_control__rosidl_typesupport_cpp.dir/rosidl_typesupport_cpp/mpc_car_control/msg/vehicle_state__type_support.cpp.o[0m
[1.523s] [ 36%] [32mBuilding CXX object CMakeFiles/mpc_car_control__rosidl_typesupport_cpp.dir/rosidl_typesupport_cpp/mpc_car_control/msg/control_command_body__type_support.cpp.o[0m
[1.526s] [ 37%] [32mBuilding CXX object CMakeFiles/mpc_car_control__rosidl_typesupport_cpp.dir/rosidl_typesupport_cpp/mpc_car_control/msg/reference_trajectory__type_support.cpp.o[0m
[1.526s] [ 38%] [32mBuilding CXX object CMakeFiles/mpc_car_control__rosidl_typesupport_cpp.dir/rosidl_typesupport_cpp/mpc_car_control/msg/actuator_command__type_support.cpp.o[0m
[1.527s] [ 39%] [32mBuilding CXX object CMakeFiles/mpc_car_control__rosidl_typesupport_cpp.dir/rosidl_typesupport_cpp/mpc_car_control/msg/wheel_ground_heights__type_support.cpp.o[0m
[1.541s] [ 40%] [32mBuilding C object CMakeFiles/mpc_car_control__rosidl_typesupport_introspection_c.dir/rosidl_typesupport_introspection_c/mpc_car_control/msg/detail/vehicle_state__type_support.c.o[0m
[1.541s] [ 42%] [32mBuilding C object CMakeFiles/mpc_car_control__rosidl_typesupport_introspection_c.dir/rosidl_typesupport_introspection_c/mpc_car_control/msg/detail/wheel_ground_heights__type_support.c.o[0m
[1.541s] [ 44%] [32mBuilding C object CMakeFiles/mpc_car_control__rosidl_typesupport_introspection_c.dir/rosidl_typesupport_introspection_c/mpc_car_control/msg/detail/reference_trajectory__type_support.c.o[0m
[1.541s] [ 44%] [32mBuilding C object CMakeFiles/mpc_car_control__rosidl_typesupport_introspection_c.dir/rosidl_typesupport_introspection_c/mpc_car_control/msg/detail/control_command_body__type_support.c.o[0m
[1.542s] [ 45%] [32mBuilding C object CMakeFiles/mpc_car_control__rosidl_typesupport_introspection_c.dir/rosidl_typesupport_introspection_c/mpc_car_control/msg/detail/actuator_command__type_support.c.o[0m
[1.546s] [ 52%] [32mBuilding CXX object CMakeFiles/mpc_car_control__rosidl_typesupport_introspection_cpp.dir/rosidl_typesupport_introspection_cpp/mpc_car_control/msg/detail/wheel_ground_heights__type_support.cpp.o[0m
[1.546s] [ 52%] [32mBuilding CXX object CMakeFiles/mpc_car_control__rosidl_typesupport_introspection_cpp.dir/rosidl_typesupport_introspection_cpp/mpc_car_control/msg/detail/control_command_body__type_support.cpp.o[0m
[1.546s] [ 52%] [32mBuilding CXX object CMakeFiles/mpc_car_control__rosidl_typesupport_introspection_cpp.dir/rosidl_typesupport_introspection_cpp/mpc_car_control/msg/detail/actuator_command__type_support.cpp.o[0m
[1.546s] [ 52%] [32mBuilding CXX object CMakeFiles/mpc_car_control__rosidl_typesupport_introspection_cpp.dir/rosidl_typesupport_introspection_cpp/mpc_car_control/msg/detail/reference_trajectory__type_support.cpp.o[0m
[1.546s] [ 52%] [32mBuilding CXX object CMakeFiles/mpc_car_control__rosidl_typesupport_introspection_cpp.dir/rosidl_typesupport_introspection_cpp/mpc_car_control/msg/detail/vehicle_state__type_support.cpp.o[0m
[1.546s] [ 52%] [32m[1mLinking CXX shared library libmpc_car_control__rosidl_typesupport_c.so[0m
[1.572s] [ 53%] [32m[1mLinking C shared library libmpc_car_control__rosidl_typesupport_introspection_c.so[0m
[1.575s] [ 53%] Built target mpc_car_control__rosidl_typesupport_c
[1.577s] [ 54%] [32mBuilding CXX object CMakeFiles/mpc_car_control__rosidl_typesupport_fastrtps_cpp.dir/rosidl_typesupport_fastrtps_cpp/mpc_car_control/msg/detail/dds_fastrtps/vehicle_state__type_support.cpp.o[0m
[1.577s] [ 55%] [32mBuilding CXX object CMakeFiles/mpc_car_control__rosidl_typesupport_fastrtps_cpp.dir/rosidl_typesupport_fastrtps_cpp/mpc_car_control/msg/detail/dds_fastrtps/control_command_body__type_support.cpp.o[0m
[1.577s] [ 56%] [32mBuilding CXX object CMakeFiles/mpc_car_control__rosidl_typesupport_fastrtps_cpp.dir/rosidl_typesupport_fastrtps_cpp/mpc_car_control/msg/detail/dds_fastrtps/actuator_command__type_support.cpp.o[0m
[1.577s] [ 57%] [32mBuilding CXX object CMakeFiles/mpc_car_control__rosidl_typesupport_fastrtps_cpp.dir/rosidl_typesupport_fastrtps_cpp/mpc_car_control/msg/detail/dds_fastrtps/reference_trajectory__type_support.cpp.o[0m
[1.578s] [ 59%] [32mBuilding CXX object CMakeFiles/mpc_car_control__rosidl_typesupport_fastrtps_cpp.dir/rosidl_typesupport_fastrtps_cpp/mpc_car_control/msg/detail/dds_fastrtps/wheel_ground_heights__type_support.cpp.o[0m
[1.585s] [ 64%] [32mBuilding CXX object CMakeFiles/mpc_car_control__rosidl_typesupport_fastrtps_c.dir/rosidl_typesupport_fastrtps_c/mpc_car_control/msg/detail/wheel_ground_heights__type_support_c.cpp.o[0m
[1.585s] [ 64%] [32mBuilding CXX object CMakeFiles/mpc_car_control__rosidl_typesupport_fastrtps_c.dir/rosidl_typesupport_fastrtps_c/mpc_car_control/msg/detail/actuator_command__type_support_c.cpp.o[0m
[1.585s] [ 64%] [32mBuilding CXX object CMakeFiles/mpc_car_control__rosidl_typesupport_fastrtps_c.dir/rosidl_typesupport_fastrtps_c/mpc_car_control/msg/detail/reference_trajectory__type_support_c.cpp.o[0m
[1.585s] [ 64%] [32mBuilding CXX object CMakeFiles/mpc_car_control__rosidl_typesupport_fastrtps_c.dir/rosidl_typesupport_fastrtps_c/mpc_car_control/msg/detail/vehicle_state__type_support_c.cpp.o[0m
[1.585s] [ 64%] [32mBuilding CXX object CMakeFiles/mpc_car_control__rosidl_typesupport_fastrtps_c.dir/rosidl_typesupport_fastrtps_c/mpc_car_control/msg/detail/control_command_body__type_support_c.cpp.o[0m
[1.593s] [ 64%] Built target mpc_car_control__rosidl_typesupport_introspection_c
[1.681s] [ 65%] [32m[1mLinking CXX shared library libmpc_car_control__rosidl_typesupport_cpp.so[0m
[1.714s] [ 65%] Built target mpc_car_control__rosidl_typesupport_cpp
[1.755s] [ 67%] [32m[1mLinking CXX shared library libmpc_car_control__rosidl_typesupport_introspection_cpp.so[0m
[1.803s] [ 67%] Built target mpc_car_control__rosidl_typesupport_introspection_cpp
[1.843s] [ 68%] [32m[1mLinking CXX shared library libmpc_car_control__rosidl_typesupport_fastrtps_c.so[0m
[1.844s] [ 69%] [32m[1mLinking CXX shared library libmpc_car_control__rosidl_typesupport_fastrtps_cpp.so[0m
[1.873s] [ 69%] Built target mpc_car_control__rosidl_typesupport_fastrtps_c
[1.888s] [ 69%] Built target mpc_car_control__rosidl_typesupport_fastrtps_cpp
[1.898s] [ 69%] Built target mpc_car_control
[1.909s] [ 70%] [34m[1mGenerating Python code for ROS interfaces[0m
[1.916s] [ 77%] [32mBuilding CXX object CMakeFiles/vehicle_interface_node.dir/src/vehicle_interface_node.cpp.o[0m
[1.916s] [ 77%] [32mBuilding CXX object CMakeFiles/pid_controller_node.dir/src/pid_controller_node.cpp.o[0m
[1.916s] [ 77%] [32mBuilding CXX object CMakeFiles/scenario_generator_node.dir/src/scenario_generator_node.cpp.o[0m
[1.916s] [ 77%] [32mBuilding CXX object CMakeFiles/vehicle_model_node.dir/src/vehicle_model_node.cpp.o[0m
[1.916s] [ 77%] [32mBuilding CXX object CMakeFiles/control_allocator_node.dir/src/control_allocator_node.cpp.o[0m
[1.916s] [ 77%] [32mBuilding CXX object CMakeFiles/visualization_node.dir/src/visualization_node.cpp.o[0m
[1.917s] [ 78%] [32mBuilding CXX object CMakeFiles/mpc_controller_node.dir/src/mpc_controller_node.cpp.o[0m
[2.186s] [ 78%] Built target mpc_car_control__py
[2.209s] [ 84%] [32mBuilding C object CMakeFiles/mpc_car_control__rosidl_generator_py.dir/rosidl_generator_py/mpc_car_control/msg/_actuator_command_s.c.o[0m
[2.209s] [ 84%] [32mBuilding C object CMakeFiles/mpc_car_control__rosidl_generator_py.dir/rosidl_generator_py/mpc_car_control/msg/_control_command_body_s.c.o[0m
[2.209s] [ 84%] [32mBuilding C object CMakeFiles/mpc_car_control__rosidl_generator_py.dir/rosidl_generator_py/mpc_car_control/msg/_wheel_ground_heights_s.c.o[0m
[2.209s] [ 84%] [32mBuilding C object CMakeFiles/mpc_car_control__rosidl_generator_py.dir/rosidl_generator_py/mpc_car_control/msg/_reference_trajectory_s.c.o[0m
[2.209s] [ 84%] [32mBuilding C object CMakeFiles/mpc_car_control__rosidl_generator_py.dir/rosidl_generator_py/mpc_car_control/msg/_vehicle_state_s.c.o[0m
[2.298s] [ 85%] [32m[1mLinking C shared library libmpc_car_control__rosidl_generator_py.so[0m
[2.329s] [ 85%] Built target mpc_car_control__rosidl_generator_py
[2.345s] [ 88%] [32mBuilding C object CMakeFiles/mpc_car_control_s__rosidl_typesupport_introspection_c.dir/rosidl_generator_py/mpc_car_control/_mpc_car_control_s.ep.rosidl_typesupport_introspection_c.c.o[0m
[2.345s] [ 88%] [32mBuilding C object CMakeFiles/mpc_car_control_s__rosidl_typesupport_fastrtps_c.dir/rosidl_generator_py/mpc_car_control/_mpc_car_control_s.ep.rosidl_typesupport_fastrtps_c.c.o[0m
[2.345s] [ 88%] [32mBuilding C object CMakeFiles/mpc_car_control_s__rosidl_typesupport_c.dir/rosidl_generator_py/mpc_car_control/_mpc_car_control_s.ep.rosidl_typesupport_c.c.o[0m
[2.411s] [ 92%] [32m[1mLinking C shared module rosidl_generator_py/mpc_car_control/mpc_car_control_s__rosidl_typesupport_introspection_c.so[0m
[2.411s] [ 92%] [32m[1mLinking C shared module rosidl_generator_py/mpc_car_control/mpc_car_control_s__rosidl_typesupport_fastrtps_c.so[0m
[2.411s] [ 92%] [32m[1mLinking C shared module rosidl_generator_py/mpc_car_control/mpc_car_control_s__rosidl_typesupport_c.so[0m
[2.435s] [ 92%] Built target mpc_car_control_s__rosidl_typesupport_introspection_c
[2.435s] [ 92%] Built target mpc_car_control_s__rosidl_typesupport_c
[2.435s] [ 92%] Built target mpc_car_control_s__rosidl_typesupport_fastrtps_c
[3.016s] In file included from [01m[K/opt/ros/jazzy/include/rclcpp/rclcpp/logging.hpp:24[m[K,
[3.016s]                  from [01m[K/opt/ros/jazzy/include/rclcpp/rclcpp/copy_all_parameter_values.hpp:27[m[K,
[3.016s]                  from [01m[K/opt/ros/jazzy/include/rclcpp/rclcpp/rclcpp.hpp:171[m[K,
[3.016s]                  from [01m[K/home/yucheng/mpc_motion_control_projects/mpc_ws/src/mpc_car_control/src/control_allocator_node.cpp:8[m[K:
[3.016s] [01m[K/home/yucheng/mpc_motion_control_projects/mpc_ws/src/mpc_car_control/src/control_allocator_node.cpp:[m[K In member function ‘[01m[Kvoid ControlAllocatorNode::[01;32m[Kcmd_callback[m[K(mpc_car_control::msg::ControlCommandBody_<std::allocator<void> >::SharedPtr)[m[K’:
[3.016s] [01m[K/home/yucheng/mpc_motion_control_projects/mpc_ws/src/mpc_car_control/src/control_allocator_node.cpp:224:22:[m[K [01;31m[Kerror: [m[K‘[01m[KT_per_wheel_base[m[K’ was not declared in this scope
[3.016s]   224 |             msg->mz, [01;31m[KT_per_wheel_base[m[K, T_diff, T_left, T_right);
[3.016s]       |                      [01;31m[K^~~~~~~~~~~~~~~~[m[K
[3.020s] [01m[K/home/yucheng/mpc_motion_control_projects/mpc_ws/src/mpc_car_control/src/control_allocator_node.cpp:224:40:[m[K [01;31m[Kerror: [m[K‘[01m[KT_diff[m[K’ was not declared in this scope
[3.020s]   224 |             msg->mz, T_per_wheel_base, [01;31m[KT_diff[m[K, T_left, T_right);
[3.020s]       |                                        [01;31m[K^~~~~~[m[K
[3.033s] [01m[K/home/yucheng/mpc_motion_control_projects/mpc_ws/src/mpc_car_control/src/vehicle_model_node.cpp:[m[K In member function ‘[01m[Kvoid VehicleModelNode::[01;32m[Ksim_loop[m[K()[m[K’:
[3.033s] [01m[K/home/yucheng/mpc_motion_control_projects/mpc_ws/src/mpc_car_control/src/vehicle_model_node.cpp:280:14:[m[K [01;35m[Kwarning: [m[Kvariable ‘[01m[Kuse_direct_torque[m[K’ set but not used [[01;35m[K]8;;https://gcc.gnu.org/onlinedocs/gcc/Warning-Options.html#index-Wunused-but-set-variable-Wunused-but-set-variable]8;;[m[K]
[3.033s]   280 |         bool [01;35m[Kuse_direct_torque[m[K = false;
[3.033s]       |              [01;35m[K^~~~~~~~~~~~~~~~~[m[K
[4.567s] make[2]: *** [CMakeFiles/control_allocator_node.dir/build.make:76：CMakeFiles/control_allocator_node.dir/src/control_allocator_node.cpp.o] 错误 1
[4.568s] make[1]: *** [CMakeFiles/Makefile2:696：CMakeFiles/control_allocator_node.dir/all] 错误 2
[4.568s] make[1]: *** 正在等待未完成的任务....
[6.780s] [ 93%] [32m[1mLinking CXX executable scenario_generator_node[0m
[6.994s] [ 93%] Built target scenario_generator_node
[7.032s] [ 94%] [32m[1mLinking CXX executable pid_controller_node[0m
[7.037s] [ 95%] [32m[1mLinking CXX executable vehicle_interface_node[0m
[7.238s] [ 95%] Built target vehicle_interface_node
[7.238s] [ 95%] Built target pid_controller_node
[8.196s] [ 96%] [32m[1mLinking CXX executable visualization_node[0m
[8.363s] [ 97%] [32m[1mLinking CXX executable vehicle_model_node[0m
[8.453s] [ 97%] Built target visualization_node
[8.586s] [ 97%] Built target vehicle_model_node
[10.128s] [ 98%] [32m[1mLinking CXX executable mpc_controller_node[0m
[10.368s] [ 98%] Built target mpc_controller_node
[10.368s] make: *** [Makefile:146：all] 错误 2
[10.370s] Invoked command in '/home/yucheng/mpc_motion_control_projects/mpc_ws/build/mpc_car_control' returned '2': CMAKE_PREFIX_PATH=${CMAKE_PREFIX_PATH}:/opt/ros/jazzy DEBUGINFOD_URLS=https://debuginfod.ubuntu.com /usr/bin/cmake --build /home/yucheng/mpc_motion_control_projects/mpc_ws/build/mpc_car_control -- -j24 -l24
