[  1%] Built target mpc_car_control__cpp
[ 10%] Built target mpc_car_control__rosidl_generator_c
[ 19%] Built target mpc_car_control__rosidl_typesupport_c
[ 28%] Built target mpc_car_control__rosidl_typesupport_introspection_c
[ 37%] Built target mpc_car_control__rosidl_typesupport_cpp
[ 49%] Built target mpc_car_control__rosidl_typesupport_fastrtps_cpp
[ 55%] Built target mpc_car_control__rosidl_typesupport_introspection_cpp
[ 64%] Built target mpc_car_control__rosidl_typesupport_fastrtps_c
[ 64%] Built target mpc_car_control
[ 66%] Built target mpc_car_control__py
[ 68%] Built target control_allocator_node
[ 71%] Built target pid_controller_node
[ 74%] Built target vehicle_model_node
[ 76%] Built target visualization_node
[ 79%] Built target vehicle_interface_node
[ 81%] Built target scenario_generator_node
[ 83%] [32mBuilding CXX object CMakeFiles/mpc_controller_node.dir/src/mpc_controller_node.cpp.o[0m
[ 90%] Built target mpc_car_control__python
[ 98%] Built target mpc_car_control__rosidl_typesupport_fastrtps_c__pyext
[ 98%] Built target mpc_car_control__rosidl_typesupport_c__pyext
[ 98%] Built target mpc_car_control__rosidl_typesupport_introspection_c__pyext
[01m[K/home/yucheng/mpc_motion_control_projects/mpc_ws/src/mpc_car_control/src/mpc_controller_node.cpp:368:3:[m[K [01;31m[Kerror: [m[Kexpected ‘[01m[K}[m[K’ at end of input
  368 |   [01;31m[K}[m[K
      |   [01;31m[K^[m[K
[01m[K/home/yucheng/mpc_motion_control_projects/mpc_ws/src/mpc_car_control/src/mpc_controller_node.cpp:16:47:[m[K [01;36m[Knote: [m[Kto match this ‘[01m[K{[m[K’
   16 | class MPCControllerNode : public rclcpp::Node [01;36m[K{[m[K
      |                                               [01;36m[K^[m[K
[01m[K/home/yucheng/mpc_motion_control_projects/mpc_ws/src/mpc_car_control/src/mpc_controller_node.cpp:[m[K In constructor ‘[01m[KMPCControllerNode::MPCControllerNode()[m[K’:
[01m[K/home/yucheng/mpc_motion_control_projects/mpc_ws/src/mpc_car_control/src/mpc_controller_node.cpp:19:5:[m[K [01;31m[Kerror: [m[K‘[01m[Kpublisher_[m[K’ was not declared in this scope; did you mean ‘[01m[Krcl_publisher_t[m[K’?
   19 |     [01;31m[Kpublisher_[m[K =
      |     [01;31m[K^~~~~~~~~~[m[K
      |     [32m[Krcl_publisher_t[m[K
[01m[K/home/yucheng/mpc_motion_control_projects/mpc_ws/src/mpc_car_control/src/mpc_controller_node.cpp:23:5:[m[K [01;31m[Kerror: [m[K‘[01m[Ksubscription_traj_[m[K’ was not declared in this scope
   23 |     [01;31m[Ksubscription_traj_[m[K =
      |     [01;31m[K^~~~~~~~~~~~~~~~~~[m[K
[01m[K/home/yucheng/mpc_motion_control_projects/mpc_ws/src/mpc_car_control/src/mpc_controller_node.cpp:28:5:[m[K [01;31m[Kerror: [m[K‘[01m[Ksubscription_state_[m[K’ was not declared in this scope
   28 |     [01;31m[Ksubscription_state_[m[K =
      |     [01;31m[K^~~~~~~~~~~~~~~~~~~[m[K
[01m[K/home/yucheng/mpc_motion_control_projects/mpc_ws/src/mpc_car_control/src/mpc_controller_node.cpp:34:5:[m[K [01;31m[Kerror: [m[K‘[01m[Ktimer_[m[K’ was not declared in this scope; did you mean ‘[01m[Ktimer_t[m[K’?
   34 |     [01;31m[Ktimer_[m[K = this->create_wall_timer(
      |     [01;31m[K^~~~~~[m[K
      |     [32m[Ktimer_t[m[K
[01m[K/home/yucheng/mpc_motion_control_projects/mpc_ws/src/mpc_car_control/src/mpc_controller_node.cpp:37:5:[m[K [01;31m[Kerror: [m[K‘[01m[Ku_prev_[m[K’ was not declared in this scope
   37 |     [01;31m[Ku_prev_[m[K = Eigen::VectorXd::Zero(nu_);
      |     [01;31m[K^~~~~~~[m[K
[01m[K/home/yucheng/mpc_motion_control_projects/mpc_ws/src/mpc_car_control/src/mpc_controller_node.cpp:40:5:[m[K [01;31m[Kerror: [m[K‘[01m[KAd_[m[K’ was not declared in this scope
   40 |     [01;31m[KAd_[m[K = Eigen::MatrixXd::Identity(nx_, nx_);
      |     [01;31m[K^~~[m[K
[01m[K/home/yucheng/mpc_motion_control_projects/mpc_ws/src/mpc_car_control/src/mpc_controller_node.cpp:41:5:[m[K [01;31m[Kerror: [m[K‘[01m[KBd_[m[K’ was not declared in this scope
   41 |     [01;31m[KBd_[m[K = Eigen::MatrixXd::Zero(nx_, nu_);
      |     [01;31m[K^~~[m[K
[01m[K/home/yucheng/mpc_motion_control_projects/mpc_ws/src/mpc_car_control/src/mpc_controller_node.cpp:[m[K In member function ‘[01m[Kvoid MPCControllerNode::traj_callback(mpc_car_control::msg::ReferenceTrajectory_<std::allocator<void> >::SharedPtr)[m[K’:
[01m[K/home/yucheng/mpc_motion_control_projects/mpc_ws/src/mpc_car_control/src/mpc_controller_node.cpp:66:5:[m[K [01;31m[Kerror: [m[K‘[01m[Kcurrent_trajectory_[m[K’ was not declared in this scope
   66 |     [01;31m[Kcurrent_trajectory_[m[K = *msg;
      |     [01;31m[K^~~~~~~~~~~~~~~~~~~[m[K
[01m[K/home/yucheng/mpc_motion_control_projects/mpc_ws/src/mpc_car_control/src/mpc_controller_node.cpp:[m[K In member function ‘[01m[Kvoid MPCControllerNode::state_callback(mpc_car_control::msg::VehicleState_<std::allocator<void> >::SharedPtr)[m[K’:
[01m[K/home/yucheng/mpc_motion_control_projects/mpc_ws/src/mpc_car_control/src/mpc_controller_node.cpp:70:5:[m[K [01;31m[Kerror: [m[K‘[01m[Kcurrent_state_[m[K’ was not declared in this scope
   70 |     [01;31m[Kcurrent_state_[m[K = *msg;
      |     [01;31m[K^~~~~~~~~~~~~~[m[K
[01m[K/home/yucheng/mpc_motion_control_projects/mpc_ws/src/mpc_car_control/src/mpc_controller_node.cpp:71:5:[m[K [01;31m[Kerror: [m[K‘[01m[Kstate_received_[m[K’ was not declared in this scope
   71 |     [01;31m[Kstate_received_[m[K = true;
      |     [01;31m[K^~~~~~~~~~~~~~~[m[K
[01m[K/home/yucheng/mpc_motion_control_projects/mpc_ws/src/mpc_car_control/src/mpc_controller_node.cpp:[m[K In member function ‘[01m[Kvoid MPCControllerNode::control_loop()[m[K’:
[01m[K/home/yucheng/mpc_motion_control_projects/mpc_ws/src/mpc_car_control/src/mpc_controller_node.cpp:125:10:[m[K [01;31m[Kerror: [m[K‘[01m[Kstate_received_[m[K’ was not declared in this scope
  125 |     if (![01;31m[Kstate_received_[m[K || current_trajectory_.points.empty()) {
      |          [01;31m[K^~~~~~~~~~~~~~~[m[K
[01m[K/home/yucheng/mpc_motion_control_projects/mpc_ws/src/mpc_car_control/src/mpc_controller_node.cpp:125:29:[m[K [01;31m[Kerror: [m[K‘[01m[Kcurrent_trajectory_[m[K’ was not declared in this scope
  125 |     if (!state_received_ || [01;31m[Kcurrent_trajectory_[m[K.points.empty()) {
      |                             [01;31m[K^~~~~~~~~~~~~~~~~~~[m[K
[01m[K/home/yucheng/mpc_motion_control_projects/mpc_ws/src/mpc_car_control/src/mpc_controller_node.cpp:131:11:[m[K [01;31m[Kerror: [m[K‘[01m[Kcurrent_state_[m[K’ was not declared in this scope
  131 |     x0 << [01;31m[Kcurrent_state_[m[K.x, current_state_.y, current_state_.yaw,
      |           [01;31m[K^~~~~~~~~~~~~~[m[K
[01m[K/home/yucheng/mpc_motion_control_projects/mpc_ws/src/mpc_car_control/src/mpc_controller_node.cpp:138:28:[m[K [01;31m[Kerror: [m[K‘[01m[Kcurrent_trajectory_[m[K’ was not declared in this scope
  138 |     for (size_t i = 0; i < [01;31m[Kcurrent_trajectory_[m[K.points.size(); ++i) {
      |                            [01;31m[K^~~~~~~~~~~~~~~~~~~[m[K
[01m[K/home/yucheng/mpc_motion_control_projects/mpc_ws/src/mpc_car_control/src/mpc_controller_node.cpp:150:35:[m[K [01;31m[Kerror: [m[K‘[01m[Kcurrent_trajectory_[m[K’ was not declared in this scope
  150 |         std::min(closest_idx + 5, [01;31m[Kcurrent_trajectory_[m[K.points.size() - 1);
      |                                   [01;31m[K^~~~~~~~~~~~~~~~~~~[m[K
[01m[K/home/yucheng/mpc_motion_control_projects/mpc_ws/src/mpc_car_control/src/mpc_controller_node.cpp:161:9:[m[K [01;31m[Kerror: [m[K‘[01m[Kfirst_run_[m[K’ was not declared in this scope
  161 |     if ([01;31m[Kfirst_run_[m[K ||
      |         [01;31m[K^~~~~~~~~~[m[K
[01m[K/home/yucheng/mpc_motion_control_projects/mpc_ws/src/mpc_car_control/src/mpc_controller_node.cpp:162:25:[m[K [01;31m[Kerror: [m[K‘[01m[Klast_linearization_time_[m[K’ was not declared in this scope
  162 |         (current_time - [01;31m[Klast_linearization_time_[m[K).seconds() >= 0.5) {
      |                         [01;31m[K^~~~~~~~~~~~~~~~~~~~~~~~[m[K
[01m[K/home/yucheng/mpc_motion_control_projects/mpc_ws/src/mpc_car_control/src/mpc_controller_node.cpp:177:7:[m[K [01;31m[Kerror: [m[K‘[01m[KAd_[m[K’ was not declared in this scope
  177 |       [01;31m[KAd_[m[K = I + Ac * dt_ + 0.5 * Ac * Ac * dt_ * dt_;
      |       [01;31m[K^~~[m[K
[01m[K/home/yucheng/mpc_motion_control_projects/mpc_ws/src/mpc_car_control/src/mpc_controller_node.cpp:178:7:[m[K [01;31m[Kerror: [m[K‘[01m[KBd_[m[K’ was not declared in this scope
  178 |       [01;31m[KBd_[m[K = (I + 0.5 * Ac * dt_) * Bc * dt_;
      |       [01;31m[K^~~[m[K
[01m[K/home/yucheng/mpc_motion_control_projects/mpc_ws/src/mpc_car_control/src/mpc_controller_node.cpp:182:26:[m[K [01;31m[Kerror: [m[K‘[01m[KAd_[m[K’ was not declared in this scope; did you mean ‘[01m[KAd[m[K’?
  182 |     Eigen::MatrixXd Ad = [01;31m[KAd_[m[K;
      |                          [01;31m[K^~~[m[K
      |                          [32m[KAd[m[K
[01m[K/home/yucheng/mpc_motion_control_projects/mpc_ws/src/mpc_car_control/src/mpc_controller_node.cpp:183:26:[m[K [01;31m[Kerror: [m[K‘[01m[KBd_[m[K’ was not declared in this scope; did you mean ‘[01m[KBd[m[K’?
  183 |     Eigen::MatrixXd Bd = [01;31m[KBd_[m[K;
      |                          [01;31m[K^~~[m[K
      |                          [32m[KBd[m[K
[01m[K/home/yucheng/mpc_motion_control_projects/mpc_ws/src/mpc_car_control/src/mpc_controller_node.cpp:280:21:[m[K [01;31m[Kerror: [m[K‘[01m[Ku_prev_[m[K’ was not declared in this scope
  280 |       C.head(nu_) = [01;31m[Ku_prev_[m[K;
      |                     [01;31m[K^~~~~~~[m[K
[01m[K/home/yucheng/mpc_motion_control_projects/mpc_ws/src/mpc_car_control/src/mpc_controller_node.cpp:309:7:[m[K [01;31m[Kerror: [m[K‘[01m[Kpublisher_[m[K’ was not declared in this scope; did you mean ‘[01m[Krcl_publisher_t[m[K’?
  309 |       [01;31m[Kpublisher_[m[K->publish(cmd_msg);
      |       [01;31m[K^~~~~~~~~~[m[K
      |       [32m[Krcl_publisher_t[m[K
[01m[K/home/yucheng/mpc_motion_control_projects/mpc_ws/src/mpc_car_control/src/mpc_controller_node.cpp:330:48:[m[K [01;31m[Kerror: [m[K‘[01m[KTrajectory[m[K’ is not a member of ‘[01m[Kmpc_car_control::msg[m[K’
  330 |     rclcpp::Subscription<mpc_car_control::msg::[01;31m[KTrajectory[m[K>::SharedPtr
      |                                                [01;31m[K^~~~~~~~~~[m[K
[01m[K/home/yucheng/mpc_motion_control_projects/mpc_ws/src/mpc_car_control/src/mpc_controller_node.cpp:330:48:[m[K [01;31m[Kerror: [m[K‘[01m[KTrajectory[m[K’ is not a member of ‘[01m[Kmpc_car_control::msg[m[K’
[01m[K/home/yucheng/mpc_motion_control_projects/mpc_ws/src/mpc_car_control/src/mpc_controller_node.cpp:330:58:[m[K [01;31m[Kerror: [m[Ktemplate argument 1 is invalid
  330 |     rclcpp::Subscription<mpc_car_control::msg::Trajectory[01;31m[K>[m[K::SharedPtr
      |                                                          [01;31m[K^[m[K
[01m[K/home/yucheng/mpc_motion_control_projects/mpc_ws/src/mpc_car_control/src/mpc_controller_node.cpp:330:58:[m[K [01;31m[Kerror: [m[Ktemplate argument 3 is invalid
[01m[K/home/yucheng/mpc_motion_control_projects/mpc_ws/src/mpc_car_control/src/mpc_controller_node.cpp:331:9:[m[K [01;31m[Kerror: [m[Kexpected initializer before ‘[01m[Ksubscription_traj_[m[K’
  331 |         [01;31m[Ksubscription_traj_[m[K;
      |         [01;31m[K^~~~~~~~~~~~~~~~~~[m[K
[01m[K/home/yucheng/mpc_motion_control_projects/mpc_ws/src/mpc_car_control/src/mpc_controller_node.cpp:336:27:[m[K [01;31m[Kerror: [m[K‘[01m[KTrajectory[m[K’ is not a member of ‘[01m[Kmpc_car_control::msg[m[K’
  336 |     mpc_car_control::msg::[01;31m[KTrajectory[m[K current_trajectory_;
      |                           [01;31m[K^~~~~~~~~~[m[K
[01m[K/home/yucheng/mpc_motion_control_projects/mpc_ws/src/mpc_car_control/src/mpc_controller_node.cpp:338:10:[m[K [01;35m[Kwarning: [m[Kunused variable ‘[01m[Kstate_received_[m[K’ [[01;35m[K-Wunused-variable[m[K]
  338 |     bool [01;35m[Kstate_received_[m[K = false;
      |          [01;35m[K^~~~~~~~~~~~~~~[m[K
[01m[K/home/yucheng/mpc_motion_control_projects/mpc_ws/src/mpc_car_control/src/mpc_controller_node.cpp:341:12:[m[K [01;35m[Kwarning: [m[Kunused variable ‘[01m[Kdt_[m[K’ [[01;35m[K-Wunused-variable[m[K]
  341 |     double [01;35m[Kdt_[m[K = 0.01; // 100Hz
      |            [01;35m[K^~~[m[K
[01m[K/home/yucheng/mpc_motion_control_projects/mpc_ws/src/mpc_car_control/src/mpc_controller_node.cpp:342:9:[m[K [01;35m[Kwarning: [m[Kunused variable ‘[01m[KN_[m[K’ [[01;35m[K-Wunused-variable[m[K]
  342 |     int [01;35m[KN_[m[K = 50;       // 0.5s Horizon
      |         [01;35m[K^~[m[K
[01m[K/home/yucheng/mpc_motion_control_projects/mpc_ws/src/mpc_car_control/src/mpc_controller_node.cpp:343:12:[m[K [01;35m[Kwarning: [m[Kunused variable ‘[01m[Km_[m[K’ [[01;35m[K-Wunused-variable[m[K]
  343 |     double [01;35m[Km_[m[K = 1412.0;
      |            [01;35m[K^~[m[K
[01m[K/home/yucheng/mpc_motion_control_projects/mpc_ws/src/mpc_car_control/src/mpc_controller_node.cpp:344:12:[m[K [01;35m[Kwarning: [m[Kunused variable ‘[01m[KIz_[m[K’ [[01;35m[K-Wunused-variable[m[K]
  344 |     double [01;35m[KIz_[m[K = 1536.7;
      |            [01;35m[K^~~[m[K
[01m[K/home/yucheng/mpc_motion_control_projects/mpc_ws/src/mpc_car_control/src/mpc_controller_node.cpp:345:12:[m[K [01;35m[Kwarning: [m[Kunused variable ‘[01m[Klf_[m[K’ [[01;35m[K-Wunused-variable[m[K]
  345 |     double [01;35m[Klf_[m[K = 1.015;
      |            [01;35m[K^~~[m[K
[01m[K/home/yucheng/mpc_motion_control_projects/mpc_ws/src/mpc_car_control/src/mpc_controller_node.cpp:346:12:[m[K [01;35m[Kwarning: [m[Kunused variable ‘[01m[Klr_[m[K’ [[01;35m[K-Wunused-variable[m[K]
  346 |     double [01;35m[Klr_[m[K = 1.895;
      |            [01;35m[K^~~[m[K
[01m[K/home/yucheng/mpc_motion_control_projects/mpc_ws/src/mpc_car_control/src/mpc_controller_node.cpp:347:12:[m[K [01;35m[Kwarning: [m[Kunused variable ‘[01m[KCar_[m[K’ [[01;35m[K-Wunused-variable[m[K]
  347 |     double [01;35m[KCar_[m[K = 60000.0; // N/rad
      |            [01;35m[K^~~~[m[K
[01m[K/home/yucheng/mpc_motion_control_projects/mpc_ws/src/mpc_car_control/src/mpc_controller_node.cpp:351:10:[m[K [01;35m[Kwarning: [m[Kunused variable ‘[01m[Kfirst_run_[m[K’ [[01;35m[K-Wunused-variable[m[K]
  351 |     bool [01;35m[Kfirst_run_[m[K = true;
      |          [01;35m[K^~~~~~~~~~[m[K
[01m[K/home/yucheng/mpc_motion_control_projects/mpc_ws/src/mpc_car_control/src/mpc_controller_node.cpp:359:9:[m[K [01;35m[Kwarning: [m[Kunused variable ‘[01m[Knx_[m[K’ [[01;35m[K-Wunused-variable[m[K]
  359 |     int [01;35m[Knx_[m[K = 6;
      |         [01;35m[K^~~[m[K
[01m[K/home/yucheng/mpc_motion_control_projects/mpc_ws/src/mpc_car_control/src/mpc_controller_node.cpp:360:9:[m[K [01;35m[Kwarning: [m[Kunused variable ‘[01m[Knu_[m[K’ [[01;35m[K-Wunused-variable[m[K]
  360 |     int [01;35m[Knu_[m[K = 2;
      |         [01;35m[K^~~[m[K
[01m[K/home/yucheng/mpc_motion_control_projects/mpc_ws/src/mpc_car_control/src/mpc_controller_node.cpp:[m[K At global scope:
[01m[K/home/yucheng/mpc_motion_control_projects/mpc_ws/src/mpc_car_control/src/mpc_controller_node.cpp:368:3:[m[K [01;31m[Kerror: [m[Kexpected unqualified-id at end of input
  368 |   [01;31m[K}[m[K
      |   [01;31m[K^[m[K
make[2]: *** [CMakeFiles/mpc_controller_node.dir/build.make:79：CMakeFiles/mpc_controller_node.dir/src/mpc_controller_node.cpp.o] 错误 1
make[1]: *** [CMakeFiles/Makefile2:725：CMakeFiles/mpc_controller_node.dir/all] 错误 2
make: *** [Makefile:146：all] 错误 2
