[  1%] Built target mpc_car_control__rosidl_generator_type_description
[  1%] Built target ament_cmake_python_symlink_mpc_car_control
[  2%] Built target mpc_car_control__cpp
[ 21%] Built target mpc_car_control__rosidl_generator_c
[ 29%] Built target mpc_car_control__rosidl_typesupport_c
[ 60%] Built target mpc_car_control__rosidl_typesupport_introspection_c
[ 68%] Built target mpc_car_control__rosidl_typesupport_introspection_cpp
[ 60%] Built target mpc_car_control__rosidl_typesupport_cpp
[ 60%] Built target mpc_car_control__rosidl_typesupport_fastrtps_c
[ 69%] Built target mpc_car_control__rosidl_typesupport_fastrtps_cpp
[ 72%] [32mBuilding CXX object CMakeFiles/pid_controller_node.dir/src/pid_controller_node.cpp.o[0m
[ 72%] Built target scenario_generator_node
[ 75%] Built target vehicle_interface_node
[ 77%] [32mBuilding CXX object CMakeFiles/control_allocator_node.dir/src/control_allocator_node.cpp.o[0m
[ 78%] Built target visualization_node
[ 80%] Built target vehicle_model_node
[ 81%] [32mBuilding CXX object CMakeFiles/mpc_controller_node.dir/src/mpc_controller_node.cpp.o[0m
[ 81%] Built target mpc_car_control
[ 82%] Built target mpc_car_control__py
[ 89%] Built target mpc_car_control__rosidl_generator_py
[ 96%] Built target mpc_car_control_s__rosidl_typesupport_introspection_c
[ 96%] Built target mpc_car_control_s__rosidl_typesupport_fastrtps_c
[ 96%] Built target mpc_car_control_s__rosidl_typesupport_c
running egg_info
writing mpc_car_control.egg-info/PKG-INFO
writing dependency_links to mpc_car_control.egg-info/dependency_links.txt
writing top-level names to mpc_car_control.egg-info/top_level.txt
reading manifest file 'mpc_car_control.egg-info/SOURCES.txt'
writing manifest file 'mpc_car_control.egg-info/SOURCES.txt'
[ 96%] Built target ament_cmake_python_build_mpc_car_control_egg
[01m[K/home/yucheng/mpc_motion_control_projects/mpc_ws/src/mpc_car_control/src/pid_controller_node.cpp:183:3:[m[K [01;31m[Kerror: [m[K‘[01m[KP[m[K’ does not name a type
  183 |   [01;31m[KP[m[K double kp_lat_, kp_head_;
      |   [01;31m[K^[m[K
[01m[K/home/yucheng/mpc_motion_control_projects/mpc_ws/src/mpc_car_control/src/pid_controller_node.cpp:[m[K In constructor ‘[01m[KPIDControllerNode::[01;32m[KPIDControllerNode[m[K()[m[K’:
[01m[K/home/yucheng/mpc_motion_control_projects/mpc_ws/src/mpc_car_control/src/pid_controller_node.cpp:36:5:[m[K [01;31m[Kerror: [m[K‘[01m[Kkp_lat_[m[K’ was not declared in this scope; did you mean ‘[01m[Kkp_v_[m[K’?
   36 |     [01;31m[Kkp_lat_[m[K = 0.5;  // Cross-track gain
      |     [01;31m[K^~~~~~~[m[K
      |     [32m[Kkp_v_[m[K
[01m[K/home/yucheng/mpc_motion_control_projects/mpc_ws/src/mpc_car_control/src/pid_controller_node.cpp:37:5:[m[K [01;31m[Kerror: [m[K‘[01m[Kkp_head_[m[K’ was not declared in this scope
   37 |     [01;31m[Kkp_head_[m[K = 2.0; // Heading error gain
      |     [01;31m[K^~~~~~~~[m[K
[01m[K/home/yucheng/mpc_motion_control_projects/mpc_ws/src/mpc_car_control/src/pid_controller_node.cpp:[m[K In member function ‘[01m[Kvoid PIDControllerNode::[01;32m[Kstate_callback[m[K(mpc_car_control::msg::VehicleState_<std::allocator<void> >::SharedPtr)[m[K’:
[01m[K/home/yucheng/mpc_motion_control_projects/mpc_ws/src/mpc_car_control/src/pid_controller_node.cpp:152:25:[m[K [01;31m[Kerror: [m[K‘[01m[Kkp_lat_[m[K’ was not declared in this scope; did you mean ‘[01m[Kkp_v_[m[K’?
  152 |     double steer_cmd = -[01;31m[Kkp_lat_[m[K * cross_track_error - kp_head_ * heading_error;
      |                         [01;31m[K^~~~~~~[m[K
      |                         [32m[Kkp_v_[m[K
[01m[K/home/yucheng/mpc_motion_control_projects/mpc_ws/src/mpc_car_control/src/pid_controller_node.cpp:152:55:[m[K [01;31m[Kerror: [m[K‘[01m[Kkp_head_[m[K’ was not declared in this scope
  152 |     double steer_cmd = -kp_lat_ * cross_track_error - [01;31m[Kkp_head_[m[K * heading_error;
      |                                                       [01;31m[K^~~~~~~~[m[K
gmake[2]: *** [CMakeFiles/pid_controller_node.dir/build.make:76：CMakeFiles/pid_controller_node.dir/src/pid_controller_node.cpp.o] 错误 1
gmake[1]: *** [CMakeFiles/Makefile2:721：CMakeFiles/pid_controller_node.dir/all] 错误 2
gmake[1]: *** 正在等待未完成的任务....
[ 97%] [32m[1mLinking CXX executable control_allocator_node[0m
[ 97%] Built target control_allocator_node
[ 98%] [32m[1mLinking CXX executable mpc_controller_node[0m
[ 98%] Built target mpc_controller_node
gmake: *** [Makefile:146：all] 错误 2
