[  1%] Built target mpc_car_control__rosidl_generator_type_description
[  1%] Built target ament_cmake_python_symlink_mpc_car_control
[  2%] Built target mpc_car_control__cpp
[ 21%] Built target mpc_car_control__rosidl_generator_c
[ 29%] Built target mpc_car_control__rosidl_typesupport_c
[ 60%] Built target mpc_car_control__rosidl_typesupport_introspection_c
[ 68%] Built target mpc_car_control__rosidl_typesupport_introspection_cpp
[ 60%] Built target mpc_car_control__rosidl_typesupport_cpp
[ 60%] Built target mpc_car_control__rosidl_typesupport_fastrtps_c
[ 69%] Built target mpc_car_control__rosidl_typesupport_fastrtps_cpp
[ 72%] [32mBuilding CXX object CMakeFiles/pid_controller_node.dir/src/pid_controller_node.cpp.o[0m
[ 72%] Built target scenario_generator_node
[ 75%] Built target vehicle_interface_node
[ 77%] [32mBuilding CXX object CMakeFiles/control_allocator_node.dir/src/control_allocator_node.cpp.o[0m
[ 78%] Built target visualization_node
[ 80%] Built target vehicle_model_node
[ 81%] [32mBuilding CXX object CMakeFiles/mpc_controller_node.dir/src/mpc_controller_node.cpp.o[0m
[ 81%] Built target mpc_car_control
[ 82%] Built target mpc_car_control__py
[ 89%] Built target mpc_car_control__rosidl_generator_py
[ 96%] Built target mpc_car_control_s__rosidl_typesupport_introspection_c
[ 96%] Built target mpc_car_control_s__rosidl_typesupport_fastrtps_c
[ 96%] Built target mpc_car_control_s__rosidl_typesupport_c
running egg_info
writing mpc_car_control.egg-info/PKG-INFO
writing dependency_links to mpc_car_control.egg-info/dependency_links.txt
writing top-level names to mpc_car_control.egg-info/top_level.txt
reading manifest file 'mpc_car_control.egg-info/SOURCES.txt'
writing manifest file 'mpc_car_control.egg-info/SOURCES.txt'
[ 96%] Built target ament_cmake_python_build_mpc_car_control_egg
[ 97%] [32m[1mLinking CXX executable control_allocator_node[0m
[ 97%] Built target control_allocator_node
[ 98%] [32m[1mLinking CXX executable mpc_controller_node[0m
[ 98%] Built target mpc_controller_node
