[0.512s] DEBUG:colcon:Command line arguments: ['/home/yucheng/.local/bin/colcon', 'build', '--symlink-install']
[0.512s] DEBUG:colcon:Parsed command line arguments: Namespace(allow_overriding=[], ament_cmake_args=None, base_paths=['.'], build_base='build', catkin_cmake_args=None, catkin_skip_building_tests=False, cmake_args=None, cmake_clean_cache=False, cmake_clean_first=False, cmake_force_configure=False, cmake_target=None, cmake_target_skip_unavailable=False, continue_on_error=False, event_handlers=None, executor='parallel', ignore_user_meta=False, install_base='install', log_base=None, log_level=None, main=<bound method BuildVerb.main of <colcon_core.verb.build.BuildVerb object at 0x7eff7ab1e4c0>>, merge_install=False, metas=['./colcon.meta'], packages_above=None, packages_above_and_dependencies=None, packages_above_depth=None, packages_end=None, packages_ignore=None, packages_ignore_regex=None, packages_select=None, packages_select_build_failed=False, packages_select_by_dep=None, packages_select_regex=None, packages_select_test_failures=False, packages_skip=None, packages_skip_build_finished=False, packages_skip_by_dep=None, packages_skip_regex=None, packages_skip_test_passed=False, packages_skip_up_to=None, packages_start=None, packages_up_to=None, packages_up_to_regex=None, parallel_workers=12, paths=None, symlink_install=True, test_result_base=None, verb_extension=<colcon_core.verb.build.BuildVerb object at 0x7eff7ab1e4c0>, verb_name='build', verb_parser=<colcon_defaults.argument_parser.defaults.DefaultArgumentsDecorator object at 0x7eff7ab1ea90>)
[0.540s] Level 1:colcon.colcon_core.package_discovery:discover_packages(colcon_meta) check parameters
[0.541s] Level 1:colcon.colcon_core.package_discovery:discover_packages(recursive) check parameters
[0.541s] Level 1:colcon.colcon_core.package_discovery:discover_packages(ignore) check parameters
[0.541s] Level 1:colcon.colcon_core.package_discovery:discover_packages(path) check parameters
[0.541s] Level 1:colcon.colcon_core.package_discovery:discover_packages(colcon_meta) discover
[0.541s] Level 1:colcon.colcon_core.package_discovery:discover_packages(recursive) discover
[0.541s] INFO:colcon.colcon_core.package_discovery:Crawling recursively for packages in '/home/yucheng/mpc_motion_control_projects/mpc_ws'
[0.541s] Level 1:colcon.colcon_core.package_identification:_identify(.) by extensions ['ignore', 'ignore_ament_install']
[0.541s] Level 1:colcon.colcon_core.package_identification:_identify(.) by extension 'ignore'
[0.541s] Level 1:colcon.colcon_core.package_identification:_identify(.) by extension 'ignore_ament_install'
[0.541s] Level 1:colcon.colcon_core.package_identification:_identify(.) by extensions ['colcon_pkg']
[0.541s] Level 1:colcon.colcon_core.package_identification:_identify(.) by extension 'colcon_pkg'
[0.541s] Level 1:colcon.colcon_core.package_identification:_identify(.) by extensions ['colcon_meta']
[0.541s] Level 1:colcon.colcon_core.package_identification:_identify(.) by extension 'colcon_meta'
[0.541s] Level 1:colcon.colcon_core.package_identification:_identify(.) by extensions ['ros']
[0.541s] Level 1:colcon.colcon_core.package_identification:_identify(.) by extension 'ros'
[0.551s] Level 1:colcon.colcon_core.package_identification:_identify(.) by extensions ['cmake', 'python']
[0.552s] Level 1:colcon.colcon_core.package_identification:_identify(.) by extension 'cmake'
[0.552s] Level 1:colcon.colcon_core.package_identification:_identify(.) by extension 'python'
[0.552s] Level 1:colcon.colcon_core.package_identification:_identify(.) by extensions ['python_setup_py']
[0.552s] Level 1:colcon.colcon_core.package_identification:_identify(.) by extension 'python_setup_py'
[0.552s] Level 1:colcon.colcon_core.package_identification:_identify(build) by extensions ['ignore', 'ignore_ament_install']
[0.552s] Level 1:colcon.colcon_core.package_identification:_identify(build) by extension 'ignore'
[0.552s] Level 1:colcon.colcon_core.package_identification:_identify(build) ignored
[0.552s] Level 1:colcon.colcon_core.package_identification:_identify(install) by extensions ['ignore', 'ignore_ament_install']
[0.552s] Level 1:colcon.colcon_core.package_identification:_identify(install) by extension 'ignore'
[0.552s] Level 1:colcon.colcon_core.package_identification:_identify(install) ignored
[0.552s] Level 1:colcon.colcon_core.package_identification:_identify(log) by extensions ['ignore', 'ignore_ament_install']
[0.552s] Level 1:colcon.colcon_core.package_identification:_identify(log) by extension 'ignore'
[0.552s] Level 1:colcon.colcon_core.package_identification:_identify(log) ignored
[0.553s] Level 1:colcon.colcon_core.package_identification:_identify(src) by extensions ['ignore', 'ignore_ament_install']
[0.553s] Level 1:colcon.colcon_core.package_identification:_identify(src) by extension 'ignore'
[0.553s] Level 1:colcon.colcon_core.package_identification:_identify(src) by extension 'ignore_ament_install'
[0.553s] Level 1:colcon.colcon_core.package_identification:_identify(src) by extensions ['colcon_pkg']
[0.553s] Level 1:colcon.colcon_core.package_identification:_identify(src) by extension 'colcon_pkg'
[0.553s] Level 1:colcon.colcon_core.package_identification:_identify(src) by extensions ['colcon_meta']
[0.553s] Level 1:colcon.colcon_core.package_identification:_identify(src) by extension 'colcon_meta'
[0.553s] Level 1:colcon.colcon_core.package_identification:_identify(src) by extensions ['ros']
[0.553s] Level 1:colcon.colcon_core.package_identification:_identify(src) by extension 'ros'
[0.553s] Level 1:colcon.colcon_core.package_identification:_identify(src) by extensions ['cmake', 'python']
[0.553s] Level 1:colcon.colcon_core.package_identification:_identify(src) by extension 'cmake'
[0.553s] Level 1:colcon.colcon_core.package_identification:_identify(src) by extension 'python'
[0.553s] Level 1:colcon.colcon_core.package_identification:_identify(src) by extensions ['python_setup_py']
[0.553s] Level 1:colcon.colcon_core.package_identification:_identify(src) by extension 'python_setup_py'
[0.553s] Level 1:colcon.colcon_core.package_identification:_identify(src/mpc_car_control) by extensions ['ignore', 'ignore_ament_install']
[0.553s] Level 1:colcon.colcon_core.package_identification:_identify(src/mpc_car_control) by extension 'ignore'
[0.553s] Level 1:colcon.colcon_core.package_identification:_identify(src/mpc_car_control) by extension 'ignore_ament_install'
[0.553s] Level 1:colcon.colcon_core.package_identification:_identify(src/mpc_car_control) by extensions ['colcon_pkg']
[0.553s] Level 1:colcon.colcon_core.package_identification:_identify(src/mpc_car_control) by extension 'colcon_pkg'
[0.553s] Level 1:colcon.colcon_core.package_identification:_identify(src/mpc_car_control) by extensions ['colcon_meta']
[0.553s] Level 1:colcon.colcon_core.package_identification:_identify(src/mpc_car_control) by extension 'colcon_meta'
[0.554s] Level 1:colcon.colcon_core.package_identification:_identify(src/mpc_car_control) by extensions ['ros']
[0.554s] Level 1:colcon.colcon_core.package_identification:_identify(src/mpc_car_control) by extension 'ros'
[0.556s] DEBUG:colcon.colcon_core.package_identification:Package 'src/mpc_car_control' with type 'ros.ament_cmake' and name 'mpc_car_control'
[0.556s] Level 1:colcon.colcon_core.package_discovery:discover_packages(recursive) using defaults
[0.556s] Level 1:colcon.colcon_core.package_discovery:discover_packages(ignore) discover
[0.556s] Level 1:colcon.colcon_core.package_discovery:discover_packages(ignore) using defaults
[0.556s] Level 1:colcon.colcon_core.package_discovery:discover_packages(path) discover
[0.556s] Level 1:colcon.colcon_core.package_discovery:discover_packages(path) using defaults
[0.587s] Level 1:colcon.colcon_core.package_discovery:discover_packages(prefix_path) check parameters
[0.587s] Level 1:colcon.colcon_core.package_discovery:discover_packages(prefix_path) discover
[0.595s] DEBUG:colcon.colcon_installed_package_information.package_discovery:Found 1 installed packages in /home/yucheng/mpc_motion_control_projects/mpc_ws/install
[0.599s] DEBUG:colcon.colcon_installed_package_information.package_discovery:Found 256 installed packages in /opt/ros/foxy
[0.601s] Level 1:colcon.colcon_core.package_discovery:discover_packages(prefix_path) using defaults
[0.663s] Level 5:colcon.colcon_core.verb:set package 'mpc_car_control' build argument 'cmake_args' from command line to 'None'
[0.663s] Level 5:colcon.colcon_core.verb:set package 'mpc_car_control' build argument 'cmake_target' from command line to 'None'
[0.663s] Level 5:colcon.colcon_core.verb:set package 'mpc_car_control' build argument 'cmake_target_skip_unavailable' from command line to 'False'
[0.663s] Level 5:colcon.colcon_core.verb:set package 'mpc_car_control' build argument 'cmake_clean_cache' from command line to 'False'
[0.663s] Level 5:colcon.colcon_core.verb:set package 'mpc_car_control' build argument 'cmake_clean_first' from command line to 'False'
[0.663s] Level 5:colcon.colcon_core.verb:set package 'mpc_car_control' build argument 'cmake_force_configure' from command line to 'False'
[0.663s] Level 5:colcon.colcon_core.verb:set package 'mpc_car_control' build argument 'ament_cmake_args' from command line to 'None'
[0.663s] Level 5:colcon.colcon_core.verb:set package 'mpc_car_control' build argument 'catkin_cmake_args' from command line to 'None'
[0.663s] Level 5:colcon.colcon_core.verb:set package 'mpc_car_control' build argument 'catkin_skip_building_tests' from command line to 'False'
[0.663s] DEBUG:colcon.colcon_core.verb:Building package 'mpc_car_control' with the following arguments: {'ament_cmake_args': None, 'build_base': '/home/yucheng/mpc_motion_control_projects/mpc_ws/build/mpc_car_control', 'catkin_cmake_args': None, 'catkin_skip_building_tests': False, 'cmake_args': None, 'cmake_clean_cache': False, 'cmake_clean_first': False, 'cmake_force_configure': False, 'cmake_target': None, 'cmake_target_skip_unavailable': False, 'install_base': '/home/yucheng/mpc_motion_control_projects/mpc_ws/install/mpc_car_control', 'merge_install': False, 'path': '/home/yucheng/mpc_motion_control_projects/mpc_ws/src/mpc_car_control', 'symlink_install': True, 'test_result_base': None}
[0.665s] INFO:colcon.colcon_core.executor:Executing jobs using 'parallel' executor
[0.677s] DEBUG:colcon.colcon_parallel_executor.executor.parallel:run_until_complete
[0.677s] INFO:colcon.colcon_ros.task.ament_cmake.build:Building ROS package in '/home/yucheng/mpc_motion_control_projects/mpc_ws/src/mpc_car_control' with build type 'ament_cmake'
[0.677s] INFO:colcon.colcon_cmake.task.cmake.build:Building CMake package in '/home/yucheng/mpc_motion_control_projects/mpc_ws/src/mpc_car_control'
[0.685s] INFO:colcon.colcon_core.plugin_system:Skipping extension 'colcon_core.shell.bat': Not used on non-Windows systems
[0.685s] INFO:colcon.colcon_core.shell:Skip shell extension 'powershell' for command environment: Not usable outside of PowerShell
[0.685s] DEBUG:colcon.colcon_core.shell:Skip shell extension 'dsv' for command environment
[0.705s] DEBUG:colcon.colcon_core.event_handler.log_command:Invoking command in '/home/yucheng/mpc_motion_control_projects/mpc_ws/build/mpc_car_control': CMAKE_PREFIX_PATH=${CMAKE_PREFIX_PATH}:/opt/ros/foxy /usr/local/bin/cmake --build /home/yucheng/mpc_motion_control_projects/mpc_ws/build/mpc_car_control -- -j12 -l12
[2.598s] DEBUG:colcon.colcon_core.event_handler.log_command:Invoked command in '/home/yucheng/mpc_motion_control_projects/mpc_ws/build/mpc_car_control' returned '0': CMAKE_PREFIX_PATH=${CMAKE_PREFIX_PATH}:/opt/ros/foxy /usr/local/bin/cmake --build /home/yucheng/mpc_motion_control_projects/mpc_ws/build/mpc_car_control -- -j12 -l12
[2.723s] DEBUG:colcon.colcon_core.event_handler.log_command:Invoking command in '/home/yucheng/mpc_motion_control_projects/mpc_ws/build/mpc_car_control': CMAKE_PREFIX_PATH=${CMAKE_PREFIX_PATH}:/opt/ros/foxy /usr/local/bin/cmake --install /home/yucheng/mpc_motion_control_projects/mpc_ws/build/mpc_car_control
[2.798s] Level 1:colcon.colcon_core.environment:create_environment_scripts_only(mpc_car_control)
[2.800s] DEBUG:colcon.colcon_core.event_handler.log_command:Invoked command in '/home/yucheng/mpc_motion_control_projects/mpc_ws/build/mpc_car_control' returned '0': CMAKE_PREFIX_PATH=${CMAKE_PREFIX_PATH}:/opt/ros/foxy /usr/local/bin/cmake --install /home/yucheng/mpc_motion_control_projects/mpc_ws/build/mpc_car_control
[2.808s] Level 1:colcon.colcon_core.environment:checking '/home/yucheng/mpc_motion_control_projects/mpc_ws/install/mpc_car_control' for CMake module files
[2.809s] Level 1:colcon.colcon_core.environment:checking '/home/yucheng/mpc_motion_control_projects/mpc_ws/install/mpc_car_control' for CMake config files
[2.811s] Level 1:colcon.colcon_core.shell:create_environment_hook('mpc_car_control', 'cmake_prefix_path')
[2.822s] INFO:colcon.colcon_core.shell:Creating environment hook '/home/yucheng/mpc_motion_control_projects/mpc_ws/install/mpc_car_control/share/mpc_car_control/hook/cmake_prefix_path.ps1'
[2.823s] INFO:colcon.colcon_core.shell:Creating environment descriptor '/home/yucheng/mpc_motion_control_projects/mpc_ws/install/mpc_car_control/share/mpc_car_control/hook/cmake_prefix_path.dsv'
[2.823s] INFO:colcon.colcon_core.shell:Creating environment hook '/home/yucheng/mpc_motion_control_projects/mpc_ws/install/mpc_car_control/share/mpc_car_control/hook/cmake_prefix_path.sh'
[2.825s] Level 1:colcon.colcon_core.environment:checking '/home/yucheng/mpc_motion_control_projects/mpc_ws/install/mpc_car_control/lib'
[2.825s] Level 1:colcon.colcon_core.shell:create_environment_hook('mpc_car_control', 'ld_library_path_lib')
[2.835s] INFO:colcon.colcon_core.shell:Creating environment hook '/home/yucheng/mpc_motion_control_projects/mpc_ws/install/mpc_car_control/share/mpc_car_control/hook/ld_library_path_lib.ps1'
[2.836s] INFO:colcon.colcon_core.shell:Creating environment descriptor '/home/yucheng/mpc_motion_control_projects/mpc_ws/install/mpc_car_control/share/mpc_car_control/hook/ld_library_path_lib.dsv'
[2.836s] INFO:colcon.colcon_core.shell:Creating environment hook '/home/yucheng/mpc_motion_control_projects/mpc_ws/install/mpc_car_control/share/mpc_car_control/hook/ld_library_path_lib.sh'
[2.837s] Level 1:colcon.colcon_core.environment:checking '/home/yucheng/mpc_motion_control_projects/mpc_ws/install/mpc_car_control/bin'
[2.837s] Level 1:colcon.colcon_core.environment:checking '/home/yucheng/mpc_motion_control_projects/mpc_ws/install/mpc_car_control/lib/pkgconfig/mpc_car_control.pc'
[2.837s] Level 1:colcon.colcon_core.environment:checking '/home/yucheng/mpc_motion_control_projects/mpc_ws/install/mpc_car_control/lib/python3.8/site-packages'
[2.837s] Level 1:colcon.colcon_core.shell:create_environment_hook('mpc_car_control', 'pythonpath')
[2.848s] INFO:colcon.colcon_core.shell:Creating environment hook '/home/yucheng/mpc_motion_control_projects/mpc_ws/install/mpc_car_control/share/mpc_car_control/hook/pythonpath.ps1'
[2.848s] INFO:colcon.colcon_core.shell:Creating environment descriptor '/home/yucheng/mpc_motion_control_projects/mpc_ws/install/mpc_car_control/share/mpc_car_control/hook/pythonpath.dsv'
[2.849s] INFO:colcon.colcon_core.shell:Creating environment hook '/home/yucheng/mpc_motion_control_projects/mpc_ws/install/mpc_car_control/share/mpc_car_control/hook/pythonpath.sh'
[2.849s] Level 1:colcon.colcon_core.environment:checking '/home/yucheng/mpc_motion_control_projects/mpc_ws/install/mpc_car_control/bin'
[2.860s] INFO:colcon.colcon_core.shell:Creating package script '/home/yucheng/mpc_motion_control_projects/mpc_ws/install/mpc_car_control/share/mpc_car_control/package.ps1'
[2.861s] INFO:colcon.colcon_core.shell:Creating package descriptor '/home/yucheng/mpc_motion_control_projects/mpc_ws/install/mpc_car_control/share/mpc_car_control/package.dsv'
[2.863s] INFO:colcon.colcon_core.shell:Creating package script '/home/yucheng/mpc_motion_control_projects/mpc_ws/install/mpc_car_control/share/mpc_car_control/package.sh'
[2.864s] INFO:colcon.colcon_core.shell:Creating package script '/home/yucheng/mpc_motion_control_projects/mpc_ws/install/mpc_car_control/share/mpc_car_control/package.bash'
[2.865s] INFO:colcon.colcon_core.shell:Creating package script '/home/yucheng/mpc_motion_control_projects/mpc_ws/install/mpc_car_control/share/mpc_car_control/package.zsh'
[2.866s] Level 1:colcon.colcon_core.environment:create_file_with_runtime_dependencies(/home/yucheng/mpc_motion_control_projects/mpc_ws/install/mpc_car_control/share/colcon-core/packages/mpc_car_control)
[3.003s] Level 1:colcon.colcon_core.environment:create_environment_scripts_only(mpc_car_control)
[3.009s] Level 1:colcon.colcon_core.environment:checking '/home/yucheng/mpc_motion_control_projects/mpc_ws/install/mpc_car_control' for CMake module files
[3.010s] Level 1:colcon.colcon_core.environment:checking '/home/yucheng/mpc_motion_control_projects/mpc_ws/install/mpc_car_control' for CMake config files
[3.010s] Level 1:colcon.colcon_core.shell:create_environment_hook('mpc_car_control', 'cmake_prefix_path')
[3.015s] INFO:colcon.colcon_core.shell:Creating environment hook '/home/yucheng/mpc_motion_control_projects/mpc_ws/install/mpc_car_control/share/mpc_car_control/hook/cmake_prefix_path.ps1'
[3.016s] INFO:colcon.colcon_core.shell:Creating environment descriptor '/home/yucheng/mpc_motion_control_projects/mpc_ws/install/mpc_car_control/share/mpc_car_control/hook/cmake_prefix_path.dsv'
[3.016s] INFO:colcon.colcon_core.shell:Creating environment hook '/home/yucheng/mpc_motion_control_projects/mpc_ws/install/mpc_car_control/share/mpc_car_control/hook/cmake_prefix_path.sh'
[3.016s] Level 1:colcon.colcon_core.environment:checking '/home/yucheng/mpc_motion_control_projects/mpc_ws/install/mpc_car_control/lib'
[3.016s] Level 1:colcon.colcon_core.shell:create_environment_hook('mpc_car_control', 'ld_library_path_lib')
[3.022s] INFO:colcon.colcon_core.shell:Creating environment hook '/home/yucheng/mpc_motion_control_projects/mpc_ws/install/mpc_car_control/share/mpc_car_control/hook/ld_library_path_lib.ps1'
[3.022s] INFO:colcon.colcon_core.shell:Creating environment descriptor '/home/yucheng/mpc_motion_control_projects/mpc_ws/install/mpc_car_control/share/mpc_car_control/hook/ld_library_path_lib.dsv'
[3.022s] INFO:colcon.colcon_core.shell:Creating environment hook '/home/yucheng/mpc_motion_control_projects/mpc_ws/install/mpc_car_control/share/mpc_car_control/hook/ld_library_path_lib.sh'
[3.023s] Level 1:colcon.colcon_core.environment:checking '/home/yucheng/mpc_motion_control_projects/mpc_ws/install/mpc_car_control/bin'
[3.023s] Level 1:colcon.colcon_core.environment:checking '/home/yucheng/mpc_motion_control_projects/mpc_ws/install/mpc_car_control/lib/pkgconfig/mpc_car_control.pc'
[3.023s] Level 1:colcon.colcon_core.environment:checking '/home/yucheng/mpc_motion_control_projects/mpc_ws/install/mpc_car_control/lib/python3.8/site-packages'
[3.023s] Level 1:colcon.colcon_core.shell:create_environment_hook('mpc_car_control', 'pythonpath')
[3.028s] INFO:colcon.colcon_core.shell:Creating environment hook '/home/yucheng/mpc_motion_control_projects/mpc_ws/install/mpc_car_control/share/mpc_car_control/hook/pythonpath.ps1'
[3.028s] INFO:colcon.colcon_core.shell:Creating environment descriptor '/home/yucheng/mpc_motion_control_projects/mpc_ws/install/mpc_car_control/share/mpc_car_control/hook/pythonpath.dsv'
[3.029s] INFO:colcon.colcon_core.shell:Creating environment hook '/home/yucheng/mpc_motion_control_projects/mpc_ws/install/mpc_car_control/share/mpc_car_control/hook/pythonpath.sh'
[3.029s] Level 1:colcon.colcon_core.environment:checking '/home/yucheng/mpc_motion_control_projects/mpc_ws/install/mpc_car_control/bin'
[3.034s] INFO:colcon.colcon_core.shell:Creating package script '/home/yucheng/mpc_motion_control_projects/mpc_ws/install/mpc_car_control/share/mpc_car_control/package.ps1'
[3.034s] INFO:colcon.colcon_core.shell:Creating package descriptor '/home/yucheng/mpc_motion_control_projects/mpc_ws/install/mpc_car_control/share/mpc_car_control/package.dsv'
[3.035s] INFO:colcon.colcon_core.shell:Creating package script '/home/yucheng/mpc_motion_control_projects/mpc_ws/install/mpc_car_control/share/mpc_car_control/package.sh'
[3.035s] INFO:colcon.colcon_core.shell:Creating package script '/home/yucheng/mpc_motion_control_projects/mpc_ws/install/mpc_car_control/share/mpc_car_control/package.bash'
[3.036s] INFO:colcon.colcon_core.shell:Creating package script '/home/yucheng/mpc_motion_control_projects/mpc_ws/install/mpc_car_control/share/mpc_car_control/package.zsh'
[3.036s] Level 1:colcon.colcon_core.environment:create_file_with_runtime_dependencies(/home/yucheng/mpc_motion_control_projects/mpc_ws/install/mpc_car_control/share/colcon-core/packages/mpc_car_control)
[3.036s] DEBUG:colcon.colcon_parallel_executor.executor.parallel:closing loop
[3.037s] DEBUG:colcon.colcon_parallel_executor.executor.parallel:loop closed
[3.037s] DEBUG:colcon.colcon_parallel_executor.executor.parallel:run_until_complete finished with '0'
[3.037s] DEBUG:colcon.colcon_core.event_reactor:joining thread
[3.048s] INFO:colcon.colcon_core.plugin_system:Skipping extension 'colcon_notification.desktop_notification.terminal_notifier': Not used on non-Darwin systems
[3.048s] INFO:colcon.colcon_core.plugin_system:Skipping extension 'colcon_notification.desktop_notification.win32': Not used on non-Windows systems
[3.048s] INFO:colcon.colcon_notification.desktop_notification:Sending desktop notification using 'notify2'
[3.064s] DEBUG:colcon.colcon_core.event_reactor:joined thread
[3.069s] INFO:colcon.colcon_core.shell:Creating prefix script '/home/yucheng/mpc_motion_control_projects/mpc_ws/install/local_setup.ps1'
[3.070s] INFO:colcon.colcon_core.shell:Creating prefix util module '/home/yucheng/mpc_motion_control_projects/mpc_ws/install/_local_setup_util_ps1.py'
[3.071s] INFO:colcon.colcon_core.shell:Creating prefix chain script '/home/yucheng/mpc_motion_control_projects/mpc_ws/install/setup.ps1'
[3.075s] INFO:colcon.colcon_core.shell:Creating prefix script '/home/yucheng/mpc_motion_control_projects/mpc_ws/install/local_setup.sh'
[3.076s] INFO:colcon.colcon_core.shell:Creating prefix util module '/home/yucheng/mpc_motion_control_projects/mpc_ws/install/_local_setup_util_sh.py'
[3.076s] INFO:colcon.colcon_core.shell:Creating prefix chain script '/home/yucheng/mpc_motion_control_projects/mpc_ws/install/setup.sh'
[3.081s] INFO:colcon.colcon_core.shell:Creating prefix script '/home/yucheng/mpc_motion_control_projects/mpc_ws/install/local_setup.bash'
[3.081s] INFO:colcon.colcon_core.shell:Creating prefix chain script '/home/yucheng/mpc_motion_control_projects/mpc_ws/install/setup.bash'
[3.085s] INFO:colcon.colcon_core.shell:Creating prefix script '/home/yucheng/mpc_motion_control_projects/mpc_ws/install/local_setup.zsh'
[3.086s] INFO:colcon.colcon_core.shell:Creating prefix chain script '/home/yucheng/mpc_motion_control_projects/mpc_ws/install/setup.zsh'
