[0.029s] Invoking command in '/home/yucheng/mpc_motion_control_projects/mpc_ws/build/mpc_car_control': CMAKE_PREFIX_PATH=${CMAKE_PREFIX_PATH}:/opt/ros/foxy /usr/local/bin/cmake --build /home/yucheng/mpc_motion_control_projects/mpc_ws/build/mpc_car_control -- -j12 -l12
[0.057s] [  1%] Built target mpc_car_control__cpp
[0.059s] [ 10%] Built target mpc_car_control__rosidl_generator_c
[0.070s] [ 37%] Built target mpc_car_control__rosidl_typesupport_cpp
[0.071s] [ 37%] Built target mpc_car_control__rosidl_typesupport_c
[0.071s] [ 37%] Built target mpc_car_control__rosidl_typesupport_introspection_c
[0.071s] [ 46%] Built target mpc_car_control__rosidl_typesupport_introspection_cpp
[0.071s] [ 55%] Built target mpc_car_control__rosidl_typesupport_fastrtps_cpp
[0.085s] [ 64%] Built target mpc_car_control__rosidl_typesupport_fastrtps_c
[0.096s] [ 64%] Built target mpc_car_control
[0.110s] [ 66%] Built target mpc_car_control__py
[0.114s] [ 67%] [32mBuilding CXX object CMakeFiles/control_allocator_node.dir/src/control_allocator_node.cpp.o[0m
[0.115s] [ 72%] Built target vehicle_interface_node
[0.115s] [ 72%] Built target scenario_generator_node
[0.115s] [ 77%] Built target pid_controller_node
[0.115s] [ 76%] Built target visualization_node
[0.117s] [ 80%] Built target vehicle_model_node
[0.125s] [ 81%] [32mBuilding CXX object CMakeFiles/mpc_controller_node.dir/src/mpc_controller_node.cpp.o[0m
[0.126s] [ 89%] Built target mpc_car_control__python
[0.138s] [ 92%] Built target mpc_car_control__rosidl_typesupport_fastrtps_c__pyext
[0.138s] [ 94%] Built target mpc_car_control__rosidl_typesupport_introspection_c__pyext
[0.140s] [ 97%] Built target mpc_car_control__rosidl_typesupport_c__pyext
[4.773s] [ 98%] [32m[1mLinking CXX executable control_allocator_node[0m
[5.018s] [ 98%] Built target control_allocator_node
[9.528s] [100%] [32m[1mLinking CXX executable mpc_controller_node[0m
[9.925s] [100%] Built target mpc_controller_node
[9.936s] Invoked command in '/home/yucheng/mpc_motion_control_projects/mpc_ws/build/mpc_car_control' returned '0': CMAKE_PREFIX_PATH=${CMAKE_PREFIX_PATH}:/opt/ros/foxy /usr/local/bin/cmake --build /home/yucheng/mpc_motion_control_projects/mpc_ws/build/mpc_car_control -- -j12 -l12
[10.067s] Invoking command in '/home/yucheng/mpc_motion_control_projects/mpc_ws/build/mpc_car_control': CMAKE_PREFIX_PATH=${CMAKE_PREFIX_PATH}:/opt/ros/foxy /usr/local/bin/cmake --install /home/yucheng/mpc_motion_control_projects/mpc_ws/build/mpc_car_control
[10.070s] -- Install configuration: ""
[10.071s] -- Execute custom install script
[10.071s] -- Up-to-date symlink: /home/yucheng/mpc_motion_control_projects/mpc_ws/install/mpc_car_control/share/ament_index/resource_index/rosidl_interfaces/mpc_car_control
[10.072s] -- Up-to-date symlink: /home/yucheng/mpc_motion_control_projects/mpc_ws/install/mpc_car_control/include/mpc_car_control/msg/actuator_command.h
[10.072s] -- Up-to-date symlink: /home/yucheng/mpc_motion_control_projects/mpc_ws/install/mpc_car_control/include/mpc_car_control/msg/control_command_body.h
[10.072s] -- Up-to-date symlink: /home/yucheng/mpc_motion_control_projects/mpc_ws/install/mpc_car_control/include/mpc_car_control/msg/detail/actuator_command__functions.h
[10.072s] -- Up-to-date symlink: /home/yucheng/mpc_motion_control_projects/mpc_ws/install/mpc_car_control/include/mpc_car_control/msg/detail/actuator_command__struct.h
[10.072s] -- Up-to-date symlink: /home/yucheng/mpc_motion_control_projects/mpc_ws/install/mpc_car_control/include/mpc_car_control/msg/detail/actuator_command__type_support.h
[10.072s] -- Up-to-date symlink: /home/yucheng/mpc_motion_control_projects/mpc_ws/install/mpc_car_control/include/mpc_car_control/msg/detail/control_command_body__functions.h
[10.073s] -- Up-to-date symlink: /home/yucheng/mpc_motion_control_projects/mpc_ws/install/mpc_car_control/include/mpc_car_control/msg/detail/control_command_body__struct.h
[10.073s] -- Up-to-date symlink: /home/yucheng/mpc_motion_control_projects/mpc_ws/install/mpc_car_control/include/mpc_car_control/msg/detail/control_command_body__type_support.h
[10.073s] -- Up-to-date symlink: /home/yucheng/mpc_motion_control_projects/mpc_ws/install/mpc_car_control/include/mpc_car_control/msg/detail/reference_trajectory__functions.h
[10.073s] -- Up-to-date symlink: /home/yucheng/mpc_motion_control_projects/mpc_ws/install/mpc_car_control/include/mpc_car_control/msg/detail/reference_trajectory__struct.h
[10.073s] -- Up-to-date symlink: /home/yucheng/mpc_motion_control_projects/mpc_ws/install/mpc_car_control/include/mpc_car_control/msg/detail/reference_trajectory__type_support.h
[10.073s] -- Up-to-date symlink: /home/yucheng/mpc_motion_control_projects/mpc_ws/install/mpc_car_control/include/mpc_car_control/msg/detail/vehicle_state__functions.h
[10.073s] -- Up-to-date symlink: /home/yucheng/mpc_motion_control_projects/mpc_ws/install/mpc_car_control/include/mpc_car_control/msg/detail/vehicle_state__struct.h
[10.074s] -- Up-to-date symlink: /home/yucheng/mpc_motion_control_projects/mpc_ws/install/mpc_car_control/include/mpc_car_control/msg/detail/vehicle_state__type_support.h
[10.074s] -- Up-to-date symlink: /home/yucheng/mpc_motion_control_projects/mpc_ws/install/mpc_car_control/include/mpc_car_control/msg/detail/wheel_ground_heights__functions.h
[10.074s] -- Up-to-date symlink: /home/yucheng/mpc_motion_control_projects/mpc_ws/install/mpc_car_control/include/mpc_car_control/msg/detail/wheel_ground_heights__struct.h
[10.074s] -- Up-to-date symlink: /home/yucheng/mpc_motion_control_projects/mpc_ws/install/mpc_car_control/include/mpc_car_control/msg/detail/wheel_ground_heights__type_support.h
[10.074s] -- Up-to-date symlink: /home/yucheng/mpc_motion_control_projects/mpc_ws/install/mpc_car_control/include/mpc_car_control/msg/reference_trajectory.h
[10.074s] -- Up-to-date symlink: /home/yucheng/mpc_motion_control_projects/mpc_ws/install/mpc_car_control/include/mpc_car_control/msg/rosidl_generator_c__visibility_control.h
[10.075s] -- Up-to-date symlink: /home/yucheng/mpc_motion_control_projects/mpc_ws/install/mpc_car_control/include/mpc_car_control/msg/vehicle_state.h
[10.075s] -- Up-to-date symlink: /home/yucheng/mpc_motion_control_projects/mpc_ws/install/mpc_car_control/include/mpc_car_control/msg/wheel_ground_heights.h
[10.075s] -- Up-to-date symlink: /home/yucheng/mpc_motion_control_projects/mpc_ws/install/mpc_car_control/share/mpc_car_control/environment/library_path.sh
[10.075s] -- Up-to-date symlink: /home/yucheng/mpc_motion_control_projects/mpc_ws/install/mpc_car_control/share/mpc_car_control/environment/library_path.dsv
[10.076s] -- Up-to-date symlink: /home/yucheng/mpc_motion_control_projects/mpc_ws/install/mpc_car_control/include/mpc_car_control/msg/detail/actuator_command__rosidl_typesupport_fastrtps_c.h
[10.076s] -- Up-to-date symlink: /home/yucheng/mpc_motion_control_projects/mpc_ws/install/mpc_car_control/include/mpc_car_control/msg/detail/control_command_body__rosidl_typesupport_fastrtps_c.h
[10.076s] -- Up-to-date symlink: /home/yucheng/mpc_motion_control_projects/mpc_ws/install/mpc_car_control/include/mpc_car_control/msg/detail/reference_trajectory__rosidl_typesupport_fastrtps_c.h
[10.076s] -- Up-to-date symlink: /home/yucheng/mpc_motion_control_projects/mpc_ws/install/mpc_car_control/include/mpc_car_control/msg/detail/vehicle_state__rosidl_typesupport_fastrtps_c.h
[10.076s] -- Up-to-date symlink: /home/yucheng/mpc_motion_control_projects/mpc_ws/install/mpc_car_control/include/mpc_car_control/msg/detail/wheel_ground_heights__rosidl_typesupport_fastrtps_c.h
[10.077s] -- Up-to-date symlink: /home/yucheng/mpc_motion_control_projects/mpc_ws/install/mpc_car_control/include/mpc_car_control/msg/rosidl_typesupport_fastrtps_c__visibility_control.h
[10.077s] -- Up-to-date symlink: /home/yucheng/mpc_motion_control_projects/mpc_ws/install/mpc_car_control/lib/libmpc_car_control__rosidl_typesupport_fastrtps_c.so
[10.077s] -- Up-to-date symlink: /home/yucheng/mpc_motion_control_projects/mpc_ws/install/mpc_car_control/include/mpc_car_control/msg/detail/actuator_command__rosidl_typesupport_fastrtps_cpp.hpp
[10.078s] -- Up-to-date symlink: /home/yucheng/mpc_motion_control_projects/mpc_ws/install/mpc_car_control/include/mpc_car_control/msg/detail/control_command_body__rosidl_typesupport_fastrtps_cpp.hpp
[10.078s] -- Up-to-date symlink: /home/yucheng/mpc_motion_control_projects/mpc_ws/install/mpc_car_control/include/mpc_car_control/msg/detail/reference_trajectory__rosidl_typesupport_fastrtps_cpp.hpp
[10.078s] -- Up-to-date symlink: /home/yucheng/mpc_motion_control_projects/mpc_ws/install/mpc_car_control/include/mpc_car_control/msg/detail/vehicle_state__rosidl_typesupport_fastrtps_cpp.hpp
[10.078s] -- Up-to-date symlink: /home/yucheng/mpc_motion_control_projects/mpc_ws/install/mpc_car_control/include/mpc_car_control/msg/detail/wheel_ground_heights__rosidl_typesupport_fastrtps_cpp.hpp
[10.078s] -- Up-to-date symlink: /home/yucheng/mpc_motion_control_projects/mpc_ws/install/mpc_car_control/include/mpc_car_control/msg/rosidl_typesupport_fastrtps_cpp__visibility_control.h
[10.078s] -- Up-to-date symlink: /home/yucheng/mpc_motion_control_projects/mpc_ws/install/mpc_car_control/lib/libmpc_car_control__rosidl_typesupport_fastrtps_cpp.so
[10.079s] -- Up-to-date symlink: /home/yucheng/mpc_motion_control_projects/mpc_ws/install/mpc_car_control/include/mpc_car_control/msg/detail/actuator_command__rosidl_typesupport_introspection_c.h
[10.079s] -- Up-to-date symlink: /home/yucheng/mpc_motion_control_projects/mpc_ws/install/mpc_car_control/include/mpc_car_control/msg/detail/control_command_body__rosidl_typesupport_introspection_c.h
[10.079s] -- Up-to-date symlink: /home/yucheng/mpc_motion_control_projects/mpc_ws/install/mpc_car_control/include/mpc_car_control/msg/detail/reference_trajectory__rosidl_typesupport_introspection_c.h
[10.080s] -- Up-to-date symlink: /home/yucheng/mpc_motion_control_projects/mpc_ws/install/mpc_car_control/include/mpc_car_control/msg/detail/vehicle_state__rosidl_typesupport_introspection_c.h
[10.080s] -- Up-to-date symlink: /home/yucheng/mpc_motion_control_projects/mpc_ws/install/mpc_car_control/include/mpc_car_control/msg/detail/wheel_ground_heights__rosidl_typesupport_introspection_c.h
[10.080s] -- Up-to-date symlink: /home/yucheng/mpc_motion_control_projects/mpc_ws/install/mpc_car_control/include/mpc_car_control/msg/rosidl_typesupport_introspection_c__visibility_control.h
[10.080s] -- Up-to-date symlink: /home/yucheng/mpc_motion_control_projects/mpc_ws/install/mpc_car_control/include/mpc_car_control/msg/actuator_command.hpp
[10.081s] -- Up-to-date symlink: /home/yucheng/mpc_motion_control_projects/mpc_ws/install/mpc_car_control/include/mpc_car_control/msg/control_command_body.hpp
[10.081s] -- Up-to-date symlink: /home/yucheng/mpc_motion_control_projects/mpc_ws/install/mpc_car_control/include/mpc_car_control/msg/detail/actuator_command__builder.hpp
[10.081s] -- Up-to-date symlink: /home/yucheng/mpc_motion_control_projects/mpc_ws/install/mpc_car_control/include/mpc_car_control/msg/detail/actuator_command__struct.hpp
[10.081s] -- Up-to-date symlink: /home/yucheng/mpc_motion_control_projects/mpc_ws/install/mpc_car_control/include/mpc_car_control/msg/detail/actuator_command__traits.hpp
[10.081s] -- Up-to-date symlink: /home/yucheng/mpc_motion_control_projects/mpc_ws/install/mpc_car_control/include/mpc_car_control/msg/detail/actuator_command__type_support.hpp
[10.081s] -- Up-to-date symlink: /home/yucheng/mpc_motion_control_projects/mpc_ws/install/mpc_car_control/include/mpc_car_control/msg/detail/control_command_body__builder.hpp
[10.082s] -- Up-to-date symlink: /home/yucheng/mpc_motion_control_projects/mpc_ws/install/mpc_car_control/include/mpc_car_control/msg/detail/control_command_body__struct.hpp
[10.082s] -- Up-to-date symlink: /home/yucheng/mpc_motion_control_projects/mpc_ws/install/mpc_car_control/include/mpc_car_control/msg/detail/control_command_body__traits.hpp
[10.082s] -- Up-to-date symlink: /home/yucheng/mpc_motion_control_projects/mpc_ws/install/mpc_car_control/include/mpc_car_control/msg/detail/control_command_body__type_support.hpp
[10.082s] -- Up-to-date symlink: /home/yucheng/mpc_motion_control_projects/mpc_ws/install/mpc_car_control/include/mpc_car_control/msg/detail/reference_trajectory__builder.hpp
[10.082s] -- Up-to-date symlink: /home/yucheng/mpc_motion_control_projects/mpc_ws/install/mpc_car_control/include/mpc_car_control/msg/detail/reference_trajectory__struct.hpp
[10.082s] -- Up-to-date symlink: /home/yucheng/mpc_motion_control_projects/mpc_ws/install/mpc_car_control/include/mpc_car_control/msg/detail/reference_trajectory__traits.hpp
[10.083s] -- Up-to-date symlink: /home/yucheng/mpc_motion_control_projects/mpc_ws/install/mpc_car_control/include/mpc_car_control/msg/detail/reference_trajectory__type_support.hpp
[10.083s] -- Up-to-date symlink: /home/yucheng/mpc_motion_control_projects/mpc_ws/install/mpc_car_control/include/mpc_car_control/msg/detail/vehicle_state__builder.hpp
[10.083s] -- Up-to-date symlink: /home/yucheng/mpc_motion_control_projects/mpc_ws/install/mpc_car_control/include/mpc_car_control/msg/detail/vehicle_state__struct.hpp
[10.083s] -- Up-to-date symlink: /home/yucheng/mpc_motion_control_projects/mpc_ws/install/mpc_car_control/include/mpc_car_control/msg/detail/vehicle_state__traits.hpp
[10.083s] -- Up-to-date symlink: /home/yucheng/mpc_motion_control_projects/mpc_ws/install/mpc_car_control/include/mpc_car_control/msg/detail/vehicle_state__type_support.hpp
[10.083s] -- Up-to-date symlink: /home/yucheng/mpc_motion_control_projects/mpc_ws/install/mpc_car_control/include/mpc_car_control/msg/detail/wheel_ground_heights__builder.hpp
[10.083s] -- Up-to-date symlink: /home/yucheng/mpc_motion_control_projects/mpc_ws/install/mpc_car_control/include/mpc_car_control/msg/detail/wheel_ground_heights__struct.hpp
[10.084s] -- Up-to-date symlink: /home/yucheng/mpc_motion_control_projects/mpc_ws/install/mpc_car_control/include/mpc_car_control/msg/detail/wheel_ground_heights__traits.hpp
[10.084s] -- Up-to-date symlink: /home/yucheng/mpc_motion_control_projects/mpc_ws/install/mpc_car_control/include/mpc_car_control/msg/detail/wheel_ground_heights__type_support.hpp
[10.084s] -- Up-to-date symlink: /home/yucheng/mpc_motion_control_projects/mpc_ws/install/mpc_car_control/include/mpc_car_control/msg/reference_trajectory.hpp
[10.084s] -- Up-to-date symlink: /home/yucheng/mpc_motion_control_projects/mpc_ws/install/mpc_car_control/include/mpc_car_control/msg/rosidl_generator_cpp__visibility_control.hpp
[10.084s] -- Up-to-date symlink: /home/yucheng/mpc_motion_control_projects/mpc_ws/install/mpc_car_control/include/mpc_car_control/msg/vehicle_state.hpp
[10.084s] -- Up-to-date symlink: /home/yucheng/mpc_motion_control_projects/mpc_ws/install/mpc_car_control/include/mpc_car_control/msg/wheel_ground_heights.hpp
[10.084s] -- Up-to-date symlink: /home/yucheng/mpc_motion_control_projects/mpc_ws/install/mpc_car_control/include/mpc_car_control/msg/detail/actuator_command__rosidl_typesupport_introspection_cpp.hpp
[10.085s] -- Up-to-date symlink: /home/yucheng/mpc_motion_control_projects/mpc_ws/install/mpc_car_control/include/mpc_car_control/msg/detail/control_command_body__rosidl_typesupport_introspection_cpp.hpp
[10.085s] -- Up-to-date symlink: /home/yucheng/mpc_motion_control_projects/mpc_ws/install/mpc_car_control/include/mpc_car_control/msg/detail/reference_trajectory__rosidl_typesupport_introspection_cpp.hpp
[10.085s] -- Up-to-date symlink: /home/yucheng/mpc_motion_control_projects/mpc_ws/install/mpc_car_control/include/mpc_car_control/msg/detail/vehicle_state__rosidl_typesupport_introspection_cpp.hpp
[10.085s] -- Up-to-date symlink: /home/yucheng/mpc_motion_control_projects/mpc_ws/install/mpc_car_control/include/mpc_car_control/msg/detail/wheel_ground_heights__rosidl_typesupport_introspection_cpp.hpp
[10.085s] -- Up-to-date symlink: /home/yucheng/mpc_motion_control_projects/mpc_ws/install/mpc_car_control/share/mpc_car_control/environment/pythonpath.sh
[10.085s] -- Up-to-date symlink: /home/yucheng/mpc_motion_control_projects/mpc_ws/install/mpc_car_control/share/mpc_car_control/environment/pythonpath.dsv
[10.086s] -- Up-to-date symlink: /home/yucheng/mpc_motion_control_projects/mpc_ws/install/mpc_car_control/lib/python3.8/site-packages/mpc_car_control/__init__.py
[10.086s] -- Up-to-date symlink: /home/yucheng/mpc_motion_control_projects/mpc_ws/install/mpc_car_control/lib/python3.8/site-packages/mpc_car_control/msg/__init__.py
[10.086s] -- Up-to-date symlink: /home/yucheng/mpc_motion_control_projects/mpc_ws/install/mpc_car_control/lib/python3.8/site-packages/mpc_car_control/msg/_actuator_command.py
[10.086s] -- Up-to-date symlink: /home/yucheng/mpc_motion_control_projects/mpc_ws/install/mpc_car_control/lib/python3.8/site-packages/mpc_car_control/msg/_control_command_body.py
[10.086s] -- Up-to-date symlink: /home/yucheng/mpc_motion_control_projects/mpc_ws/install/mpc_car_control/lib/python3.8/site-packages/mpc_car_control/msg/_reference_trajectory.py
[10.087s] -- Up-to-date symlink: /home/yucheng/mpc_motion_control_projects/mpc_ws/install/mpc_car_control/lib/python3.8/site-packages/mpc_car_control/msg/_vehicle_state.py
[10.087s] -- Up-to-date symlink: /home/yucheng/mpc_motion_control_projects/mpc_ws/install/mpc_car_control/lib/python3.8/site-packages/mpc_car_control/msg/_wheel_ground_heights.py
[10.087s] -- Up-to-date symlink: /home/yucheng/mpc_motion_control_projects/mpc_ws/install/mpc_car_control/lib/python3.8/site-packages/mpc_car_control/mpc_car_control_s__rosidl_typesupport_fastrtps_c.cpython-38-x86_64-linux-gnu.so
[10.088s] -- Up-to-date symlink: /home/yucheng/mpc_motion_control_projects/mpc_ws/install/mpc_car_control/lib/python3.8/site-packages/mpc_car_control/mpc_car_control_s__rosidl_typesupport_introspection_c.cpython-38-x86_64-linux-gnu.so
[10.088s] -- Up-to-date symlink: /home/yucheng/mpc_motion_control_projects/mpc_ws/install/mpc_car_control/lib/python3.8/site-packages/mpc_car_control/mpc_car_control_s__rosidl_typesupport_c.cpython-38-x86_64-linux-gnu.so
[10.088s] -- Up-to-date symlink: /home/yucheng/mpc_motion_control_projects/mpc_ws/install/mpc_car_control/lib/libmpc_car_control__python.so
[10.089s] -- Up-to-date symlink: /home/yucheng/mpc_motion_control_projects/mpc_ws/install/mpc_car_control/share/mpc_car_control/msg/VehicleState.idl
[10.089s] -- Up-to-date symlink: /home/yucheng/mpc_motion_control_projects/mpc_ws/install/mpc_car_control/share/mpc_car_control/msg/ReferenceTrajectory.idl
[10.089s] -- Up-to-date symlink: /home/yucheng/mpc_motion_control_projects/mpc_ws/install/mpc_car_control/share/mpc_car_control/msg/ControlCommandBody.idl
[10.089s] -- Up-to-date symlink: /home/yucheng/mpc_motion_control_projects/mpc_ws/install/mpc_car_control/share/mpc_car_control/msg/ActuatorCommand.idl
[10.089s] -- Up-to-date symlink: /home/yucheng/mpc_motion_control_projects/mpc_ws/install/mpc_car_control/share/mpc_car_control/msg/WheelGroundHeights.idl
[10.090s] -- Up-to-date symlink: /home/yucheng/mpc_motion_control_projects/mpc_ws/install/mpc_car_control/share/mpc_car_control/msg/VehicleState.msg
[10.090s] -- Up-to-date symlink: /home/yucheng/mpc_motion_control_projects/mpc_ws/install/mpc_car_control/share/mpc_car_control/msg/ReferenceTrajectory.msg
[10.090s] -- Up-to-date symlink: /home/yucheng/mpc_motion_control_projects/mpc_ws/install/mpc_car_control/share/mpc_car_control/msg/ControlCommandBody.msg
[10.090s] -- Up-to-date symlink: /home/yucheng/mpc_motion_control_projects/mpc_ws/install/mpc_car_control/share/mpc_car_control/msg/ActuatorCommand.msg
[10.091s] -- Up-to-date symlink: /home/yucheng/mpc_motion_control_projects/mpc_ws/install/mpc_car_control/share/mpc_car_control/msg/WheelGroundHeights.msg
[10.091s] -- Up-to-date symlink: /home/yucheng/mpc_motion_control_projects/mpc_ws/install/mpc_car_control/lib/mpc_car_control/scenario_generator_node
[10.091s] -- Up-to-date symlink: /home/yucheng/mpc_motion_control_projects/mpc_ws/install/mpc_car_control/lib/mpc_car_control/mpc_controller_node
[10.092s] -- Up-to-date symlink: /home/yucheng/mpc_motion_control_projects/mpc_ws/install/mpc_car_control/lib/mpc_car_control/control_allocator_node
[10.092s] -- Up-to-date symlink: /home/yucheng/mpc_motion_control_projects/mpc_ws/install/mpc_car_control/lib/mpc_car_control/pid_controller_node
[10.092s] -- Up-to-date symlink: /home/yucheng/mpc_motion_control_projects/mpc_ws/install/mpc_car_control/lib/mpc_car_control/vehicle_interface_node
[10.092s] -- Up-to-date symlink: /home/yucheng/mpc_motion_control_projects/mpc_ws/install/mpc_car_control/lib/mpc_car_control/visualization_node
[10.092s] -- Up-to-date symlink: /home/yucheng/mpc_motion_control_projects/mpc_ws/install/mpc_car_control/lib/mpc_car_control/vehicle_model_node
[10.093s] -- Symlinking: /home/yucheng/mpc_motion_control_projects/mpc_ws/install/mpc_car_control/share/mpc_car_control/launch/__pycache__/mpc_system.launch.cpython-38.pyc
[10.097s] -- Up-to-date symlink: /home/yucheng/mpc_motion_control_projects/mpc_ws/install/mpc_car_control/share/mpc_car_control/launch/default.rviz
[10.097s] -- Up-to-date symlink: /home/yucheng/mpc_motion_control_projects/mpc_ws/install/mpc_car_control/share/mpc_car_control/launch/mpc_system.launch.py
[10.097s] -- Up-to-date symlink: /home/yucheng/mpc_motion_control_projects/mpc_ws/install/mpc_car_control/share/ament_index/resource_index/package_run_dependencies/mpc_car_control
[10.097s] -- Up-to-date symlink: /home/yucheng/mpc_motion_control_projects/mpc_ws/install/mpc_car_control/share/ament_index/resource_index/parent_prefix_path/mpc_car_control
[10.097s] -- Up-to-date symlink: /home/yucheng/mpc_motion_control_projects/mpc_ws/install/mpc_car_control/share/mpc_car_control/environment/ament_prefix_path.sh
[10.097s] -- Up-to-date symlink: /home/yucheng/mpc_motion_control_projects/mpc_ws/install/mpc_car_control/share/mpc_car_control/environment/ament_prefix_path.dsv
[10.098s] -- Up-to-date symlink: /home/yucheng/mpc_motion_control_projects/mpc_ws/install/mpc_car_control/share/mpc_car_control/environment/path.sh
[10.098s] -- Up-to-date symlink: /home/yucheng/mpc_motion_control_projects/mpc_ws/install/mpc_car_control/share/mpc_car_control/environment/path.dsv
[10.098s] -- Up-to-date symlink: /home/yucheng/mpc_motion_control_projects/mpc_ws/install/mpc_car_control/share/mpc_car_control/local_setup.bash
[10.098s] -- Up-to-date symlink: /home/yucheng/mpc_motion_control_projects/mpc_ws/install/mpc_car_control/share/mpc_car_control/local_setup.sh
[10.098s] -- Up-to-date symlink: /home/yucheng/mpc_motion_control_projects/mpc_ws/install/mpc_car_control/share/mpc_car_control/local_setup.zsh
[10.099s] -- Up-to-date symlink: /home/yucheng/mpc_motion_control_projects/mpc_ws/install/mpc_car_control/share/mpc_car_control/local_setup.dsv
[10.099s] -- Symlinking: /home/yucheng/mpc_motion_control_projects/mpc_ws/install/mpc_car_control/share/mpc_car_control/package.dsv
[10.103s] -- Up-to-date symlink: /home/yucheng/mpc_motion_control_projects/mpc_ws/install/mpc_car_control/share/ament_index/resource_index/packages/mpc_car_control
[10.103s] -- Up-to-date symlink: /home/yucheng/mpc_motion_control_projects/mpc_ws/install/mpc_car_control/share/mpc_car_control/cmake/rosidl_cmake-extras.cmake
[10.103s] -- Up-to-date symlink: /home/yucheng/mpc_motion_control_projects/mpc_ws/install/mpc_car_control/share/mpc_car_control/cmake/ament_cmake_export_dependencies-extras.cmake
[10.103s] -- Up-to-date symlink: /home/yucheng/mpc_motion_control_projects/mpc_ws/install/mpc_car_control/share/mpc_car_control/cmake/ament_cmake_export_libraries-extras.cmake
[10.103s] -- Up-to-date symlink: /home/yucheng/mpc_motion_control_projects/mpc_ws/install/mpc_car_control/share/mpc_car_control/cmake/ament_cmake_export_targets-extras.cmake
[10.103s] -- Up-to-date symlink: /home/yucheng/mpc_motion_control_projects/mpc_ws/install/mpc_car_control/share/mpc_car_control/cmake/ament_cmake_export_include_directories-extras.cmake
[10.104s] -- Up-to-date symlink: /home/yucheng/mpc_motion_control_projects/mpc_ws/install/mpc_car_control/share/mpc_car_control/cmake/rosidl_cmake_export_typesupport_libraries-extras.cmake
[10.104s] -- Up-to-date symlink: /home/yucheng/mpc_motion_control_projects/mpc_ws/install/mpc_car_control/share/mpc_car_control/cmake/rosidl_cmake_export_typesupport_targets-extras.cmake
[10.104s] -- Up-to-date symlink: /home/yucheng/mpc_motion_control_projects/mpc_ws/install/mpc_car_control/share/mpc_car_control/cmake/mpc_car_controlConfig.cmake
[10.104s] -- Up-to-date symlink: /home/yucheng/mpc_motion_control_projects/mpc_ws/install/mpc_car_control/share/mpc_car_control/cmake/mpc_car_controlConfig-version.cmake
[10.104s] -- Up-to-date symlink: /home/yucheng/mpc_motion_control_projects/mpc_ws/install/mpc_car_control/share/mpc_car_control/package.xml
[10.105s] -- Up-to-date: /home/yucheng/mpc_motion_control_projects/mpc_ws/install/mpc_car_control/lib/libmpc_car_control__rosidl_generator_c.so
[10.105s] -- Up-to-date: /home/yucheng/mpc_motion_control_projects/mpc_ws/install/mpc_car_control/lib/libmpc_car_control__rosidl_typesupport_introspection_c.so
[10.105s] -- Up-to-date: /home/yucheng/mpc_motion_control_projects/mpc_ws/install/mpc_car_control/lib/libmpc_car_control__rosidl_typesupport_c.so
[10.106s] -- Up-to-date: /home/yucheng/mpc_motion_control_projects/mpc_ws/install/mpc_car_control/lib/libmpc_car_control__rosidl_typesupport_introspection_cpp.so
[10.106s] -- Up-to-date: /home/yucheng/mpc_motion_control_projects/mpc_ws/install/mpc_car_control/lib/libmpc_car_control__rosidl_typesupport_cpp.so
[10.137s] -- Up-to-date: /home/yucheng/mpc_motion_control_projects/mpc_ws/install/mpc_car_control/share/mpc_car_control/cmake/mpc_car_control__rosidl_generator_cExport.cmake
[10.137s] -- Up-to-date: /home/yucheng/mpc_motion_control_projects/mpc_ws/install/mpc_car_control/share/mpc_car_control/cmake/mpc_car_control__rosidl_generator_cExport-noconfig.cmake
[10.138s] -- Up-to-date: /home/yucheng/mpc_motion_control_projects/mpc_ws/install/mpc_car_control/share/mpc_car_control/cmake/mpc_car_control__rosidl_typesupport_introspection_cExport.cmake
[10.138s] -- Up-to-date: /home/yucheng/mpc_motion_control_projects/mpc_ws/install/mpc_car_control/share/mpc_car_control/cmake/mpc_car_control__rosidl_typesupport_introspection_cExport-noconfig.cmake
[10.138s] -- Up-to-date: /home/yucheng/mpc_motion_control_projects/mpc_ws/install/mpc_car_control/share/mpc_car_control/cmake/mpc_car_control__rosidl_typesupport_cExport.cmake
[10.138s] -- Up-to-date: /home/yucheng/mpc_motion_control_projects/mpc_ws/install/mpc_car_control/share/mpc_car_control/cmake/mpc_car_control__rosidl_typesupport_cExport-noconfig.cmake
[10.138s] -- Up-to-date: /home/yucheng/mpc_motion_control_projects/mpc_ws/install/mpc_car_control/share/mpc_car_control/cmake/mpc_car_control__rosidl_generator_cppExport.cmake
[10.138s] -- Up-to-date: /home/yucheng/mpc_motion_control_projects/mpc_ws/install/mpc_car_control/share/mpc_car_control/cmake/mpc_car_control__rosidl_typesupport_introspection_cppExport.cmake
[10.138s] -- Up-to-date: /home/yucheng/mpc_motion_control_projects/mpc_ws/install/mpc_car_control/share/mpc_car_control/cmake/mpc_car_control__rosidl_typesupport_introspection_cppExport-noconfig.cmake
[10.139s] -- Up-to-date: /home/yucheng/mpc_motion_control_projects/mpc_ws/install/mpc_car_control/share/mpc_car_control/cmake/mpc_car_control__rosidl_typesupport_cppExport.cmake
[10.139s] -- Up-to-date: /home/yucheng/mpc_motion_control_projects/mpc_ws/install/mpc_car_control/share/mpc_car_control/cmake/mpc_car_control__rosidl_typesupport_cppExport-noconfig.cmake
[10.142s] Invoked command in '/home/yucheng/mpc_motion_control_projects/mpc_ws/build/mpc_car_control' returned '0': CMAKE_PREFIX_PATH=${CMAKE_PREFIX_PATH}:/opt/ros/foxy /usr/local/bin/cmake --install /home/yucheng/mpc_motion_control_projects/mpc_ws/build/mpc_car_control
