-- Found ament_cmake: 2.5.4 (/opt/ros/jazzy/share/ament_cmake/cmake)
-- Found Python3: /usr/bin/python3 (found version "3.12.3") found components: Interpreter 
-- Override CMake install command with custom implementation using symlinks instead of copying resources
-- Found rclcpp: 28.1.12 (/opt/ros/jazzy/share/rclcpp/cmake)
-- Found rosidl_generator_c: 4.6.6 (/opt/ros/jazzy/share/rosidl_generator_c/cmake)
-- Found rosidl_generator_cpp: 4.6.6 (/opt/ros/jazzy/share/rosidl_generator_cpp/cmake)
-- Using all available rosidl_typesupport_c: rosidl_typesupport_fastrtps_c;rosidl_typesupport_introspection_c
-- Using all available rosidl_typesupport_cpp: rosidl_typesupport_fastrtps_cpp;rosidl_typesupport_introspection_cpp
-- Found rmw_implementation_cmake: 7.3.2 (/opt/ros/jazzy/share/rmw_implementation_cmake/cmake)
-- Found rmw_fastrtps_cpp: 8.4.3 (/opt/ros/jazzy/share/rmw_fastrtps_cpp/cmake)
-- Using RMW implementation 'rmw_fastrtps_cpp' as default
-- Found std_msgs: 5.3.6 (/opt/ros/jazzy/share/std_msgs/cmake)
-- Found visualization_msgs: 5.3.6 (/opt/ros/jazzy/share/visualization_msgs/cmake)
-- Found tf2: 0.36.14 (/opt/ros/jazzy/share/tf2/cmake)
-- Found tf2_ros: 0.36.14 (/opt/ros/jazzy/share/tf2_ros/cmake)
-- Found tf2_geometry_msgs: 0.36.14 (/opt/ros/jazzy/share/tf2_geometry_msgs/cmake)
-- Found eigen3_cmake_module: 0.3.0 (/opt/ros/jazzy/share/eigen3_cmake_module/cmake)
-- Ensuring Eigen3 include directory is part of orocos-kdl CMake target
-- Found ament_lint_auto: 0.17.3 (/opt/ros/jazzy/share/ament_lint_auto/cmake)
-- Found rosidl_default_generators: 1.6.0 (/opt/ros/jazzy/share/rosidl_default_generators/cmake)
-- Found rosidl_adapter: 4.6.6 (/opt/ros/jazzy/share/rosidl_adapter/cmake)
-- Found ament_cmake_ros: 0.12.0 (/opt/ros/jazzy/share/ament_cmake_ros/cmake)
-- Using all available rosidl_typesupport_c: rosidl_typesupport_fastrtps_c;rosidl_typesupport_introspection_c
-- Using all available rosidl_typesupport_cpp: rosidl_typesupport_fastrtps_cpp;rosidl_typesupport_introspection_cpp
-- Found python_cmake_module: 0.11.1 (/opt/ros/jazzy/share/python_cmake_module/cmake)
-- Found Python3: /usr/bin/python3 (found version "3.12.3") found components: Interpreter Development NumPy Development.Module Development.Embed 
-- Added test 'copyright' to check source files copyright and LICENSE
-- Added test 'cppcheck' to perform static code analysis on C / C++ code
-- Configured cppcheck include dirs: 
-- Configured cppcheck exclude dirs and/or files: 
-- Added test 'cpplint' to check C / C++ code against the Google style
-- Configured cpplint exclude dirs and/or files: 
-- Added test 'flake8' to check Python code syntax and style conventions
-- Configured 'flake8' exclude dirs and/or files: 
-- Added test 'lint_cmake' to check CMake code style
-- Added test 'pep257' to check Python code against some of the docstring style conventions in PEP 257
-- Added test 'uncrustify' to check C / C++ code style
-- Configured uncrustify additional arguments: 
-- Added test 'xmllint' to check XML markup files
-- Configuring done (0.9s)
-- Generating done (0.0s)
-- Build files have been written to: /home/yucheng/mpc_motion_control_projects/mpc_ws/build/mpc_car_control
[  1%] Built target mpc_car_control__rosidl_generator_type_description
[  1%] Built target ament_cmake_python_symlink_mpc_car_control
[  2%] Built target mpc_car_control__cpp
[ 21%] Built target mpc_car_control__rosidl_generator_c
[ 37%] Built target mpc_car_control__rosidl_typesupport_introspection_c
[ 37%] Built target mpc_car_control__rosidl_typesupport_c
[ 53%] Built target mpc_car_control__rosidl_typesupport_cpp
[ 53%] Built target mpc_car_control__rosidl_typesupport_introspection_cpp
[ 61%] Built target mpc_car_control__rosidl_typesupport_fastrtps_cpp
[ 69%] Built target mpc_car_control__rosidl_typesupport_fastrtps_c
[ 82%] Built target pid_controller_node
[ 82%] Built target vehicle_interface_node
[ 82%] Built target control_allocator_node
[ 82%] Built target scenario_generator_node
[ 82%] [32mBuilding CXX object CMakeFiles/vehicle_model_node.dir/src/vehicle_model_node.cpp.o[0m
[ 82%] [32mBuilding CXX object CMakeFiles/mpc_controller_node.dir/src/mpc_controller_node.cpp.o[0m
[ 82%] Built target visualization_node
[ 82%] Built target mpc_car_control
[ 84%] Built target mpc_car_control__py
[ 90%] Built target mpc_car_control__rosidl_generator_py
[ 97%] Built target mpc_car_control_s__rosidl_typesupport_fastrtps_c
[ 97%] Built target mpc_car_control_s__rosidl_typesupport_c
[ 97%] Built target mpc_car_control_s__rosidl_typesupport_introspection_c
running egg_info
writing mpc_car_control.egg-info/PKG-INFO
writing dependency_links to mpc_car_control.egg-info/dependency_links.txt
writing top-level names to mpc_car_control.egg-info/top_level.txt
reading manifest file 'mpc_car_control.egg-info/SOURCES.txt'
writing manifest file 'mpc_car_control.egg-info/SOURCES.txt'
[ 97%] Built target ament_cmake_python_build_mpc_car_control_egg
[ 98%] [32m[1mLinking CXX executable vehicle_model_node[0m
[ 98%] Built target vehicle_model_node
[100%] [32m[1mLinking CXX executable mpc_controller_node[0m
[100%] Built target mpc_controller_node
-- Install configuration: ""
-- Execute custom install script
-- Up-to-date symlink: /home/yucheng/mpc_motion_control_projects/mpc_ws/install/mpc_car_control/share/ament_index/resource_index/rosidl_interfaces/mpc_car_control
-- Up-to-date symlink: /home/yucheng/mpc_motion_control_projects/mpc_ws/install/mpc_car_control/share/mpc_car_control/msg/VehicleState.json
-- Up-to-date symlink: /home/yucheng/mpc_motion_control_projects/mpc_ws/install/mpc_car_control/share/mpc_car_control/msg/ReferenceTrajectory.json
-- Up-to-date symlink: /home/yucheng/mpc_motion_control_projects/mpc_ws/install/mpc_car_control/share/mpc_car_control/msg/ControlCommandBody.json
-- Up-to-date symlink: /home/yucheng/mpc_motion_control_projects/mpc_ws/install/mpc_car_control/share/mpc_car_control/msg/ActuatorCommand.json
-- Up-to-date symlink: /home/yucheng/mpc_motion_control_projects/mpc_ws/install/mpc_car_control/share/mpc_car_control/msg/WheelGroundHeights.json
-- Up-to-date symlink: /home/yucheng/mpc_motion_control_projects/mpc_ws/install/mpc_car_control/include/mpc_car_control/mpc_car_control/msg/actuator_command.h
-- Up-to-date symlink: /home/yucheng/mpc_motion_control_projects/mpc_ws/install/mpc_car_control/include/mpc_car_control/mpc_car_control/msg/control_command_body.h
-- Up-to-date symlink: /home/yucheng/mpc_motion_control_projects/mpc_ws/install/mpc_car_control/include/mpc_car_control/mpc_car_control/msg/detail/actuator_command__functions.h
-- Up-to-date symlink: /home/yucheng/mpc_motion_control_projects/mpc_ws/install/mpc_car_control/include/mpc_car_control/mpc_car_control/msg/detail/actuator_command__struct.h
-- Up-to-date symlink: /home/yucheng/mpc_motion_control_projects/mpc_ws/install/mpc_car_control/include/mpc_car_control/mpc_car_control/msg/detail/actuator_command__type_support.h
-- Up-to-date symlink: /home/yucheng/mpc_motion_control_projects/mpc_ws/install/mpc_car_control/include/mpc_car_control/mpc_car_control/msg/detail/control_command_body__functions.h
-- Up-to-date symlink: /home/yucheng/mpc_motion_control_projects/mpc_ws/install/mpc_car_control/include/mpc_car_control/mpc_car_control/msg/detail/control_command_body__struct.h
-- Up-to-date symlink: /home/yucheng/mpc_motion_control_projects/mpc_ws/install/mpc_car_control/include/mpc_car_control/mpc_car_control/msg/detail/control_command_body__type_support.h
-- Up-to-date symlink: /home/yucheng/mpc_motion_control_projects/mpc_ws/install/mpc_car_control/include/mpc_car_control/mpc_car_control/msg/detail/reference_trajectory__functions.h
-- Up-to-date symlink: /home/yucheng/mpc_motion_control_projects/mpc_ws/install/mpc_car_control/include/mpc_car_control/mpc_car_control/msg/detail/reference_trajectory__struct.h
-- Up-to-date symlink: /home/yucheng/mpc_motion_control_projects/mpc_ws/install/mpc_car_control/include/mpc_car_control/mpc_car_control/msg/detail/reference_trajectory__type_support.h
-- Up-to-date symlink: /home/yucheng/mpc_motion_control_projects/mpc_ws/install/mpc_car_control/include/mpc_car_control/mpc_car_control/msg/detail/vehicle_state__functions.h
-- Up-to-date symlink: /home/yucheng/mpc_motion_control_projects/mpc_ws/install/mpc_car_control/include/mpc_car_control/mpc_car_control/msg/detail/vehicle_state__struct.h
-- Up-to-date symlink: /home/yucheng/mpc_motion_control_projects/mpc_ws/install/mpc_car_control/include/mpc_car_control/mpc_car_control/msg/detail/vehicle_state__type_support.h
-- Up-to-date symlink: /home/yucheng/mpc_motion_control_projects/mpc_ws/install/mpc_car_control/include/mpc_car_control/mpc_car_control/msg/detail/wheel_ground_heights__functions.h
-- Up-to-date symlink: /home/yucheng/mpc_motion_control_projects/mpc_ws/install/mpc_car_control/include/mpc_car_control/mpc_car_control/msg/detail/wheel_ground_heights__struct.h
-- Up-to-date symlink: /home/yucheng/mpc_motion_control_projects/mpc_ws/install/mpc_car_control/include/mpc_car_control/mpc_car_control/msg/detail/wheel_ground_heights__type_support.h
-- Up-to-date symlink: /home/yucheng/mpc_motion_control_projects/mpc_ws/install/mpc_car_control/include/mpc_car_control/mpc_car_control/msg/reference_trajectory.h
-- Up-to-date symlink: /home/yucheng/mpc_motion_control_projects/mpc_ws/install/mpc_car_control/include/mpc_car_control/mpc_car_control/msg/rosidl_generator_c__visibility_control.h
-- Up-to-date symlink: /home/yucheng/mpc_motion_control_projects/mpc_ws/install/mpc_car_control/include/mpc_car_control/mpc_car_control/msg/vehicle_state.h
-- Up-to-date symlink: /home/yucheng/mpc_motion_control_projects/mpc_ws/install/mpc_car_control/include/mpc_car_control/mpc_car_control/msg/wheel_ground_heights.h
-- Up-to-date symlink: /home/yucheng/mpc_motion_control_projects/mpc_ws/install/mpc_car_control/share/mpc_car_control/environment/library_path.sh
-- Up-to-date symlink: /home/yucheng/mpc_motion_control_projects/mpc_ws/install/mpc_car_control/share/mpc_car_control/environment/library_path.dsv
-- Up-to-date symlink: /home/yucheng/mpc_motion_control_projects/mpc_ws/install/mpc_car_control/include/mpc_car_control/mpc_car_control/msg/detail/actuator_command__rosidl_typesupport_fastrtps_c.h
-- Up-to-date symlink: /home/yucheng/mpc_motion_control_projects/mpc_ws/install/mpc_car_control/include/mpc_car_control/mpc_car_control/msg/detail/control_command_body__rosidl_typesupport_fastrtps_c.h
-- Up-to-date symlink: /home/yucheng/mpc_motion_control_projects/mpc_ws/install/mpc_car_control/include/mpc_car_control/mpc_car_control/msg/detail/reference_trajectory__rosidl_typesupport_fastrtps_c.h
-- Up-to-date symlink: /home/yucheng/mpc_motion_control_projects/mpc_ws/install/mpc_car_control/include/mpc_car_control/mpc_car_control/msg/detail/vehicle_state__rosidl_typesupport_fastrtps_c.h
-- Up-to-date symlink: /home/yucheng/mpc_motion_control_projects/mpc_ws/install/mpc_car_control/include/mpc_car_control/mpc_car_control/msg/detail/wheel_ground_heights__rosidl_typesupport_fastrtps_c.h
-- Up-to-date symlink: /home/yucheng/mpc_motion_control_projects/mpc_ws/install/mpc_car_control/include/mpc_car_control/mpc_car_control/msg/rosidl_typesupport_fastrtps_c__visibility_control.h
-- Up-to-date symlink: /home/yucheng/mpc_motion_control_projects/mpc_ws/install/mpc_car_control/include/mpc_car_control/mpc_car_control/msg/actuator_command.hpp
-- Up-to-date symlink: /home/yucheng/mpc_motion_control_projects/mpc_ws/install/mpc_car_control/include/mpc_car_control/mpc_car_control/msg/control_command_body.hpp
-- Up-to-date symlink: /home/yucheng/mpc_motion_control_projects/mpc_ws/install/mpc_car_control/include/mpc_car_control/mpc_car_control/msg/detail/actuator_command__builder.hpp
-- Up-to-date symlink: /home/yucheng/mpc_motion_control_projects/mpc_ws/install/mpc_car_control/include/mpc_car_control/mpc_car_control/msg/detail/actuator_command__struct.hpp
-- Up-to-date symlink: /home/yucheng/mpc_motion_control_projects/mpc_ws/install/mpc_car_control/include/mpc_car_control/mpc_car_control/msg/detail/actuator_command__traits.hpp
-- Up-to-date symlink: /home/yucheng/mpc_motion_control_projects/mpc_ws/install/mpc_car_control/include/mpc_car_control/mpc_car_control/msg/detail/actuator_command__type_support.hpp
-- Up-to-date symlink: /home/yucheng/mpc_motion_control_projects/mpc_ws/install/mpc_car_control/include/mpc_car_control/mpc_car_control/msg/detail/control_command_body__builder.hpp
-- Up-to-date symlink: /home/yucheng/mpc_motion_control_projects/mpc_ws/install/mpc_car_control/include/mpc_car_control/mpc_car_control/msg/detail/control_command_body__struct.hpp
-- Up-to-date symlink: /home/yucheng/mpc_motion_control_projects/mpc_ws/install/mpc_car_control/include/mpc_car_control/mpc_car_control/msg/detail/control_command_body__traits.hpp
-- Up-to-date symlink: /home/yucheng/mpc_motion_control_projects/mpc_ws/install/mpc_car_control/include/mpc_car_control/mpc_car_control/msg/detail/control_command_body__type_support.hpp
-- Up-to-date symlink: /home/yucheng/mpc_motion_control_projects/mpc_ws/install/mpc_car_control/include/mpc_car_control/mpc_car_control/msg/detail/reference_trajectory__builder.hpp
-- Up-to-date symlink: /home/yucheng/mpc_motion_control_projects/mpc_ws/install/mpc_car_control/include/mpc_car_control/mpc_car_control/msg/detail/reference_trajectory__struct.hpp
-- Up-to-date symlink: /home/yucheng/mpc_motion_control_projects/mpc_ws/install/mpc_car_control/include/mpc_car_control/mpc_car_control/msg/detail/reference_trajectory__traits.hpp
-- Up-to-date symlink: /home/yucheng/mpc_motion_control_projects/mpc_ws/install/mpc_car_control/include/mpc_car_control/mpc_car_control/msg/detail/reference_trajectory__type_support.hpp
-- Up-to-date symlink: /home/yucheng/mpc_motion_control_projects/mpc_ws/install/mpc_car_control/include/mpc_car_control/mpc_car_control/msg/detail/vehicle_state__builder.hpp
-- Up-to-date symlink: /home/yucheng/mpc_motion_control_projects/mpc_ws/install/mpc_car_control/include/mpc_car_control/mpc_car_control/msg/detail/vehicle_state__struct.hpp
-- Up-to-date symlink: /home/yucheng/mpc_motion_control_projects/mpc_ws/install/mpc_car_control/include/mpc_car_control/mpc_car_control/msg/detail/vehicle_state__traits.hpp
-- Up-to-date symlink: /home/yucheng/mpc_motion_control_projects/mpc_ws/install/mpc_car_control/include/mpc_car_control/mpc_car_control/msg/detail/vehicle_state__type_support.hpp
-- Up-to-date symlink: /home/yucheng/mpc_motion_control_projects/mpc_ws/install/mpc_car_control/include/mpc_car_control/mpc_car_control/msg/detail/wheel_ground_heights__builder.hpp
-- Up-to-date symlink: /home/yucheng/mpc_motion_control_projects/mpc_ws/install/mpc_car_control/include/mpc_car_control/mpc_car_control/msg/detail/wheel_ground_heights__struct.hpp
-- Up-to-date symlink: /home/yucheng/mpc_motion_control_projects/mpc_ws/install/mpc_car_control/include/mpc_car_control/mpc_car_control/msg/detail/wheel_ground_heights__traits.hpp
-- Up-to-date symlink: /home/yucheng/mpc_motion_control_projects/mpc_ws/install/mpc_car_control/include/mpc_car_control/mpc_car_control/msg/detail/wheel_ground_heights__type_support.hpp
-- Up-to-date symlink: /home/yucheng/mpc_motion_control_projects/mpc_ws/install/mpc_car_control/include/mpc_car_control/mpc_car_control/msg/reference_trajectory.hpp
-- Up-to-date symlink: /home/yucheng/mpc_motion_control_projects/mpc_ws/install/mpc_car_control/include/mpc_car_control/mpc_car_control/msg/rosidl_generator_cpp__visibility_control.hpp
-- Up-to-date symlink: /home/yucheng/mpc_motion_control_projects/mpc_ws/install/mpc_car_control/include/mpc_car_control/mpc_car_control/msg/vehicle_state.hpp
-- Up-to-date symlink: /home/yucheng/mpc_motion_control_projects/mpc_ws/install/mpc_car_control/include/mpc_car_control/mpc_car_control/msg/wheel_ground_heights.hpp
-- Up-to-date symlink: /home/yucheng/mpc_motion_control_projects/mpc_ws/install/mpc_car_control/include/mpc_car_control/mpc_car_control/msg/detail/actuator_command__rosidl_typesupport_fastrtps_cpp.hpp
-- Up-to-date symlink: /home/yucheng/mpc_motion_control_projects/mpc_ws/install/mpc_car_control/include/mpc_car_control/mpc_car_control/msg/detail/control_command_body__rosidl_typesupport_fastrtps_cpp.hpp
-- Up-to-date symlink: /home/yucheng/mpc_motion_control_projects/mpc_ws/install/mpc_car_control/include/mpc_car_control/mpc_car_control/msg/detail/reference_trajectory__rosidl_typesupport_fastrtps_cpp.hpp
-- Up-to-date symlink: /home/yucheng/mpc_motion_control_projects/mpc_ws/install/mpc_car_control/include/mpc_car_control/mpc_car_control/msg/detail/vehicle_state__rosidl_typesupport_fastrtps_cpp.hpp
-- Up-to-date symlink: /home/yucheng/mpc_motion_control_projects/mpc_ws/install/mpc_car_control/include/mpc_car_control/mpc_car_control/msg/detail/wheel_ground_heights__rosidl_typesupport_fastrtps_cpp.hpp
-- Up-to-date symlink: /home/yucheng/mpc_motion_control_projects/mpc_ws/install/mpc_car_control/include/mpc_car_control/mpc_car_control/msg/rosidl_typesupport_fastrtps_cpp__visibility_control.h
-- Up-to-date symlink: /home/yucheng/mpc_motion_control_projects/mpc_ws/install/mpc_car_control/include/mpc_car_control/mpc_car_control/msg/detail/actuator_command__rosidl_typesupport_introspection_c.h
-- Up-to-date symlink: /home/yucheng/mpc_motion_control_projects/mpc_ws/install/mpc_car_control/include/mpc_car_control/mpc_car_control/msg/detail/control_command_body__rosidl_typesupport_introspection_c.h
-- Up-to-date symlink: /home/yucheng/mpc_motion_control_projects/mpc_ws/install/mpc_car_control/include/mpc_car_control/mpc_car_control/msg/detail/reference_trajectory__rosidl_typesupport_introspection_c.h
-- Up-to-date symlink: /home/yucheng/mpc_motion_control_projects/mpc_ws/install/mpc_car_control/include/mpc_car_control/mpc_car_control/msg/detail/vehicle_state__rosidl_typesupport_introspection_c.h
-- Up-to-date symlink: /home/yucheng/mpc_motion_control_projects/mpc_ws/install/mpc_car_control/include/mpc_car_control/mpc_car_control/msg/detail/wheel_ground_heights__rosidl_typesupport_introspection_c.h
-- Up-to-date symlink: /home/yucheng/mpc_motion_control_projects/mpc_ws/install/mpc_car_control/include/mpc_car_control/mpc_car_control/msg/rosidl_typesupport_introspection_c__visibility_control.h
-- Up-to-date symlink: /home/yucheng/mpc_motion_control_projects/mpc_ws/install/mpc_car_control/include/mpc_car_control/mpc_car_control/msg/detail/actuator_command__rosidl_typesupport_introspection_cpp.hpp
-- Up-to-date symlink: /home/yucheng/mpc_motion_control_projects/mpc_ws/install/mpc_car_control/include/mpc_car_control/mpc_car_control/msg/detail/control_command_body__rosidl_typesupport_introspection_cpp.hpp
-- Up-to-date symlink: /home/yucheng/mpc_motion_control_projects/mpc_ws/install/mpc_car_control/include/mpc_car_control/mpc_car_control/msg/detail/reference_trajectory__rosidl_typesupport_introspection_cpp.hpp
-- Up-to-date symlink: /home/yucheng/mpc_motion_control_projects/mpc_ws/install/mpc_car_control/include/mpc_car_control/mpc_car_control/msg/detail/vehicle_state__rosidl_typesupport_introspection_cpp.hpp
-- Up-to-date symlink: /home/yucheng/mpc_motion_control_projects/mpc_ws/install/mpc_car_control/include/mpc_car_control/mpc_car_control/msg/detail/wheel_ground_heights__rosidl_typesupport_introspection_cpp.hpp
-- Up-to-date symlink: /home/yucheng/mpc_motion_control_projects/mpc_ws/install/mpc_car_control/share/mpc_car_control/environment/pythonpath.sh
-- Up-to-date symlink: /home/yucheng/mpc_motion_control_projects/mpc_ws/install/mpc_car_control/share/mpc_car_control/environment/pythonpath.dsv
-- Up-to-date symlink: /home/yucheng/mpc_motion_control_projects/mpc_ws/install/mpc_car_control/lib/python3.12/site-packages/mpc_car_control-0.0.0-py3.12.egg-info/PKG-INFO
-- Up-to-date symlink: /home/yucheng/mpc_motion_control_projects/mpc_ws/install/mpc_car_control/lib/python3.12/site-packages/mpc_car_control-0.0.0-py3.12.egg-info/SOURCES.txt
-- Up-to-date symlink: /home/yucheng/mpc_motion_control_projects/mpc_ws/install/mpc_car_control/lib/python3.12/site-packages/mpc_car_control-0.0.0-py3.12.egg-info/dependency_links.txt
-- Up-to-date symlink: /home/yucheng/mpc_motion_control_projects/mpc_ws/install/mpc_car_control/lib/python3.12/site-packages/mpc_car_control-0.0.0-py3.12.egg-info/top_level.txt
-- Up-to-date symlink: /home/yucheng/mpc_motion_control_projects/mpc_ws/install/mpc_car_control/lib/python3.12/site-packages/mpc_car_control/__init__.py
-- Up-to-date symlink: /home/yucheng/mpc_motion_control_projects/mpc_ws/install/mpc_car_control/lib/python3.12/site-packages/mpc_car_control/_mpc_car_control_s.ep.rosidl_typesupport_c.c
-- Up-to-date symlink: /home/yucheng/mpc_motion_control_projects/mpc_ws/install/mpc_car_control/lib/python3.12/site-packages/mpc_car_control/_mpc_car_control_s.ep.rosidl_typesupport_fastrtps_c.c
-- Up-to-date symlink: /home/yucheng/mpc_motion_control_projects/mpc_ws/install/mpc_car_control/lib/python3.12/site-packages/mpc_car_control/_mpc_car_control_s.ep.rosidl_typesupport_introspection_c.c
-- Up-to-date symlink: /home/yucheng/mpc_motion_control_projects/mpc_ws/install/mpc_car_control/lib/python3.12/site-packages/mpc_car_control/mpc_car_control_s__rosidl_typesupport_c.so
-- Up-to-date symlink: /home/yucheng/mpc_motion_control_projects/mpc_ws/install/mpc_car_control/lib/python3.12/site-packages/mpc_car_control/mpc_car_control_s__rosidl_typesupport_fastrtps_c.so
-- Up-to-date symlink: /home/yucheng/mpc_motion_control_projects/mpc_ws/install/mpc_car_control/lib/python3.12/site-packages/mpc_car_control/mpc_car_control_s__rosidl_typesupport_introspection_c.so
-- Up-to-date symlink: /home/yucheng/mpc_motion_control_projects/mpc_ws/install/mpc_car_control/lib/python3.12/site-packages/mpc_car_control/msg/__init__.py
-- Up-to-date symlink: /home/yucheng/mpc_motion_control_projects/mpc_ws/install/mpc_car_control/lib/python3.12/site-packages/mpc_car_control/msg/_actuator_command.py
-- Up-to-date symlink: /home/yucheng/mpc_motion_control_projects/mpc_ws/install/mpc_car_control/lib/python3.12/site-packages/mpc_car_control/msg/_actuator_command_s.c
-- Up-to-date symlink: /home/yucheng/mpc_motion_control_projects/mpc_ws/install/mpc_car_control/lib/python3.12/site-packages/mpc_car_control/msg/_control_command_body.py
-- Up-to-date symlink: /home/yucheng/mpc_motion_control_projects/mpc_ws/install/mpc_car_control/lib/python3.12/site-packages/mpc_car_control/msg/_control_command_body_s.c
-- Up-to-date symlink: /home/yucheng/mpc_motion_control_projects/mpc_ws/install/mpc_car_control/lib/python3.12/site-packages/mpc_car_control/msg/_reference_trajectory.py
-- Up-to-date symlink: /home/yucheng/mpc_motion_control_projects/mpc_ws/install/mpc_car_control/lib/python3.12/site-packages/mpc_car_control/msg/_reference_trajectory_s.c
-- Up-to-date symlink: /home/yucheng/mpc_motion_control_projects/mpc_ws/install/mpc_car_control/lib/python3.12/site-packages/mpc_car_control/msg/_vehicle_state.py
-- Up-to-date symlink: /home/yucheng/mpc_motion_control_projects/mpc_ws/install/mpc_car_control/lib/python3.12/site-packages/mpc_car_control/msg/_vehicle_state_s.c
-- Up-to-date symlink: /home/yucheng/mpc_motion_control_projects/mpc_ws/install/mpc_car_control/lib/python3.12/site-packages/mpc_car_control/msg/_wheel_ground_heights.py
-- Up-to-date symlink: /home/yucheng/mpc_motion_control_projects/mpc_ws/install/mpc_car_control/lib/python3.12/site-packages/mpc_car_control/msg/_wheel_ground_heights_s.c
-- Up-to-date symlink: /home/yucheng/mpc_motion_control_projects/mpc_ws/install/mpc_car_control/lib/python3.12/site-packages/mpc_car_control/mpc_car_control_s__rosidl_typesupport_fastrtps_c.so
-- Up-to-date symlink: /home/yucheng/mpc_motion_control_projects/mpc_ws/install/mpc_car_control/lib/python3.12/site-packages/mpc_car_control/mpc_car_control_s__rosidl_typesupport_introspection_c.so
-- Up-to-date symlink: /home/yucheng/mpc_motion_control_projects/mpc_ws/install/mpc_car_control/lib/python3.12/site-packages/mpc_car_control/mpc_car_control_s__rosidl_typesupport_c.so
-- Up-to-date symlink: /home/yucheng/mpc_motion_control_projects/mpc_ws/install/mpc_car_control/share/mpc_car_control/msg/VehicleState.idl
-- Up-to-date symlink: /home/yucheng/mpc_motion_control_projects/mpc_ws/install/mpc_car_control/share/mpc_car_control/msg/ReferenceTrajectory.idl
-- Up-to-date symlink: /home/yucheng/mpc_motion_control_projects/mpc_ws/install/mpc_car_control/share/mpc_car_control/msg/ControlCommandBody.idl
-- Up-to-date symlink: /home/yucheng/mpc_motion_control_projects/mpc_ws/install/mpc_car_control/share/mpc_car_control/msg/ActuatorCommand.idl
-- Up-to-date symlink: /home/yucheng/mpc_motion_control_projects/mpc_ws/install/mpc_car_control/share/mpc_car_control/msg/WheelGroundHeights.idl
-- Up-to-date symlink: /home/yucheng/mpc_motion_control_projects/mpc_ws/install/mpc_car_control/share/mpc_car_control/msg/VehicleState.msg
-- Up-to-date symlink: /home/yucheng/mpc_motion_control_projects/mpc_ws/install/mpc_car_control/share/mpc_car_control/msg/ReferenceTrajectory.msg
-- Up-to-date symlink: /home/yucheng/mpc_motion_control_projects/mpc_ws/install/mpc_car_control/share/mpc_car_control/msg/ControlCommandBody.msg
-- Up-to-date symlink: /home/yucheng/mpc_motion_control_projects/mpc_ws/install/mpc_car_control/share/mpc_car_control/msg/ActuatorCommand.msg
-- Up-to-date symlink: /home/yucheng/mpc_motion_control_projects/mpc_ws/install/mpc_car_control/share/mpc_car_control/msg/WheelGroundHeights.msg
-- Up-to-date symlink: /home/yucheng/mpc_motion_control_projects/mpc_ws/install/mpc_car_control/lib/mpc_car_control/scenario_generator_node
-- Up-to-date symlink: /home/yucheng/mpc_motion_control_projects/mpc_ws/install/mpc_car_control/lib/mpc_car_control/mpc_controller_node
-- Up-to-date symlink: /home/yucheng/mpc_motion_control_projects/mpc_ws/install/mpc_car_control/lib/mpc_car_control/control_allocator_node
-- Up-to-date symlink: /home/yucheng/mpc_motion_control_projects/mpc_ws/install/mpc_car_control/lib/mpc_car_control/pid_controller_node
-- Up-to-date symlink: /home/yucheng/mpc_motion_control_projects/mpc_ws/install/mpc_car_control/lib/mpc_car_control/vehicle_interface_node
-- Up-to-date symlink: /home/yucheng/mpc_motion_control_projects/mpc_ws/install/mpc_car_control/lib/mpc_car_control/visualization_node
-- Up-to-date symlink: /home/yucheng/mpc_motion_control_projects/mpc_ws/install/mpc_car_control/lib/mpc_car_control/vehicle_model_node
-- Symlinking: /home/yucheng/mpc_motion_control_projects/mpc_ws/install/mpc_car_control/share/mpc_car_control/launch/__pycache__/mpc_system.launch.cpython-312.pyc
-- Up-to-date symlink: /home/yucheng/mpc_motion_control_projects/mpc_ws/install/mpc_car_control/share/mpc_car_control/launch/__pycache__/mpc_system.launch.cpython-38.pyc
-- Up-to-date symlink: /home/yucheng/mpc_motion_control_projects/mpc_ws/install/mpc_car_control/share/mpc_car_control/launch/default.rviz
-- Up-to-date symlink: /home/yucheng/mpc_motion_control_projects/mpc_ws/install/mpc_car_control/share/mpc_car_control/launch/mpc_system.launch.py
-- Up-to-date symlink: /home/yucheng/mpc_motion_control_projects/mpc_ws/install/mpc_car_control/share/ament_index/resource_index/package_run_dependencies/mpc_car_control
-- Up-to-date symlink: /home/yucheng/mpc_motion_control_projects/mpc_ws/install/mpc_car_control/share/ament_index/resource_index/parent_prefix_path/mpc_car_control
-- Up-to-date symlink: /home/yucheng/mpc_motion_control_projects/mpc_ws/install/mpc_car_control/share/mpc_car_control/environment/ament_prefix_path.sh
-- Up-to-date symlink: /home/yucheng/mpc_motion_control_projects/mpc_ws/install/mpc_car_control/share/mpc_car_control/environment/ament_prefix_path.dsv
-- Up-to-date symlink: /home/yucheng/mpc_motion_control_projects/mpc_ws/install/mpc_car_control/share/mpc_car_control/environment/path.sh
-- Up-to-date symlink: /home/yucheng/mpc_motion_control_projects/mpc_ws/install/mpc_car_control/share/mpc_car_control/environment/path.dsv
-- Up-to-date symlink: /home/yucheng/mpc_motion_control_projects/mpc_ws/install/mpc_car_control/share/mpc_car_control/local_setup.bash
-- Up-to-date symlink: /home/yucheng/mpc_motion_control_projects/mpc_ws/install/mpc_car_control/share/mpc_car_control/local_setup.sh
-- Up-to-date symlink: /home/yucheng/mpc_motion_control_projects/mpc_ws/install/mpc_car_control/share/mpc_car_control/local_setup.zsh
-- Up-to-date symlink: /home/yucheng/mpc_motion_control_projects/mpc_ws/install/mpc_car_control/share/mpc_car_control/local_setup.dsv
-- Symlinking: /home/yucheng/mpc_motion_control_projects/mpc_ws/install/mpc_car_control/share/mpc_car_control/package.dsv
-- Up-to-date symlink: /home/yucheng/mpc_motion_control_projects/mpc_ws/install/mpc_car_control/share/ament_index/resource_index/packages/mpc_car_control
-- Up-to-date symlink: /home/yucheng/mpc_motion_control_projects/mpc_ws/install/mpc_car_control/share/mpc_car_control/cmake/rosidl_cmake-extras.cmake
-- Up-to-date symlink: /home/yucheng/mpc_motion_control_projects/mpc_ws/install/mpc_car_control/share/mpc_car_control/cmake/ament_cmake_export_dependencies-extras.cmake
-- Up-to-date symlink: /home/yucheng/mpc_motion_control_projects/mpc_ws/install/mpc_car_control/share/mpc_car_control/cmake/ament_cmake_export_include_directories-extras.cmake
-- Up-to-date symlink: /home/yucheng/mpc_motion_control_projects/mpc_ws/install/mpc_car_control/share/mpc_car_control/cmake/ament_cmake_export_libraries-extras.cmake
-- Up-to-date symlink: /home/yucheng/mpc_motion_control_projects/mpc_ws/install/mpc_car_control/share/mpc_car_control/cmake/ament_cmake_export_targets-extras.cmake
-- Up-to-date symlink: /home/yucheng/mpc_motion_control_projects/mpc_ws/install/mpc_car_control/share/mpc_car_control/cmake/rosidl_cmake_export_typesupport_targets-extras.cmake
-- Up-to-date symlink: /home/yucheng/mpc_motion_control_projects/mpc_ws/install/mpc_car_control/share/mpc_car_control/cmake/rosidl_cmake_export_typesupport_libraries-extras.cmake
-- Up-to-date symlink: /home/yucheng/mpc_motion_control_projects/mpc_ws/install/mpc_car_control/share/mpc_car_control/cmake/mpc_car_controlConfig.cmake
-- Up-to-date symlink: /home/yucheng/mpc_motion_control_projects/mpc_ws/install/mpc_car_control/share/mpc_car_control/cmake/mpc_car_controlConfig-version.cmake
-- Up-to-date symlink: /home/yucheng/mpc_motion_control_projects/mpc_ws/install/mpc_car_control/share/mpc_car_control/package.xml
-- Up-to-date: /home/yucheng/mpc_motion_control_projects/mpc_ws/install/mpc_car_control/lib/libmpc_car_control__rosidl_generator_c.so
-- Up-to-date: /home/yucheng/mpc_motion_control_projects/mpc_ws/install/mpc_car_control/lib/libmpc_car_control__rosidl_typesupport_fastrtps_c.so
-- Up-to-date: /home/yucheng/mpc_motion_control_projects/mpc_ws/install/mpc_car_control/lib/libmpc_car_control__rosidl_typesupport_fastrtps_cpp.so
-- Up-to-date: /home/yucheng/mpc_motion_control_projects/mpc_ws/install/mpc_car_control/lib/libmpc_car_control__rosidl_typesupport_introspection_c.so
-- Up-to-date: /home/yucheng/mpc_motion_control_projects/mpc_ws/install/mpc_car_control/lib/libmpc_car_control__rosidl_typesupport_c.so
-- Up-to-date: /home/yucheng/mpc_motion_control_projects/mpc_ws/install/mpc_car_control/lib/libmpc_car_control__rosidl_typesupport_introspection_cpp.so
-- Up-to-date: /home/yucheng/mpc_motion_control_projects/mpc_ws/install/mpc_car_control/lib/libmpc_car_control__rosidl_typesupport_cpp.so
Listing '/home/yucheng/mpc_motion_control_projects/mpc_ws/install/mpc_car_control/lib/python3.12/site-packages/mpc_car_control'...
Compiling '/home/yucheng/mpc_motion_control_projects/mpc_ws/install/mpc_car_control/lib/python3.12/site-packages/mpc_car_control/__init__.py'...
Listing '/home/yucheng/mpc_motion_control_projects/mpc_ws/install/mpc_car_control/lib/python3.12/site-packages/mpc_car_control/msg'...
-- Up-to-date: /home/yucheng/mpc_motion_control_projects/mpc_ws/install/mpc_car_control/lib/libmpc_car_control__rosidl_generator_py.so
-- Up-to-date: /home/yucheng/mpc_motion_control_projects/mpc_ws/install/mpc_car_control/share/mpc_car_control/cmake/export_mpc_car_control__rosidl_generator_cExport.cmake
-- Up-to-date: /home/yucheng/mpc_motion_control_projects/mpc_ws/install/mpc_car_control/share/mpc_car_control/cmake/export_mpc_car_control__rosidl_generator_cExport-noconfig.cmake
-- Up-to-date: /home/yucheng/mpc_motion_control_projects/mpc_ws/install/mpc_car_control/share/mpc_car_control/cmake/export_mpc_car_control__rosidl_typesupport_fastrtps_cExport.cmake
-- Up-to-date: /home/yucheng/mpc_motion_control_projects/mpc_ws/install/mpc_car_control/share/mpc_car_control/cmake/export_mpc_car_control__rosidl_typesupport_fastrtps_cExport-noconfig.cmake
-- Up-to-date: /home/yucheng/mpc_motion_control_projects/mpc_ws/install/mpc_car_control/share/mpc_car_control/cmake/export_mpc_car_control__rosidl_generator_cppExport.cmake
-- Up-to-date: /home/yucheng/mpc_motion_control_projects/mpc_ws/install/mpc_car_control/share/mpc_car_control/cmake/export_mpc_car_control__rosidl_typesupport_fastrtps_cppExport.cmake
-- Up-to-date: /home/yucheng/mpc_motion_control_projects/mpc_ws/install/mpc_car_control/share/mpc_car_control/cmake/export_mpc_car_control__rosidl_typesupport_fastrtps_cppExport-noconfig.cmake
-- Up-to-date: /home/yucheng/mpc_motion_control_projects/mpc_ws/install/mpc_car_control/share/mpc_car_control/cmake/mpc_car_control__rosidl_typesupport_introspection_cExport.cmake
-- Up-to-date: /home/yucheng/mpc_motion_control_projects/mpc_ws/install/mpc_car_control/share/mpc_car_control/cmake/mpc_car_control__rosidl_typesupport_introspection_cExport-noconfig.cmake
-- Up-to-date: /home/yucheng/mpc_motion_control_projects/mpc_ws/install/mpc_car_control/share/mpc_car_control/cmake/mpc_car_control__rosidl_typesupport_cExport.cmake
-- Up-to-date: /home/yucheng/mpc_motion_control_projects/mpc_ws/install/mpc_car_control/share/mpc_car_control/cmake/mpc_car_control__rosidl_typesupport_cExport-noconfig.cmake
-- Up-to-date: /home/yucheng/mpc_motion_control_projects/mpc_ws/install/mpc_car_control/share/mpc_car_control/cmake/mpc_car_control__rosidl_typesupport_introspection_cppExport.cmake
-- Up-to-date: /home/yucheng/mpc_motion_control_projects/mpc_ws/install/mpc_car_control/share/mpc_car_control/cmake/mpc_car_control__rosidl_typesupport_introspection_cppExport-noconfig.cmake
-- Up-to-date: /home/yucheng/mpc_motion_control_projects/mpc_ws/install/mpc_car_control/share/mpc_car_control/cmake/mpc_car_control__rosidl_typesupport_cppExport.cmake
-- Up-to-date: /home/yucheng/mpc_motion_control_projects/mpc_ws/install/mpc_car_control/share/mpc_car_control/cmake/mpc_car_control__rosidl_typesupport_cppExport-noconfig.cmake
-- Up-to-date: /home/yucheng/mpc_motion_control_projects/mpc_ws/install/mpc_car_control/share/mpc_car_control/cmake/export_mpc_car_control__rosidl_generator_pyExport.cmake
-- Up-to-date: /home/yucheng/mpc_motion_control_projects/mpc_ws/install/mpc_car_control/share/mpc_car_control/cmake/export_mpc_car_control__rosidl_generator_pyExport-noconfig.cmake
