[0.027s] Invoking command in '/home/yucheng/mpc_motion_control_projects/mpc_ws/build/mpc_car_control': CMAKE_PREFIX_PATH=${CMAKE_PREFIX_PATH}:/opt/ros/foxy /usr/local/bin/cmake --build /home/yucheng/mpc_motion_control_projects/mpc_ws/build/mpc_car_control -- -j12 -l12
[0.040s] [0mCMake Deprecation Warning at CMakeLists.txt:1 (cmake_minimum_required):
[0.040s]   Compatibility with CMake < 3.10 will be removed from a future version of
[0.040s]   CMake.
[0.040s] 
[0.040s]   Update the VERSION argument <min> value.  Or, use the <min>...<max> syntax
[0.040s]   to tell CMake that the project requires at least <min> but has been updated
[0.040s]   to work with policies introduced by <max> or earlier.
[0.040s] 
[0.040s] [0m
[0.051s] -- Found ament_cmake: 0.9.12 (/opt/ros/foxy/share/ament_cmake/cmake)
[0.052s] [33mCMake Warning (dev) at /opt/ros/foxy/share/ament_cmake_core/cmake/core/python.cmake:22 (find_package):
[0.053s]   Policy CMP0148 is not set: The FindPythonInterp and FindPythonLibs modules
[0.053s]   are removed.  Run "cmake --help-policy CMP0148" for policy details.  Use
[0.053s]   the cmake_policy command to set the policy and suppress this warning.
[0.053s] 
[0.053s] Call Stack (most recent call first):
[0.053s]   /opt/ros/foxy/share/ament_cmake_core/cmake/core/all.cmake:53 (include)
[0.053s]   /opt/ros/foxy/share/ament_cmake_core/cmake/ament_cmake_core-extras.cmake:17 (include)
[0.053s]   /opt/ros/foxy/share/ament_cmake_core/cmake/ament_cmake_coreConfig.cmake:41 (include)
[0.053s]   /opt/ros/foxy/share/ament_cmake/cmake/ament_cmake_export_dependencies-extras.cmake:15 (find_package)
[0.053s]   /opt/ros/foxy/share/ament_cmake/cmake/ament_cmakeConfig.cmake:41 (include)
[0.053s]   CMakeLists.txt:19 (find_package)
[0.053s] This warning is for project developers.  Use -Wno-dev to suppress it.
[0.053s] [0m
[0.071s] -- Found PythonInterp: /usr/bin/python3 (found suitable version "3.8.10", minimum required is "3")
[0.071s] -- Using PYTHON_EXECUTABLE: /usr/bin/python3
[0.252s] -- Override CMake install command with custom implementation using symlinks instead of copying resources
[0.259s] -- Found rclcpp: 2.4.3 (/opt/ros/foxy/share/rclcpp/cmake)
[0.289s] -- Using all available rosidl_typesupport_c: rosidl_typesupport_fastrtps_c;rosidl_typesupport_introspection_c
[0.292s] -- Found rosidl_adapter: 1.3.1 (/opt/ros/foxy/share/rosidl_adapter/cmake)
[0.406s] -- Using all available rosidl_typesupport_cpp: rosidl_typesupport_fastrtps_cpp;rosidl_typesupport_introspection_cpp
[0.448s] -- Found rmw_implementation_cmake: 1.0.4 (/opt/ros/foxy/share/rmw_implementation_cmake/cmake)
[0.449s] -- Using RMW implementation 'rmw_fastrtps_cpp' as default
[0.573s] -- Found visualization_msgs: 2.0.5 (/opt/ros/foxy/share/visualization_msgs/cmake)
[0.679s] -- Found tf2: 0.13.14 (/opt/ros/foxy/share/tf2/cmake)
[0.688s] -- Found tf2_ros: 0.13.14 (/opt/ros/foxy/share/tf2_ros/cmake)
[0.977s] -- Found tf2_geometry_msgs: 0.13.14 (/opt/ros/foxy/share/tf2_geometry_msgs/cmake)
[0.983s] -- Found eigen3_cmake_module: 0.1.1 (/opt/ros/foxy/share/eigen3_cmake_module/cmake)
[1.006s] -- Found ament_lint_auto: 0.9.8 (/opt/ros/foxy/share/ament_lint_auto/cmake)
[1.064s] -- Found rosidl_default_generators: 1.0.1 (/opt/ros/foxy/share/rosidl_default_generators/cmake)
[1.074s] [33mCMake Warning (dev) at /opt/ros/foxy/share/rosidl_adapter/cmake/rosidl_adapt_interfaces.cmake:40 (find_package):
[1.074s]   Policy CMP0148 is not set: The FindPythonInterp and FindPythonLibs modules
[1.074s]   are removed.  Run "cmake --help-policy CMP0148" for policy details.  Use
[1.074s]   the cmake_policy command to set the policy and suppress this warning.
[1.074s] 
[1.074s] Call Stack (most recent call first):
[1.074s]   /opt/ros/foxy/share/rosidl_cmake/cmake/rosidl_generate_interfaces.cmake:130 (rosidl_adapt_interfaces)
[1.074s]   CMakeLists.txt:41 (rosidl_generate_interfaces)
[1.074s] This warning is for project developers.  Use -Wno-dev to suppress it.
[1.074s] [0m
[1.093s] -- Found PythonInterp: /usr/bin/python3 (found version "3.8.10")
[1.223s] -- Found ament_cmake_ros: 0.9.2 (/opt/ros/foxy/share/ament_cmake_ros/cmake)
[1.443s] -- Using all available rosidl_typesupport_c: rosidl_typesupport_fastrtps_c;rosidl_typesupport_introspection_c
[1.535s] -- Using all available rosidl_typesupport_cpp: rosidl_typesupport_fastrtps_cpp;rosidl_typesupport_introspection_cpp
[1.539s] [33mCMake Warning (dev) at /opt/ros/foxy/share/rosidl_generator_py/cmake/rosidl_generator_py_generate_interfaces.cmake:20 (find_package):
[1.539s]   Policy CMP0148 is not set: The FindPythonInterp and FindPythonLibs modules
[1.539s]   are removed.  Run "cmake --help-policy CMP0148" for policy details.  Use
[1.539s]   the cmake_policy command to set the policy and suppress this warning.
[1.539s] 
[1.539s] Call Stack (most recent call first):
[1.539s]   /opt/ros/foxy/share/ament_cmake_core/cmake/core/ament_execute_extensions.cmake:48 (include)
[1.539s]   /opt/ros/foxy/share/rosidl_cmake/cmake/rosidl_generate_interfaces.cmake:286 (ament_execute_extensions)
[1.539s]   CMakeLists.txt:41 (rosidl_generate_interfaces)
[1.540s] This warning is for project developers.  Use -Wno-dev to suppress it.
[1.540s] [0m
[1.558s] -- Found PythonInterp: /usr/bin/python3 (found suitable version "3.8.10", minimum required is "3.5")
[1.559s] -- Found python_cmake_module: 0.8.1 (/opt/ros/foxy/share/python_cmake_module/cmake)
[1.559s] [33mCMake Warning (dev) at /opt/ros/foxy/share/python_cmake_module/cmake/Modules/FindPythonExtra.cmake:45 (find_package):
[1.559s]   Policy CMP0148 is not set: The FindPythonInterp and FindPythonLibs modules
[1.560s]   are removed.  Run "cmake --help-policy CMP0148" for policy details.  Use
[1.560s]   the cmake_policy command to set the policy and suppress this warning.
[1.560s] 
[1.560s] Call Stack (most recent call first):
[1.560s]   /opt/ros/foxy/share/rosidl_generator_py/cmake/rosidl_generator_py_generate_interfaces.cmake:23 (find_package)
[1.560s]   /opt/ros/foxy/share/ament_cmake_core/cmake/core/ament_execute_extensions.cmake:48 (include)
[1.560s]   /opt/ros/foxy/share/rosidl_cmake/cmake/rosidl_generate_interfaces.cmake:286 (ament_execute_extensions)
[1.560s]   CMakeLists.txt:41 (rosidl_generate_interfaces)
[1.560s] This warning is for project developers.  Use -Wno-dev to suppress it.
[1.560s] [0m
[1.582s] [33mCMake Warning (dev) at /opt/ros/foxy/share/python_cmake_module/cmake/Modules/FindPythonExtra.cmake:133 (find_package):
[1.582s]   Policy CMP0148 is not set: The FindPythonInterp and FindPythonLibs modules
[1.582s]   are removed.  Run "cmake --help-policy CMP0148" for policy details.  Use
[1.582s]   the cmake_policy command to set the policy and suppress this warning.
[1.582s] 
[1.582s] Call Stack (most recent call first):
[1.582s]   /opt/ros/foxy/share/rosidl_generator_py/cmake/rosidl_generator_py_generate_interfaces.cmake:23 (find_package)
[1.582s]   /opt/ros/foxy/share/ament_cmake_core/cmake/core/ament_execute_extensions.cmake:48 (include)
[1.582s]   /opt/ros/foxy/share/rosidl_cmake/cmake/rosidl_generate_interfaces.cmake:286 (ament_execute_extensions)
[1.582s]   CMakeLists.txt:41 (rosidl_generate_interfaces)
[1.582s] This warning is for project developers.  Use -Wno-dev to suppress it.
[1.583s] [0m
[1.585s] -- Using PYTHON_EXECUTABLE: /usr/bin/python3
[1.585s] -- Using PYTHON_INCLUDE_DIRS: /usr/include/python3.8
[1.585s] -- Using PYTHON_LIBRARIES: /usr/lib/x86_64-linux-gnu/libpython3.8.so
[1.638s] [31mCMake Error at /opt/ros/foxy/share/ament_cmake_target_dependencies/cmake/ament_target_dependencies.cmake:77 (message):
[1.638s]   ament_target_dependencies() the passed package name 'mpc_car_control' was
[1.638s]   not found before
[1.638s] Call Stack (most recent call first):
[1.638s]   CMakeLists.txt:69 (ament_target_dependencies)
[1.638s] 
[1.638s] [0m
[1.638s] -- Configuring incomplete, errors occurred!
[1.649s] make: *** [Makefile:1829：cmake_check_build_system] 错误 1
[1.651s] Invoked command in '/home/yucheng/mpc_motion_control_projects/mpc_ws/build/mpc_car_control' returned '2': CMAKE_PREFIX_PATH=${CMAKE_PREFIX_PATH}:/opt/ros/foxy /usr/local/bin/cmake --build /home/yucheng/mpc_motion_control_projects/mpc_ws/build/mpc_car_control -- -j12 -l12
