[  1%] Built target mpc_car_control__cpp
[ 10%] Built target mpc_car_control__rosidl_generator_c
[ 19%] Built target mpc_car_control__rosidl_typesupport_cpp
[ 28%] Built target mpc_car_control__rosidl_typesupport_introspection_cpp
[ 37%] Built target mpc_car_control__rosidl_typesupport_c
[ 46%] Built target mpc_car_control__rosidl_typesupport_fastrtps_cpp
[ 55%] Built target mpc_car_control__rosidl_typesupport_introspection_c
[ 64%] Built target mpc_car_control__rosidl_typesupport_fastrtps_c
[ 64%] Built target mpc_car_control
[ 66%] Built target mpc_car_control__py
[ 68%] Built target control_allocator_node
[ 71%] Built target scenario_generator_node
[ 74%] Built target pid_controller_node
[ 76%] Built target vehicle_interface_node
[ 79%] Built target visualization_node
[ 80%] [32mBuilding CXX object CMakeFiles/vehicle_model_node.dir/src/vehicle_model_node.cpp.o[0m
[ 81%] [32mBuilding CXX object CMakeFiles/mpc_controller_node.dir/src/mpc_controller_node.cpp.o[0m
[ 89%] Built target mpc_car_control__python
[ 94%] Built target mpc_car_control__rosidl_typesupport_fastrtps_c__pyext
[ 94%] Built target mpc_car_control__rosidl_typesupport_introspection_c__pyext
[ 97%] Built target mpc_car_control__rosidl_typesupport_c__pyext
[ 98%] [32m[1mLinking CXX executable vehicle_model_node[0m
[ 98%] Built target vehicle_model_node
